2025-02-11 18:37:59   The length ratio between the shortest and the longest model edges is 1:1623.
                      Short model edges can be highlighted via Mesh:Mesh Control->Check Mesh->Check
                      Model Edge Length.... (It may be advantageous to model the metallizations as
                      infinitely thin sheets.) More...

                      ------------------------------------------------------------------------------
2025-02-11 18:38:10   *** Warning ***

                      This software is licensed for non-commercial use only.

                      ------------------------------------------------------------------------------
2025-02-11 18:38:11   Units settings: 

                        Dimensions: mm
                        Frequency:  GHz
                        Time:       ns

                      ------------------------------------------------------------------------------
2025-02-11 18:38:11   Boundary conditions: 

                        YZsymmetry: magnetic
                        XZsymmetry: none
                        XYsymmetry: none

                        Xmin: expanded open
                        Xmax: expanded open

                        Ymin: expanded open
                        Ymax: expanded open

                        Zmin: expanded open
                        Zmax: expanded open

                      ------------------------------------------------------------------------------
2025-02-11 18:38:11   Order settings: 

                        Solver order   : 3rd (constant)
                        Curved elements: up to order 5 (automatic)

                      ------------------------------------------------------------------------------
2025-02-11 18:38:11   The number of frequency samples has been increased to take into account all field monitors.

                      ------------------------------------------------------------------------------
2025-02-11 18:38:11   An iterative solver will be used first.

                      ------------------------------------------------------------------------------
2025-02-11 18:38:11     Mesh time                :	11 s


                      ------------------------------------------------------------------------------
2025-02-11 18:38:11   
                      ================================================================================
                      Frequency Domain Solver calculation cycle started

                      ------------------------------------------------------------------------------
2025-02-11 18:38:11   Solver started at: 2025-02-11 18:38:11 +0100

                        Module:  Frequency Domain: S-Parameter (Win 64)
                        Version: 2024.4 Release from 2024-04-30 (change 1266454)

                      ------------------------------------------------------------------------------
2025-02-11 18:38:12     Calculation 1 of 1 (Frequency: 5.775 GHz)


                      ------------------------------------------------------------------------------
2025-02-11 18:38:12   Automatically activated electric shielding for port 1.

                      ------------------------------------------------------------------------------
2025-02-11 18:38:21     ----------------------------------------------------------------------------
                        Port   Mode   Type        Z-Wave        Z-Wave-Sigma  Z-Line        F-Cutoff
                        1      1      QTEM        232           7.74          48.7          ---
                        ----------------------------------------------------------------------------


                      ------------------------------------------------------------------------------
2025-02-11 18:38:22   Adaptive mesh refinement pass 1

                      ------------------------------------------------------------------------------
2025-02-11 18:38:29     Matrix setup time        :	1 s
                        Degrees of freedom       :	38080
                        Number of mesh cells     :	2036

                        Stimulation port         :	1
                        Mode number              :	1
                        Accuracy                 :	9.84223e-05
                        Iterations               :	213
                        Solver time              :	5 s


                      ------------------------------------------------------------------------------
2025-02-11 18:38:31   40% of all mesh edges seem to be longer than expected. The adaptive mesh refinement's growth limitation will therefore 
                      use 6983 instead of 2034 mesh cells as a reference.

                      ------------------------------------------------------------------------------
2025-02-11 18:38:32   Adaptive mesh refinement pass 2

                      ------------------------------------------------------------------------------
2025-02-11 18:38:37     Matrix setup time        :	1 s
                        Degrees of freedom       :	53539
                        Number of mesh cells     :	2894

                        Stimulation port         :	1
                        Mode number              :	1
                        Accuracy                 :	9.99524e-05
                        Iterations               :	95
                        Solver time              :	3 s


                      ------------------------------------------------------------------------------
2025-02-11 18:38:38     Delta calculation        
2025-02-11 18:38:38     All S-Parameters         :	0.532812
2025-02-11 18:38:38   

                      ------------------------------------------------------------------------------
2025-02-11 18:38:40   Adaptive mesh refinement pass 3

                      ------------------------------------------------------------------------------
2025-02-11 18:38:47     Matrix setup time        :	1 s
                        Degrees of freedom       :	71203
                        Number of mesh cells     :	3897

                        Stimulation port         :	1
                        Mode number              :	1
                        Accuracy                 :	6.86425e-05
                        Iterations               :	105
                        Solver time              :	4 s


                      ------------------------------------------------------------------------------
2025-02-11 18:38:48     Delta calculation        
2025-02-11 18:38:48     All S-Parameters         :	0.135703
2025-02-11 18:38:48   

                      ------------------------------------------------------------------------------
2025-02-11 18:38:51   Adaptive mesh refinement pass 4

                      ------------------------------------------------------------------------------
2025-02-11 18:39:00     Matrix setup time        :	3 s
                        Degrees of freedom       :	105367
                        Number of mesh cells     :	5827

                        Stimulation port         :	1
                        Mode number              :	1
                        Accuracy                 :	7.99913e-05
                        Iterations               :	93
                        Solver time              :	5 s


                      ------------------------------------------------------------------------------
2025-02-11 18:39:02     Delta calculation        
2025-02-11 18:39:02     All S-Parameters         :	0.0868995
2025-02-11 18:39:02   

                      ------------------------------------------------------------------------------
2025-02-11 18:39:05   Adaptive mesh refinement pass 5

                      ------------------------------------------------------------------------------
2025-02-11 18:39:18     Matrix setup time        :	4 s
                        Degrees of freedom       :	153370
                        Number of mesh cells     :	8519

                        Stimulation port         :	1
                        Mode number              :	1
                        Accuracy                 :	7.74465e-05
                        Iterations               :	104
                        Solver time              :	8 s


                      ------------------------------------------------------------------------------
2025-02-11 18:39:21     Delta calculation        
2025-02-11 18:39:21     All S-Parameters         :	0.0507937
2025-02-11 18:39:21   

                      ------------------------------------------------------------------------------
2025-02-11 18:39:25   Adaptive mesh refinement pass 6

                      ------------------------------------------------------------------------------
2025-02-11 18:39:42     Matrix setup time        :	6 s
                        Degrees of freedom       :	229057
                        Number of mesh cells     :	12766

                        Stimulation port         :	1
                        Mode number              :	1
                        Accuracy                 :	9.48669e-05
                        Iterations               :	90
                        Solver time              :	10 s


                      ------------------------------------------------------------------------------
2025-02-11 18:39:46     Delta calculation        
2025-02-11 18:39:46     All S-Parameters         :	0.0374155
2025-02-11 18:39:46   

                      ------------------------------------------------------------------------------
2025-02-11 18:39:51   Adaptive mesh refinement pass 7

                      ------------------------------------------------------------------------------
2025-02-11 18:40:17     Matrix setup time        :	9 s
                        Degrees of freedom       :	340039
                        Number of mesh cells     :	18969

                        Stimulation port         :	1
                        Mode number              :	1
                        Accuracy                 :	8.13156e-05
                        Iterations               :	87
                        Solver time              :	15 s


                      ------------------------------------------------------------------------------
2025-02-11 18:40:23     Delta calculation        
2025-02-11 18:40:23     All S-Parameters         :	0.0218721
2025-02-11 18:40:23   

                      ------------------------------------------------------------------------------
2025-02-11 18:40:30   Adaptive mesh refinement pass 8

                      ------------------------------------------------------------------------------
2025-02-11 18:41:01     Matrix setup time        :	12 s
                        Solver setup             :	1 s
                        Degrees of freedom       :	452197
                        Number of mesh cells     :	25206

                        Stimulation port         :	1
                        Mode number              :	1
                        Accuracy                 :	9.58883e-05
                        Iterations               :	73
                        Solver time              :	17 s


                      ------------------------------------------------------------------------------
2025-02-11 18:41:10     Delta calculation        
2025-02-11 18:41:10     All S-Parameters         :	0.0135126
2025-02-11 18:41:10   

                      ------------------------------------------------------------------------------
2025-02-11 18:41:20   Adaptive mesh refinement pass 9

                      ------------------------------------------------------------------------------
2025-02-11 18:42:01     Matrix setup time        :	16 s
                        Solver setup             :	1 s
                        Degrees of freedom       :	592117
                        Number of mesh cells     :	33022

                        Stimulation port         :	1
                        Mode number              :	1
                        Accuracy                 :	9.50647e-05
                        Iterations               :	71
                        Solver time              :	22 s


                      ------------------------------------------------------------------------------
2025-02-11 18:42:12     Delta calculation        
2025-02-11 18:42:12     All S-Parameters         :	0.0118082
2025-02-11 18:42:12   

                      ------------------------------------------------------------------------------
2025-02-11 18:42:24   The direct solver will be used.

                      ------------------------------------------------------------------------------
2025-02-11 18:42:25   Adaptive mesh refinement pass 10

                      ------------------------------------------------------------------------------
2025-02-11 18:44:15     Matrix setup time        :	21 s
                        Solver setup             :	87 s
                        Degrees of freedom       :	756256
                        Number of mesh cells     :	42177

                        Stimulation port         :	1
                        Mode number              :	1
                        Accuracy                 :	2.81271e-13
                        Iterations               :	1
                        Solver time              :	1 s


                      ------------------------------------------------------------------------------
2025-02-11 18:44:15   The iterative solver will be used.

                      ------------------------------------------------------------------------------
2025-02-11 18:44:29     Delta calculation        
2025-02-11 18:44:29     All S-Parameters         :	0.0051649
2025-02-11 18:44:29   

                      ------------------------------------------------------------------------------
2025-02-11 18:44:37   The quality of some tetrahedrons is low.  More...

                      ------------------------------------------------------------------------------
2025-02-11 18:44:45   Adaptive mesh refinement pass 11

                      ------------------------------------------------------------------------------
2025-02-11 18:45:46     Matrix setup time        :	26 s
                        Solver setup             :	2 s
                        Degrees of freedom       :	934612
                        Number of mesh cells     :	52089

                        Stimulation port         :	1
                        Mode number              :	1
                        Accuracy                 :	9.6714e-05
                        Iterations               :	58
                        Solver time              :	31 s


                      ------------------------------------------------------------------------------
2025-02-11 18:46:00     Delta calculation        
2025-02-11 18:46:00     All S-Parameters         :	0.00252423
2025-02-11 18:46:00   

                      ------------------------------------------------------------------------------
2025-02-11 18:46:00   Mesh adaptation terminated because the desired accuracy limit is reached.

                      ------------------------------------------------------------------------------
2025-02-11 18:46:01     Total time               :	468 s	 (= 0 h, 07 m, 48 s)

                      ------------------------------------------------------------------------------
2025-02-11 18:46:01   

                      ------------------------------------------------------------------------------
2025-02-11 18:46:11   Unable to use "EvaluateHFieldOnSIBC" due to model setup.

                      ------------------------------------------------------------------------------
2025-02-11 18:46:11     Calculation 2 (Frequency: 5.815 GHz)


                      ------------------------------------------------------------------------------
2025-02-11 18:46:12     ----------------------------------------------------------------------------
                        Port   Mode   Type        Z-Wave        Z-Wave-Sigma  Z-Line        F-Cutoff
                        1      1      QTEM        232           7.75          48.7          ---
                        ----------------------------------------------------------------------------


                      ------------------------------------------------------------------------------
2025-02-11 18:47:05     Matrix setup time        :	22 s
                        Solver setup             :	1 s
                        Degrees of freedom       :	934612
                        Number of mesh cells     :	52089

                        Stimulation port         :	1
                        Mode number              :	1
                        Accuracy                 :	8.21479e-05
                        Iterations               :	55
                        Solver time              :	28 s


                      ------------------------------------------------------------------------------
2025-02-11 18:47:08     Generating results       :	3 s

                        Total time               :	57 s

                      ------------------------------------------------------------------------------
2025-02-11 18:47:08   

                      ------------------------------------------------------------------------------
2025-02-11 18:47:08     Calculation 3 (Frequency: 5.735 GHz)


                      ------------------------------------------------------------------------------
2025-02-11 18:47:09     ----------------------------------------------------------------------------
                        Port   Mode   Type        Z-Wave        Z-Wave-Sigma  Z-Line        F-Cutoff
                        1      1      QTEM        232           7.73          48.7          ---
                        ----------------------------------------------------------------------------


                      ------------------------------------------------------------------------------
2025-02-11 18:47:58     Matrix setup time        :	22 s
                        Solver setup             :	2 s
                        Degrees of freedom       :	934612
                        Number of mesh cells     :	52089

                        Stimulation port         :	1
                        Mode number              :	1
                        Accuracy                 :	9.32613e-05
                        Iterations               :	45
                        Solver time              :	24 s


                      ------------------------------------------------------------------------------
2025-02-11 18:48:02     Generating results       :	3 s

                        Total time               :	53 s

                      ------------------------------------------------------------------------------
2025-02-11 18:48:02   

                      ------------------------------------------------------------------------------
2025-02-11 18:48:02     Calculation 4 (Frequency: 5.1975 GHz)


                      ------------------------------------------------------------------------------
2025-02-11 18:48:02     ----------------------------------------------------------------------------
                        Port   Mode   Type        Z-Wave        Z-Wave-Sigma  Z-Line        F-Cutoff
                        1      1      QTEM        232           7.93          48.8          ---
                        ----------------------------------------------------------------------------


                      ------------------------------------------------------------------------------
2025-02-11 18:49:13     Matrix setup time        :	22 s
                        Solver setup             :	2 s
                        Degrees of freedom       :	934612
                        Number of mesh cells     :	52089

                        Stimulation port         :	1
                        Mode number              :	1
                        Accuracy                 :	7.61179e-05
                        Iterations               :	84
                        Solver time              :	44 s


                      ------------------------------------------------------------------------------
2025-02-11 18:49:19     Generating results       :	6 s

                        Total time               :	76 s	 (= 0 h, 01 m, 16 s)

                      ------------------------------------------------------------------------------
2025-02-11 18:49:19   

                      ------------------------------------------------------------------------------
2025-02-11 18:49:19     Calculation 5 (Frequency: 6.3525 GHz)


                      ------------------------------------------------------------------------------
2025-02-11 18:49:20     ----------------------------------------------------------------------------
                        Port   Mode   Type        Z-Wave        Z-Wave-Sigma  Z-Line        F-Cutoff
                        1      1      QTEM        231           7.84          48.7          ---
                        ----------------------------------------------------------------------------


                      ------------------------------------------------------------------------------
2025-02-11 18:50:26     Matrix setup time        :	22 s
                        Solver setup             :	3 s
                        Degrees of freedom       :	934612
                        Number of mesh cells     :	52089

                        Stimulation port         :	1
                        Mode number              :	1
                        Accuracy                 :	9.27354e-05
                        Iterations               :	76
                        Solver time              :	39 s


                      ------------------------------------------------------------------------------
2025-02-11 18:50:33     Generating results       :	6 s

                        Total time               :	72 s	 (= 0 h, 01 m, 12 s)

                      ------------------------------------------------------------------------------
2025-02-11 18:50:33   

                      ------------------------------------------------------------------------------
2025-02-11 18:50:33     Calculation 6 (Frequency: 5.795 GHz)


                      ------------------------------------------------------------------------------
2025-02-11 18:50:33     ----------------------------------------------------------------------------
                        Port   Mode   Type        Z-Wave        Z-Wave-Sigma  Z-Line        F-Cutoff
                        1      1      QTEM        232           7.74          48.7          ---
                        ----------------------------------------------------------------------------


                      ------------------------------------------------------------------------------
2025-02-11 18:51:03     Matrix setup time        :	22 s
                        Solver setup             :	3 s
                        Degrees of freedom       :	934612
                        Number of mesh cells     :	52089

                        Stimulation port         :	1
                        Mode number              :	1
                        Accuracy                 :	4.86483e-05
                        Iterations               :	5
                        Solver time              :	3 s


                      ------------------------------------------------------------------------------
2025-02-11 18:51:06     Generating results       :	2 s

                        Total time               :	32 s

                      ------------------------------------------------------------------------------
2025-02-11 18:51:06   

                      ------------------------------------------------------------------------------
2025-02-11 18:51:06     Calculation 7 (Frequency: 5.755 GHz)


                      ------------------------------------------------------------------------------
2025-02-11 18:51:06     ----------------------------------------------------------------------------
                        Port   Mode   Type        Z-Wave        Z-Wave-Sigma  Z-Line        F-Cutoff
                        1      1      QTEM        232           7.74          48.7          ---
                        ----------------------------------------------------------------------------


                      ------------------------------------------------------------------------------
2025-02-11 18:51:36     Matrix setup time        :	22 s
                        Solver setup             :	3 s
                        Degrees of freedom       :	934612
                        Number of mesh cells     :	52089

                        Stimulation port         :	1
                        Mode number              :	1
                        Accuracy                 :	7.00147e-05
                        Iterations               :	5
                        Solver time              :	3 s


                      ------------------------------------------------------------------------------
2025-02-11 18:51:39   Only few automatic samples have been calculated up to now. Therefore, the frequency sweep is continued with additional 
                      automatically chosen samples.

                      ------------------------------------------------------------------------------
2025-02-11 18:51:39     Generating results       :	2 s

                        Total time               :	32 s

                      ------------------------------------------------------------------------------
2025-02-11 18:51:39   

                      ------------------------------------------------------------------------------
2025-02-11 18:51:39     Calculation 8 (Frequency: 5.785 GHz)


                      ------------------------------------------------------------------------------
2025-02-11 18:51:40     ----------------------------------------------------------------------------
                        Port   Mode   Type        Z-Wave        Z-Wave-Sigma  Z-Line        F-Cutoff
                        1      1      QTEM        232           7.74          48.7          ---
                        ----------------------------------------------------------------------------


                      ------------------------------------------------------------------------------
2025-02-11 18:52:10     Matrix setup time        :	22 s
                        Solver setup             :	4 s
                        Degrees of freedom       :	934612
                        Number of mesh cells     :	52089

                        Stimulation port         :	1
                        Mode number              :	1
                        Accuracy                 :	4.04125e-05
                        Iterations               :	5
                        Solver time              :	3 s


                      ------------------------------------------------------------------------------
2025-02-11 18:52:13   An additional check has indicated that the frequency sweep needs to be continued. More...

                      ------------------------------------------------------------------------------
2025-02-11 18:52:13     Generating results       :	2 s

                        Total time               :	32 s

                      ------------------------------------------------------------------------------
2025-02-11 18:52:13   

                      ------------------------------------------------------------------------------
2025-02-11 18:52:13     Calculation 9 (Frequency: 5.765 GHz)


                      ------------------------------------------------------------------------------
2025-02-11 18:52:13     ----------------------------------------------------------------------------
                        Port   Mode   Type        Z-Wave        Z-Wave-Sigma  Z-Line        F-Cutoff
                        1      1      QTEM        232           7.74          48.7          ---
                        ----------------------------------------------------------------------------


                      ------------------------------------------------------------------------------
2025-02-11 18:52:44     Matrix setup time        :	22 s
                        Solver setup             :	4 s
                        Degrees of freedom       :	934612
                        Number of mesh cells     :	52089

                        Stimulation port         :	1
                        Mode number              :	1
                        Accuracy                 :	5.23212e-05
                        Iterations               :	5
                        Solver time              :	3 s


                      ------------------------------------------------------------------------------
2025-02-11 18:52:47     Generating results       :	2 s

                        Total time               :	33 s

                      ------------------------------------------------------------------------------
2025-02-11 18:52:47   

                      ------------------------------------------------------------------------------
2025-02-11 18:52:47     Calculation 10 (Frequency: 5.78 GHz)


                      ------------------------------------------------------------------------------
2025-02-11 18:52:47     ----------------------------------------------------------------------------
                        Port   Mode   Type        Z-Wave        Z-Wave-Sigma  Z-Line        F-Cutoff
                        1      1      QTEM        232           7.74          48.7          ---
                        ----------------------------------------------------------------------------


                      ------------------------------------------------------------------------------
2025-02-11 18:53:18     Matrix setup time        :	22 s
                        Solver setup             :	4 s
                        Degrees of freedom       :	934612
                        Number of mesh cells     :	52089

                        Stimulation port         :	1
                        Mode number              :	1
                        Accuracy                 :	3.4146e-05
                        Iterations               :	5
                        Solver time              :	3 s


                      ------------------------------------------------------------------------------
2025-02-11 18:53:21     Generating results       :	3 s

                        Total time               :	34 s

                      ------------------------------------------------------------------------------
2025-02-11 18:53:21   

                      ------------------------------------------------------------------------------
2025-02-11 18:53:21   Finished the general purpose interpolative broadband frequency sweep:
                      All broadband sweep convergence criteria have been satisfied after
                      calculating 10 frequency samples:

                        Broadband sweep error threshold value :  0.01 (All S-Parameters) 
                        Number of error criterion checks      :  2 (All S-Parameters) 
                        Minimum number of samples             :  3
                        Number of data samples, linear        :  1001

                      ------------------------------------------------------------------------------
2025-02-11 18:53:49     Number of mesh cells     :	52089
                        Degrees of freedom       :	934612
                        Total Solver Time        :	909 s	 (= 0 h, 15 m, 09 s)
                      ================================================================================



                      ------------------------------------------------------------------------------
2025-02-11 18:53:49     ----------------------------------------------------------------------------
                                            Peak memory used (kB)         Free physical memory (kB) 
                                                                          At begin     Minimum      
                        ----------------------------------------------------------------------------
                        Solver start        21364                         81443772     81443772     
                        Eq. system setup    5821456                       81383532     80149928     
                        Eq. system solve    5821456                       81279128     76631012     
                        Mesh refinement     5821456                       81191600     80881920     
                        Solver run total    5821456                       81443772     76631012     

                        Computer name       gamserverhp3
                        ----------------------------------------------------------------------------


                      ------------------------------------------------------------------------------
2025-02-11 18:53:50   Running postprocessing.

                      ------------------------------------------------------------------------------
2025-02-11 18:54:02   Postprocessing finished.

                      ------------------------------------------------------------------------------
2025-02-11 18:54:03   Parametric 1D storage is switched off.

                      ------------------------------------------------------------------------------
