2024-12-14 14:52:39   The length ratio between the shortest and the longest model edges is 1:8308.
                      Short model edges can be highlighted via Mesh:Mesh Control->Check Mesh->Check
                      Model Edge Length.... (It may be advantageous to model the metallizations as
                      infinitely thin sheets.) More...

                      ------------------------------------------------------------------------------
2024-12-14 14:52:52   *** Warning ***

                      This software is licensed for non-commercial use only.

                      ------------------------------------------------------------------------------
2024-12-14 14:52:52   Units settings: 

                        Dimensions: mm
                        Frequency:  GHz
                        Time:       ns

                      ------------------------------------------------------------------------------
2024-12-14 14:52:52   Boundary conditions: 

                        YZsymmetry: magnetic
                        XZsymmetry: none
                        XYsymmetry: none

                        Xmin: expanded open
                        Xmax: expanded open

                        Ymin: expanded open
                        Ymax: expanded open

                        Zmin: expanded open
                        Zmax: expanded open

                      ------------------------------------------------------------------------------
2024-12-14 14:52:52   Order settings: 

                        Solver order   : 2nd (constant)
                        Curved elements: up to order 3 (automatic)

                      ------------------------------------------------------------------------------
2024-12-14 14:52:53   The number of frequency samples has been increased to take into account all field monitors.

                      ------------------------------------------------------------------------------
2024-12-14 14:52:53   An iterative solver will be used first.

                      ------------------------------------------------------------------------------
2024-12-14 14:52:53     Mesh time                :	12 s


                      ------------------------------------------------------------------------------
2024-12-14 14:52:53   
                      ================================================================================
                      Frequency Domain Solver calculation cycle started

                      ------------------------------------------------------------------------------
2024-12-14 14:52:53   Solver started at: 2024-12-14 14:52:53 +0100

                        Module:  Frequency Domain: S-Parameter (Win 64)
                        Version: 2024.4 Release from 2024-04-30 (change 1266454)

                      ------------------------------------------------------------------------------
2024-12-14 14:52:54     Calculation 1 of 1 (Frequency: 5.775 GHz)


                      ------------------------------------------------------------------------------
2024-12-14 14:52:54   Automatically activated electric shielding for port 1.

                      ------------------------------------------------------------------------------
2024-12-14 14:53:06     ----------------------------------------------------------------------------
                        Port   Mode   Type        Z-Wave        Z-Wave-Sigma  Z-Line        F-Cutoff
                        1      1      QTEM        230           8.09          50            ---
                        ----------------------------------------------------------------------------


                      ------------------------------------------------------------------------------
2024-12-14 14:53:07   Please consider improving the initial mesh.  More...

                      ------------------------------------------------------------------------------
2024-12-14 14:53:07   Adaptive mesh refinement pass 1

                      ------------------------------------------------------------------------------
2024-12-14 14:53:09     Matrix setup time        :	0 s
                        Degrees of freedom       :	29741
                        Number of mesh cells     :	4499

                        Stimulation port         :	1
                        Mode number              :	1
                        Accuracy                 :	6.29786e-05
                        Iterations               :	38
                        Solver time              :	0 s


                      ------------------------------------------------------------------------------
2024-12-14 14:53:11   30% of all mesh edges seem to be longer than expected. The adaptive mesh refinement's growth limitation will therefore 
                      use 12743 instead of 4437 mesh cells as a reference.

                      ------------------------------------------------------------------------------
2024-12-14 14:53:11   The quality of some tetrahedrons is low.  More...

                      ------------------------------------------------------------------------------
2024-12-14 14:53:12   Adaptive mesh refinement pass 2

                      ------------------------------------------------------------------------------
2024-12-14 14:53:14     Matrix setup time        :	0 s
                        Degrees of freedom       :	36787
                        Number of mesh cells     :	5661

                        Stimulation port         :	1
                        Mode number              :	1
                        Accuracy                 :	8.2786e-05
                        Iterations               :	49
                        Solver time              :	0 s


                      ------------------------------------------------------------------------------
2024-12-14 14:53:15     Delta calculation        
2024-12-14 14:53:15     All S-Parameters         :	0.675838
2024-12-14 14:53:15   

                      ------------------------------------------------------------------------------
2024-12-14 14:53:17   Adaptive mesh refinement pass 3

                      ------------------------------------------------------------------------------
2024-12-14 14:53:19     Matrix setup time        :	0 s
                        Degrees of freedom       :	45223
                        Number of mesh cells     :	7069

                        Stimulation port         :	1
                        Mode number              :	1
                        Accuracy                 :	9.42219e-05
                        Iterations               :	75
                        Solver time              :	1 s


                      ------------------------------------------------------------------------------
2024-12-14 14:53:21     Delta calculation        
2024-12-14 14:53:21     All S-Parameters         :	0.219827
2024-12-14 14:53:21   

                      ------------------------------------------------------------------------------
2024-12-14 14:53:23   Adaptive mesh refinement pass 4

                      ------------------------------------------------------------------------------
2024-12-14 14:53:26     Matrix setup time        :	0 s
                        Degrees of freedom       :	57679
                        Number of mesh cells     :	9168

                        Stimulation port         :	1
                        Mode number              :	1
                        Accuracy                 :	9.10986e-05
                        Iterations               :	88
                        Solver time              :	2 s


                      ------------------------------------------------------------------------------
2024-12-14 14:53:28     Delta calculation        
2024-12-14 14:53:28     All S-Parameters         :	0.181909
2024-12-14 14:53:28   

                      ------------------------------------------------------------------------------
2024-12-14 14:53:31   Adaptive mesh refinement pass 5

                      ------------------------------------------------------------------------------
2024-12-14 14:53:34     Matrix setup time        :	1 s
                        Degrees of freedom       :	79207
                        Number of mesh cells     :	12783

                        Stimulation port         :	1
                        Mode number              :	1
                        Accuracy                 :	7.74871e-05
                        Iterations               :	57
                        Solver time              :	2 s


                      ------------------------------------------------------------------------------
2024-12-14 14:53:37     Delta calculation        
2024-12-14 14:53:37     All S-Parameters         :	0.099541
2024-12-14 14:53:37   

                      ------------------------------------------------------------------------------
2024-12-14 14:53:40   Adaptive mesh refinement pass 6

                      ------------------------------------------------------------------------------
2024-12-14 14:53:46     Matrix setup time        :	1 s
                        Degrees of freedom       :	112339
                        Number of mesh cells     :	18273

                        Stimulation port         :	1
                        Mode number              :	1
                        Accuracy                 :	4.57424e-05
                        Iterations               :	71
                        Solver time              :	3 s


                      ------------------------------------------------------------------------------
2024-12-14 14:53:50     Delta calculation        
2024-12-14 14:53:50     All S-Parameters         :	0.0894925
2024-12-14 14:53:50   

                      ------------------------------------------------------------------------------
2024-12-14 14:53:54   Adaptive mesh refinement pass 7

                      ------------------------------------------------------------------------------
2024-12-14 14:54:01     Matrix setup time        :	1 s
                        Degrees of freedom       :	161391
                        Number of mesh cells     :	26527

                        Stimulation port         :	1
                        Mode number              :	1
                        Accuracy                 :	6.74156e-05
                        Iterations               :	54
                        Solver time              :	4 s


                      ------------------------------------------------------------------------------
2024-12-14 14:54:06     Delta calculation        
2024-12-14 14:54:06     All S-Parameters         :	0.0451026
2024-12-14 14:54:06   

                      ------------------------------------------------------------------------------
2024-12-14 14:54:13   Adaptive mesh refinement pass 8

                      ------------------------------------------------------------------------------
2024-12-14 14:54:24     Matrix setup time        :	3 s
                        Solver setup             :	1 s
                        Degrees of freedom       :	240767
                        Number of mesh cells     :	39681

                        Stimulation port         :	1
                        Mode number              :	1
                        Accuracy                 :	9.86768e-05
                        Iterations               :	57
                        Solver time              :	6 s


                      ------------------------------------------------------------------------------
2024-12-14 14:54:32     Delta calculation        
2024-12-14 14:54:32     All S-Parameters         :	0.0314697
2024-12-14 14:54:32   

                      ------------------------------------------------------------------------------
2024-12-14 14:54:32   The quality of some tetrahedrons is low.  More...

                      ------------------------------------------------------------------------------
2024-12-14 14:54:41   Adaptive mesh refinement pass 9

                      ------------------------------------------------------------------------------
2024-12-14 14:54:57     Matrix setup time        :	4 s
                        Solver setup             :	1 s
                        Degrees of freedom       :	347803
                        Number of mesh cells     :	57473

                        Stimulation port         :	1
                        Mode number              :	1
                        Accuracy                 :	9.01592e-05
                        Iterations               :	58
                        Solver time              :	10 s


                      ------------------------------------------------------------------------------
2024-12-14 14:55:07     Delta calculation        
2024-12-14 14:55:07     All S-Parameters         :	0.0187567
2024-12-14 14:55:07   

                      ------------------------------------------------------------------------------
2024-12-14 14:55:08   The quality of some tetrahedrons is low.  More...

                      ------------------------------------------------------------------------------
2024-12-14 14:55:20   Adaptive mesh refinement pass 10

                      ------------------------------------------------------------------------------
2024-12-14 14:55:44     Matrix setup time        :	5 s
                        Solver setup             :	2 s
                        Degrees of freedom       :	455423
                        Number of mesh cells     :	75202

                        Stimulation port         :	1
                        Mode number              :	1
                        Accuracy                 :	5.86745e-05
                        Iterations               :	68
                        Solver time              :	16 s


                      ------------------------------------------------------------------------------
2024-12-14 14:55:57     Delta calculation        
2024-12-14 14:55:57     All S-Parameters         :	0.0120813
2024-12-14 14:55:57   

                      ------------------------------------------------------------------------------
2024-12-14 14:55:58   The quality of some tetrahedrons is low.  More...

                      ------------------------------------------------------------------------------
2024-12-14 14:56:12   Adaptive mesh refinement pass 11

                      ------------------------------------------------------------------------------
2024-12-14 14:56:39     Matrix setup time        :	7 s
                        Solver setup             :	2 s
                        Degrees of freedom       :	557741
                        Number of mesh cells     :	91922

                        Stimulation port         :	1
                        Mode number              :	1
                        Accuracy                 :	8.3099e-05
                        Iterations               :	56
                        Solver time              :	17 s


                      ------------------------------------------------------------------------------
2024-12-14 14:56:54     Delta calculation        
2024-12-14 14:56:54     All S-Parameters         :	0.00681837
2024-12-14 14:56:54   

                      ------------------------------------------------------------------------------
2024-12-14 14:56:55   The quality of some tetrahedrons is low.  More...

                      ------------------------------------------------------------------------------
2024-12-14 14:57:12   Adaptive mesh refinement pass 12

                      ------------------------------------------------------------------------------
2024-12-14 14:57:46     Matrix setup time        :	8 s
                        Solver setup             :	3 s
                        Degrees of freedom       :	711683
                        Number of mesh cells     :	117200

                        Stimulation port         :	1
                        Mode number              :	1
                        Accuracy                 :	9.82694e-05
                        Iterations               :	51
                        Solver time              :	20 s


                      ------------------------------------------------------------------------------
2024-12-14 14:58:06     Delta calculation        
2024-12-14 14:58:06     All S-Parameters         :	0.00590578
2024-12-14 14:58:06   

                      ------------------------------------------------------------------------------
2024-12-14 14:58:06   Mesh adaptation terminated because the desired accuracy limit is reached.

                      ------------------------------------------------------------------------------
2024-12-14 14:58:06     Total time               :	312 s	 (= 0 h, 05 m, 12 s)

                      ------------------------------------------------------------------------------
2024-12-14 14:58:06   

                      ------------------------------------------------------------------------------
2024-12-14 14:58:18   Unable to use "EvaluateHFieldOnSIBC" due to model setup.

                      ------------------------------------------------------------------------------
2024-12-14 14:58:18     Calculation 2 (Frequency: 5.815 GHz)


                      ------------------------------------------------------------------------------
2024-12-14 14:58:19     ----------------------------------------------------------------------------
                        Port   Mode   Type        Z-Wave        Z-Wave-Sigma  Z-Line        F-Cutoff
                        1      1      QTEM        229           8.1           50            ---
                        ----------------------------------------------------------------------------


                      ------------------------------------------------------------------------------
2024-12-14 14:58:44     Matrix setup time        :	6 s
                        Solver setup             :	2 s
                        Degrees of freedom       :	711683
                        Number of mesh cells     :	117200

                        Stimulation port         :	1
                        Mode number              :	1
                        Accuracy                 :	9.98008e-05
                        Iterations               :	37
                        Solver time              :	15 s


                      ------------------------------------------------------------------------------
2024-12-14 14:58:46     Generating results       :	2 s

                        Total time               :	27 s

                      ------------------------------------------------------------------------------
2024-12-14 14:58:46   

                      ------------------------------------------------------------------------------
2024-12-14 14:58:46     Calculation 3 (Frequency: 5.735 GHz)


                      ------------------------------------------------------------------------------
2024-12-14 14:58:47     ----------------------------------------------------------------------------
                        Port   Mode   Type        Z-Wave        Z-Wave-Sigma  Z-Line        F-Cutoff
                        1      1      QTEM        230           8.09          50            ---
                        ----------------------------------------------------------------------------


                      ------------------------------------------------------------------------------
2024-12-14 14:59:07     Matrix setup time        :	6 s
                        Solver setup             :	2 s
                        Degrees of freedom       :	711683
                        Number of mesh cells     :	117200

                        Stimulation port         :	1
                        Mode number              :	1
                        Accuracy                 :	9.93926e-05
                        Iterations               :	22
                        Solver time              :	10 s


                      ------------------------------------------------------------------------------
2024-12-14 14:59:10     Generating results       :	3 s

                        Total time               :	23 s

                      ------------------------------------------------------------------------------
2024-12-14 14:59:10   

                      ------------------------------------------------------------------------------
2024-12-14 14:59:10     Calculation 4 (Frequency: 5.1975 GHz)


                      ------------------------------------------------------------------------------
2024-12-14 14:59:10     ----------------------------------------------------------------------------
                        Port   Mode   Type        Z-Wave        Z-Wave-Sigma  Z-Line        F-Cutoff
                        1      1      QTEM        230           8.01          50            ---
                        ----------------------------------------------------------------------------


                      ------------------------------------------------------------------------------
2024-12-14 14:59:43     Matrix setup time        :	6 s
                        Solver setup             :	2 s
                        Degrees of freedom       :	711683
                        Number of mesh cells     :	117200

                        Stimulation port         :	1
                        Mode number              :	1
                        Accuracy                 :	7.71968e-05
                        Iterations               :	58
                        Solver time              :	23 s


                      ------------------------------------------------------------------------------
2024-12-14 14:59:43   The direct solver will be used.

                      ------------------------------------------------------------------------------
2024-12-14 14:59:48     Generating results       :	4 s

                        Total time               :	37 s

                      ------------------------------------------------------------------------------
2024-12-14 14:59:48   

                      ------------------------------------------------------------------------------
2024-12-14 14:59:48     Calculation 5 (Frequency: 6.3525 GHz)


                      ------------------------------------------------------------------------------
2024-12-14 14:59:48     ----------------------------------------------------------------------------
                        Port   Mode   Type        Z-Wave        Z-Wave-Sigma  Z-Line        F-Cutoff
                        1      1      QTEM        229           8.17          50            ---
                        ----------------------------------------------------------------------------


                      ------------------------------------------------------------------------------
2024-12-14 15:00:48     Matrix setup time        :	8 s
                        Solver setup             :	49 s
                        Degrees of freedom       :	711683
                        Number of mesh cells     :	117200

                        Stimulation port         :	1
                        Mode number              :	1
                        Accuracy                 :	1.23144e-13
                        Iterations               :	1
                        Solver time              :	1 s


                      ------------------------------------------------------------------------------
2024-12-14 15:00:49   The iterative solver will be used.

                      ------------------------------------------------------------------------------
2024-12-14 15:00:54     Generating results       :	5 s

                        Total time               :	65 s	 (= 0 h, 01 m, 05 s)

                      ------------------------------------------------------------------------------
2024-12-14 15:00:54   

                      ------------------------------------------------------------------------------
2024-12-14 15:00:54     Calculation 6 (Frequency: 5.795 GHz)


                      ------------------------------------------------------------------------------
2024-12-14 15:00:54     ----------------------------------------------------------------------------
                        Port   Mode   Type        Z-Wave        Z-Wave-Sigma  Z-Line        F-Cutoff
                        1      1      QTEM        230           8.09          50            ---
                        ----------------------------------------------------------------------------


                      ------------------------------------------------------------------------------
2024-12-14 15:01:11     Matrix setup time        :	8 s
                        Solver setup             :	4 s
                        Degrees of freedom       :	711683
                        Number of mesh cells     :	117200

                        Stimulation port         :	1
                        Mode number              :	1
                        Accuracy                 :	5.61181e-05
                        Iterations               :	5
                        Solver time              :	2 s


                      ------------------------------------------------------------------------------
2024-12-14 15:01:14     Generating results       :	2 s

                        Total time               :	19 s

                      ------------------------------------------------------------------------------
2024-12-14 15:01:14   

                      ------------------------------------------------------------------------------
2024-12-14 15:01:14     Calculation 7 (Frequency: 5.755 GHz)


                      ------------------------------------------------------------------------------
2024-12-14 15:01:14     ----------------------------------------------------------------------------
                        Port   Mode   Type        Z-Wave        Z-Wave-Sigma  Z-Line        F-Cutoff
                        1      1      QTEM        230           8.09          50            ---
                        ----------------------------------------------------------------------------


                      ------------------------------------------------------------------------------
2024-12-14 15:01:27     Matrix setup time        :	6 s
                        Solver setup             :	3 s
                        Degrees of freedom       :	711683
                        Number of mesh cells     :	117200

                        Stimulation port         :	1
                        Mode number              :	1
                        Accuracy                 :	7.06328e-05
                        Iterations               :	5
                        Solver time              :	2 s


                      ------------------------------------------------------------------------------
2024-12-14 15:01:29   Only few automatic samples have been calculated up to now. Therefore, the frequency sweep is continued with additional 
                      automatically chosen samples.

                      ------------------------------------------------------------------------------
2024-12-14 15:01:29     Generating results       :	2 s

                        Total time               :	14 s

                      ------------------------------------------------------------------------------
2024-12-14 15:01:29   

                      ------------------------------------------------------------------------------
2024-12-14 15:01:29     Calculation 8 (Frequency: 5.785 GHz)


                      ------------------------------------------------------------------------------
2024-12-14 15:01:30     ----------------------------------------------------------------------------
                        Port   Mode   Type        Z-Wave        Z-Wave-Sigma  Z-Line        F-Cutoff
                        1      1      QTEM        230           8.09          50            ---
                        ----------------------------------------------------------------------------


                      ------------------------------------------------------------------------------
2024-12-14 15:01:43     Matrix setup time        :	6 s
                        Solver setup             :	3 s
                        Degrees of freedom       :	711683
                        Number of mesh cells     :	117200

                        Stimulation port         :	1
                        Mode number              :	1
                        Accuracy                 :	4.97987e-05
                        Iterations               :	5
                        Solver time              :	2 s


                      ------------------------------------------------------------------------------
2024-12-14 15:01:45   An additional check has indicated that the frequency sweep needs to be continued. More...

                      ------------------------------------------------------------------------------
2024-12-14 15:01:45     Generating results       :	2 s

                        Total time               :	15 s

                      ------------------------------------------------------------------------------
2024-12-14 15:01:45   

                      ------------------------------------------------------------------------------
2024-12-14 15:01:45     Calculation 9 (Frequency: 5.765 GHz)


                      ------------------------------------------------------------------------------
2024-12-14 15:01:46     ----------------------------------------------------------------------------
                        Port   Mode   Type        Z-Wave        Z-Wave-Sigma  Z-Line        F-Cutoff
                        1      1      QTEM        230           8.09          50            ---
                        ----------------------------------------------------------------------------


                      ------------------------------------------------------------------------------
2024-12-14 15:01:59     Matrix setup time        :	6 s
                        Solver setup             :	3 s
                        Degrees of freedom       :	711683
                        Number of mesh cells     :	117200

                        Stimulation port         :	1
                        Mode number              :	1
                        Accuracy                 :	5.70972e-05
                        Iterations               :	5
                        Solver time              :	2 s


                      ------------------------------------------------------------------------------
2024-12-14 15:02:02     Generating results       :	2 s

                        Total time               :	15 s

                      ------------------------------------------------------------------------------
2024-12-14 15:02:02   

                      ------------------------------------------------------------------------------
2024-12-14 15:02:02     Calculation 10 (Frequency: 5.78 GHz)


                      ------------------------------------------------------------------------------
2024-12-14 15:02:02     ----------------------------------------------------------------------------
                        Port   Mode   Type        Z-Wave        Z-Wave-Sigma  Z-Line        F-Cutoff
                        1      1      QTEM        230           8.09          50            ---
                        ----------------------------------------------------------------------------


                      ------------------------------------------------------------------------------
2024-12-14 15:02:16     Matrix setup time        :	6 s
                        Solver setup             :	3 s
                        Degrees of freedom       :	711683
                        Number of mesh cells     :	117200

                        Stimulation port         :	1
                        Mode number              :	1
                        Accuracy                 :	4.47413e-05
                        Iterations               :	5
                        Solver time              :	2 s


                      ------------------------------------------------------------------------------
2024-12-14 15:02:19     Generating results       :	2 s

                        Total time               :	15 s

                      ------------------------------------------------------------------------------
2024-12-14 15:02:19   

                      ------------------------------------------------------------------------------
2024-12-14 15:02:19   Finished the general purpose interpolative broadband frequency sweep:
                      All broadband sweep convergence criteria have been satisfied after
                      calculating 10 frequency samples:

                        Broadband sweep error threshold value :  0.01 (All S-Parameters) 
                        Number of error criterion checks      :  2 (All S-Parameters) 
                        Minimum number of samples             :  3
                        Number of data samples, linear        :  1001

                      ------------------------------------------------------------------------------
2024-12-14 15:02:43     Number of mesh cells     :	117200
                        Degrees of freedom       :	711683
                        Total Solver Time        :	564 s	 (= 0 h, 09 m, 24 s)
                      ================================================================================



                      ------------------------------------------------------------------------------
2024-12-14 15:02:43     ----------------------------------------------------------------------------
                                            Peak memory used (kB)         Free physical memory (kB) 
                                                                          At begin     Minimum      
                        ----------------------------------------------------------------------------
                        Solver start        21284                         91080804     91080004     
                        Eq. system setup    4123676                       90922480     90074704     
                        Eq. system solve    4123676                       90895224     84786952     
                        Mesh refinement     886828                        91076460     90877620     
                        Solver run total    4123676                       91080804     84786952     

                        Computer name       gamserverhp3
                        ----------------------------------------------------------------------------


                      ------------------------------------------------------------------------------
2024-12-14 15:02:44   Running postprocessing.

                      ------------------------------------------------------------------------------
2024-12-14 15:02:58   Postprocessing finished.

                      ------------------------------------------------------------------------------
2024-12-14 15:02:59   Parametric 1D storage is switched off.

                      ------------------------------------------------------------------------------
