2025-02-11 18:55:23   The length ratio between the shortest and the longest model edges is 1:1625.
                      Short model edges can be highlighted via Mesh:Mesh Control->Check Mesh->Check
                      Model Edge Length.... (It may be advantageous to model the metallizations as
                      infinitely thin sheets.) More...

                      ------------------------------------------------------------------------------
2025-02-11 18:55:35   *** Warning ***

                      This software is licensed for non-commercial use only.

                      ------------------------------------------------------------------------------
2025-02-11 18:55:35   Units settings: 

                        Dimensions: mm
                        Frequency:  GHz
                        Time:       ns

                      ------------------------------------------------------------------------------
2025-02-11 18:55:35   Boundary conditions: 

                        YZsymmetry: magnetic
                        XZsymmetry: none
                        XYsymmetry: none

                        Xmin: expanded open
                        Xmax: expanded open

                        Ymin: expanded open
                        Ymax: expanded open

                        Zmin: expanded open
                        Zmax: expanded open

                      ------------------------------------------------------------------------------
2025-02-11 18:55:35   Order settings: 

                        Solver order   : 3rd (constant)
                        Curved elements: up to order 5 (automatic)

                      ------------------------------------------------------------------------------
2025-02-11 18:55:35   The number of frequency samples has been increased to take into account all field monitors.

                      ------------------------------------------------------------------------------
2025-02-11 18:55:36   An iterative solver will be used first.

                      ------------------------------------------------------------------------------
2025-02-11 18:55:36     Mesh time                :	11 s


                      ------------------------------------------------------------------------------
2025-02-11 18:55:36   
                      ================================================================================
                      Frequency Domain Solver calculation cycle started

                      ------------------------------------------------------------------------------
2025-02-11 18:55:36   Solver started at: 2025-02-11 18:55:36 +0100

                        Module:  Frequency Domain: S-Parameter (Win 64)
                        Version: 2024.4 Release from 2024-04-30 (change 1266454)

                      ------------------------------------------------------------------------------
2025-02-11 18:55:36     Calculation 1 of 1 (Frequency: 5.775 GHz)


                      ------------------------------------------------------------------------------
2025-02-11 18:55:36   Automatically activated electric shielding for port 1.

                      ------------------------------------------------------------------------------
2025-02-11 18:55:46     ----------------------------------------------------------------------------
                        Port   Mode   Type        Z-Wave        Z-Wave-Sigma  Z-Line        F-Cutoff
                        1      1      QTEM        234           18.2          48.8          ---
                        ----------------------------------------------------------------------------


                      ------------------------------------------------------------------------------
2025-02-11 18:55:47   Adaptive mesh refinement pass 1

                      ------------------------------------------------------------------------------
2025-02-11 18:55:55     Matrix setup time        :	1 s
                        Degrees of freedom       :	37438
                        Number of mesh cells     :	2001

                        Stimulation port         :	1
                        Mode number              :	1
                        Accuracy                 :	8.93729e-05
                        Iterations               :	226
                        Solver time              :	6 s


                      ------------------------------------------------------------------------------
2025-02-11 18:55:56   39% of all mesh edges seem to be longer than expected. The adaptive mesh refinement's growth limitation will therefore 
                      use 6793 instead of 1997 mesh cells as a reference.

                      ------------------------------------------------------------------------------
2025-02-11 18:55:57   Adaptive mesh refinement pass 2

                      ------------------------------------------------------------------------------
2025-02-11 18:56:03     Matrix setup time        :	1 s
                        Degrees of freedom       :	54289
                        Number of mesh cells     :	2936

                        Stimulation port         :	1
                        Mode number              :	1
                        Accuracy                 :	8.92949e-05
                        Iterations               :	106
                        Solver time              :	3 s


                      ------------------------------------------------------------------------------
2025-02-11 18:56:04     Delta calculation        
2025-02-11 18:56:04     All S-Parameters         :	0.567408
2025-02-11 18:56:04   

                      ------------------------------------------------------------------------------
2025-02-11 18:56:06   Adaptive mesh refinement pass 3

                      ------------------------------------------------------------------------------
2025-02-11 18:56:12     Matrix setup time        :	1 s
                        Degrees of freedom       :	70243
                        Number of mesh cells     :	3842

                        Stimulation port         :	1
                        Mode number              :	1
                        Accuracy                 :	9.87986e-05
                        Iterations               :	90
                        Solver time              :	3 s


                      ------------------------------------------------------------------------------
2025-02-11 18:56:13     Delta calculation        
2025-02-11 18:56:13     All S-Parameters         :	0.156605
2025-02-11 18:56:13   

                      ------------------------------------------------------------------------------
2025-02-11 18:56:15   Adaptive mesh refinement pass 4

                      ------------------------------------------------------------------------------
2025-02-11 18:56:24     Matrix setup time        :	2 s
                        Degrees of freedom       :	100372
                        Number of mesh cells     :	5540

                        Stimulation port         :	1
                        Mode number              :	1
                        Accuracy                 :	7.2975e-05
                        Iterations               :	100
                        Solver time              :	5 s


                      ------------------------------------------------------------------------------
2025-02-11 18:56:26     Delta calculation        
2025-02-11 18:56:26     All S-Parameters         :	0.0665185
2025-02-11 18:56:26   

                      ------------------------------------------------------------------------------
2025-02-11 18:56:29   Adaptive mesh refinement pass 5

                      ------------------------------------------------------------------------------
2025-02-11 18:56:42     Matrix setup time        :	4 s
                        Degrees of freedom       :	150106
                        Number of mesh cells     :	8334

                        Stimulation port         :	1
                        Mode number              :	1
                        Accuracy                 :	9.40653e-05
                        Iterations               :	101
                        Solver time              :	8 s


                      ------------------------------------------------------------------------------
2025-02-11 18:56:45     Delta calculation        
2025-02-11 18:56:45     All S-Parameters         :	0.0518804
2025-02-11 18:56:45   

                      ------------------------------------------------------------------------------
2025-02-11 18:56:49   Adaptive mesh refinement pass 6

                      ------------------------------------------------------------------------------
2025-02-11 18:57:10     Matrix setup time        :	6 s
                        Degrees of freedom       :	230362
                        Number of mesh cells     :	12820

                        Stimulation port         :	1
                        Mode number              :	1
                        Accuracy                 :	7.20587e-05
                        Iterations               :	119
                        Solver time              :	13 s


                      ------------------------------------------------------------------------------
2025-02-11 18:57:14     Delta calculation        
2025-02-11 18:57:14     All S-Parameters         :	0.040327
2025-02-11 18:57:14   

                      ------------------------------------------------------------------------------
2025-02-11 18:57:19   Adaptive mesh refinement pass 7

                      ------------------------------------------------------------------------------
2025-02-11 18:57:44     Matrix setup time        :	9 s
                        Degrees of freedom       :	337534
                        Number of mesh cells     :	18817

                        Stimulation port         :	1
                        Mode number              :	1
                        Accuracy                 :	7.93638e-05
                        Iterations               :	85
                        Solver time              :	14 s


                      ------------------------------------------------------------------------------
2025-02-11 18:57:50     Delta calculation        
2025-02-11 18:57:50     All S-Parameters         :	0.021712
2025-02-11 18:57:50   

                      ------------------------------------------------------------------------------
2025-02-11 18:57:57   Adaptive mesh refinement pass 8

                      ------------------------------------------------------------------------------
2025-02-11 18:58:30     Matrix setup time        :	12 s
                        Solver setup             :	1 s
                        Degrees of freedom       :	451393
                        Number of mesh cells     :	25166

                        Stimulation port         :	1
                        Mode number              :	1
                        Accuracy                 :	7.94516e-05
                        Iterations               :	79
                        Solver time              :	18 s


                      ------------------------------------------------------------------------------
2025-02-11 18:58:38     Delta calculation        
2025-02-11 18:58:38     All S-Parameters         :	0.0141441
2025-02-11 18:58:38   

                      ------------------------------------------------------------------------------
2025-02-11 18:58:47   The direct solver will be used.

                      ------------------------------------------------------------------------------
2025-02-11 18:58:47   Adaptive mesh refinement pass 9

                      ------------------------------------------------------------------------------
2025-02-11 19:00:09     Matrix setup time        :	16 s
                        Solver setup             :	63 s
                        Degrees of freedom       :	574975
                        Number of mesh cells     :	32040

                        Stimulation port         :	1
                        Mode number              :	1
                        Accuracy                 :	2.83103e-13
                        Iterations               :	1
                        Solver time              :	1 s


                      ------------------------------------------------------------------------------
2025-02-11 19:00:09   The iterative solver will be used.

                      ------------------------------------------------------------------------------
2025-02-11 19:00:19     Delta calculation        
2025-02-11 19:00:19     All S-Parameters         :	0.00671131
2025-02-11 19:00:19   

                      ------------------------------------------------------------------------------
2025-02-11 19:00:31   Adaptive mesh refinement pass 10

                      ------------------------------------------------------------------------------
2025-02-11 19:01:27     Matrix setup time        :	21 s
                        Solver setup             :	1 s
                        Degrees of freedom       :	754738
                        Number of mesh cells     :	42087

                        Stimulation port         :	1
                        Mode number              :	1
                        Accuracy                 :	8.53012e-05
                        Iterations               :	77
                        Solver time              :	32 s


                      ------------------------------------------------------------------------------
2025-02-11 19:01:38     Delta calculation        
2025-02-11 19:01:38     All S-Parameters         :	0.00743568
2025-02-11 19:01:38   

                      ------------------------------------------------------------------------------
2025-02-11 19:01:38   Mesh adaptation terminated because the desired accuracy limit is reached.

                      ------------------------------------------------------------------------------
2025-02-11 19:01:39     Total time               :	362 s	 (= 0 h, 06 m, 02 s)

                      ------------------------------------------------------------------------------
2025-02-11 19:01:39   

                      ------------------------------------------------------------------------------
2025-02-11 19:01:48   Unable to use "EvaluateHFieldOnSIBC" due to model setup.

                      ------------------------------------------------------------------------------
2025-02-11 19:01:48     Calculation 2 (Frequency: 5.815 GHz)


                      ------------------------------------------------------------------------------
2025-02-11 19:01:49     ----------------------------------------------------------------------------
                        Port   Mode   Type        Z-Wave        Z-Wave-Sigma  Z-Line        F-Cutoff
                        1      1      QTEM        234           18.2          48.8          ---
                        ----------------------------------------------------------------------------


                      ------------------------------------------------------------------------------
2025-02-11 19:02:26     Matrix setup time        :	19 s
                        Solver setup             :	1 s
                        Degrees of freedom       :	754738
                        Number of mesh cells     :	42087

                        Stimulation port         :	1
                        Mode number              :	1
                        Accuracy                 :	9.77211e-05
                        Iterations               :	38
                        Solver time              :	16 s


                      ------------------------------------------------------------------------------
2025-02-11 19:02:29     Generating results       :	2 s

                        Total time               :	39 s

                      ------------------------------------------------------------------------------
2025-02-11 19:02:29   

                      ------------------------------------------------------------------------------
2025-02-11 19:02:29     Calculation 3 (Frequency: 5.735 GHz)


                      ------------------------------------------------------------------------------
2025-02-11 19:02:29     ----------------------------------------------------------------------------
                        Port   Mode   Type        Z-Wave        Z-Wave-Sigma  Z-Line        F-Cutoff
                        1      1      QTEM        234           18.2          48.8          ---
                        ----------------------------------------------------------------------------


                      ------------------------------------------------------------------------------
2025-02-11 19:03:00     Matrix setup time        :	18 s
                        Solver setup             :	1 s
                        Degrees of freedom       :	754738
                        Number of mesh cells     :	42087

                        Stimulation port         :	1
                        Mode number              :	1
                        Accuracy                 :	7.93569e-05
                        Iterations               :	23
                        Solver time              :	10 s


                      ------------------------------------------------------------------------------
2025-02-11 19:03:02     Generating results       :	2 s

                        Total time               :	33 s

                      ------------------------------------------------------------------------------
2025-02-11 19:03:02   

                      ------------------------------------------------------------------------------
2025-02-11 19:03:02     Calculation 4 (Frequency: 5.1975 GHz)


                      ------------------------------------------------------------------------------
2025-02-11 19:03:03     ----------------------------------------------------------------------------
                        Port   Mode   Type        Z-Wave        Z-Wave-Sigma  Z-Line        F-Cutoff
                        1      1      QTEM        234           18.2          48.8          ---
                        ----------------------------------------------------------------------------


                      ------------------------------------------------------------------------------
2025-02-11 19:03:42     Matrix setup time        :	18 s
                        Solver setup             :	2 s
                        Degrees of freedom       :	754738
                        Number of mesh cells     :	42087

                        Stimulation port         :	1
                        Mode number              :	1
                        Accuracy                 :	8.58571e-05
                        Iterations               :	45
                        Solver time              :	18 s


                      ------------------------------------------------------------------------------
2025-02-11 19:03:48     Generating results       :	5 s

                        Total time               :	44 s

                      ------------------------------------------------------------------------------
2025-02-11 19:03:48   

                      ------------------------------------------------------------------------------
2025-02-11 19:03:48     Calculation 5 (Frequency: 6.3525 GHz)


                      ------------------------------------------------------------------------------
2025-02-11 19:03:48     ----------------------------------------------------------------------------
                        Port   Mode   Type        Z-Wave        Z-Wave-Sigma  Z-Line        F-Cutoff
                        1      1      QTEM        234           18.3          48.8          ---
                        ----------------------------------------------------------------------------


                      ------------------------------------------------------------------------------
2025-02-11 19:04:32     Matrix setup time        :	18 s
                        Solver setup             :	2 s
                        Degrees of freedom       :	754738
                        Number of mesh cells     :	42087

                        Stimulation port         :	1
                        Mode number              :	1
                        Accuracy                 :	8.73291e-05
                        Iterations               :	55
                        Solver time              :	22 s


                      ------------------------------------------------------------------------------
2025-02-11 19:04:38     Generating results       :	5 s

                        Total time               :	49 s

                      ------------------------------------------------------------------------------
2025-02-11 19:04:38   

                      ------------------------------------------------------------------------------
2025-02-11 19:04:38     Calculation 6 (Frequency: 5.795 GHz)


                      ------------------------------------------------------------------------------
2025-02-11 19:04:38     ----------------------------------------------------------------------------
                        Port   Mode   Type        Z-Wave        Z-Wave-Sigma  Z-Line        F-Cutoff
                        1      1      QTEM        234           18.2          48.8          ---
                        ----------------------------------------------------------------------------


                      ------------------------------------------------------------------------------
2025-02-11 19:05:02     Matrix setup time        :	18 s
                        Solver setup             :	2 s
                        Degrees of freedom       :	754738
                        Number of mesh cells     :	42087

                        Stimulation port         :	1
                        Mode number              :	1
                        Accuracy                 :	6.35161e-05
                        Iterations               :	5
                        Solver time              :	2 s


                      ------------------------------------------------------------------------------
2025-02-11 19:05:05     Generating results       :	2 s

                        Total time               :	26 s

                      ------------------------------------------------------------------------------
2025-02-11 19:05:05   

                      ------------------------------------------------------------------------------
2025-02-11 19:05:05     Calculation 7 (Frequency: 5.755 GHz)


                      ------------------------------------------------------------------------------
2025-02-11 19:05:05     ----------------------------------------------------------------------------
                        Port   Mode   Type        Z-Wave        Z-Wave-Sigma  Z-Line        F-Cutoff
                        1      1      QTEM        234           18.2          48.8          ---
                        ----------------------------------------------------------------------------


                      ------------------------------------------------------------------------------
2025-02-11 19:05:29     Matrix setup time        :	18 s
                        Solver setup             :	2 s
                        Degrees of freedom       :	754738
                        Number of mesh cells     :	42087

                        Stimulation port         :	1
                        Mode number              :	1
                        Accuracy                 :	4.08411e-05
                        Iterations               :	5
                        Solver time              :	2 s


                      ------------------------------------------------------------------------------
2025-02-11 19:05:32   Only few automatic samples have been calculated up to now. Therefore, the frequency sweep is continued with additional 
                      automatically chosen samples.

                      ------------------------------------------------------------------------------
2025-02-11 19:05:32     Generating results       :	2 s

                        Total time               :	26 s

                      ------------------------------------------------------------------------------
2025-02-11 19:05:32   

                      ------------------------------------------------------------------------------
2025-02-11 19:05:32     Calculation 8 (Frequency: 5.785 GHz)


                      ------------------------------------------------------------------------------
2025-02-11 19:05:33     ----------------------------------------------------------------------------
                        Port   Mode   Type        Z-Wave        Z-Wave-Sigma  Z-Line        F-Cutoff
                        1      1      QTEM        234           18.2          48.8          ---
                        ----------------------------------------------------------------------------


                      ------------------------------------------------------------------------------
2025-02-11 19:05:57     Matrix setup time        :	18 s
                        Solver setup             :	3 s
                        Degrees of freedom       :	754738
                        Number of mesh cells     :	42087

                        Stimulation port         :	1
                        Mode number              :	1
                        Accuracy                 :	4.10534e-05
                        Iterations               :	5
                        Solver time              :	2 s


                      ------------------------------------------------------------------------------
2025-02-11 19:05:59   An additional check has indicated that the frequency sweep needs to be continued. More...

                      ------------------------------------------------------------------------------
2025-02-11 19:05:59     Generating results       :	2 s

                        Total time               :	26 s

                      ------------------------------------------------------------------------------
2025-02-11 19:05:59   

                      ------------------------------------------------------------------------------
2025-02-11 19:05:59     Calculation 9 (Frequency: 5.765 GHz)


                      ------------------------------------------------------------------------------
2025-02-11 19:06:00     ----------------------------------------------------------------------------
                        Port   Mode   Type        Z-Wave        Z-Wave-Sigma  Z-Line        F-Cutoff
                        1      1      QTEM        234           18.2          48.8          ---
                        ----------------------------------------------------------------------------


                      ------------------------------------------------------------------------------
2025-02-11 19:06:24     Matrix setup time        :	18 s
                        Solver setup             :	3 s
                        Degrees of freedom       :	754738
                        Number of mesh cells     :	42087

                        Stimulation port         :	1
                        Mode number              :	1
                        Accuracy                 :	3.1519e-05
                        Iterations               :	5
                        Solver time              :	2 s


                      ------------------------------------------------------------------------------
2025-02-11 19:06:27     Generating results       :	2 s

                        Total time               :	26 s

                      ------------------------------------------------------------------------------
2025-02-11 19:06:27   

                      ------------------------------------------------------------------------------
2025-02-11 19:06:27     Calculation 10 (Frequency: 5.78 GHz)


                      ------------------------------------------------------------------------------
2025-02-11 19:06:27     ----------------------------------------------------------------------------
                        Port   Mode   Type        Z-Wave        Z-Wave-Sigma  Z-Line        F-Cutoff
                        1      1      QTEM        234           18.2          48.8          ---
                        ----------------------------------------------------------------------------


                      ------------------------------------------------------------------------------
2025-02-11 19:06:52     Matrix setup time        :	18 s
                        Solver setup             :	3 s
                        Degrees of freedom       :	754738
                        Number of mesh cells     :	42087

                        Stimulation port         :	1
                        Mode number              :	1
                        Accuracy                 :	2.82419e-05
                        Iterations               :	5
                        Solver time              :	2 s


                      ------------------------------------------------------------------------------
2025-02-11 19:06:55     Generating results       :	2 s

                        Total time               :	27 s

                      ------------------------------------------------------------------------------
2025-02-11 19:06:55   

                      ------------------------------------------------------------------------------
2025-02-11 19:06:55   Finished the general purpose interpolative broadband frequency sweep:
                      All broadband sweep convergence criteria have been satisfied after
                      calculating 10 frequency samples:

                        Broadband sweep error threshold value :  0.01 (All S-Parameters) 
                        Number of error criterion checks      :  2 (All S-Parameters) 
                        Minimum number of samples             :  3
                        Number of data samples, linear        :  1001

                      ------------------------------------------------------------------------------
2025-02-11 19:07:19     Number of mesh cells     :	42087
                        Degrees of freedom       :	754738
                        Total Solver Time        :	679 s	 (= 0 h, 11 m, 19 s)
                      ================================================================================



                      ------------------------------------------------------------------------------
2025-02-11 19:07:20     ----------------------------------------------------------------------------
                                            Peak memory used (kB)         Free physical memory (kB) 
                                                                          At begin     Minimum      
                        ----------------------------------------------------------------------------
                        Solver start        21280                         82187088     82187088     
                        Eq. system setup    4339468                       82083544     80472684     
                        Eq. system solve    4339468                       82050992     77216096     
                        Mesh refinement     4339468                       82058144     80394232     
                        Solver run total    4339468                       82187088     77216096     

                        Computer name       gamserverhp3
                        ----------------------------------------------------------------------------


                      ------------------------------------------------------------------------------
2025-02-11 19:07:20   Running postprocessing.

                      ------------------------------------------------------------------------------
2025-02-11 19:07:34   Postprocessing finished.

                      ------------------------------------------------------------------------------
2025-02-11 19:07:35   Parametric 1D storage is switched off.

                      ------------------------------------------------------------------------------
