2025-02-10 16:51:09   The length ratio between the shortest and the longest model edges is 1:1627.
                      Short model edges can be highlighted via Mesh:Mesh Control->Check Mesh->Check
                      Model Edge Length.... (It may be advantageous to model the metallizations as
                      infinitely thin sheets.) More...

                      ------------------------------------------------------------------------------
2025-02-10 16:51:21   *** Warning ***

                      This software is licensed for non-commercial use only.

                      ------------------------------------------------------------------------------
2025-02-10 16:51:22   Units settings: 

                        Dimensions: mm
                        Frequency:  GHz
                        Time:       ns

                      ------------------------------------------------------------------------------
2025-02-10 16:51:22   Boundary conditions: 

                        YZsymmetry: magnetic
                        XZsymmetry: none
                        XYsymmetry: none

                        Xmin: expanded open
                        Xmax: expanded open

                        Ymin: expanded open
                        Ymax: expanded open

                        Zmin: expanded open
                        Zmax: expanded open

                      ------------------------------------------------------------------------------
2025-02-10 16:51:22   Order settings: 

                        Solver order   : 3rd (constant)
                        Curved elements: up to order 5 (automatic)

                      ------------------------------------------------------------------------------
2025-02-10 16:51:22   The number of frequency samples has been increased to take into account all field monitors.

                      ------------------------------------------------------------------------------
2025-02-10 16:51:22   An iterative solver will be used first.

                      ------------------------------------------------------------------------------
2025-02-10 16:51:22     Mesh time                :	11 s


                      ------------------------------------------------------------------------------
2025-02-10 16:51:23   
                      ================================================================================
                      Frequency Domain Solver calculation cycle started

                      ------------------------------------------------------------------------------
2025-02-10 16:51:23   Solver started at: 2025-02-10 16:51:23 +0100

                        Module:  Frequency Domain: S-Parameter (Win 64)
                        Version: 2024.4 Release from 2024-04-30 (change 1266454)

                      ------------------------------------------------------------------------------
2025-02-10 16:51:23     Calculation 1 of 1 (Frequency: 5.775 GHz)


                      ------------------------------------------------------------------------------
2025-02-10 16:51:23   Automatically activated electric shielding for port 1.

                      ------------------------------------------------------------------------------
2025-02-10 16:51:34     ----------------------------------------------------------------------------
                        Port   Mode   Type        Z-Wave        Z-Wave-Sigma  Z-Line        F-Cutoff
                        1      1      QTEM        234           18.2          48.8          ---
                        ----------------------------------------------------------------------------


                      ------------------------------------------------------------------------------
2025-02-10 16:51:35   Adaptive mesh refinement pass 1

                      ------------------------------------------------------------------------------
2025-02-10 16:51:43     Matrix setup time        :	1 s
                        Degrees of freedom       :	36910
                        Number of mesh cells     :	1972

                        Stimulation port         :	1
                        Mode number              :	1
                        Accuracy                 :	9.06182e-05
                        Iterations               :	202
                        Solver time              :	5 s


                      ------------------------------------------------------------------------------
2025-02-10 16:51:44   40% of all mesh edges seem to be longer than expected. The adaptive mesh refinement's growth limitation will therefore 
                      use 6774 instead of 1968 mesh cells as a reference.

                      ------------------------------------------------------------------------------
2025-02-10 16:51:46   Adaptive mesh refinement pass 2

                      ------------------------------------------------------------------------------
2025-02-10 16:51:51     Matrix setup time        :	1 s
                        Degrees of freedom       :	52603
                        Number of mesh cells     :	2847

                        Stimulation port         :	1
                        Mode number              :	1
                        Accuracy                 :	9.2614e-05
                        Iterations               :	110
                        Solver time              :	3 s


                      ------------------------------------------------------------------------------
2025-02-10 16:51:53     Delta calculation        
2025-02-10 16:51:53     All S-Parameters         :	0.560148
2025-02-10 16:51:53   

                      ------------------------------------------------------------------------------
2025-02-10 16:51:55   Adaptive mesh refinement pass 3

                      ------------------------------------------------------------------------------
2025-02-10 16:52:01     Matrix setup time        :	1 s
                        Degrees of freedom       :	69811
                        Number of mesh cells     :	3822

                        Stimulation port         :	1
                        Mode number              :	1
                        Accuracy                 :	8.97489e-05
                        Iterations               :	105
                        Solver time              :	4 s


                      ------------------------------------------------------------------------------
2025-02-10 16:52:03     Delta calculation        
2025-02-10 16:52:03     All S-Parameters         :	0.13457
2025-02-10 16:52:03   

                      ------------------------------------------------------------------------------
2025-02-10 16:52:05   Adaptive mesh refinement pass 4

                      ------------------------------------------------------------------------------
2025-02-10 16:52:14     Matrix setup time        :	2 s
                        Degrees of freedom       :	102787
                        Number of mesh cells     :	5689

                        Stimulation port         :	1
                        Mode number              :	1
                        Accuracy                 :	9.71328e-05
                        Iterations               :	101
                        Solver time              :	5 s


                      ------------------------------------------------------------------------------
2025-02-10 16:52:17     Delta calculation        
2025-02-10 16:52:17     All S-Parameters         :	0.102116
2025-02-10 16:52:17   

                      ------------------------------------------------------------------------------
2025-02-10 16:52:20   Adaptive mesh refinement pass 5

                      ------------------------------------------------------------------------------
2025-02-10 16:52:33     Matrix setup time        :	4 s
                        Degrees of freedom       :	152434
                        Number of mesh cells     :	8465

                        Stimulation port         :	1
                        Mode number              :	1
                        Accuracy                 :	7.62024e-05
                        Iterations               :	104
                        Solver time              :	7 s


                      ------------------------------------------------------------------------------
2025-02-10 16:52:36     Delta calculation        
2025-02-10 16:52:36     All S-Parameters         :	0.0454625
2025-02-10 16:52:36   

                      ------------------------------------------------------------------------------
2025-02-10 16:52:40   Adaptive mesh refinement pass 6

                      ------------------------------------------------------------------------------
2025-02-10 16:52:57     Matrix setup time        :	6 s
                        Degrees of freedom       :	229258
                        Number of mesh cells     :	12783

                        Stimulation port         :	1
                        Mode number              :	1
                        Accuracy                 :	9.45319e-05
                        Iterations               :	83
                        Solver time              :	9 s


                      ------------------------------------------------------------------------------
2025-02-10 16:53:02     Delta calculation        
2025-02-10 16:53:02     All S-Parameters         :	0.0349703
2025-02-10 16:53:02   

                      ------------------------------------------------------------------------------
2025-02-10 16:53:08   Adaptive mesh refinement pass 7

                      ------------------------------------------------------------------------------
2025-02-10 16:53:35     Matrix setup time        :	9 s
                        Degrees of freedom       :	341335
                        Number of mesh cells     :	19025

                        Stimulation port         :	1
                        Mode number              :	1
                        Accuracy                 :	7.62038e-05
                        Iterations               :	100
                        Solver time              :	16 s


                      ------------------------------------------------------------------------------
2025-02-10 16:53:42     Delta calculation        
2025-02-10 16:53:42     All S-Parameters         :	0.0214905
2025-02-10 16:53:42   

                      ------------------------------------------------------------------------------
2025-02-10 16:53:50   Adaptive mesh refinement pass 8

                      ------------------------------------------------------------------------------
2025-02-10 16:54:21     Matrix setup time        :	12 s
                        Solver setup             :	1 s
                        Degrees of freedom       :	459841
                        Number of mesh cells     :	25640

                        Stimulation port         :	1
                        Mode number              :	1
                        Accuracy                 :	7.52187e-05
                        Iterations               :	75
                        Solver time              :	17 s


                      ------------------------------------------------------------------------------
2025-02-10 16:54:30     Delta calculation        
2025-02-10 16:54:30     All S-Parameters         :	0.0135085
2025-02-10 16:54:30   

                      ------------------------------------------------------------------------------
2025-02-10 16:54:40   Adaptive mesh refinement pass 9

                      ------------------------------------------------------------------------------
2025-02-10 16:55:21     Matrix setup time        :	16 s
                        Solver setup             :	1 s
                        Degrees of freedom       :	597115
                        Number of mesh cells     :	33302

                        Stimulation port         :	1
                        Mode number              :	1
                        Accuracy                 :	6.22941e-05
                        Iterations               :	75
                        Solver time              :	22 s


                      ------------------------------------------------------------------------------
2025-02-10 16:55:33     Delta calculation        
2025-02-10 16:55:33     All S-Parameters         :	0.00687139
2025-02-10 16:55:33   

                      ------------------------------------------------------------------------------
2025-02-10 16:55:39   The quality of some tetrahedrons is low.  More...

                      ------------------------------------------------------------------------------
2025-02-10 16:55:45   The direct solver will be used.

                      ------------------------------------------------------------------------------
2025-02-10 16:55:46   Adaptive mesh refinement pass 10

                      ------------------------------------------------------------------------------
2025-02-10 16:57:38     Matrix setup time        :	21 s
                        Solver setup             :	88 s
                        Degrees of freedom       :	773956
                        Number of mesh cells     :	43114

                        Stimulation port         :	1
                        Mode number              :	1
                        Accuracy                 :	2.72305e-13
                        Iterations               :	1
                        Solver time              :	2 s


                      ------------------------------------------------------------------------------
2025-02-10 16:57:39   The iterative solver will be used.

                      ------------------------------------------------------------------------------
2025-02-10 16:57:53     Delta calculation        
2025-02-10 16:57:53     All S-Parameters         :	0.00728697
2025-02-10 16:57:53   

                      ------------------------------------------------------------------------------
2025-02-10 16:57:53   Mesh adaptation terminated because the desired accuracy limit is reached.

                      ------------------------------------------------------------------------------
2025-02-10 16:57:55     Total time               :	390 s	 (= 0 h, 06 m, 30 s)

                      ------------------------------------------------------------------------------
2025-02-10 16:57:55   

                      ------------------------------------------------------------------------------
2025-02-10 16:58:05   Unable to use "EvaluateHFieldOnSIBC" due to model setup.

                      ------------------------------------------------------------------------------
2025-02-10 16:58:06     Calculation 2 (Frequency: 5.815 GHz)


                      ------------------------------------------------------------------------------
2025-02-10 16:58:06     ----------------------------------------------------------------------------
                        Port   Mode   Type        Z-Wave        Z-Wave-Sigma  Z-Line        F-Cutoff
                        1      1      QTEM        234           18.2          48.8          ---
                        ----------------------------------------------------------------------------


                      ------------------------------------------------------------------------------
2025-02-10 16:58:49     Matrix setup time        :	21 s
                        Solver setup             :	2 s
                        Degrees of freedom       :	773956
                        Number of mesh cells     :	43114

                        Stimulation port         :	1
                        Mode number              :	1
                        Accuracy                 :	9.18305e-05
                        Iterations               :	45
                        Solver time              :	18 s


                      ------------------------------------------------------------------------------
2025-02-10 16:58:52     Generating results       :	3 s

                        Total time               :	46 s

                      ------------------------------------------------------------------------------
2025-02-10 16:58:52   

                      ------------------------------------------------------------------------------
2025-02-10 16:58:52     Calculation 3 (Frequency: 5.735 GHz)


                      ------------------------------------------------------------------------------
2025-02-10 16:58:53     ----------------------------------------------------------------------------
                        Port   Mode   Type        Z-Wave        Z-Wave-Sigma  Z-Line        F-Cutoff
                        1      1      QTEM        234           18.2          48.8          ---
                        ----------------------------------------------------------------------------


                      ------------------------------------------------------------------------------
2025-02-10 16:59:24     Matrix setup time        :	18 s
                        Solver setup             :	1 s
                        Degrees of freedom       :	773956
                        Number of mesh cells     :	43114

                        Stimulation port         :	1
                        Mode number              :	1
                        Accuracy                 :	9.58994e-05
                        Iterations               :	25
                        Solver time              :	10 s


                      ------------------------------------------------------------------------------
2025-02-10 16:59:28     Generating results       :	3 s

                        Total time               :	34 s

                      ------------------------------------------------------------------------------
2025-02-10 16:59:28   

                      ------------------------------------------------------------------------------
2025-02-10 16:59:28     Calculation 4 (Frequency: 5.1975 GHz)


                      ------------------------------------------------------------------------------
2025-02-10 16:59:28     ----------------------------------------------------------------------------
                        Port   Mode   Type        Z-Wave        Z-Wave-Sigma  Z-Line        F-Cutoff
                        1      1      QTEM        234           18.2          48.8          ---
                        ----------------------------------------------------------------------------


                      ------------------------------------------------------------------------------
2025-02-10 17:00:09     Matrix setup time        :	18 s
                        Solver setup             :	2 s
                        Degrees of freedom       :	773956
                        Number of mesh cells     :	43114

                        Stimulation port         :	1
                        Mode number              :	1
                        Accuracy                 :	8.98664e-05
                        Iterations               :	46
                        Solver time              :	18 s


                      ------------------------------------------------------------------------------
2025-02-10 17:00:16     Generating results       :	6 s

                        Total time               :	46 s

                      ------------------------------------------------------------------------------
2025-02-10 17:00:16   

                      ------------------------------------------------------------------------------
2025-02-10 17:00:16     Calculation 5 (Frequency: 6.3525 GHz)


                      ------------------------------------------------------------------------------
2025-02-10 17:00:16     ----------------------------------------------------------------------------
                        Port   Mode   Type        Z-Wave        Z-Wave-Sigma  Z-Line        F-Cutoff
                        1      1      QTEM        234           18.3          48.8          ---
                        ----------------------------------------------------------------------------


                      ------------------------------------------------------------------------------
2025-02-10 17:01:04     Matrix setup time        :	18 s
                        Solver setup             :	2 s
                        Degrees of freedom       :	773956
                        Number of mesh cells     :	43114

                        Stimulation port         :	1
                        Mode number              :	1
                        Accuracy                 :	9.98098e-05
                        Iterations               :	64
                        Solver time              :	26 s


                      ------------------------------------------------------------------------------
2025-02-10 17:01:11     Generating results       :	6 s

                        Total time               :	54 s

                      ------------------------------------------------------------------------------
2025-02-10 17:01:11   

                      ------------------------------------------------------------------------------
2025-02-10 17:01:11     Calculation 6 (Frequency: 5.795 GHz)


                      ------------------------------------------------------------------------------
2025-02-10 17:01:11     ----------------------------------------------------------------------------
                        Port   Mode   Type        Z-Wave        Z-Wave-Sigma  Z-Line        F-Cutoff
                        1      1      QTEM        234           18.2          48.8          ---
                        ----------------------------------------------------------------------------


                      ------------------------------------------------------------------------------
2025-02-10 17:01:36     Matrix setup time        :	18 s
                        Solver setup             :	2 s
                        Degrees of freedom       :	773956
                        Number of mesh cells     :	43114

                        Stimulation port         :	1
                        Mode number              :	1
                        Accuracy                 :	3.48255e-05
                        Iterations               :	5
                        Solver time              :	2 s


                      ------------------------------------------------------------------------------
2025-02-10 17:01:39     Generating results       :	3 s

                        Total time               :	27 s

                      ------------------------------------------------------------------------------
2025-02-10 17:01:39   

                      ------------------------------------------------------------------------------
2025-02-10 17:01:39     Calculation 7 (Frequency: 5.755 GHz)


                      ------------------------------------------------------------------------------
2025-02-10 17:01:40     ----------------------------------------------------------------------------
                        Port   Mode   Type        Z-Wave        Z-Wave-Sigma  Z-Line        F-Cutoff
                        1      1      QTEM        234           18.2          48.8          ---
                        ----------------------------------------------------------------------------


                      ------------------------------------------------------------------------------
2025-02-10 17:02:04     Matrix setup time        :	18 s
                        Solver setup             :	3 s
                        Degrees of freedom       :	773956
                        Number of mesh cells     :	43114

                        Stimulation port         :	1
                        Mode number              :	1
                        Accuracy                 :	3.37205e-05
                        Iterations               :	5
                        Solver time              :	2 s


                      ------------------------------------------------------------------------------
2025-02-10 17:02:07   Only few automatic samples have been calculated up to now. Therefore, the frequency sweep is continued with additional 
                      automatically chosen samples.

                      ------------------------------------------------------------------------------
2025-02-10 17:02:08     Generating results       :	3 s

                        Total time               :	28 s

                      ------------------------------------------------------------------------------
2025-02-10 17:02:08   

                      ------------------------------------------------------------------------------
2025-02-10 17:02:08     Calculation 8 (Frequency: 5.785 GHz)


                      ------------------------------------------------------------------------------
2025-02-10 17:02:09     ----------------------------------------------------------------------------
                        Port   Mode   Type        Z-Wave        Z-Wave-Sigma  Z-Line        F-Cutoff
                        1      1      QTEM        234           18.2          48.8          ---
                        ----------------------------------------------------------------------------


                      ------------------------------------------------------------------------------
2025-02-10 17:02:33     Matrix setup time        :	18 s
                        Solver setup             :	3 s
                        Degrees of freedom       :	773956
                        Number of mesh cells     :	43114

                        Stimulation port         :	1
                        Mode number              :	1
                        Accuracy                 :	1.58538e-05
                        Iterations               :	5
                        Solver time              :	2 s


                      ------------------------------------------------------------------------------
2025-02-10 17:02:36   An additional check has indicated that the frequency sweep needs to be continued. More...

                      ------------------------------------------------------------------------------
2025-02-10 17:02:37     Generating results       :	3 s

                        Total time               :	28 s

                      ------------------------------------------------------------------------------
2025-02-10 17:02:37   

                      ------------------------------------------------------------------------------
2025-02-10 17:02:37     Calculation 9 (Frequency: 5.765 GHz)


                      ------------------------------------------------------------------------------
2025-02-10 17:02:37     ----------------------------------------------------------------------------
                        Port   Mode   Type        Z-Wave        Z-Wave-Sigma  Z-Line        F-Cutoff
                        1      1      QTEM        234           18.2          48.8          ---
                        ----------------------------------------------------------------------------


                      ------------------------------------------------------------------------------
2025-02-10 17:03:02     Matrix setup time        :	18 s
                        Solver setup             :	3 s
                        Degrees of freedom       :	773956
                        Number of mesh cells     :	43114

                        Stimulation port         :	1
                        Mode number              :	1
                        Accuracy                 :	1.67947e-05
                        Iterations               :	5
                        Solver time              :	2 s


                      ------------------------------------------------------------------------------
2025-02-10 17:03:06     Generating results       :	3 s

                        Total time               :	28 s

                      ------------------------------------------------------------------------------
2025-02-10 17:03:06   

                      ------------------------------------------------------------------------------
2025-02-10 17:03:07     Calculation 10 (Frequency: 5.78 GHz)


                      ------------------------------------------------------------------------------
2025-02-10 17:03:07     ----------------------------------------------------------------------------
                        Port   Mode   Type        Z-Wave        Z-Wave-Sigma  Z-Line        F-Cutoff
                        1      1      QTEM        234           18.2          48.8          ---
                        ----------------------------------------------------------------------------


                      ------------------------------------------------------------------------------
2025-02-10 17:03:34     Matrix setup time        :	19 s
                        Solver setup             :	3 s
                        Degrees of freedom       :	773956
                        Number of mesh cells     :	43114

                        Stimulation port         :	1
                        Mode number              :	1
                        Accuracy                 :	6.4521e-06
                        Iterations               :	5
                        Solver time              :	2 s


                      ------------------------------------------------------------------------------
2025-02-10 17:03:37     Generating results       :	3 s

                        Total time               :	30 s

                      ------------------------------------------------------------------------------
2025-02-10 17:03:37   

                      ------------------------------------------------------------------------------
2025-02-10 17:03:37   Finished the general purpose interpolative broadband frequency sweep:
                      All broadband sweep convergence criteria have been satisfied after
                      calculating 10 frequency samples:

                        Broadband sweep error threshold value :  0.01 (All S-Parameters) 
                        Number of error criterion checks      :  2 (All S-Parameters) 
                        Minimum number of samples             :  3
                        Number of data samples, linear        :  1001

                      ------------------------------------------------------------------------------
2025-02-10 17:04:04     Number of mesh cells     :	43114
                        Degrees of freedom       :	773956
                        Total Solver Time        :	732 s	 (= 0 h, 12 m, 12 s)
                      ================================================================================



                      ------------------------------------------------------------------------------
2025-02-10 17:04:05     ----------------------------------------------------------------------------
                                            Peak memory used (kB)         Free physical memory (kB) 
                                                                          At begin     Minimum      
                        ----------------------------------------------------------------------------
                        Solver start        21336                         83510136     83510136     
                        Eq. system setup    5915780                       83537792     82516900     
                        Eq. system solve    5915780                       83474812     77678256     
                        Mesh refinement     802968                        83483028     82860592     
                        Solver run total    5915780                       83510140     77678256     

                        Computer name       gamserverhp3
                        ----------------------------------------------------------------------------


                      ------------------------------------------------------------------------------
2025-02-10 17:04:05   Running postprocessing.

                      ------------------------------------------------------------------------------
2025-02-10 17:04:21   Postprocessing finished.

                      ------------------------------------------------------------------------------
2025-02-10 17:04:21   Parametric 1D storage is switched off.

                      ------------------------------------------------------------------------------
