2025-02-10 17:05:09   The length ratio between the shortest and the longest model edges is 1:1626.
                      Short model edges can be highlighted via Mesh:Mesh Control->Check Mesh->Check
                      Model Edge Length.... (It may be advantageous to model the metallizations as
                      infinitely thin sheets.) More...

                      ------------------------------------------------------------------------------
2025-02-10 17:05:21   *** Warning ***

                      This software is licensed for non-commercial use only.

                      ------------------------------------------------------------------------------
2025-02-10 17:05:22   Units settings: 

                        Dimensions: mm
                        Frequency:  GHz
                        Time:       ns

                      ------------------------------------------------------------------------------
2025-02-10 17:05:22   Boundary conditions: 

                        YZsymmetry: magnetic
                        XZsymmetry: none
                        XYsymmetry: none

                        Xmin: expanded open
                        Xmax: expanded open

                        Ymin: expanded open
                        Ymax: expanded open

                        Zmin: expanded open
                        Zmax: expanded open

                      ------------------------------------------------------------------------------
2025-02-10 17:05:22   Order settings: 

                        Solver order   : 3rd (constant)
                        Curved elements: up to order 5 (automatic)

                      ------------------------------------------------------------------------------
2025-02-10 17:05:22   The number of frequency samples has been increased to take into account all field monitors.

                      ------------------------------------------------------------------------------
2025-02-10 17:05:22   An iterative solver will be used first.

                      ------------------------------------------------------------------------------
2025-02-10 17:05:22     Mesh time                :	12 s


                      ------------------------------------------------------------------------------
2025-02-10 17:05:23   
                      ================================================================================
                      Frequency Domain Solver calculation cycle started

                      ------------------------------------------------------------------------------
2025-02-10 17:05:23   Solver started at: 2025-02-10 17:05:23 +0100

                        Module:  Frequency Domain: S-Parameter (Win 64)
                        Version: 2024.4 Release from 2024-04-30 (change 1266454)

                      ------------------------------------------------------------------------------
2025-02-10 17:05:24     Calculation 1 of 1 (Frequency: 5.775 GHz)


                      ------------------------------------------------------------------------------
2025-02-10 17:05:24   Automatically activated electric shielding for port 1.

                      ------------------------------------------------------------------------------
2025-02-10 17:05:34     ----------------------------------------------------------------------------
                        Port   Mode   Type        Z-Wave        Z-Wave-Sigma  Z-Line        F-Cutoff
                        1      1      QTEM        231           7.92          48.7          ---
                        ----------------------------------------------------------------------------


                      ------------------------------------------------------------------------------
2025-02-10 17:05:36   Adaptive mesh refinement pass 1

                      ------------------------------------------------------------------------------
2025-02-10 17:05:44     Matrix setup time        :	1 s
                        Degrees of freedom       :	37813
                        Number of mesh cells     :	2022

                        Stimulation port         :	1
                        Mode number              :	1
                        Accuracy                 :	8.17735e-05
                        Iterations               :	235
                        Solver time              :	6 s


                      ------------------------------------------------------------------------------
2025-02-10 17:05:45   41% of all mesh edges seem to be longer than expected. The adaptive mesh refinement's growth limitation will therefore 
                      use 7045 instead of 2020 mesh cells as a reference.

                      ------------------------------------------------------------------------------
2025-02-10 17:05:47   Adaptive mesh refinement pass 2

                      ------------------------------------------------------------------------------
2025-02-10 17:05:53     Matrix setup time        :	1 s
                        Degrees of freedom       :	53956
                        Number of mesh cells     :	2920

                        Stimulation port         :	1
                        Mode number              :	1
                        Accuracy                 :	9.19048e-05
                        Iterations               :	110
                        Solver time              :	3 s


                      ------------------------------------------------------------------------------
2025-02-10 17:05:54     Delta calculation        
2025-02-10 17:05:54     All S-Parameters         :	0.600229
2025-02-10 17:05:54   

                      ------------------------------------------------------------------------------
2025-02-10 17:05:56   Adaptive mesh refinement pass 3

                      ------------------------------------------------------------------------------
2025-02-10 17:06:03     Matrix setup time        :	1 s
                        Degrees of freedom       :	71467
                        Number of mesh cells     :	3914

                        Stimulation port         :	1
                        Mode number              :	1
                        Accuracy                 :	7.39144e-05
                        Iterations               :	125
                        Solver time              :	5 s


                      ------------------------------------------------------------------------------
2025-02-10 17:06:05     Delta calculation        
2025-02-10 17:06:05     All S-Parameters         :	0.0768793
2025-02-10 17:06:05   

                      ------------------------------------------------------------------------------
2025-02-10 17:06:08   Adaptive mesh refinement pass 4

                      ------------------------------------------------------------------------------
2025-02-10 17:06:18     Matrix setup time        :	2 s
                        Degrees of freedom       :	103393
                        Number of mesh cells     :	5722

                        Stimulation port         :	1
                        Mode number              :	1
                        Accuracy                 :	9.21818e-05
                        Iterations               :	123
                        Solver time              :	6 s


                      ------------------------------------------------------------------------------
2025-02-10 17:06:20     Delta calculation        
2025-02-10 17:06:20     All S-Parameters         :	0.092737
2025-02-10 17:06:20   

                      ------------------------------------------------------------------------------
2025-02-10 17:06:24   Adaptive mesh refinement pass 5

                      ------------------------------------------------------------------------------
2025-02-10 17:06:36     Matrix setup time        :	4 s
                        Degrees of freedom       :	148279
                        Number of mesh cells     :	8231

                        Stimulation port         :	1
                        Mode number              :	1
                        Accuracy                 :	8.81107e-05
                        Iterations               :	105
                        Solver time              :	7 s


                      ------------------------------------------------------------------------------
2025-02-10 17:06:40     Delta calculation        
2025-02-10 17:06:40     All S-Parameters         :	0.0430114
2025-02-10 17:06:40   

                      ------------------------------------------------------------------------------
2025-02-10 17:06:44   Adaptive mesh refinement pass 6

                      ------------------------------------------------------------------------------
2025-02-10 17:07:03     Matrix setup time        :	6 s
                        Degrees of freedom       :	228895
                        Number of mesh cells     :	12748

                        Stimulation port         :	1
                        Mode number              :	1
                        Accuracy                 :	9.49431e-05
                        Iterations               :	104
                        Solver time              :	11 s


                      ------------------------------------------------------------------------------
2025-02-10 17:07:07     Delta calculation        
2025-02-10 17:07:07     All S-Parameters         :	0.0474173
2025-02-10 17:07:07   

                      ------------------------------------------------------------------------------
2025-02-10 17:07:14   Adaptive mesh refinement pass 7

                      ------------------------------------------------------------------------------
2025-02-10 17:07:43     Matrix setup time        :	9 s
                        Degrees of freedom       :	339580
                        Number of mesh cells     :	18950

                        Stimulation port         :	1
                        Mode number              :	1
                        Accuracy                 :	3.92762e-05
                        Iterations               :	114
                        Solver time              :	19 s


                      ------------------------------------------------------------------------------
2025-02-10 17:07:50     Delta calculation        
2025-02-10 17:07:50     All S-Parameters         :	0.0225245
2025-02-10 17:07:50   

                      ------------------------------------------------------------------------------
2025-02-10 17:07:57   The direct solver will be used.

                      ------------------------------------------------------------------------------
2025-02-10 17:07:58   Adaptive mesh refinement pass 8

                      ------------------------------------------------------------------------------
2025-02-10 17:08:56     Matrix setup time        :	12 s
                        Solver setup             :	44 s
                        Degrees of freedom       :	461929
                        Number of mesh cells     :	25740

                        Stimulation port         :	1
                        Mode number              :	1
                        Accuracy                 :	5.74449e-13
                        Iterations               :	1
                        Solver time              :	1 s


                      ------------------------------------------------------------------------------
2025-02-10 17:08:57   The iterative solver will be used.

                      ------------------------------------------------------------------------------
2025-02-10 17:09:06     Delta calculation        
2025-02-10 17:09:06     All S-Parameters         :	0.0122307
2025-02-10 17:09:06   

                      ------------------------------------------------------------------------------
2025-02-10 17:09:16   Adaptive mesh refinement pass 9

                      ------------------------------------------------------------------------------
2025-02-10 17:09:55     Matrix setup time        :	16 s
                        Solver setup             :	1 s
                        Degrees of freedom       :	610291
                        Number of mesh cells     :	34032

                        Stimulation port         :	1
                        Mode number              :	1
                        Accuracy                 :	8.81912e-05
                        Iterations               :	65
                        Solver time              :	20 s


                      ------------------------------------------------------------------------------
2025-02-10 17:10:08     Delta calculation        
2025-02-10 17:10:08     All S-Parameters         :	0.0103094
2025-02-10 17:10:08   

                      ------------------------------------------------------------------------------
2025-02-10 17:10:21   Adaptive mesh refinement pass 10

                      ------------------------------------------------------------------------------
2025-02-10 17:11:13     Matrix setup time        :	21 s
                        Solver setup             :	2 s
                        Degrees of freedom       :	758308
                        Number of mesh cells     :	42255

                        Stimulation port         :	1
                        Mode number              :	1
                        Accuracy                 :	4.97603e-05
                        Iterations               :	74
                        Solver time              :	29 s


                      ------------------------------------------------------------------------------
2025-02-10 17:11:28     Delta calculation        
2025-02-10 17:11:28     All S-Parameters         :	0.00577339
2025-02-10 17:11:28   

                      ------------------------------------------------------------------------------
2025-02-10 17:11:36   The quality of some tetrahedrons is low.  More...

                      ------------------------------------------------------------------------------
2025-02-10 17:11:45   Adaptive mesh refinement pass 11

                      ------------------------------------------------------------------------------
2025-02-10 17:12:47     Matrix setup time        :	26 s
                        Solver setup             :	2 s
                        Degrees of freedom       :	953200
                        Number of mesh cells     :	53164

                        Stimulation port         :	1
                        Mode number              :	1
                        Accuracy                 :	8.27341e-05
                        Iterations               :	65
                        Solver time              :	33 s


                      ------------------------------------------------------------------------------
2025-02-10 17:13:05     Delta calculation        
2025-02-10 17:13:05     All S-Parameters         :	0.00379893
2025-02-10 17:13:05   

                      ------------------------------------------------------------------------------
2025-02-10 17:13:05   Mesh adaptation terminated because the desired accuracy limit is reached.

                      ------------------------------------------------------------------------------
2025-02-10 17:13:07     Total time               :	461 s	 (= 0 h, 07 m, 41 s)

                      ------------------------------------------------------------------------------
2025-02-10 17:13:07   

                      ------------------------------------------------------------------------------
2025-02-10 17:13:19   Unable to use "EvaluateHFieldOnSIBC" due to model setup.

                      ------------------------------------------------------------------------------
2025-02-10 17:13:20     Calculation 2 (Frequency: 5.815 GHz)


                      ------------------------------------------------------------------------------
2025-02-10 17:13:21     ----------------------------------------------------------------------------
                        Port   Mode   Type        Z-Wave        Z-Wave-Sigma  Z-Line        F-Cutoff
                        1      1      QTEM        231           7.93          48.7          ---
                        ----------------------------------------------------------------------------


                      ------------------------------------------------------------------------------
2025-02-10 17:14:05     Matrix setup time        :	22 s
                        Solver setup             :	2 s
                        Degrees of freedom       :	953200
                        Number of mesh cells     :	53164

                        Stimulation port         :	1
                        Mode number              :	1
                        Accuracy                 :	8.96704e-05
                        Iterations               :	37
                        Solver time              :	19 s


                      ------------------------------------------------------------------------------
2025-02-10 17:14:09     Generating results       :	3 s

                        Total time               :	48 s

                      ------------------------------------------------------------------------------
2025-02-10 17:14:09   

                      ------------------------------------------------------------------------------
2025-02-10 17:14:09     Calculation 3 (Frequency: 5.735 GHz)


                      ------------------------------------------------------------------------------
2025-02-10 17:14:10     ----------------------------------------------------------------------------
                        Port   Mode   Type        Z-Wave        Z-Wave-Sigma  Z-Line        F-Cutoff
                        1      1      QTEM        231           7.91          48.7          ---
                        ----------------------------------------------------------------------------


                      ------------------------------------------------------------------------------
2025-02-10 17:14:48     Matrix setup time        :	23 s
                        Solver setup             :	2 s
                        Degrees of freedom       :	953200
                        Number of mesh cells     :	53164

                        Stimulation port         :	1
                        Mode number              :	1
                        Accuracy                 :	8.45251e-05
                        Iterations               :	22
                        Solver time              :	11 s


                      ------------------------------------------------------------------------------
2025-02-10 17:14:52     Generating results       :	3 s

                        Total time               :	41 s

                      ------------------------------------------------------------------------------
2025-02-10 17:14:52   

                      ------------------------------------------------------------------------------
2025-02-10 17:14:52     Calculation 4 (Frequency: 5.1975 GHz)


                      ------------------------------------------------------------------------------
2025-02-10 17:14:53     ----------------------------------------------------------------------------
                        Port   Mode   Type        Z-Wave        Z-Wave-Sigma  Z-Line        F-Cutoff
                        1      1      QTEM        232           7.91          48.8          ---
                        ----------------------------------------------------------------------------


                      ------------------------------------------------------------------------------
2025-02-10 17:15:47     Matrix setup time        :	22 s
                        Solver setup             :	2 s
                        Degrees of freedom       :	953200
                        Number of mesh cells     :	53164

                        Stimulation port         :	1
                        Mode number              :	1
                        Accuracy                 :	4.37015e-05
                        Iterations               :	55
                        Solver time              :	28 s


                      ------------------------------------------------------------------------------
2025-02-10 17:15:55     Generating results       :	8 s

                        Total time               :	63 s	 (= 0 h, 01 m, 03 s)

                      ------------------------------------------------------------------------------
2025-02-10 17:15:55   

                      ------------------------------------------------------------------------------
2025-02-10 17:15:56     Calculation 5 (Frequency: 6.3525 GHz)


                      ------------------------------------------------------------------------------
2025-02-10 17:15:56     ----------------------------------------------------------------------------
                        Port   Mode   Type        Z-Wave        Z-Wave-Sigma  Z-Line        F-Cutoff
                        1      1      QTEM        231           8.01          48.7          ---
                        ----------------------------------------------------------------------------


                      ------------------------------------------------------------------------------
2025-02-10 17:16:49     Matrix setup time        :	22 s
                        Solver setup             :	3 s
                        Degrees of freedom       :	953200
                        Number of mesh cells     :	53164

                        Stimulation port         :	1
                        Mode number              :	1
                        Accuracy                 :	8.4421e-05
                        Iterations               :	51
                        Solver time              :	26 s


                      ------------------------------------------------------------------------------
2025-02-10 17:16:58     Generating results       :	8 s

                        Total time               :	61 s	 (= 0 h, 01 m, 01 s)

                      ------------------------------------------------------------------------------
2025-02-10 17:16:58   

                      ------------------------------------------------------------------------------
2025-02-10 17:16:58     Calculation 6 (Frequency: 5.795 GHz)


                      ------------------------------------------------------------------------------
2025-02-10 17:16:58     ----------------------------------------------------------------------------
                        Port   Mode   Type        Z-Wave        Z-Wave-Sigma  Z-Line        F-Cutoff
                        1      1      QTEM        231           7.92          48.7          ---
                        ----------------------------------------------------------------------------


                      ------------------------------------------------------------------------------
2025-02-10 17:17:28     Matrix setup time        :	22 s
                        Solver setup             :	3 s
                        Degrees of freedom       :	953200
                        Number of mesh cells     :	53164

                        Stimulation port         :	1
                        Mode number              :	1
                        Accuracy                 :	3.8999e-05
                        Iterations               :	5
                        Solver time              :	3 s


                      ------------------------------------------------------------------------------
2025-02-10 17:17:32     Generating results       :	3 s

                        Total time               :	33 s

                      ------------------------------------------------------------------------------
2025-02-10 17:17:32   

                      ------------------------------------------------------------------------------
2025-02-10 17:17:32     Calculation 7 (Frequency: 5.755 GHz)


                      ------------------------------------------------------------------------------
2025-02-10 17:17:33     ----------------------------------------------------------------------------
                        Port   Mode   Type        Z-Wave        Z-Wave-Sigma  Z-Line        F-Cutoff
                        1      1      QTEM        231           7.92          48.7          ---
                        ----------------------------------------------------------------------------


                      ------------------------------------------------------------------------------
2025-02-10 17:18:03     Matrix setup time        :	22 s
                        Solver setup             :	3 s
                        Degrees of freedom       :	953200
                        Number of mesh cells     :	53164

                        Stimulation port         :	1
                        Mode number              :	1
                        Accuracy                 :	4.74545e-05
                        Iterations               :	5
                        Solver time              :	3 s


                      ------------------------------------------------------------------------------
2025-02-10 17:18:07   Only few automatic samples have been calculated up to now. Therefore, the frequency sweep is continued with additional 
                      automatically chosen samples.

                      ------------------------------------------------------------------------------
2025-02-10 17:18:07     Generating results       :	4 s

                        Total time               :	34 s

                      ------------------------------------------------------------------------------
2025-02-10 17:18:07   

                      ------------------------------------------------------------------------------
2025-02-10 17:18:07     Calculation 8 (Frequency: 5.785 GHz)


                      ------------------------------------------------------------------------------
2025-02-10 17:18:08     ----------------------------------------------------------------------------
                        Port   Mode   Type        Z-Wave        Z-Wave-Sigma  Z-Line        F-Cutoff
                        1      1      QTEM        231           7.92          48.7          ---
                        ----------------------------------------------------------------------------


                      ------------------------------------------------------------------------------
2025-02-10 17:18:39     Matrix setup time        :	22 s
                        Solver setup             :	4 s
                        Degrees of freedom       :	953200
                        Number of mesh cells     :	53164

                        Stimulation port         :	1
                        Mode number              :	1
                        Accuracy                 :	2.7663e-05
                        Iterations               :	5
                        Solver time              :	3 s


                      ------------------------------------------------------------------------------
2025-02-10 17:18:42   An additional check has indicated that the frequency sweep needs to be continued. More...

                      ------------------------------------------------------------------------------
2025-02-10 17:18:43     Generating results       :	3 s

                        Total time               :	34 s

                      ------------------------------------------------------------------------------
2025-02-10 17:18:43   

                      ------------------------------------------------------------------------------
2025-02-10 17:18:43     Calculation 9 (Frequency: 5.765 GHz)


                      ------------------------------------------------------------------------------
2025-02-10 17:18:43     ----------------------------------------------------------------------------
                        Port   Mode   Type        Z-Wave        Z-Wave-Sigma  Z-Line        F-Cutoff
                        1      1      QTEM        231           7.92          48.7          ---
                        ----------------------------------------------------------------------------


                      ------------------------------------------------------------------------------
2025-02-10 17:19:14     Matrix setup time        :	22 s
                        Solver setup             :	4 s
                        Degrees of freedom       :	953200
                        Number of mesh cells     :	53164

                        Stimulation port         :	1
                        Mode number              :	1
                        Accuracy                 :	2.93368e-05
                        Iterations               :	5
                        Solver time              :	3 s


                      ------------------------------------------------------------------------------
2025-02-10 17:19:18     Generating results       :	4 s

                        Total time               :	35 s

                      ------------------------------------------------------------------------------
2025-02-10 17:19:18   

                      ------------------------------------------------------------------------------
2025-02-10 17:19:18     Calculation 10 (Frequency: 5.78 GHz)


                      ------------------------------------------------------------------------------
2025-02-10 17:19:19     ----------------------------------------------------------------------------
                        Port   Mode   Type        Z-Wave        Z-Wave-Sigma  Z-Line        F-Cutoff
                        1      1      QTEM        231           7.92          48.7          ---
                        ----------------------------------------------------------------------------


                      ------------------------------------------------------------------------------
2025-02-10 17:19:52     Matrix setup time        :	24 s
                        Solver setup             :	4 s
                        Degrees of freedom       :	953200
                        Number of mesh cells     :	53164

                        Stimulation port         :	1
                        Mode number              :	1
                        Accuracy                 :	1.96722e-05
                        Iterations               :	5
                        Solver time              :	3 s


                      ------------------------------------------------------------------------------
2025-02-10 17:19:56     Generating results       :	3 s

                        Total time               :	36 s

                      ------------------------------------------------------------------------------
2025-02-10 17:19:56   

                      ------------------------------------------------------------------------------
2025-02-10 17:19:56   Finished the general purpose interpolative broadband frequency sweep:
                      All broadband sweep convergence criteria have been satisfied after
                      calculating 10 frequency samples:

                        Broadband sweep error threshold value :  0.01 (All S-Parameters) 
                        Number of error criterion checks      :  2 (All S-Parameters) 
                        Minimum number of samples             :  3
                        Number of data samples, linear        :  1001

                      ------------------------------------------------------------------------------
2025-02-10 17:20:28     Number of mesh cells     :	53164
                        Degrees of freedom       :	953200
                        Total Solver Time        :	869 s	 (= 0 h, 14 m, 29 s)
                      ================================================================================



                      ------------------------------------------------------------------------------
2025-02-10 17:20:29     ----------------------------------------------------------------------------
                                            Peak memory used (kB)         Free physical memory (kB) 
                                                                          At begin     Minimum      
                        ----------------------------------------------------------------------------
                        Solver start        21328                         83558628     83557920     
                        Eq. system setup    3385688                       83445708     82354452     
                        Eq. system solve    3385688                       83425696     80156648     
                        Mesh refinement     3385688                       83430808     82598776     
                        Solver run total    3385688                       83558632     80156648     

                        Computer name       gamserverhp3
                        ----------------------------------------------------------------------------


                      ------------------------------------------------------------------------------
2025-02-10 17:20:29   Running postprocessing.

                      ------------------------------------------------------------------------------
2025-02-10 17:20:46   Postprocessing finished.

                      ------------------------------------------------------------------------------
2025-02-10 17:20:46   Parametric 1D storage is switched off.

                      ------------------------------------------------------------------------------
