2025-02-10 19:29:05   The length ratio between the shortest and the longest model edges is 1:1626.
                      Short model edges can be highlighted via Mesh:Mesh Control->Check Mesh->Check
                      Model Edge Length.... (It may be advantageous to model the metallizations as
                      infinitely thin sheets.) More...

                      ------------------------------------------------------------------------------
2025-02-10 19:29:17   *** Warning ***

                      This software is licensed for non-commercial use only.

                      ------------------------------------------------------------------------------
2025-02-10 19:29:19   Units settings: 

                        Dimensions: mm
                        Frequency:  GHz
                        Time:       ns

                      ------------------------------------------------------------------------------
2025-02-10 19:29:19   Boundary conditions: 

                        YZsymmetry: magnetic
                        XZsymmetry: none
                        XYsymmetry: none

                        Xmin: expanded open
                        Xmax: expanded open

                        Ymin: expanded open
                        Ymax: expanded open

                        Zmin: expanded open
                        Zmax: expanded open

                      ------------------------------------------------------------------------------
2025-02-10 19:29:19   Order settings: 

                        Solver order   : 3rd (constant)
                        Curved elements: up to order 5 (automatic)

                      ------------------------------------------------------------------------------
2025-02-10 19:29:19   The number of frequency samples has been increased to take into account all field monitors.

                      ------------------------------------------------------------------------------
2025-02-10 19:29:19   An iterative solver will be used first.

                      ------------------------------------------------------------------------------
2025-02-10 19:29:19     Mesh time                :	12 s


                      ------------------------------------------------------------------------------
2025-02-10 19:29:20   
                      ================================================================================
                      Frequency Domain Solver calculation cycle started

                      ------------------------------------------------------------------------------
2025-02-10 19:29:20   Solver started at: 2025-02-10 19:29:20 +0100

                        Module:  Frequency Domain: S-Parameter (Win 64)
                        Version: 2024.4 Release from 2024-04-30 (change 1266454)

                      ------------------------------------------------------------------------------
2025-02-10 19:29:21     Calculation 1 of 1 (Frequency: 5.775 GHz)


                      ------------------------------------------------------------------------------
2025-02-10 19:29:21   Automatically activated electric shielding for port 1.

                      ------------------------------------------------------------------------------
2025-02-10 19:29:31     ----------------------------------------------------------------------------
                        Port   Mode   Type        Z-Wave        Z-Wave-Sigma  Z-Line        F-Cutoff
                        1      1      QTEM        231           7.92          48.7          ---
                        ----------------------------------------------------------------------------


                      ------------------------------------------------------------------------------
2025-02-10 19:29:32   Adaptive mesh refinement pass 1

                      ------------------------------------------------------------------------------
2025-02-10 19:29:41     Matrix setup time        :	1 s
                        Degrees of freedom       :	37393
                        Number of mesh cells     :	1999

                        Stimulation port         :	1
                        Mode number              :	1
                        Accuracy                 :	5.2556e-05
                        Iterations               :	235
                        Solver time              :	6 s


                      ------------------------------------------------------------------------------
2025-02-10 19:29:42   40% of all mesh edges seem to be longer than expected. The adaptive mesh refinement's growth limitation will therefore 
                      use 6904 instead of 1996 mesh cells as a reference.

                      ------------------------------------------------------------------------------
2025-02-10 19:29:44   Adaptive mesh refinement pass 2

                      ------------------------------------------------------------------------------
2025-02-10 19:29:50     Matrix setup time        :	1 s
                        Degrees of freedom       :	53839
                        Number of mesh cells     :	2911

                        Stimulation port         :	1
                        Mode number              :	1
                        Accuracy                 :	7.76472e-05
                        Iterations               :	105
                        Solver time              :	3 s


                      ------------------------------------------------------------------------------
2025-02-10 19:29:51     Delta calculation        
2025-02-10 19:29:51     All S-Parameters         :	0.584646
2025-02-10 19:29:51   

                      ------------------------------------------------------------------------------
2025-02-10 19:29:53   Adaptive mesh refinement pass 3

                      ------------------------------------------------------------------------------
2025-02-10 19:30:00     Matrix setup time        :	2 s
                        Degrees of freedom       :	72106
                        Number of mesh cells     :	3948

                        Stimulation port         :	1
                        Mode number              :	1
                        Accuracy                 :	9.94078e-05
                        Iterations               :	102
                        Solver time              :	4 s


                      ------------------------------------------------------------------------------
2025-02-10 19:30:02     Delta calculation        
2025-02-10 19:30:02     All S-Parameters         :	0.110769
2025-02-10 19:30:02   

                      ------------------------------------------------------------------------------
2025-02-10 19:30:05   Adaptive mesh refinement pass 4

                      ------------------------------------------------------------------------------
2025-02-10 19:30:13     Matrix setup time        :	2 s
                        Degrees of freedom       :	103909
                        Number of mesh cells     :	5754

                        Stimulation port         :	1
                        Mode number              :	1
                        Accuracy                 :	8.60108e-05
                        Iterations               :	95
                        Solver time              :	5 s


                      ------------------------------------------------------------------------------
2025-02-10 19:30:16     Delta calculation        
2025-02-10 19:30:16     All S-Parameters         :	0.0709052
2025-02-10 19:30:16   

                      ------------------------------------------------------------------------------
2025-02-10 19:30:19   Adaptive mesh refinement pass 5

                      ------------------------------------------------------------------------------
2025-02-10 19:30:32     Matrix setup time        :	4 s
                        Degrees of freedom       :	152578
                        Number of mesh cells     :	8480

                        Stimulation port         :	1
                        Mode number              :	1
                        Accuracy                 :	9.36595e-05
                        Iterations               :	108
                        Solver time              :	8 s


                      ------------------------------------------------------------------------------
2025-02-10 19:30:35     Delta calculation        
2025-02-10 19:30:35     All S-Parameters         :	0.045218
2025-02-10 19:30:35   

                      ------------------------------------------------------------------------------
2025-02-10 19:30:40   Adaptive mesh refinement pass 6

                      ------------------------------------------------------------------------------
2025-02-10 19:30:57     Matrix setup time        :	6 s
                        Degrees of freedom       :	233533
                        Number of mesh cells     :	13020

                        Stimulation port         :	1
                        Mode number              :	1
                        Accuracy                 :	8.67311e-05
                        Iterations               :	90
                        Solver time              :	10 s


                      ------------------------------------------------------------------------------
2025-02-10 19:31:02     Delta calculation        
2025-02-10 19:31:02     All S-Parameters         :	0.0420029
2025-02-10 19:31:02   

                      ------------------------------------------------------------------------------
2025-02-10 19:31:08   Adaptive mesh refinement pass 7

                      ------------------------------------------------------------------------------
2025-02-10 19:31:32     Matrix setup time        :	9 s
                        Degrees of freedom       :	350515
                        Number of mesh cells     :	19537

                        Stimulation port         :	1
                        Mode number              :	1
                        Accuracy                 :	8.79945e-05
                        Iterations               :	77
                        Solver time              :	13 s


                      ------------------------------------------------------------------------------
2025-02-10 19:31:40     Delta calculation        
2025-02-10 19:31:40     All S-Parameters         :	0.0204213
2025-02-10 19:31:40   

                      ------------------------------------------------------------------------------
2025-02-10 19:31:48   Adaptive mesh refinement pass 8

                      ------------------------------------------------------------------------------
2025-02-10 19:32:18     Matrix setup time        :	12 s
                        Solver setup             :	1 s
                        Degrees of freedom       :	463900
                        Number of mesh cells     :	25874

                        Stimulation port         :	1
                        Mode number              :	1
                        Accuracy                 :	9.86316e-05
                        Iterations               :	70
                        Solver time              :	16 s


                      ------------------------------------------------------------------------------
2025-02-10 19:32:27     Delta calculation        
2025-02-10 19:32:27     All S-Parameters         :	0.0139187
2025-02-10 19:32:27   

                      ------------------------------------------------------------------------------
2025-02-10 19:32:38   Adaptive mesh refinement pass 9

                      ------------------------------------------------------------------------------
2025-02-10 19:33:17     Matrix setup time        :	16 s
                        Solver setup             :	1 s
                        Degrees of freedom       :	597367
                        Number of mesh cells     :	33271

                        Stimulation port         :	1
                        Mode number              :	1
                        Accuracy                 :	4.74886e-05
                        Iterations               :	68
                        Solver time              :	20 s


                      ------------------------------------------------------------------------------
2025-02-10 19:33:28     Delta calculation        
2025-02-10 19:33:28     All S-Parameters         :	0.00819593
2025-02-10 19:33:28   

                      ------------------------------------------------------------------------------
2025-02-10 19:33:40   The direct solver will be used.

                      ------------------------------------------------------------------------------
2025-02-10 19:33:42   Adaptive mesh refinement pass 10

                      ------------------------------------------------------------------------------
2025-02-10 19:35:30     Matrix setup time        :	20 s
                        Solver setup             :	84 s
                        Degrees of freedom       :	754744
                        Number of mesh cells     :	42000

                        Stimulation port         :	1
                        Mode number              :	1
                        Accuracy                 :	2.66174e-13
                        Iterations               :	1
                        Solver time              :	2 s


                      ------------------------------------------------------------------------------
2025-02-10 19:35:30   The iterative solver will be used.

                      ------------------------------------------------------------------------------
2025-02-10 19:35:44     Delta calculation        
2025-02-10 19:35:44     All S-Parameters         :	0.00547821
2025-02-10 19:35:44   

                      ------------------------------------------------------------------------------
2025-02-10 19:35:44   Mesh adaptation terminated because the desired accuracy limit is reached.

                      ------------------------------------------------------------------------------
2025-02-10 19:35:46     Generating results       :	1 s

                        Total time               :	384 s	 (= 0 h, 06 m, 24 s)

                      ------------------------------------------------------------------------------
2025-02-10 19:35:46   

                      ------------------------------------------------------------------------------
2025-02-10 19:35:56   Unable to use "EvaluateHFieldOnSIBC" due to model setup.

                      ------------------------------------------------------------------------------
2025-02-10 19:35:57     Calculation 2 (Frequency: 5.815 GHz)


                      ------------------------------------------------------------------------------
2025-02-10 19:35:58     ----------------------------------------------------------------------------
                        Port   Mode   Type        Z-Wave        Z-Wave-Sigma  Z-Line        F-Cutoff
                        1      1      QTEM        231           7.93          48.7          ---
                        ----------------------------------------------------------------------------


                      ------------------------------------------------------------------------------
2025-02-10 19:36:39     Matrix setup time        :	20 s
                        Solver setup             :	2 s
                        Degrees of freedom       :	754744
                        Number of mesh cells     :	42000

                        Stimulation port         :	1
                        Mode number              :	1
                        Accuracy                 :	9.35585e-05
                        Iterations               :	44
                        Solver time              :	17 s


                      ------------------------------------------------------------------------------
2025-02-10 19:36:43     Generating results       :	3 s

                        Total time               :	44 s

                      ------------------------------------------------------------------------------
2025-02-10 19:36:43   

                      ------------------------------------------------------------------------------
2025-02-10 19:36:43     Calculation 3 (Frequency: 5.735 GHz)


                      ------------------------------------------------------------------------------
2025-02-10 19:36:43     ----------------------------------------------------------------------------
                        Port   Mode   Type        Z-Wave        Z-Wave-Sigma  Z-Line        F-Cutoff
                        1      1      QTEM        231           7.91          48.7          ---
                        ----------------------------------------------------------------------------


                      ------------------------------------------------------------------------------
2025-02-10 19:37:14     Matrix setup time        :	18 s
                        Solver setup             :	1 s
                        Degrees of freedom       :	754744
                        Number of mesh cells     :	42000

                        Stimulation port         :	1
                        Mode number              :	1
                        Accuracy                 :	9.76255e-05
                        Iterations               :	25
                        Solver time              :	9 s


                      ------------------------------------------------------------------------------
2025-02-10 19:37:17     Generating results       :	3 s

                        Total time               :	34 s

                      ------------------------------------------------------------------------------
2025-02-10 19:37:17   

                      ------------------------------------------------------------------------------
2025-02-10 19:37:18     Calculation 4 (Frequency: 5.1975 GHz)


                      ------------------------------------------------------------------------------
2025-02-10 19:37:18     ----------------------------------------------------------------------------
                        Port   Mode   Type        Z-Wave        Z-Wave-Sigma  Z-Line        F-Cutoff
                        1      1      QTEM        232           7.91          48.8          ---
                        ----------------------------------------------------------------------------


                      ------------------------------------------------------------------------------
2025-02-10 19:37:57     Matrix setup time        :	17 s
                        Solver setup             :	2 s
                        Degrees of freedom       :	754744
                        Number of mesh cells     :	42000

                        Stimulation port         :	1
                        Mode number              :	1
                        Accuracy                 :	8.4809e-05
                        Iterations               :	45
                        Solver time              :	17 s


                      ------------------------------------------------------------------------------
2025-02-10 19:38:04     Generating results       :	6 s

                        Total time               :	45 s

                      ------------------------------------------------------------------------------
2025-02-10 19:38:04   

                      ------------------------------------------------------------------------------
2025-02-10 19:38:04     Calculation 5 (Frequency: 6.3525 GHz)


                      ------------------------------------------------------------------------------
2025-02-10 19:38:04     ----------------------------------------------------------------------------
                        Port   Mode   Type        Z-Wave        Z-Wave-Sigma  Z-Line        F-Cutoff
                        1      1      QTEM        231           8.01          48.7          ---
                        ----------------------------------------------------------------------------


                      ------------------------------------------------------------------------------
2025-02-10 19:38:43     Matrix setup time        :	18 s
                        Solver setup             :	2 s
                        Degrees of freedom       :	754744
                        Number of mesh cells     :	42000

                        Stimulation port         :	1
                        Mode number              :	1
                        Accuracy                 :	9.62495e-05
                        Iterations               :	45
                        Solver time              :	17 s


                      ------------------------------------------------------------------------------
2025-02-10 19:38:50     Generating results       :	6 s

                        Total time               :	45 s

                      ------------------------------------------------------------------------------
2025-02-10 19:38:50   

                      ------------------------------------------------------------------------------
2025-02-10 19:38:50     Calculation 6 (Frequency: 5.795 GHz)


                      ------------------------------------------------------------------------------
2025-02-10 19:38:51     ----------------------------------------------------------------------------
                        Port   Mode   Type        Z-Wave        Z-Wave-Sigma  Z-Line        F-Cutoff
                        1      1      QTEM        231           7.92          48.7          ---
                        ----------------------------------------------------------------------------


                      ------------------------------------------------------------------------------
2025-02-10 19:39:15     Matrix setup time        :	18 s
                        Solver setup             :	2 s
                        Degrees of freedom       :	754744
                        Number of mesh cells     :	42000

                        Stimulation port         :	1
                        Mode number              :	1
                        Accuracy                 :	3.42794e-05
                        Iterations               :	5
                        Solver time              :	2 s


                      ------------------------------------------------------------------------------
2025-02-10 19:39:18     Generating results       :	3 s

                        Total time               :	27 s

                      ------------------------------------------------------------------------------
2025-02-10 19:39:18   

                      ------------------------------------------------------------------------------
2025-02-10 19:39:19     Calculation 7 (Frequency: 5.755 GHz)


                      ------------------------------------------------------------------------------
2025-02-10 19:39:19     ----------------------------------------------------------------------------
                        Port   Mode   Type        Z-Wave        Z-Wave-Sigma  Z-Line        F-Cutoff
                        1      1      QTEM        231           7.92          48.7          ---
                        ----------------------------------------------------------------------------


                      ------------------------------------------------------------------------------
2025-02-10 19:39:43     Matrix setup time        :	18 s
                        Solver setup             :	2 s
                        Degrees of freedom       :	754744
                        Number of mesh cells     :	42000

                        Stimulation port         :	1
                        Mode number              :	1
                        Accuracy                 :	3.14369e-05
                        Iterations               :	5
                        Solver time              :	2 s


                      ------------------------------------------------------------------------------
2025-02-10 19:39:46   Only few automatic samples have been calculated up to now. Therefore, the frequency sweep is continued with additional 
                      automatically chosen samples.

                      ------------------------------------------------------------------------------
2025-02-10 19:39:47     Generating results       :	3 s

                        Total time               :	27 s

                      ------------------------------------------------------------------------------
2025-02-10 19:39:47   

                      ------------------------------------------------------------------------------
2025-02-10 19:39:47     Calculation 8 (Frequency: 5.785 GHz)


                      ------------------------------------------------------------------------------
2025-02-10 19:39:47     ----------------------------------------------------------------------------
                        Port   Mode   Type        Z-Wave        Z-Wave-Sigma  Z-Line        F-Cutoff
                        1      1      QTEM        231           7.92          48.7          ---
                        ----------------------------------------------------------------------------


                      ------------------------------------------------------------------------------
2025-02-10 19:40:12     Matrix setup time        :	17 s
                        Solver setup             :	3 s
                        Degrees of freedom       :	754744
                        Number of mesh cells     :	42000

                        Stimulation port         :	1
                        Mode number              :	1
                        Accuracy                 :	1.65359e-05
                        Iterations               :	5
                        Solver time              :	2 s


                      ------------------------------------------------------------------------------
2025-02-10 19:40:15   An additional check has indicated that the frequency sweep needs to be continued. More...

                      ------------------------------------------------------------------------------
2025-02-10 19:40:15     Generating results       :	3 s

                        Total time               :	27 s

                      ------------------------------------------------------------------------------
2025-02-10 19:40:15   

                      ------------------------------------------------------------------------------
2025-02-10 19:40:16     Calculation 9 (Frequency: 5.765 GHz)


                      ------------------------------------------------------------------------------
2025-02-10 19:40:16     ----------------------------------------------------------------------------
                        Port   Mode   Type        Z-Wave        Z-Wave-Sigma  Z-Line        F-Cutoff
                        1      1      QTEM        231           7.92          48.7          ---
                        ----------------------------------------------------------------------------


                      ------------------------------------------------------------------------------
2025-02-10 19:40:41     Matrix setup time        :	18 s
                        Solver setup             :	3 s
                        Degrees of freedom       :	754744
                        Number of mesh cells     :	42000

                        Stimulation port         :	1
                        Mode number              :	1
                        Accuracy                 :	1.64574e-05
                        Iterations               :	5
                        Solver time              :	2 s


                      ------------------------------------------------------------------------------
2025-02-10 19:40:45     Generating results       :	3 s

                        Total time               :	28 s

                      ------------------------------------------------------------------------------
2025-02-10 19:40:45   

                      ------------------------------------------------------------------------------
2025-02-10 19:40:45     Calculation 10 (Frequency: 5.78 GHz)


                      ------------------------------------------------------------------------------
2025-02-10 19:40:45     ----------------------------------------------------------------------------
                        Port   Mode   Type        Z-Wave        Z-Wave-Sigma  Z-Line        F-Cutoff
                        1      1      QTEM        231           7.92          48.7          ---
                        ----------------------------------------------------------------------------


                      ------------------------------------------------------------------------------
2025-02-10 19:41:11     Matrix setup time        :	18 s
                        Solver setup             :	3 s
                        Degrees of freedom       :	754744
                        Number of mesh cells     :	42000

                        Stimulation port         :	1
                        Mode number              :	1
                        Accuracy                 :	7.34142e-06
                        Iterations               :	5
                        Solver time              :	2 s


                      ------------------------------------------------------------------------------
2025-02-10 19:41:14     Generating results       :	3 s

                        Total time               :	29 s

                      ------------------------------------------------------------------------------
2025-02-10 19:41:14   

                      ------------------------------------------------------------------------------
2025-02-10 19:41:14   Finished the general purpose interpolative broadband frequency sweep:
                      All broadband sweep convergence criteria have been satisfied after
                      calculating 10 frequency samples:

                        Broadband sweep error threshold value :  0.01 (All S-Parameters) 
                        Number of error criterion checks      :  2 (All S-Parameters) 
                        Minimum number of samples             :  3
                        Number of data samples, linear        :  1001

                      ------------------------------------------------------------------------------
2025-02-10 19:41:40     Number of mesh cells     :	42000
                        Degrees of freedom       :	754744
                        Total Solver Time        :	711 s	 (= 0 h, 11 m, 51 s)
                      ================================================================================



                      ------------------------------------------------------------------------------
2025-02-10 19:41:41     ----------------------------------------------------------------------------
                                            Peak memory used (kB)         Free physical memory (kB) 
                                                                          At begin     Minimum      
                        ----------------------------------------------------------------------------
                        Solver start        21344                         83412872     83412336     
                        Eq. system setup    5785772                       83372644     82215148     
                        Eq. system solve    5785772                       83311464     77624516     
                        Mesh refinement     880000                        83307504     82572780     
                        Solver run total    5785772                       83412876     77624516     

                        Computer name       gamserverhp3
                        ----------------------------------------------------------------------------


                      ------------------------------------------------------------------------------
2025-02-10 19:41:41   Running postprocessing.

                      ------------------------------------------------------------------------------
2025-02-10 19:41:57   Postprocessing finished.

                      ------------------------------------------------------------------------------
2025-02-10 19:41:57   Parametric 1D storage is switched off.

                      ------------------------------------------------------------------------------
