2025-02-11 17:46:49   The length ratio between the shortest and the longest model edges is 1:1631.
                      Short model edges can be highlighted via Mesh:Mesh Control->Check Mesh->Check
                      Model Edge Length.... (It may be advantageous to model the metallizations as
                      infinitely thin sheets.) More...

                      ------------------------------------------------------------------------------
2025-02-11 17:47:01   *** Warning ***

                      This software is licensed for non-commercial use only.

                      ------------------------------------------------------------------------------
2025-02-11 17:47:02   Units settings: 

                        Dimensions: mm
                        Frequency:  GHz
                        Time:       ns

                      ------------------------------------------------------------------------------
2025-02-11 17:47:02   Boundary conditions: 

                        YZsymmetry: magnetic
                        XZsymmetry: none
                        XYsymmetry: none

                        Xmin: expanded open
                        Xmax: expanded open

                        Ymin: expanded open
                        Ymax: expanded open

                        Zmin: expanded open
                        Zmax: expanded open

                      ------------------------------------------------------------------------------
2025-02-11 17:47:02   Order settings: 

                        Solver order   : 3rd (constant)
                        Curved elements: up to order 5 (automatic)

                      ------------------------------------------------------------------------------
2025-02-11 17:47:02   The number of frequency samples has been increased to take into account all field monitors.

                      ------------------------------------------------------------------------------
2025-02-11 17:47:02   An iterative solver will be used first.

                      ------------------------------------------------------------------------------
2025-02-11 17:47:02     Mesh time                :	12 s


                      ------------------------------------------------------------------------------
2025-02-11 17:47:03   
                      ================================================================================
                      Frequency Domain Solver calculation cycle started

                      ------------------------------------------------------------------------------
2025-02-11 17:47:03   Solver started at: 2025-02-11 17:47:03 +0100

                        Module:  Frequency Domain: S-Parameter (Win 64)
                        Version: 2024.4 Release from 2024-04-30 (change 1266454)

                      ------------------------------------------------------------------------------
2025-02-11 17:47:03     Calculation 1 of 1 (Frequency: 5.775 GHz)


                      ------------------------------------------------------------------------------
2025-02-11 17:47:03   Automatically activated electric shielding for port 1.

                      ------------------------------------------------------------------------------
2025-02-11 17:47:13     ----------------------------------------------------------------------------
                        Port   Mode   Type        Z-Wave        Z-Wave-Sigma  Z-Line        F-Cutoff
                        1      1      QTEM        234           18.2          48.8          ---
                        ----------------------------------------------------------------------------


                      ------------------------------------------------------------------------------
2025-02-11 17:47:15   Adaptive mesh refinement pass 1

                      ------------------------------------------------------------------------------
2025-02-11 17:47:21     Matrix setup time        :	1 s
                        Degrees of freedom       :	36895
                        Number of mesh cells     :	1986

                        Stimulation port         :	1
                        Mode number              :	1
                        Accuracy                 :	9.93007e-05
                        Iterations               :	170
                        Solver time              :	4 s


                      ------------------------------------------------------------------------------
2025-02-11 17:47:23   42% of all mesh edges seem to be longer than expected. The adaptive mesh refinement's growth limitation will therefore 
                      use 7004 instead of 1980 mesh cells as a reference.

                      ------------------------------------------------------------------------------
2025-02-11 17:47:24   Adaptive mesh refinement pass 2

                      ------------------------------------------------------------------------------
2025-02-11 17:47:30     Matrix setup time        :	1 s
                        Degrees of freedom       :	52090
                        Number of mesh cells     :	2835

                        Stimulation port         :	1
                        Mode number              :	1
                        Accuracy                 :	5.88153e-05
                        Iterations               :	120
                        Solver time              :	4 s


                      ------------------------------------------------------------------------------
2025-02-11 17:47:32     Delta calculation        
2025-02-11 17:47:32     All S-Parameters         :	0.494515
2025-02-11 17:47:32   

                      ------------------------------------------------------------------------------
2025-02-11 17:47:34   Adaptive mesh refinement pass 3

                      ------------------------------------------------------------------------------
2025-02-11 17:47:40     Matrix setup time        :	2 s
                        Degrees of freedom       :	69526
                        Number of mesh cells     :	3828

                        Stimulation port         :	1
                        Mode number              :	1
                        Accuracy                 :	9.39099e-05
                        Iterations               :	100
                        Solver time              :	4 s


                      ------------------------------------------------------------------------------
2025-02-11 17:47:42     Delta calculation        
2025-02-11 17:47:42     All S-Parameters         :	0.124173
2025-02-11 17:47:42   

                      ------------------------------------------------------------------------------
2025-02-11 17:47:44   Adaptive mesh refinement pass 4

                      ------------------------------------------------------------------------------
2025-02-11 17:47:53     Matrix setup time        :	2 s
                        Degrees of freedom       :	99619
                        Number of mesh cells     :	5538

                        Stimulation port         :	1
                        Mode number              :	1
                        Accuracy                 :	9.22421e-05
                        Iterations               :	97
                        Solver time              :	5 s


                      ------------------------------------------------------------------------------
2025-02-11 17:47:55     Delta calculation        
2025-02-11 17:47:55     All S-Parameters         :	0.0686828
2025-02-11 17:47:55   

                      ------------------------------------------------------------------------------
2025-02-11 17:47:58   Adaptive mesh refinement pass 5

                      ------------------------------------------------------------------------------
2025-02-11 17:48:10     Matrix setup time        :	4 s
                        Degrees of freedom       :	152188
                        Number of mesh cells     :	8505

                        Stimulation port         :	1
                        Mode number              :	1
                        Accuracy                 :	7.81799e-05
                        Iterations               :	94
                        Solver time              :	7 s


                      ------------------------------------------------------------------------------
2025-02-11 17:48:14     Delta calculation        
2025-02-11 17:48:14     All S-Parameters         :	0.0334884
2025-02-11 17:48:14   

                      ------------------------------------------------------------------------------
2025-02-11 17:48:18   Adaptive mesh refinement pass 6

                      ------------------------------------------------------------------------------
2025-02-11 17:48:39     Matrix setup time        :	6 s
                        Degrees of freedom       :	239686
                        Number of mesh cells     :	13394

                        Stimulation port         :	1
                        Mode number              :	1
                        Accuracy                 :	8.17401e-05
                        Iterations               :	105
                        Solver time              :	13 s


                      ------------------------------------------------------------------------------
2025-02-11 17:48:44     Delta calculation        
2025-02-11 17:48:44     All S-Parameters         :	0.0424432
2025-02-11 17:48:44   

                      ------------------------------------------------------------------------------
2025-02-11 17:48:50   Adaptive mesh refinement pass 7

                      ------------------------------------------------------------------------------
2025-02-11 17:49:17     Matrix setup time        :	9 s
                        Degrees of freedom       :	354295
                        Number of mesh cells     :	19788

                        Stimulation port         :	1
                        Mode number              :	1
                        Accuracy                 :	9.89987e-05
                        Iterations               :	86
                        Solver time              :	16 s


                      ------------------------------------------------------------------------------
2025-02-11 17:49:24     Delta calculation        
2025-02-11 17:49:24     All S-Parameters         :	0.0208188
2025-02-11 17:49:24   

                      ------------------------------------------------------------------------------
2025-02-11 17:49:32   Adaptive mesh refinement pass 8

                      ------------------------------------------------------------------------------
2025-02-11 17:50:03     Matrix setup time        :	13 s
                        Solver setup             :	1 s
                        Degrees of freedom       :	479983
                        Number of mesh cells     :	26803

                        Stimulation port         :	1
                        Mode number              :	1
                        Accuracy                 :	8.98907e-05
                        Iterations               :	65
                        Solver time              :	16 s


                      ------------------------------------------------------------------------------
2025-02-11 17:50:13     Delta calculation        
2025-02-11 17:50:13     All S-Parameters         :	0.0112395
2025-02-11 17:50:13   

                      ------------------------------------------------------------------------------
2025-02-11 17:50:23   Adaptive mesh refinement pass 9

                      ------------------------------------------------------------------------------
2025-02-11 17:51:06     Matrix setup time        :	17 s
                        Solver setup             :	1 s
                        Degrees of freedom       :	634702
                        Number of mesh cells     :	35422

                        Stimulation port         :	1
                        Mode number              :	1
                        Accuracy                 :	9.29522e-05
                        Iterations               :	65
                        Solver time              :	23 s


                      ------------------------------------------------------------------------------
2025-02-11 17:51:19     Delta calculation        
2025-02-11 17:51:19     All S-Parameters         :	0.00536701
2025-02-11 17:51:19   

                      ------------------------------------------------------------------------------
2025-02-11 17:51:31   The direct solver will be used.

                      ------------------------------------------------------------------------------
2025-02-11 17:51:32   Adaptive mesh refinement pass 10

                      ------------------------------------------------------------------------------
2025-02-11 17:53:26     Matrix setup time        :	22 s
                        Solver setup             :	89 s
                        Degrees of freedom       :	792346
                        Number of mesh cells     :	44169

                        Stimulation port         :	1
                        Mode number              :	1
                        Accuracy                 :	4.66368e-13
                        Iterations               :	1
                        Solver time              :	1 s


                      ------------------------------------------------------------------------------
2025-02-11 17:53:26   The iterative solver will be used.

                      ------------------------------------------------------------------------------
2025-02-11 17:53:43     Delta calculation        
2025-02-11 17:53:43     All S-Parameters         :	0.00569589
2025-02-11 17:53:43   

                      ------------------------------------------------------------------------------
2025-02-11 17:53:43   Mesh adaptation terminated because the desired accuracy limit is reached.

                      ------------------------------------------------------------------------------
2025-02-11 17:53:43     Total time               :	399 s	 (= 0 h, 06 m, 39 s)

                      ------------------------------------------------------------------------------
2025-02-11 17:53:43   

                      ------------------------------------------------------------------------------
2025-02-11 17:53:54   Unable to use "EvaluateHFieldOnSIBC" due to model setup.

                      ------------------------------------------------------------------------------
2025-02-11 17:53:54     Calculation 2 (Frequency: 5.815 GHz)


                      ------------------------------------------------------------------------------
2025-02-11 17:53:55     ----------------------------------------------------------------------------
                        Port   Mode   Type        Z-Wave        Z-Wave-Sigma  Z-Line        F-Cutoff
                        1      1      QTEM        234           18.2          48.8          ---
                        ----------------------------------------------------------------------------


                      ------------------------------------------------------------------------------
2025-02-11 17:54:38     Matrix setup time        :	22 s
                        Solver setup             :	2 s
                        Degrees of freedom       :	792346
                        Number of mesh cells     :	44169

                        Stimulation port         :	1
                        Mode number              :	1
                        Accuracy                 :	6.99975e-05
                        Iterations               :	40
                        Solver time              :	17 s


                      ------------------------------------------------------------------------------
2025-02-11 17:54:41     Generating results       :	3 s

                        Total time               :	46 s

                      ------------------------------------------------------------------------------
2025-02-11 17:54:41   

                      ------------------------------------------------------------------------------
2025-02-11 17:54:41     Calculation 3 (Frequency: 5.735 GHz)


                      ------------------------------------------------------------------------------
2025-02-11 17:54:41     ----------------------------------------------------------------------------
                        Port   Mode   Type        Z-Wave        Z-Wave-Sigma  Z-Line        F-Cutoff
                        1      1      QTEM        234           18.2          48.8          ---
                        ----------------------------------------------------------------------------


                      ------------------------------------------------------------------------------
2025-02-11 17:55:14     Matrix setup time        :	19 s
                        Solver setup             :	1 s
                        Degrees of freedom       :	792346
                        Number of mesh cells     :	44169

                        Stimulation port         :	1
                        Mode number              :	1
                        Accuracy                 :	8.28932e-05
                        Iterations               :	25
                        Solver time              :	11 s


                      ------------------------------------------------------------------------------
2025-02-11 17:55:17     Generating results       :	3 s

                        Total time               :	36 s

                      ------------------------------------------------------------------------------
2025-02-11 17:55:17   

                      ------------------------------------------------------------------------------
2025-02-11 17:55:17     Calculation 4 (Frequency: 5.1975 GHz)


                      ------------------------------------------------------------------------------
2025-02-11 17:55:18     ----------------------------------------------------------------------------
                        Port   Mode   Type        Z-Wave        Z-Wave-Sigma  Z-Line        F-Cutoff
                        1      1      QTEM        234           18.2          48.8          ---
                        ----------------------------------------------------------------------------


                      ------------------------------------------------------------------------------
2025-02-11 17:56:02     Matrix setup time        :	19 s
                        Solver setup             :	2 s
                        Degrees of freedom       :	792346
                        Number of mesh cells     :	44169

                        Stimulation port         :	1
                        Mode number              :	1
                        Accuracy                 :	9.48305e-05
                        Iterations               :	48
                        Solver time              :	21 s


                      ------------------------------------------------------------------------------
2025-02-11 17:56:08     Generating results       :	6 s

                        Total time               :	50 s

                      ------------------------------------------------------------------------------
2025-02-11 17:56:08   

                      ------------------------------------------------------------------------------
2025-02-11 17:56:08     Calculation 5 (Frequency: 6.3525 GHz)


                      ------------------------------------------------------------------------------
2025-02-11 17:56:08     ----------------------------------------------------------------------------
                        Port   Mode   Type        Z-Wave        Z-Wave-Sigma  Z-Line        F-Cutoff
                        1      1      QTEM        234           18.3          48.8          ---
                        ----------------------------------------------------------------------------


                      ------------------------------------------------------------------------------
2025-02-11 17:56:56     Matrix setup time        :	19 s
                        Solver setup             :	2 s
                        Degrees of freedom       :	792346
                        Number of mesh cells     :	44169

                        Stimulation port         :	1
                        Mode number              :	1
                        Accuracy                 :	8.33036e-05
                        Iterations               :	54
                        Solver time              :	24 s


                      ------------------------------------------------------------------------------
2025-02-11 17:57:02     Generating results       :	6 s

                        Total time               :	54 s

                      ------------------------------------------------------------------------------
2025-02-11 17:57:02   

                      ------------------------------------------------------------------------------
2025-02-11 17:57:02     Calculation 6 (Frequency: 5.795 GHz)


                      ------------------------------------------------------------------------------
2025-02-11 17:57:03     ----------------------------------------------------------------------------
                        Port   Mode   Type        Z-Wave        Z-Wave-Sigma  Z-Line        F-Cutoff
                        1      1      QTEM        234           18.2          48.8          ---
                        ----------------------------------------------------------------------------


                      ------------------------------------------------------------------------------
2025-02-11 17:57:28     Matrix setup time        :	19 s
                        Solver setup             :	2 s
                        Degrees of freedom       :	792346
                        Number of mesh cells     :	44169

                        Stimulation port         :	1
                        Mode number              :	1
                        Accuracy                 :	2.9022e-05
                        Iterations               :	5
                        Solver time              :	2 s


                      ------------------------------------------------------------------------------
2025-02-11 17:57:31     Generating results       :	3 s

                        Total time               :	28 s

                      ------------------------------------------------------------------------------
2025-02-11 17:57:31   

                      ------------------------------------------------------------------------------
2025-02-11 17:57:31     Calculation 7 (Frequency: 5.755 GHz)


                      ------------------------------------------------------------------------------
2025-02-11 17:57:32     ----------------------------------------------------------------------------
                        Port   Mode   Type        Z-Wave        Z-Wave-Sigma  Z-Line        F-Cutoff
                        1      1      QTEM        234           18.2          48.8          ---
                        ----------------------------------------------------------------------------


                      ------------------------------------------------------------------------------
2025-02-11 17:57:57     Matrix setup time        :	19 s
                        Solver setup             :	3 s
                        Degrees of freedom       :	792346
                        Number of mesh cells     :	44169

                        Stimulation port         :	1
                        Mode number              :	1
                        Accuracy                 :	3.14357e-05
                        Iterations               :	5
                        Solver time              :	2 s


                      ------------------------------------------------------------------------------
2025-02-11 17:58:00   Only few automatic samples have been calculated up to now. Therefore, the frequency sweep is continued with additional 
                      automatically chosen samples.

                      ------------------------------------------------------------------------------
2025-02-11 17:58:00     Generating results       :	2 s

                        Total time               :	27 s

                      ------------------------------------------------------------------------------
2025-02-11 17:58:00   

                      ------------------------------------------------------------------------------
2025-02-11 17:58:00     Calculation 8 (Frequency: 5.765 GHz)


                      ------------------------------------------------------------------------------
2025-02-11 17:58:00     ----------------------------------------------------------------------------
                        Port   Mode   Type        Z-Wave        Z-Wave-Sigma  Z-Line        F-Cutoff
                        1      1      QTEM        234           18.2          48.8          ---
                        ----------------------------------------------------------------------------


                      ------------------------------------------------------------------------------
2025-02-11 17:58:26     Matrix setup time        :	19 s
                        Solver setup             :	3 s
                        Degrees of freedom       :	792346
                        Number of mesh cells     :	44169

                        Stimulation port         :	1
                        Mode number              :	1
                        Accuracy                 :	1.54789e-05
                        Iterations               :	5
                        Solver time              :	2 s


                      ------------------------------------------------------------------------------
2025-02-11 17:58:31   An additional check has indicated that the frequency sweep needs to be continued. More...

                      ------------------------------------------------------------------------------
2025-02-11 17:58:31     Generating results       :	5 s

                        Total time               :	31 s

                      ------------------------------------------------------------------------------
2025-02-11 17:58:31   

                      ------------------------------------------------------------------------------
2025-02-11 17:58:31     Calculation 9 (Frequency: 5.745 GHz)


                      ------------------------------------------------------------------------------
2025-02-11 17:58:32     ----------------------------------------------------------------------------
                        Port   Mode   Type        Z-Wave        Z-Wave-Sigma  Z-Line        F-Cutoff
                        1      1      QTEM        234           18.2          48.8          ---
                        ----------------------------------------------------------------------------


                      ------------------------------------------------------------------------------
2025-02-11 17:58:58     Matrix setup time        :	19 s
                        Solver setup             :	3 s
                        Degrees of freedom       :	792346
                        Number of mesh cells     :	44169

                        Stimulation port         :	1
                        Mode number              :	1
                        Accuracy                 :	5.2039e-05
                        Iterations               :	5
                        Solver time              :	2 s


                      ------------------------------------------------------------------------------
2025-02-11 17:59:01     Generating results       :	2 s

                        Total time               :	29 s

                      ------------------------------------------------------------------------------
2025-02-11 17:59:01   

                      ------------------------------------------------------------------------------
2025-02-11 17:59:01     Calculation 10 (Frequency: 5.805 GHz)


                      ------------------------------------------------------------------------------
2025-02-11 17:59:02     ----------------------------------------------------------------------------
                        Port   Mode   Type        Z-Wave        Z-Wave-Sigma  Z-Line        F-Cutoff
                        1      1      QTEM        234           18.2          48.8          ---
                        ----------------------------------------------------------------------------


                      ------------------------------------------------------------------------------
2025-02-11 17:59:29     Matrix setup time        :	19 s
                        Solver setup             :	4 s
                        Degrees of freedom       :	792346
                        Number of mesh cells     :	44169

                        Stimulation port         :	1
                        Mode number              :	1
                        Accuracy                 :	3.83907e-05
                        Iterations               :	5
                        Solver time              :	2 s


                      ------------------------------------------------------------------------------
2025-02-11 17:59:33     Generating results       :	3 s

                        Total time               :	30 s

                      ------------------------------------------------------------------------------
2025-02-11 17:59:33   

                      ------------------------------------------------------------------------------
2025-02-11 17:59:33   Finished the general purpose interpolative broadband frequency sweep:
                      All broadband sweep convergence criteria have been satisfied after
                      calculating 10 frequency samples:

                        Broadband sweep error threshold value :  0.01 (All S-Parameters) 
                        Number of error criterion checks      :  2 (All S-Parameters) 
                        Minimum number of samples             :  3
                        Number of data samples, linear        :  1001

                      ------------------------------------------------------------------------------
2025-02-11 17:59:59     Number of mesh cells     :	44169
                        Degrees of freedom       :	792346
                        Total Solver Time        :	750 s	 (= 0 h, 12 m, 30 s)
                      ================================================================================



                      ------------------------------------------------------------------------------
2025-02-11 18:00:00     ----------------------------------------------------------------------------
                                            Peak memory used (kB)         Free physical memory (kB) 
                                                                          At begin     Minimum      
                        ----------------------------------------------------------------------------
                        Solver start        21352                         81660188     81659412     
                        Eq. system setup    5993840                       81619000     78512968     
                        Eq. system solve    5993840                       81561028     76231296     
                        Mesh refinement     907264                        81341008     79344600     
                        Solver run total    5993840                       81660188     76231296     

                        Computer name       gamserverhp3
                        ----------------------------------------------------------------------------


                      ------------------------------------------------------------------------------
2025-02-11 18:00:00   Running postprocessing.

                      ------------------------------------------------------------------------------
2025-02-11 18:00:16   Postprocessing finished.

                      ------------------------------------------------------------------------------
2025-02-11 18:00:16   Parametric 1D storage is switched off.

                      ------------------------------------------------------------------------------
