2024-12-09 02:52:22   The length ratio between the shortest and the longest model edges is 1:8341.
                      Short model edges can be highlighted via Mesh:Mesh Control->Check Mesh->Check
                      Model Edge Length.... (It may be advantageous to model the metallizations as
                      infinitely thin sheets.) More...

                      ------------------------------------------------------------------------------
2024-12-09 02:52:34   *** Warning ***

                      This software is licensed for non-commercial use only.

                      ------------------------------------------------------------------------------
2024-12-09 02:52:35   Units settings: 

                        Dimensions: mm
                        Frequency:  GHz
                        Time:       ns

                      ------------------------------------------------------------------------------
2024-12-09 02:52:35   Boundary conditions: 

                        YZsymmetry: magnetic
                        XZsymmetry: none
                        XYsymmetry: none

                        Xmin: expanded open
                        Xmax: expanded open

                        Ymin: expanded open
                        Ymax: expanded open

                        Zmin: expanded open
                        Zmax: expanded open

                      ------------------------------------------------------------------------------
2024-12-09 02:52:35   Order settings: 

                        Solver order   : 2nd (constant)
                        Curved elements: up to order 3 (automatic)

                      ------------------------------------------------------------------------------
2024-12-09 02:52:35   An iterative solver will be used first.

                      ------------------------------------------------------------------------------
2024-12-09 02:52:35     Mesh time                :	11 s


                      ------------------------------------------------------------------------------
2024-12-09 02:52:35   
                      ================================================================================
                      Frequency Domain Solver calculation cycle started

                      ------------------------------------------------------------------------------
2024-12-09 02:52:35   Solver started at: 2024-12-09 02:52:35 +0100

                        Module:  Frequency Domain: S-Parameter (Win 64)
                        Version: 2024.4 Release from 2024-04-30 (change 1266454)

                      ------------------------------------------------------------------------------
2024-12-09 02:52:36     Calculation 1 of 1 (Frequency: 5.8 GHz)


                      ------------------------------------------------------------------------------
2024-12-09 02:52:36   Automatically activated electric shielding for port 1.

                      ------------------------------------------------------------------------------
2024-12-09 02:52:37   *** Warning ***

2024-12-09 02:52:37   At least one propagating mode is not considered at port 1. 

                      ------------------------------------------------------------------------------
2024-12-09 02:52:47     ----------------------------------------------------------------------------
                        Port   Mode   Type        Z-Wave        Z-Wave-Sigma  Z-Line        F-Cutoff
                        1      1      QTEM        244           16.4          96.4          ---
                        ----------------------------------------------------------------------------


                      ------------------------------------------------------------------------------
2024-12-09 02:52:48   Please consider improving the initial mesh.  More...

                      ------------------------------------------------------------------------------
2024-12-09 02:52:49   Adaptive mesh refinement pass 1

                      ------------------------------------------------------------------------------
2024-12-09 02:52:50     Matrix setup time        :	0 s
                        Degrees of freedom       :	30315
                        Number of mesh cells     :	4579

                        Stimulation port         :	1
                        Mode number              :	1
                        Accuracy                 :	6.62397e-05
                        Iterations               :	43
                        Solver time              :	0 s


                      ------------------------------------------------------------------------------
2024-12-09 02:52:51   31% of all mesh edges seem to be longer than expected. The adaptive mesh refinement's growth limitation will therefore 
                      use 13194 instead of 4535 mesh cells as a reference.

                      ------------------------------------------------------------------------------
2024-12-09 02:52:51   The quality of some tetrahedrons is low.  More...

                      ------------------------------------------------------------------------------
2024-12-09 02:52:53   Adaptive mesh refinement pass 2

                      ------------------------------------------------------------------------------
2024-12-09 02:52:54     Matrix setup time        :	0 s
                        Degrees of freedom       :	36657
                        Number of mesh cells     :	5627

                        Stimulation port         :	1
                        Mode number              :	1
                        Accuracy                 :	8.76359e-05
                        Iterations               :	44
                        Solver time              :	0 s


                      ------------------------------------------------------------------------------
2024-12-09 02:52:56     Delta calculation        
2024-12-09 02:52:56     All S-Parameters         :	0.430098
2024-12-09 02:52:56   

                      ------------------------------------------------------------------------------
2024-12-09 02:52:57   Adaptive mesh refinement pass 3

                      ------------------------------------------------------------------------------
2024-12-09 02:53:00     Matrix setup time        :	0 s
                        Degrees of freedom       :	45727
                        Number of mesh cells     :	7103

                        Stimulation port         :	1
                        Mode number              :	1
                        Accuracy                 :	5.87851e-05
                        Iterations               :	84
                        Solver time              :	1 s


                      ------------------------------------------------------------------------------
2024-12-09 02:53:02     Delta calculation        
2024-12-09 02:53:02     All S-Parameters         :	0.0774516
2024-12-09 02:53:02   

                      ------------------------------------------------------------------------------
2024-12-09 02:53:04   Adaptive mesh refinement pass 4

                      ------------------------------------------------------------------------------
2024-12-09 02:53:07     Matrix setup time        :	0 s
                        Degrees of freedom       :	58263
                        Number of mesh cells     :	9156

                        Stimulation port         :	1
                        Mode number              :	1
                        Accuracy                 :	9.99695e-05
                        Iterations               :	83
                        Solver time              :	2 s


                      ------------------------------------------------------------------------------
2024-12-09 02:53:09     Delta calculation        
2024-12-09 02:53:09     All S-Parameters         :	0.0687014
2024-12-09 02:53:09   

                      ------------------------------------------------------------------------------
2024-12-09 02:53:11   Adaptive mesh refinement pass 5

                      ------------------------------------------------------------------------------
2024-12-09 02:53:15     Matrix setup time        :	0 s
                        Degrees of freedom       :	77361
                        Number of mesh cells     :	12318

                        Stimulation port         :	1
                        Mode number              :	1
                        Accuracy                 :	6.76021e-05
                        Iterations               :	62
                        Solver time              :	2 s


                      ------------------------------------------------------------------------------
2024-12-09 02:53:17     Delta calculation        
2024-12-09 02:53:17     All S-Parameters         :	0.0403056
2024-12-09 02:53:17   

                      ------------------------------------------------------------------------------
2024-12-09 02:53:20   Adaptive mesh refinement pass 6

                      ------------------------------------------------------------------------------
2024-12-09 02:53:25     Matrix setup time        :	1 s
                        Degrees of freedom       :	108093
                        Number of mesh cells     :	17407

                        Stimulation port         :	1
                        Mode number              :	1
                        Accuracy                 :	9.96841e-05
                        Iterations               :	61
                        Solver time              :	2 s


                      ------------------------------------------------------------------------------
2024-12-09 02:53:28     Delta calculation        
2024-12-09 02:53:28     All S-Parameters         :	0.0405906
2024-12-09 02:53:28   

                      ------------------------------------------------------------------------------
2024-12-09 02:53:33   Adaptive mesh refinement pass 7

                      ------------------------------------------------------------------------------
2024-12-09 02:53:39     Matrix setup time        :	1 s
                        Degrees of freedom       :	160749
                        Number of mesh cells     :	26166

                        Stimulation port         :	1
                        Mode number              :	1
                        Accuracy                 :	9.62874e-05
                        Iterations               :	42
                        Solver time              :	3 s


                      ------------------------------------------------------------------------------
2024-12-09 02:53:44     Delta calculation        
2024-12-09 02:53:44     All S-Parameters         :	0.0269901
2024-12-09 02:53:44   

                      ------------------------------------------------------------------------------
2024-12-09 02:53:51   Adaptive mesh refinement pass 8

                      ------------------------------------------------------------------------------
2024-12-09 02:53:59     Matrix setup time        :	2 s
                        Solver setup             :	1 s
                        Degrees of freedom       :	238407
                        Number of mesh cells     :	38997

                        Stimulation port         :	1
                        Mode number              :	1
                        Accuracy                 :	7.4029e-05
                        Iterations               :	40
                        Solver time              :	4 s


                      ------------------------------------------------------------------------------
2024-12-09 02:54:07     Delta calculation        
2024-12-09 02:54:07     All S-Parameters         :	0.0143151
2024-12-09 02:54:07   

                      ------------------------------------------------------------------------------
2024-12-09 02:54:15   Adaptive mesh refinement pass 9

                      ------------------------------------------------------------------------------
2024-12-09 02:54:29     Matrix setup time        :	3 s
                        Solver setup             :	1 s
                        Degrees of freedom       :	342079
                        Number of mesh cells     :	56197

                        Stimulation port         :	1
                        Mode number              :	1
                        Accuracy                 :	7.88638e-05
                        Iterations               :	50
                        Solver time              :	8 s


                      ------------------------------------------------------------------------------
2024-12-09 02:54:39     Delta calculation        
2024-12-09 02:54:39     All S-Parameters         :	0.0119603
2024-12-09 02:54:39   

                      ------------------------------------------------------------------------------
2024-12-09 02:54:51   Adaptive mesh refinement pass 10

                      ------------------------------------------------------------------------------
2024-12-09 02:55:11     Matrix setup time        :	5 s
                        Solver setup             :	2 s
                        Degrees of freedom       :	459749
                        Number of mesh cells     :	75587

                        Stimulation port         :	1
                        Mode number              :	1
                        Accuracy                 :	7.12992e-05
                        Iterations               :	55
                        Solver time              :	12 s


                      ------------------------------------------------------------------------------
2024-12-09 02:55:24     Delta calculation        
2024-12-09 02:55:24     All S-Parameters         :	0.00504144
2024-12-09 02:55:24   

                      ------------------------------------------------------------------------------
2024-12-09 02:55:34   Adaptive mesh refinement pass 11

                      ------------------------------------------------------------------------------
2024-12-09 02:55:56     Matrix setup time        :	5 s
                        Solver setup             :	2 s
                        Degrees of freedom       :	487121
                        Number of mesh cells     :	80007

                        Stimulation port         :	1
                        Mode number              :	1
                        Accuracy                 :	8.44448e-05
                        Iterations               :	54
                        Solver time              :	13 s


                      ------------------------------------------------------------------------------
2024-12-09 02:56:11     Delta calculation        
2024-12-09 02:56:11     All S-Parameters         :	0.00144437
2024-12-09 02:56:11   

                      ------------------------------------------------------------------------------
2024-12-09 02:56:11   Mesh adaptation terminated because the desired accuracy limit is reached.

                      ------------------------------------------------------------------------------
2024-12-09 02:56:11     Total time               :	215 s	 (= 0 h, 03 m, 35 s)

                      ------------------------------------------------------------------------------
2024-12-09 02:56:11   

                      ------------------------------------------------------------------------------
2024-12-09 02:56:20   Unable to use "EvaluateHFieldOnSIBC" due to model setup.

                      ------------------------------------------------------------------------------
2024-12-09 02:56:20     Calculation 2 (Frequency: 7.54 GHz)


                      ------------------------------------------------------------------------------
2024-12-09 02:56:20   *** Warning ***

2024-12-09 02:56:20   At least one propagating mode is not considered at port 1. 

                      ------------------------------------------------------------------------------
2024-12-09 02:56:20     ----------------------------------------------------------------------------
                        Port   Mode   Type        Z-Wave        Z-Wave-Sigma  Z-Line        F-Cutoff
                        1      1      QTEM        243           17.4          95.1          ---
                        ----------------------------------------------------------------------------


                      ------------------------------------------------------------------------------
2024-12-09 02:56:41     Matrix setup time        :	4 s
                        Solver setup             :	1 s
                        Degrees of freedom       :	487121
                        Number of mesh cells     :	80007

                        Stimulation port         :	1
                        Mode number              :	1
                        Accuracy                 :	7.24821e-05
                        Iterations               :	59
                        Solver time              :	14 s


                      ------------------------------------------------------------------------------
2024-12-09 02:56:43     Generating results       :	1 s

                        Total time               :	22 s

                      ------------------------------------------------------------------------------
2024-12-09 02:56:43   

                      ------------------------------------------------------------------------------
2024-12-09 02:56:43     Calculation 3 (Frequency: 4.06 GHz)


                      ------------------------------------------------------------------------------
2024-12-09 02:56:44     ----------------------------------------------------------------------------
                        Port   Mode   Type        Z-Wave        Z-Wave-Sigma  Z-Line        F-Cutoff
                        1      1      QTEM        245           15.8          97.5          ---
                        ----------------------------------------------------------------------------


                      ------------------------------------------------------------------------------
2024-12-09 02:57:03     Matrix setup time        :	4 s
                        Solver setup             :	1 s
                        Degrees of freedom       :	487121
                        Number of mesh cells     :	80007

                        Stimulation port         :	1
                        Mode number              :	1
                        Accuracy                 :	7.20183e-05
                        Iterations               :	54
                        Solver time              :	13 s


                      ------------------------------------------------------------------------------
2024-12-09 02:57:06     Generating results       :	2 s

                        Total time               :	22 s

                      ------------------------------------------------------------------------------
2024-12-09 02:57:06   

                      ------------------------------------------------------------------------------
2024-12-09 02:57:06     Calculation 4 (Frequency: 5.22 GHz)


                      ------------------------------------------------------------------------------
2024-12-09 02:57:06   *** Warning ***

2024-12-09 02:57:06   At least one propagating mode is not considered at port 1. 

                      ------------------------------------------------------------------------------
2024-12-09 02:57:06     ----------------------------------------------------------------------------
                        Port   Mode   Type        Z-Wave        Z-Wave-Sigma  Z-Line        F-Cutoff
                        1      1      QTEM        245           16.2          96.8          ---
                        ----------------------------------------------------------------------------


                      ------------------------------------------------------------------------------
2024-12-09 02:57:25     Matrix setup time        :	4 s
                        Solver setup             :	1 s
                        Degrees of freedom       :	487121
                        Number of mesh cells     :	80007

                        Stimulation port         :	1
                        Mode number              :	1
                        Accuracy                 :	9.477e-05
                        Iterations               :	51
                        Solver time              :	12 s


                      ------------------------------------------------------------------------------
2024-12-09 02:57:28     Generating results       :	3 s

                        Total time               :	22 s

                      ------------------------------------------------------------------------------
2024-12-09 02:57:28   

                      ------------------------------------------------------------------------------
2024-12-09 02:57:28     Calculation 5 (Frequency: 6.38 GHz)


                      ------------------------------------------------------------------------------
2024-12-09 02:57:28   *** Warning ***

2024-12-09 02:57:28   At least one propagating mode is not considered at port 1. 

                      ------------------------------------------------------------------------------
2024-12-09 02:57:29     ----------------------------------------------------------------------------
                        Port   Mode   Type        Z-Wave        Z-Wave-Sigma  Z-Line        F-Cutoff
                        1      1      QTEM        244           16.5          96            ---
                        ----------------------------------------------------------------------------


                      ------------------------------------------------------------------------------
2024-12-09 02:57:43     Matrix setup time        :	4 s
                        Solver setup             :	1 s
                        Degrees of freedom       :	487121
                        Number of mesh cells     :	80007

                        Stimulation port         :	1
                        Mode number              :	1
                        Accuracy                 :	5.93702e-05
                        Iterations               :	30
                        Solver time              :	7 s


                      ------------------------------------------------------------------------------
2024-12-09 02:57:46     Generating results       :	3 s

                        Total time               :	17 s

                      ------------------------------------------------------------------------------
2024-12-09 02:57:46   

                      ------------------------------------------------------------------------------
2024-12-09 02:57:46     Calculation 6 (Frequency: 5.52856 GHz)


                      ------------------------------------------------------------------------------
2024-12-09 02:57:46   *** Warning ***

2024-12-09 02:57:46   At least one propagating mode is not considered at port 1. 

                      ------------------------------------------------------------------------------
2024-12-09 02:57:46     ----------------------------------------------------------------------------
                        Port   Mode   Type        Z-Wave        Z-Wave-Sigma  Z-Line        F-Cutoff
                        1      1      QTEM        244           16.3          96.6          ---
                        ----------------------------------------------------------------------------


                      ------------------------------------------------------------------------------
2024-12-09 02:57:56     Matrix setup time        :	4 s
                        Solver setup             :	2 s
                        Degrees of freedom       :	487121
                        Number of mesh cells     :	80007

                        Stimulation port         :	1
                        Mode number              :	1
                        Accuracy                 :	9.68848e-05
                        Iterations               :	8
                        Solver time              :	2 s


                      ------------------------------------------------------------------------------
2024-12-09 02:57:58     Generating results       :	2 s

                        Total time               :	11 s

                      ------------------------------------------------------------------------------
2024-12-09 02:57:58   

                      ------------------------------------------------------------------------------
2024-12-09 02:57:58     Calculation 7 (Frequency: 4.76992 GHz)


                      ------------------------------------------------------------------------------
2024-12-09 02:57:58   *** Warning ***

2024-12-09 02:57:58   At least one propagating mode is not considered at port 1. 

                      ------------------------------------------------------------------------------
2024-12-09 02:57:58     ----------------------------------------------------------------------------
                        Port   Mode   Type        Z-Wave        Z-Wave-Sigma  Z-Line        F-Cutoff
                        1      1      QTEM        245           16.1          97.1          ---
                        ----------------------------------------------------------------------------


                      ------------------------------------------------------------------------------
2024-12-09 02:58:10     Matrix setup time        :	4 s
                        Solver setup             :	2 s
                        Degrees of freedom       :	487121
                        Number of mesh cells     :	80007

                        Stimulation port         :	1
                        Mode number              :	1
                        Accuracy                 :	9.14322e-05
                        Iterations               :	19
                        Solver time              :	4 s


                      ------------------------------------------------------------------------------
2024-12-09 02:58:12     Generating results       :	1 s

                        Total time               :	13 s

                      ------------------------------------------------------------------------------
2024-12-09 02:58:12   

                      ------------------------------------------------------------------------------
2024-12-09 02:58:12     Calculation 8 (Frequency: 7.07368 GHz)


                      ------------------------------------------------------------------------------
2024-12-09 02:58:12   *** Warning ***

2024-12-09 02:58:12   At least one propagating mode is not considered at port 1. 

                      ------------------------------------------------------------------------------
2024-12-09 02:58:12     ----------------------------------------------------------------------------
                        Port   Mode   Type        Z-Wave        Z-Wave-Sigma  Z-Line        F-Cutoff
                        1      1      QTEM        244           17            95.5          ---
                        ----------------------------------------------------------------------------


                      ------------------------------------------------------------------------------
2024-12-09 02:58:23     Matrix setup time        :	4 s
                        Solver setup             :	2 s
                        Degrees of freedom       :	487121
                        Number of mesh cells     :	80007

                        Stimulation port         :	1
                        Mode number              :	1
                        Accuracy                 :	6.73567e-05
                        Iterations               :	12
                        Solver time              :	3 s


                      ------------------------------------------------------------------------------
2024-12-09 02:58:25     Generating results       :	2 s

                        Total time               :	12 s

                      ------------------------------------------------------------------------------
2024-12-09 02:58:25   

                      ------------------------------------------------------------------------------
2024-12-09 02:58:25     Calculation 9 (Frequency: 6.08188 GHz)


                      ------------------------------------------------------------------------------
2024-12-09 02:58:25   *** Warning ***

2024-12-09 02:58:25   At least one propagating mode is not considered at port 1. 

                      ------------------------------------------------------------------------------
2024-12-09 02:58:25     ----------------------------------------------------------------------------
                        Port   Mode   Type        Z-Wave        Z-Wave-Sigma  Z-Line        F-Cutoff
                        1      1      QTEM        244           16.5          96.2          ---
                        ----------------------------------------------------------------------------


                      ------------------------------------------------------------------------------
2024-12-09 02:58:34     Matrix setup time        :	4 s
                        Solver setup             :	2 s
                        Degrees of freedom       :	487121
                        Number of mesh cells     :	80007

                        Stimulation port         :	1
                        Mode number              :	1
                        Accuracy                 :	4.41903e-05
                        Iterations               :	5
                        Solver time              :	1 s


                      ------------------------------------------------------------------------------
2024-12-09 02:58:36     Generating results       :	1 s

                        Total time               :	10 s

                      ------------------------------------------------------------------------------
2024-12-09 02:58:36   

                      ------------------------------------------------------------------------------
2024-12-09 02:58:36   Finished the general purpose interpolative broadband frequency sweep:
                      All broadband sweep convergence criteria have been satisfied after
                      calculating 9 frequency samples:

                        Broadband sweep error threshold value :  0.01 (All S-Parameters) 
                        Number of error criterion checks      :  2 (All S-Parameters) 
                        Minimum number of samples             :  3
                        Number of data samples, linear        :  1001

                      ------------------------------------------------------------------------------
2024-12-09 02:58:50     Number of mesh cells     :	80007
                        Degrees of freedom       :	487121
                        Total Solver Time        :	362 s	 (= 0 h, 06 m, 02 s)
                      ================================================================================



                      ------------------------------------------------------------------------------
2024-12-09 02:58:51     ----------------------------------------------------------------------------
                                            Peak memory used (kB)         Free physical memory (kB) 
                                                                          At begin     Minimum      
                        ----------------------------------------------------------------------------
                        Solver start        21360                         89252708     89252140     
                        Eq. system setup    870708                        89204352     88507504     
                        Eq. system solve    876432                        89185868     88332196     
                        Mesh refinement     766604                        89124492     88650352     
                        Solver run total    876432                        89252712     88332196     

                        Computer name       gamserverhp3
                        ----------------------------------------------------------------------------


                      ------------------------------------------------------------------------------
2024-12-09 02:58:51   Running postprocessing.

                      ------------------------------------------------------------------------------
2024-12-09 02:59:05   Postprocessing finished.

                      ------------------------------------------------------------------------------
2024-12-09 02:59:06   Creating parametric 1D results for Run ID 1

                      ------------------------------------------------------------------------------
