Port monitor named: Port1_h1(#0000).prt

nx        = 32
ny        = 60
nz        = 32

nu        = 15
nv        = 21
iu        = 11
iv        = 1

idir      = 1
dcut      = 2.299552e-002
icut      = 53
type      = 1
frequency = 5.815000e+009

fcutoff   = 0.000000e+000
alpha     = 0.000000e+000
beta      = 1.992747e+002
accuracy  = 8.277170e-011

type          = QTEM
wave imp.     = 2.335085e+002
wave imp.sig. = 0.000000e+000
line imp.     = 6.252032e+001

ref. port     = 0

-0.000000e+000  1.173782e-001  1.830836e-001  -0.000000e+000  -0.000000e+000  2.027710e-001  1.785781e-001  9.827762e-002  5.116978e-002  1.938227e-002  8.515914e-003  4.247126e-003  2.398288e-003  1.601791e-003  1.377009e-003  
-0.000000e+000  3.539574e-001  5.580596e-001  -0.000000e+000  -0.000000e+000  6.151203e-001  5.363486e-001  2.945097e-001  1.533025e-001  5.808932e-002  2.553011e-002  1.273487e-002  7.193161e-003  4.804344e-003  4.129578e-003  
-0.000000e+000  9.487816e-001  1.546625e+000  -0.000000e+000  -0.000000e+000  1.680296e+000  1.420561e+000  7.747061e-001  4.029605e-001  1.528607e-001  6.724676e-002  3.356466e-002  1.896579e-002  1.267083e-002  1.089218e-002  
-0.000000e+000  2.086350e+000  4.287756e+000  -0.000000e+000  -0.000000e+000  4.262925e+000  2.889803e+000  1.498758e+000  7.756794e-001  2.969317e-001  1.316202e-001  6.601484e-002  3.741776e-002  2.504659e-002  2.154591e-002  
-0.000000e+000  3.991203e+000  9.190614e+000  1.692058e+001  1.677796e+001  1.059991e+001  5.387609e+000  2.605199e+000  1.350510e+000  5.295204e-001  2.388852e-001  1.211422e-001  6.914832e-002  4.648864e-002  4.005497e-002  
-0.000000e+000  2.395798e+000  4.661467e+000  6.300499e+000  6.328880e+000  5.878967e+000  4.316644e+000  2.662161e+000  1.615129e+000  7.186879e-001  3.478374e-001  1.838713e-001  1.077353e-001  7.361256e-002  6.380086e-002  
-0.000000e+000  1.239910e+000  2.314989e+000  3.028742e+000  3.051242e+000  3.216830e+000  2.880386e+000  2.146515e+000  1.503926e+000  7.683069e-001  4.040893e-001  2.250527e-001  1.364660e-001  9.529018e-002  8.325051e-002  
-0.000000e+000  6.393401e-001  1.195829e+000  1.596509e+000  1.612010e+000  1.809171e+000  1.823549e+000  1.566607e+000  1.237155e+000  7.236998e-001  4.156438e-001  2.454935e-001  1.549900e-001  1.110934e-001  9.800042e-002  
-0.000000e+000  3.466739e-001  6.560976e-001  8.974802e-001  9.077265e-001  1.059358e+000  1.150263e+000  1.094733e+000  9.482936e-001  6.270737e-001  3.925182e-001  2.464737e-001  1.626232e-001  1.200329e-001  1.070484e-001  
-0.000000e+000  2.046170e-001  3.913813e-001  5.453449e-001  5.522179e-001  6.611504e-001  7.528959e-001  7.686221e-001  7.116669e-001  5.205141e-001  3.514291e-001  2.335769e-001  1.608172e-001  1.221787e-001  1.101451e-001  
-0.000000e+000  1.284722e-001  2.477314e-001  3.498458e-001  3.545519e-001  4.321457e-001  5.085827e-001  5.459595e-001  5.312300e-001  4.223396e-001  3.046171e-001  2.131922e-001  1.527346e-001  1.192466e-001  1.086036e-001  
-0.000000e+000  8.384054e-002  1.626422e-001  2.319515e-001  2.352162e-001  2.904420e-001  3.500742e-001  3.900711e-001  3.943227e-001  3.362126e-001  2.570442e-001  1.885932e-001  1.402308e-001  1.123385e-001  1.033002e-001  
-0.000000e+000  5.702261e-002  1.110936e-001  1.595502e-001  1.618673e-001  2.017347e-001  2.473420e-001  2.831707e-001  2.945915e-001  2.657094e-001  2.133469e-001  1.630817e-001  1.253195e-001  1.027207e-001  9.526706e-002  
-0.000000e+000  3.985892e-002  7.790065e-002  1.124598e-001  1.141304e-001  1.432214e-001  1.778426e-001  2.077982e-001  2.210352e-001  2.086862e-001  1.746283e-001  1.382936e-001  1.093754e-001  9.147134e-002  8.547013e-002  
-0.000000e+000  2.816143e-002  5.517041e-002  7.995795e-002  8.116599e-002  1.023874e-001  1.283722e-001  1.523695e-001  1.649433e-001  1.616655e-001  1.400925e-001  1.143871e-001  9.277096e-002  7.896014e-002  7.426201e-002  
-0.000000e+000  1.970997e-002  3.868486e-002  5.623645e-002  5.709723e-002  7.231951e-002  9.136203e-002  1.097956e-001  1.205497e-001  1.218724e-001  1.087956e-001  9.121250e-002  7.561458e-002  6.535106e-002  6.181170e-002  
-0.000000e+000  1.335917e-002  2.625704e-002  3.825868e-002  3.885005e-002  4.936104e-002  6.272124e-002  7.610308e-002  8.449147e-002  8.756452e-002  8.009512e-002  6.864115e-002  5.795472e-002  5.073332e-002  4.821263e-002  
-0.000000e+000  8.497017e-003  1.671722e-002  2.439830e-002  2.477806e-002  3.155128e-002  4.025639e-002  4.918100e-002  5.504222e-002  5.808820e-002  5.410320e-002  4.713677e-002  4.035144e-002  3.566557e-002  3.401394e-002  
-0.000000e+000  4.724175e-003  9.299917e-003  1.358615e-002  1.379848e-002  1.759340e-002  2.250254e-002  2.760387e-002  3.104317e-002  3.312273e-002  3.119360e-002  2.745397e-002  2.370273e-002  2.107486e-002  2.014273e-002  
-0.000000e+000  1.528836e-003  3.010484e-003  4.400033e-003  4.468933e-003  5.701577e-003  7.301080e-003  8.973871e-003  1.011554e-002  1.085073e-002  1.027400e-002  9.087236e-003  7.878310e-003  7.025209e-003  6.721640e-003  
-0.000000e+000  -0.000000e+000  -0.000000e+000  -0.000000e+000  -0.000000e+000  -0.000000e+000  -0.000000e+000  -0.000000e+000  -0.000000e+000  -0.000000e+000  -0.000000e+000  -0.000000e+000  -0.000000e+000  -0.000000e+000  -0.000000e+000  

2.221730e+001  2.346129e+001  2.540270e+001  -0.000000e+000  -1.024876e+001  -7.692922e+000  -4.616515e+000  -2.704099e+000  -1.282146e+000  -5.893188e-001  -2.915598e-001  -1.480151e-001  -7.038844e-002  -2.083790e-002  -0.000000e+000  
2.219417e+001  2.344780e+001  2.543591e+001  -0.000000e+000  -1.028930e+001  -7.690525e+000  -4.608838e+000  -2.699603e+000  -1.280571e+000  -5.888053e-001  -2.913674e-001  -1.479355e-001  -7.035540e-002  -2.082876e-002  -0.000000e+000  
2.212443e+001  2.340599e+001  2.553721e+001  -0.000000e+000  -1.041226e+001  -7.682507e+000  -4.585706e+000  -2.686125e+000  -1.275852e+000  -5.872668e-001  -2.907910e-001  -1.476970e-001  -7.025630e-002  -2.080134e-002  -0.000000e+000  
2.139251e+001  2.292999e+001  2.663918e+001  -0.000000e+000  -1.172759e+001  -7.572422e+000  -4.343399e+000  -2.547074e+000  -1.227295e+000  -5.714194e-001  -2.848463e-001  -1.452358e-001  -6.923325e-002  -2.051818e-002  -0.000000e+000  
1.979146e+001  2.123710e+001  2.496535e+001  -0.000000e+000  -1.264125e+001  -6.904646e+000  -3.818125e+000  -2.276575e+000  -1.134539e+000  -5.409002e-001  -2.732964e-001  -1.404252e-001  -6.722655e-002  -1.996183e-002  -0.000000e+000  
1.199380e+001  1.112515e+001  8.674739e+000  5.669379e+000  2.829274e+000  -1.690241e-001  -1.115805e+000  -1.079683e+000  -7.304841e-001  -4.047056e-001  -2.206564e-001  -1.181974e-001  -5.787914e-002  -1.736053e-002  -0.000000e+000  
7.168525e+000  6.528859e+000  5.229421e+000  4.272592e+000  3.372655e+000  1.669553e+000  4.038564e-001  -1.229592e-001  -3.043649e-001  -2.359366e-001  -1.491363e-001  -8.631451e-002  -4.404881e-002  -1.345599e-002  -0.000000e+000  
4.548103e+000  4.215052e+000  3.590642e+000  3.165457e+000  2.776867e+000  1.894323e+000  9.853022e-001  4.132562e-001  2.446061e-002  -7.787610e-002  -7.398942e-002  -5.037544e-002  -2.780193e-002  -8.779543e-003  -0.000000e+000  
3.011714e+000  2.845706e+000  2.536505e+000  2.322765e+000  2.134657e+000  1.671456e+000  1.103182e+000  6.488354e-001  2.431395e-001  5.409856e-002  -2.220220e-003  -1.305519e-002  -1.006489e-002  -3.551618e-003  -0.000000e+000  
2.110836e+000  2.021830e+000  1.854009e+000  1.734903e+000  1.634603e+000  1.375982e+000  1.024980e+000  6.978584e-001  3.537393e-001  1.432421e-001  5.439454e-002  1.933898e-002  6.242859e-003  1.388762e-003  -0.000000e+000  
1.569903e+000  1.516745e+000  1.415237e+000  1.341697e+000  1.282570e+000  1.125716e+000  8.992385e-001  6.658843e-001  3.928895e-001  1.934034e-001  9.260196e-002  4.359116e-002  1.922039e-002  5.435574e-003  -0.000000e+000  
1.202820e+000  1.168933e+000  1.103564e+000  1.055498e+000  1.018699e+000  9.192394e-001  7.694839e-001  6.037566e-001  3.944143e-001  2.188902e-001  1.177426e-001  6.161604e-002  2.953375e-002  8.752418e-003  -0.000000e+000  
9.446197e-001  9.217798e-001  8.773893e-001  8.444121e-001  8.204019e-001  7.547360e-001  6.529748e-001  5.344095e-001  3.758746e-001  2.274275e-001  1.323737e-001  7.399924e-002  3.720857e-002  1.130859e-002  -0.000000e+000  
7.663415e-001  7.499473e-001  7.179152e-001  6.939566e-001  6.773336e-001  6.315635e-001  5.592586e-001  4.718948e-001  3.501145e-001  2.257455e-001  1.391070e-001  8.145861e-002  4.232272e-002  1.308236e-002  -0.000000e+000  
6.338554e-001  6.216301e-001  5.976486e-001  5.796266e-001  5.677058e-001  5.347692e-001  4.820385e-001  4.165606e-001  3.222480e-001  2.186552e-001  1.410506e-001  8.570807e-002  4.569607e-002  1.431357e-002  -0.000000e+000  
5.349764e-001  5.255257e-001  5.069310e-001  4.929105e-001  4.840600e-001  4.595787e-001  4.200260e-001  3.698811e-001  2.957330e-001  2.091224e-001  1.400182e-001  8.767377e-002  4.773159e-002  1.511195e-002  -0.000000e+000  
4.588496e-001  4.513407e-001  4.365314e-001  4.253378e-001  4.185924e-001  3.999434e-001  3.696275e-001  3.305582e-001  2.715054e-001  1.987203e-001  1.372786e-001  8.815499e-002  4.884342e-002  1.560330e-002  -0.000000e+000  
4.034025e-001  3.972036e-001  3.849559e-001  3.756836e-001  3.703289e-001  3.555519e-001  3.314388e-001  2.999747e-001  2.515695e-001  1.891861e-001  1.339602e-001  8.775729e-002  4.930188e-002  1.586166e-002  -0.000000e+000  
3.669825e-001  3.615971e-001  3.509434e-001  3.428696e-001  3.383642e-001  3.259568e-001  3.056690e-001  2.789675e-001  2.373565e-001  1.819218e-001  1.310722e-001  8.707729e-002  4.939819e-002  1.597172e-002  -0.000000e+000  
3.478358e-001  3.428638e-001  3.330211e-001  3.255578e-001  3.214792e-001  3.102637e-001  2.919085e-001  2.676346e-001  2.295254e-001  1.777715e-001  1.293126e-001  8.657311e-002  4.937527e-002  1.600783e-002  -0.000000e+000  
3.415771e-001  3.367381e-001  3.271562e-001  3.198895e-001  3.159473e-001  3.051131e-001  2.873773e-001  2.638847e-001  2.269085e-001  1.763612e-001  1.286977e-001  8.638382e-002  4.935535e-002  1.601593e-002  -0.000000e+000  

0.000000e+000  0.000000e+000  0.000000e+000  0.000000e+000  0.000000e+000  0.000000e+000  0.000000e+000  0.000000e+000  0.000000e+000  0.000000e+000  0.000000e+000  0.000000e+000  0.000000e+000  0.000000e+000  0.000000e+000  
0.000000e+000  0.000000e+000  0.000000e+000  0.000000e+000  0.000000e+000  0.000000e+000  0.000000e+000  0.000000e+000  0.000000e+000  0.000000e+000  0.000000e+000  0.000000e+000  0.000000e+000  0.000000e+000  0.000000e+000  
0.000000e+000  0.000000e+000  0.000000e+000  0.000000e+000  0.000000e+000  0.000000e+000  0.000000e+000  0.000000e+000  0.000000e+000  0.000000e+000  0.000000e+000  0.000000e+000  0.000000e+000  0.000000e+000  0.000000e+000  
0.000000e+000  0.000000e+000  0.000000e+000  0.000000e+000  0.000000e+000  0.000000e+000  0.000000e+000  0.000000e+000  0.000000e+000  0.000000e+000  0.000000e+000  0.000000e+000  0.000000e+000  0.000000e+000  0.000000e+000  
0.000000e+000  0.000000e+000  0.000000e+000  0.000000e+000  0.000000e+000  0.000000e+000  0.000000e+000  0.000000e+000  0.000000e+000  0.000000e+000  0.000000e+000  0.000000e+000  0.000000e+000  0.000000e+000  0.000000e+000  
0.000000e+000  0.000000e+000  0.000000e+000  0.000000e+000  0.000000e+000  0.000000e+000  0.000000e+000  0.000000e+000  0.000000e+000  0.000000e+000  0.000000e+000  0.000000e+000  0.000000e+000  0.000000e+000  0.000000e+000  
0.000000e+000  0.000000e+000  0.000000e+000  0.000000e+000  0.000000e+000  0.000000e+000  0.000000e+000  0.000000e+000  0.000000e+000  0.000000e+000  0.000000e+000  0.000000e+000  0.000000e+000  0.000000e+000  0.000000e+000  
0.000000e+000  0.000000e+000  0.000000e+000  0.000000e+000  0.000000e+000  0.000000e+000  0.000000e+000  0.000000e+000  0.000000e+000  0.000000e+000  0.000000e+000  0.000000e+000  0.000000e+000  0.000000e+000  0.000000e+000  
0.000000e+000  0.000000e+000  0.000000e+000  0.000000e+000  0.000000e+000  0.000000e+000  0.000000e+000  0.000000e+000  0.000000e+000  0.000000e+000  0.000000e+000  0.000000e+000  0.000000e+000  0.000000e+000  0.000000e+000  
0.000000e+000  0.000000e+000  0.000000e+000  0.000000e+000  0.000000e+000  0.000000e+000  0.000000e+000  0.000000e+000  0.000000e+000  0.000000e+000  0.000000e+000  0.000000e+000  0.000000e+000  0.000000e+000  0.000000e+000  
0.000000e+000  0.000000e+000  0.000000e+000  0.000000e+000  0.000000e+000  0.000000e+000  0.000000e+000  0.000000e+000  0.000000e+000  0.000000e+000  0.000000e+000  0.000000e+000  0.000000e+000  0.000000e+000  0.000000e+000  
0.000000e+000  0.000000e+000  0.000000e+000  0.000000e+000  0.000000e+000  0.000000e+000  0.000000e+000  0.000000e+000  0.000000e+000  0.000000e+000  0.000000e+000  0.000000e+000  0.000000e+000  0.000000e+000  0.000000e+000  
0.000000e+000  0.000000e+000  0.000000e+000  0.000000e+000  0.000000e+000  0.000000e+000  0.000000e+000  0.000000e+000  0.000000e+000  0.000000e+000  0.000000e+000  0.000000e+000  0.000000e+000  0.000000e+000  0.000000e+000  
0.000000e+000  0.000000e+000  0.000000e+000  0.000000e+000  0.000000e+000  0.000000e+000  0.000000e+000  0.000000e+000  0.000000e+000  0.000000e+000  0.000000e+000  0.000000e+000  0.000000e+000  0.000000e+000  0.000000e+000  
0.000000e+000  0.000000e+000  0.000000e+000  0.000000e+000  0.000000e+000  0.000000e+000  0.000000e+000  0.000000e+000  0.000000e+000  0.000000e+000  0.000000e+000  0.000000e+000  0.000000e+000  0.000000e+000  0.000000e+000  
0.000000e+000  0.000000e+000  0.000000e+000  0.000000e+000  0.000000e+000  0.000000e+000  0.000000e+000  0.000000e+000  0.000000e+000  0.000000e+000  0.000000e+000  0.000000e+000  0.000000e+000  0.000000e+000  0.000000e+000  
0.000000e+000  0.000000e+000  0.000000e+000  0.000000e+000  0.000000e+000  0.000000e+000  0.000000e+000  0.000000e+000  0.000000e+000  0.000000e+000  0.000000e+000  0.000000e+000  0.000000e+000  0.000000e+000  0.000000e+000  
0.000000e+000  0.000000e+000  0.000000e+000  0.000000e+000  0.000000e+000  0.000000e+000  0.000000e+000  0.000000e+000  0.000000e+000  0.000000e+000  0.000000e+000  0.000000e+000  0.000000e+000  0.000000e+000  0.000000e+000  
0.000000e+000  0.000000e+000  0.000000e+000  0.000000e+000  0.000000e+000  0.000000e+000  0.000000e+000  0.000000e+000  0.000000e+000  0.000000e+000  0.000000e+000  0.000000e+000  0.000000e+000  0.000000e+000  0.000000e+000  
0.000000e+000  0.000000e+000  0.000000e+000  0.000000e+000  0.000000e+000  0.000000e+000  0.000000e+000  0.000000e+000  0.000000e+000  0.000000e+000  0.000000e+000  0.000000e+000  0.000000e+000  0.000000e+000  0.000000e+000  
0.000000e+000  0.000000e+000  0.000000e+000  0.000000e+000  0.000000e+000  0.000000e+000  0.000000e+000  0.000000e+000  0.000000e+000  0.000000e+000  0.000000e+000  0.000000e+000  0.000000e+000  0.000000e+000  0.000000e+000  

0.000000e+000  0.000000e+000  0.000000e+000  0.000000e+000  0.000000e+000  0.000000e+000  0.000000e+000  0.000000e+000  0.000000e+000  0.000000e+000  0.000000e+000  0.000000e+000  0.000000e+000  0.000000e+000  0.000000e+000  
0.000000e+000  0.000000e+000  0.000000e+000  0.000000e+000  0.000000e+000  0.000000e+000  0.000000e+000  0.000000e+000  0.000000e+000  0.000000e+000  0.000000e+000  0.000000e+000  0.000000e+000  0.000000e+000  0.000000e+000  
0.000000e+000  0.000000e+000  0.000000e+000  0.000000e+000  0.000000e+000  0.000000e+000  0.000000e+000  0.000000e+000  0.000000e+000  0.000000e+000  0.000000e+000  0.000000e+000  0.000000e+000  0.000000e+000  0.000000e+000  
0.000000e+000  0.000000e+000  0.000000e+000  0.000000e+000  0.000000e+000  0.000000e+000  0.000000e+000  0.000000e+000  0.000000e+000  0.000000e+000  0.000000e+000  0.000000e+000  0.000000e+000  0.000000e+000  0.000000e+000  
0.000000e+000  0.000000e+000  0.000000e+000  0.000000e+000  0.000000e+000  0.000000e+000  0.000000e+000  0.000000e+000  0.000000e+000  0.000000e+000  0.000000e+000  0.000000e+000  0.000000e+000  0.000000e+000  0.000000e+000  
0.000000e+000  0.000000e+000  0.000000e+000  0.000000e+000  0.000000e+000  0.000000e+000  0.000000e+000  0.000000e+000  0.000000e+000  0.000000e+000  0.000000e+000  0.000000e+000  0.000000e+000  0.000000e+000  0.000000e+000  
0.000000e+000  0.000000e+000  0.000000e+000  0.000000e+000  0.000000e+000  0.000000e+000  0.000000e+000  0.000000e+000  0.000000e+000  0.000000e+000  0.000000e+000  0.000000e+000  0.000000e+000  0.000000e+000  0.000000e+000  
0.000000e+000  0.000000e+000  0.000000e+000  0.000000e+000  0.000000e+000  0.000000e+000  0.000000e+000  0.000000e+000  0.000000e+000  0.000000e+000  0.000000e+000  0.000000e+000  0.000000e+000  0.000000e+000  0.000000e+000  
0.000000e+000  0.000000e+000  0.000000e+000  0.000000e+000  0.000000e+000  0.000000e+000  0.000000e+000  0.000000e+000  0.000000e+000  0.000000e+000  0.000000e+000  0.000000e+000  0.000000e+000  0.000000e+000  0.000000e+000  
0.000000e+000  0.000000e+000  0.000000e+000  0.000000e+000  0.000000e+000  0.000000e+000  0.000000e+000  0.000000e+000  0.000000e+000  0.000000e+000  0.000000e+000  0.000000e+000  0.000000e+000  0.000000e+000  0.000000e+000  
0.000000e+000  0.000000e+000  0.000000e+000  0.000000e+000  0.000000e+000  0.000000e+000  0.000000e+000  0.000000e+000  0.000000e+000  0.000000e+000  0.000000e+000  0.000000e+000  0.000000e+000  0.000000e+000  0.000000e+000  
0.000000e+000  0.000000e+000  0.000000e+000  0.000000e+000  0.000000e+000  0.000000e+000  0.000000e+000  0.000000e+000  0.000000e+000  0.000000e+000  0.000000e+000  0.000000e+000  0.000000e+000  0.000000e+000  0.000000e+000  
0.000000e+000  0.000000e+000  0.000000e+000  0.000000e+000  0.000000e+000  0.000000e+000  0.000000e+000  0.000000e+000  0.000000e+000  0.000000e+000  0.000000e+000  0.000000e+000  0.000000e+000  0.000000e+000  0.000000e+000  
0.000000e+000  0.000000e+000  0.000000e+000  0.000000e+000  0.000000e+000  0.000000e+000  0.000000e+000  0.000000e+000  0.000000e+000  0.000000e+000  0.000000e+000  0.000000e+000  0.000000e+000  0.000000e+000  0.000000e+000  
0.000000e+000  0.000000e+000  0.000000e+000  0.000000e+000  0.000000e+000  0.000000e+000  0.000000e+000  0.000000e+000  0.000000e+000  0.000000e+000  0.000000e+000  0.000000e+000  0.000000e+000  0.000000e+000  0.000000e+000  
0.000000e+000  0.000000e+000  0.000000e+000  0.000000e+000  0.000000e+000  0.000000e+000  0.000000e+000  0.000000e+000  0.000000e+000  0.000000e+000  0.000000e+000  0.000000e+000  0.000000e+000  0.000000e+000  0.000000e+000  
0.000000e+000  0.000000e+000  0.000000e+000  0.000000e+000  0.000000e+000  0.000000e+000  0.000000e+000  0.000000e+000  0.000000e+000  0.000000e+000  0.000000e+000  0.000000e+000  0.000000e+000  0.000000e+000  0.000000e+000  
0.000000e+000  0.000000e+000  0.000000e+000  0.000000e+000  0.000000e+000  0.000000e+000  0.000000e+000  0.000000e+000  0.000000e+000  0.000000e+000  0.000000e+000  0.000000e+000  0.000000e+000  0.000000e+000  0.000000e+000  
0.000000e+000  0.000000e+000  0.000000e+000  0.000000e+000  0.000000e+000  0.000000e+000  0.000000e+000  0.000000e+000  0.000000e+000  0.000000e+000  0.000000e+000  0.000000e+000  0.000000e+000  0.000000e+000  0.000000e+000  
0.000000e+000  0.000000e+000  0.000000e+000  0.000000e+000  0.000000e+000  0.000000e+000  0.000000e+000  0.000000e+000  0.000000e+000  0.000000e+000  0.000000e+000  0.000000e+000  0.000000e+000  0.000000e+000  0.000000e+000  
0.000000e+000  0.000000e+000  0.000000e+000  0.000000e+000  0.000000e+000  0.000000e+000  0.000000e+000  0.000000e+000  0.000000e+000  0.000000e+000  0.000000e+000  0.000000e+000  0.000000e+000  0.000000e+000  0.000000e+000  

0.000000e+000  0.000000e+000  0.000000e+000  0.000000e+000  0.000000e+000  0.000000e+000  0.000000e+000  0.000000e+000  0.000000e+000  0.000000e+000  0.000000e+000  0.000000e+000  0.000000e+000  0.000000e+000  0.000000e+000  
0.000000e+000  0.000000e+000  0.000000e+000  0.000000e+000  0.000000e+000  0.000000e+000  0.000000e+000  0.000000e+000  0.000000e+000  0.000000e+000  0.000000e+000  0.000000e+000  0.000000e+000  0.000000e+000  0.000000e+000  
0.000000e+000  0.000000e+000  0.000000e+000  0.000000e+000  0.000000e+000  0.000000e+000  0.000000e+000  0.000000e+000  0.000000e+000  0.000000e+000  0.000000e+000  0.000000e+000  0.000000e+000  0.000000e+000  0.000000e+000  
0.000000e+000  0.000000e+000  0.000000e+000  0.000000e+000  0.000000e+000  0.000000e+000  0.000000e+000  0.000000e+000  0.000000e+000  0.000000e+000  0.000000e+000  0.000000e+000  0.000000e+000  0.000000e+000  0.000000e+000  
0.000000e+000  0.000000e+000  0.000000e+000  0.000000e+000  0.000000e+000  0.000000e+000  0.000000e+000  0.000000e+000  0.000000e+000  0.000000e+000  0.000000e+000  0.000000e+000  0.000000e+000  0.000000e+000  0.000000e+000  
0.000000e+000  0.000000e+000  0.000000e+000  0.000000e+000  0.000000e+000  0.000000e+000  0.000000e+000  0.000000e+000  0.000000e+000  0.000000e+000  0.000000e+000  0.000000e+000  0.000000e+000  0.000000e+000  0.000000e+000  
0.000000e+000  0.000000e+000  0.000000e+000  0.000000e+000  0.000000e+000  0.000000e+000  0.000000e+000  0.000000e+000  0.000000e+000  0.000000e+000  0.000000e+000  0.000000e+000  0.000000e+000  0.000000e+000  0.000000e+000  
0.000000e+000  0.000000e+000  0.000000e+000  0.000000e+000  0.000000e+000  0.000000e+000  0.000000e+000  0.000000e+000  0.000000e+000  0.000000e+000  0.000000e+000  0.000000e+000  0.000000e+000  0.000000e+000  0.000000e+000  
0.000000e+000  0.000000e+000  0.000000e+000  0.000000e+000  0.000000e+000  0.000000e+000  0.000000e+000  0.000000e+000  0.000000e+000  0.000000e+000  0.000000e+000  0.000000e+000  0.000000e+000  0.000000e+000  0.000000e+000  
0.000000e+000  0.000000e+000  0.000000e+000  0.000000e+000  0.000000e+000  0.000000e+000  0.000000e+000  0.000000e+000  0.000000e+000  0.000000e+000  0.000000e+000  0.000000e+000  0.000000e+000  0.000000e+000  0.000000e+000  
0.000000e+000  0.000000e+000  0.000000e+000  0.000000e+000  0.000000e+000  0.000000e+000  0.000000e+000  0.000000e+000  0.000000e+000  0.000000e+000  0.000000e+000  0.000000e+000  0.000000e+000  0.000000e+000  0.000000e+000  
0.000000e+000  0.000000e+000  0.000000e+000  0.000000e+000  0.000000e+000  0.000000e+000  0.000000e+000  0.000000e+000  0.000000e+000  0.000000e+000  0.000000e+000  0.000000e+000  0.000000e+000  0.000000e+000  0.000000e+000  
0.000000e+000  0.000000e+000  0.000000e+000  0.000000e+000  0.000000e+000  0.000000e+000  0.000000e+000  0.000000e+000  0.000000e+000  0.000000e+000  0.000000e+000  0.000000e+000  0.000000e+000  0.000000e+000  0.000000e+000  
0.000000e+000  0.000000e+000  0.000000e+000  0.000000e+000  0.000000e+000  0.000000e+000  0.000000e+000  0.000000e+000  0.000000e+000  0.000000e+000  0.000000e+000  0.000000e+000  0.000000e+000  0.000000e+000  0.000000e+000  
0.000000e+000  0.000000e+000  0.000000e+000  0.000000e+000  0.000000e+000  0.000000e+000  0.000000e+000  0.000000e+000  0.000000e+000  0.000000e+000  0.000000e+000  0.000000e+000  0.000000e+000  0.000000e+000  0.000000e+000  
0.000000e+000  0.000000e+000  0.000000e+000  0.000000e+000  0.000000e+000  0.000000e+000  0.000000e+000  0.000000e+000  0.000000e+000  0.000000e+000  0.000000e+000  0.000000e+000  0.000000e+000  0.000000e+000  0.000000e+000  
0.000000e+000  0.000000e+000  0.000000e+000  0.000000e+000  0.000000e+000  0.000000e+000  0.000000e+000  0.000000e+000  0.000000e+000  0.000000e+000  0.000000e+000  0.000000e+000  0.000000e+000  0.000000e+000  0.000000e+000  
0.000000e+000  0.000000e+000  0.000000e+000  0.000000e+000  0.000000e+000  0.000000e+000  0.000000e+000  0.000000e+000  0.000000e+000  0.000000e+000  0.000000e+000  0.000000e+000  0.000000e+000  0.000000e+000  0.000000e+000  
0.000000e+000  0.000000e+000  0.000000e+000  0.000000e+000  0.000000e+000  0.000000e+000  0.000000e+000  0.000000e+000  0.000000e+000  0.000000e+000  0.000000e+000  0.000000e+000  0.000000e+000  0.000000e+000  0.000000e+000  
0.000000e+000  0.000000e+000  0.000000e+000  0.000000e+000  0.000000e+000  0.000000e+000  0.000000e+000  0.000000e+000  0.000000e+000  0.000000e+000  0.000000e+000  0.000000e+000  0.000000e+000  0.000000e+000  0.000000e+000  
0.000000e+000  0.000000e+000  0.000000e+000  0.000000e+000  0.000000e+000  0.000000e+000  0.000000e+000  0.000000e+000  0.000000e+000  0.000000e+000  0.000000e+000  0.000000e+000  0.000000e+000  0.000000e+000  0.000000e+000  

-5.372555e-002  -5.883496e-002  -6.650124e-002  -0.000000e+000  -5.781487e-002  -4.384445e-002  -2.690721e-002  -1.619611e-002  -8.037855e-003  -3.889528e-003  -2.020216e-003  -1.070582e-003  -5.262163e-004  -1.586524e-004  -0.000000e+000  
-1.609902e-001  -1.764085e-001  -1.997693e-001  -0.000000e+000  -1.738882e-001  -1.315094e-001  -8.063931e-002  -4.853962e-002  -2.409615e-002  -1.166277e-002  -6.058417e-003  -3.210803e-003  -1.578252e-003  -4.758467e-004  -0.000000e+000  
-4.234100e-001  -4.648302e-001  -5.295150e-001  -0.000000e+000  -4.626640e-001  -3.469112e-001  -2.121764e-001  -1.277249e-001  -6.346112e-002  -3.073717e-002  -1.597340e-002  -8.467449e-003  -4.162662e-003  -1.255125e-003  -0.000000e+000  
-8.183587e-001  -9.110397e-001  -1.089387e+000  -0.000000e+000  -9.791855e-001  -6.857007e-001  -4.115848e-001  -2.479925e-001  -1.240814e-001  -6.042683e-002  -3.150168e-002  -1.672916e-002  -8.232429e-003  -2.483364e-003  -0.000000e+000  
-1.428395e+000  -1.618727e+000  -2.067787e+000  -2.451182e+000  -1.962650e+000  -1.238165e+000  -7.267059e-001  -4.412939e-001  -2.246646e-001  -1.107811e-001  -5.816496e-002  -3.101506e-002  -1.529714e-002  -4.619201e-003  -0.000000e+000  
-1.614884e+000  -1.700608e+000  -1.860378e+000  -1.944007e+000  -1.742758e+000  -1.316017e+000  -8.889783e-001  -5.887108e-001  -3.242667e-001  -1.676341e-001  -9.035166e-002  -4.890540e-002  -2.432319e-002  -7.372537e-003  -0.000000e+000  
-1.481103e+000  -1.502900e+000  -1.535469e+000  -1.539897e+000  -1.432335e+000  -1.180208e+000  -8.796053e-001  -6.282523e-001  -3.753197e-001  -2.049264e-001  -1.140961e-001  -6.296855e-002  -3.166728e-002  -9.647596e-003  -0.000000e+000  
-1.248341e+000  -1.244387e+000  -1.231677e+000  -1.213353e+000  -1.150416e+000  -9.964493e-001  -7.942291e-001  -6.026740e-001  -3.878961e-001  -2.240293e-001  -1.292788e-001  -7.296815e-002  -3.718495e-002  -1.139865e-002  -0.000000e+000  
-1.010645e+000  -9.995202e-001  -9.756070e-001  -9.538603e-001  -9.150261e-001  -8.176052e-001  -6.820713e-001  -5.420628e-001  -3.716894e-001  -2.264194e-001  -1.355135e-001  -7.834977e-002  -4.051642e-002  -1.250645e-002  -0.000000e+000  
-8.128725e-001  -8.014058e-001  -7.779853e-001  -7.586207e-001  -7.331679e-001  -6.682672e-001  -5.746767e-001  -4.722205e-001  -3.400909e-001  -2.167779e-001  -1.340924e-001  -7.930881e-002  -4.159995e-002  -1.292928e-002  -0.000000e+000  
-6.541896e-001  -6.442331e-001  -6.242509e-001  -6.083355e-001  -5.909540e-001  -5.461271e-001  -4.798761e-001  -4.043095e-001  -3.025924e-001  -2.003721e-001  -1.275960e-001  -7.704237e-002  -4.094953e-002  -1.280964e-002  -0.000000e+000  
-5.246025e-001  -5.164977e-001  -5.003528e-001  -4.877230e-001  -4.755729e-001  -4.439828e-001  -3.964611e-001  -3.405902e-001  -2.628798e-001  -1.798226e-001  -1.174963e-001  -7.229468e-002  -3.890209e-002  -1.224336e-002  -0.000000e+000  
-4.215018e-001  -4.150529e-001  -4.022480e-001  -3.923225e-001  -3.835924e-001  -3.607691e-001  -3.260047e-001  -2.842265e-001  -2.246748e-001  -1.578121e-001  -1.053774e-001  -6.590357e-002  -3.584894e-002  -1.134351e-002  -0.000000e+000  
-3.380998e-001  -3.330219e-001  -3.229536e-001  -3.151888e-001  -3.088043e-001  -2.920510e-001  -2.663012e-001  -2.348458e-001  -1.891538e-001  -1.357677e-001  -9.232347e-002  -5.854992e-002  -3.214882e-002  -1.022070e-002  -0.000000e+000  
-2.680087e-001  -2.640668e-001  -2.562552e-001  -2.502488e-001  -2.455636e-001  -2.332392e-001  -2.141712e-001  -1.905862e-001  -1.558155e-001  -1.138480e-001  -7.861372e-002  -5.045359e-002  -2.792888e-002  -8.915576e-003  -0.000000e+000  
-2.067852e-001  -2.038056e-001  -1.979016e-001  -1.933704e-001  -1.899832e-001  -1.810588e-001  -1.671835e-001  -1.498544e-001  -1.240018e-001  -9.195081e-002  -6.432062e-002  -4.170388e-002  -2.324770e-002  -7.447684e-003  -0.000000e+000  
-1.518081e-001  -1.496601e-001  -1.454036e-001  -1.421407e-001  -1.397823e-001  -1.335624e-001  -1.238580e-001  -1.116487e-001  -9.326543e-002  -6.998177e-002  -4.947116e-002  -3.234630e-002  -1.813634e-002  -5.827433e-003  -0.000000e+000  
-1.024792e-001  -1.010495e-001  -9.821611e-002  -9.604562e-002  -9.451474e-002  -9.047532e-002  -8.415800e-002  -7.616935e-002  -6.406130e-002  -4.848488e-002  -3.454194e-002  -2.272647e-002  -1.279805e-002  -4.121332e-003  -0.000000e+000  
-5.909719e-002  -5.827996e-002  -5.666020e-002  -5.541989e-002  -5.455793e-002  -5.228303e-002  -4.872056e-002  -4.420202e-002  -3.732647e-002  -2.839784e-002  -2.032702e-002  -1.342502e-002  -7.580235e-003  -2.444383e-003  -0.000000e+000  
-1.946950e-002  -1.920143e-002  -1.867009e-002  -1.826330e-002  -1.798261e-002  -1.724176e-002  -1.608087e-002  -1.460633e-002  -1.235837e-002  -9.425860e-003  -6.762436e-003  -4.474561e-003  -2.529776e-003  -8.163160e-004  -0.000000e+000  
-0.000000e+000  -0.000000e+000  -0.000000e+000  -0.000000e+000  -0.000000e+000  -0.000000e+000  -0.000000e+000  -0.000000e+000  -0.000000e+000  -0.000000e+000  -0.000000e+000  -0.000000e+000  -0.000000e+000  -0.000000e+000  -0.000000e+000  

