Port monitor named: Port1_e1(#0000).prt

nx        = 32
ny        = 60
nz        = 32

nu        = 15
nv        = 21
iu        = 11
iv        = 1

idir      = 1
dcut      = 2.299552e-002
icut      = 53
type      = 0
frequency = 5.815000e+009

fcutoff   = 0.000000e+000
alpha     = 0.000000e+000
beta      = 1.992747e+002
accuracy  = 8.277170e-011

type          = QTEM
wave imp.     = 2.335085e+002
wave imp.sig. = 0.000000e+000
line imp.     = 6.252032e+001

ref. port     = 0

-5.076056e+003  -5.400442e+003  -5.900808e+003  0.000000e+000  2.577481e+003  1.905795e+003  1.105143e+003  6.192013e+002  2.704309e+002  1.116963e+002  4.906355e+001  2.200116e+001  9.357594e+000  2.584757e+000  0.000000e+000  
-5.070058e+003  -5.397061e+003  -5.909400e+003  0.000000e+000  2.588122e+003  1.905091e+003  1.103073e+003  6.180057e+002  2.700229e+002  1.115678e+002  4.901711e+001  2.198257e+001  9.350074e+000  2.582707e+000  0.000000e+000  
-5.051973e+003  -5.386587e+003  -5.935599e+003  0.000000e+000  2.620399e+003  1.902761e+003  1.096836e+003  6.144219e+002  2.688012e+002  1.111829e+002  4.887796e+001  2.192687e+001  9.327527e+000  2.576559e+000  0.000000e+000  
-4.862023e+003  -5.267254e+003  -6.220475e+003  0.000000e+000  2.965744e+003  1.871469e+003  1.031516e+003  5.774561e+002  2.562323e+002  1.072196e+002  4.744331e+001  2.135214e+001  9.094780e+000  2.513078e+000  0.000000e+000  
-4.444143e+003  -4.841624e+003  -5.892617e+003  0.000000e+000  3.224761e+003  1.690406e+003  8.901350e+002  5.056562e+002  2.322764e+002  9.960434e+001  4.466154e+001  2.023071e+001  8.638901e+000  2.388514e+000  0.000000e+000  
-2.363887e+003  -2.105694e+003  -1.382889e+003  -1.855424e+003  -1.033127e+003  -1.471422e+002  1.636070e+002  1.893007e+002  1.285152e+002  6.580733e+001  3.204276e+001  1.506911e+001  6.522312e+000  1.807794e+000  0.000000e+000  
-1.178691e+003  -1.001074e+003  -6.427991e+002  -1.327651e+003  -1.075662e+003  -5.901185e+002  -2.185213e+002  -5.187461e+001  2.271726e+001  2.497725e+001  1.523371e+001  7.781458e+000  3.431318e+000  9.462323e-001  0.000000e+000  
-6.135331e+002  -5.290132e+002  -3.733267e+002  -9.287859e+002  -8.289637e+002  -5.922709e+002  -3.399655e+002  -1.745786e+002  -5.439369e+001  -1.176353e+001  -1.899472e+000  -2.378963e-001  -1.280282e-001  -6.743336e-002  0.000000e+000  
-3.356032e+002  -2.989146e+002  -2.325122e+002  -6.438522e+002  -6.010729e+002  -4.872299e+002  -3.394146e+002  -2.158638e+002  -1.006225e+002  -4.057253e+001  -1.754008e+001  -8.278701e+000  -3.903298e+000  -1.171794e+000  0.000000e+000  
-2.017220e+002  -1.851848e+002  -1.550562e+002  -4.581704e+002  -4.382297e+002  -3.806121e+002  -2.955553e+002  -2.114775e+002  -1.190915e+002  -5.808687e+001  -2.906274e+001  -1.491155e+001  -7.233727e+000  -2.177659e+000  0.000000e+000  
-1.345891e+002  -1.263434e+002  -1.111271e+002  -3.414414e+002  -3.310694e+002  -2.992353e+002  -2.479627e+002  -1.910021e+002  -1.209935e+002  -6.618648e+001  -3.607526e+001  -1.953700e+001  -9.740398e+000  -2.962113e+000  0.000000e+000  
-9.547218e+001  -9.106452e+001  -8.281528e+001  -2.609113e+002  -2.551276e+002  -2.365818e+002  -2.047807e+002  -1.662604e+002  -1.147866e+002  -6.851294e+001  -3.993256e+001  -2.263216e+001  -1.158459e+001  -3.563811e+000  0.000000e+000  
-7.110440e+001  -6.856490e+001  -6.374851e+001  -2.041150e+002  -2.006540e+002  -1.892467e+002  -1.688240e+002  -1.424740e+002  -1.049729e+002  -6.717851e+001  -4.139458e+001  -2.441088e+001  -1.280589e+001  -3.985014e+000  0.000000e+000  
-5.570107e+001  -5.409354e+001  -5.101068e+001  -1.650103e+002  -1.627519e+002  -1.552120e+002  -1.413469e+002  -1.226567e+002  -9.480103e+001  -6.404721e+001  -4.127029e+001  -2.515570e+001  -1.348012e+001  -4.238068e+000  0.000000e+000  
-4.495623e+001  -4.387184e+001  -4.177319e+001  -1.360749e+002  -1.345144e+002  -1.292955e+002  -1.195498e+002  -1.059965e+002  -8.506235e+001  -6.010403e+001  -4.023605e+001  -2.524619e+001  -1.378928e+001  -4.376123e+000  0.000000e+000  
-3.728993e+001  -3.651381e+001  -3.500099e+001  -1.145701e+002  -1.134329e+002  -1.096539e+002  -1.025498e+002  -9.245479e+001  -7.642351e+001  -5.603341e+001  -3.874108e+001  -2.492311e+001  -1.384245e+001  -4.429697e+000  0.000000e+000  
-3.157529e+001  -3.099410e+001  -2.985492e+001  -9.807285e+001  -9.720974e+001  -9.437669e+001  -8.904873e+001  -8.136560e+001  -6.889055e+001  -5.211057e+001  -3.704519e+001  -2.435908e+001  -1.373111e+001  -4.426810e+000  0.000000e+000  
-2.750582e+001  -2.704611e+001  -2.614140e+001  -8.609017e+001  -8.540111e+001  -8.317290e+001  -7.899836e+001  -7.292337e+001  -6.289060e+001  -4.876209e+001  -3.544985e+001  -2.372857e+001  -1.353912e+001  -4.391685e+000  0.000000e+000  
-2.487168e+001  -2.448332e+001  -2.371699e+001  -7.823421e+001  -7.764870e+001  -7.578118e+001  -7.230078e+001  -6.721077e+001  -5.870498e+001  -4.631633e+001  -3.421314e+001  -2.319470e+001  -1.335065e+001  -4.349698e+000  0.000000e+000  
-2.349811e+001  -2.314484e+001  -2.244676e+001  -7.410860e+001  -7.357440e+001  -7.188561e+001  -6.875079e+001  -6.415601e+001  -5.642732e+001  -4.495016e+001  -3.349953e+001  -2.287277e+001  -1.322966e+001  -4.320899e+000  0.000000e+000  
-2.305081e+001  -2.270865e+001  -2.203220e+001  -7.276069e+001  -7.224279e+001  -7.061079e+001  -6.758592e+001  -6.314948e+001  -5.567064e+001  -4.449069e+001  -3.325591e+001  -2.276071e+001  -1.318644e+001  -4.310354e+000  0.000000e+000  

0.000000e+000  3.059012e+001  4.716772e+001  0.000000e+000  0.000000e+000  5.340501e+001  4.669730e+001  2.524083e+001  1.282178e+001  4.671168e+000  1.979632e+000  9.569185e-001  5.263524e-001  3.445484e-001  2.937447e-001  
0.000000e+000  9.226451e+001  1.437600e+002  0.000000e+000  0.000000e+000  1.620147e+002  1.402520e+002  7.563422e+001  3.840982e+001  1.399842e+001  5.934466e+000  2.869241e+000  1.578449e+000  1.033341e+000  8.810039e-001  
0.000000e+000  2.474795e+002  3.983169e+002  0.000000e+000  0.000000e+000  4.426272e+002  3.714637e+002  1.989114e+002  1.009308e+002  3.682649e+001  1.562822e+001  7.561187e+000  4.161461e+000  2.725086e+000  2.323590e+000  
0.000000e+000  5.470803e+002  1.102500e+003  0.000000e+000  0.000000e+000  1.123875e+003  7.555482e+002  3.841205e+002  1.938140e+002  7.138066e+001  3.053900e+001  1.485409e+001  8.203571e+000  5.383741e+000  4.594250e+000  
0.000000e+000  1.070031e+003  2.483385e+003  4.554710e+003  4.509086e+003  2.821549e+003  1.407072e+003  6.642344e+002  3.353997e+002  1.266490e+002  5.522049e+001  2.718636e+001  1.513250e+001  9.980152e+000  8.532228e+000  
0.000000e+000  5.909504e+002  1.137164e+003  1.486309e+003  1.498546e+003  1.437339e+003  1.062899e+003  6.503679e+002  3.888135e+002  1.682755e+002  7.923735e+001  4.084841e+001  2.341407e+001  1.572861e+001  1.353826e+001  
0.000000e+000  2.652087e+002  4.805312e+002  5.876434e+002  5.968055e+002  6.911587e+002  6.507486e+002  4.939270e+002  3.466968e+002  1.747309e+002  9.021719e+001  4.930072e+001  2.937242e+001  2.022526e+001  1.756913e+001  
0.000000e+000  1.093995e+002  1.950528e+002  2.365048e+002  2.424363e+002  3.264342e+002  3.674655e+002  3.337667e+002  2.698172e+002  1.586881e+002  9.048544e+001  5.283619e+001  3.295227e+001  2.337887e+001  2.053608e+001  
0.000000e+000  4.315192e+001  7.652023e+001  9.236803e+001  9.603489e+001  1.539571e+002  2.019758e+002  2.129627e+002  1.936538e+002  1.317499e+002  8.295753e+001  5.194946e+001  3.407223e+001  2.500032e+001  2.223851e+001  
0.000000e+000  1.664716e+001  2.916404e+001  3.431783e+001  3.662447e+001  7.510247e+001  1.139705e+002  1.358311e+002  1.355465e+002  1.045803e+002  7.200966e+001  4.816372e+001  3.317728e+001  2.516777e+001  2.266847e+001  
0.000000e+000  5.488901e+000  9.174362e+000  9.630631e+000  1.111857e+001  3.677490e+001  6.566067e+001  8.728451e+001  9.410295e+001  8.106128e+001  6.048746e+001  4.299755e+001  3.102197e+001  2.428901e+001  2.213702e+001  
0.000000e+000  6.885910e-001  5.753610e-001  -9.820465e-001  -4.023412e-003  1.723225e+001  3.802393e+001  5.616398e+001  6.479115e+001  6.158294e+001  4.944074e+001  3.719577e+001  2.803758e+001  2.262156e+001  2.084898e+001  
0.000000e+000  -1.217679e+000  -2.806093e+000  -5.065227e+000  -4.401864e+000  7.458008e+000  2.242377e+001  3.675509e+001  4.497651e+001  4.652719e+001  3.980623e+001  3.148839e+001  2.468444e+001  2.045932e+001  1.904506e+001  
0.000000e+000  -1.877403e+000  -3.928906e+000  -6.295937e+000  -5.835370e+000  2.480312e+000  1.330635e+001  2.434397e+001  3.143214e+001  3.501318e+001  3.166402e+001  2.617870e+001  2.124640e+001  1.803285e+001  1.693375e+001  
0.000000e+000  -1.964097e+000  -4.008638e+000  -6.198570e+000  -5.875743e+000  -6.553178e-003  7.807059e+000  1.613657e+001  2.191097e+001  2.605502e+001  2.473461e+001  2.126023e+001  1.779106e+001  1.541881e+001  1.459026e+001  
0.000000e+000  -1.772083e+000  -3.578741e+000  -5.447177e+000  -5.222996e+000  -1.126797e+000  4.417408e+000  1.052688e+001  1.500500e+001  1.891698e+001  1.874179e+001  1.667027e+001  1.433138e+001  1.264998e+001  1.205037e+001  
0.000000e+000  -1.432395e+000  -2.877629e+000  -4.345061e+000  -4.194152e+000  -1.426917e+000  2.363977e+000  6.644555e+000  9.912498e+000  1.314461e+001  1.350187e+001  1.236189e+001  1.087204e+001  9.745232e+000  9.335243e+000  
0.000000e+000  -1.025344e+000  -2.054310e+000  -3.088890e+000  -2.993406e+000  -1.238337e+000  1.185790e+000  3.969328e+000  6.154528e+000  8.490988e+000  8.966069e+000  8.391930e+000  7.509260e+000  6.809762e+000  6.550753e+000  
0.000000e+000  -6.102926e-001  -1.221145e+000  -1.832383e+000  -1.779467e+000  -8.055057e-001  5.461398e-001  2.113407e+000  3.363917e+000  4.759824e+000  5.113681e+000  4.852271e+000  4.388705e+000  4.008596e+000  3.866123e+000  
0.000000e+000  -2.039767e-001  -4.079130e-001  -6.115559e-001  -5.944578e-001  -2.795573e-001  1.584284e-001  6.686403e-001  1.078878e+000  1.546020e+000  1.675174e+000  1.600297e+000  1.455053e+000  1.333719e+000  1.287946e+000  
0.000000e+000  0.000000e+000  0.000000e+000  0.000000e+000  0.000000e+000  0.000000e+000  0.000000e+000  0.000000e+000  0.000000e+000  0.000000e+000  0.000000e+000  0.000000e+000  0.000000e+000  0.000000e+000  0.000000e+000  

0.000000e+000  0.000000e+000  0.000000e+000  0.000000e+000  0.000000e+000  0.000000e+000  0.000000e+000  0.000000e+000  0.000000e+000  0.000000e+000  0.000000e+000  0.000000e+000  0.000000e+000  0.000000e+000  0.000000e+000  
0.000000e+000  0.000000e+000  0.000000e+000  0.000000e+000  0.000000e+000  0.000000e+000  0.000000e+000  0.000000e+000  0.000000e+000  0.000000e+000  0.000000e+000  0.000000e+000  0.000000e+000  0.000000e+000  0.000000e+000  
0.000000e+000  0.000000e+000  0.000000e+000  0.000000e+000  0.000000e+000  0.000000e+000  0.000000e+000  0.000000e+000  0.000000e+000  0.000000e+000  0.000000e+000  0.000000e+000  0.000000e+000  0.000000e+000  0.000000e+000  
0.000000e+000  0.000000e+000  0.000000e+000  0.000000e+000  0.000000e+000  0.000000e+000  0.000000e+000  0.000000e+000  0.000000e+000  0.000000e+000  0.000000e+000  0.000000e+000  0.000000e+000  0.000000e+000  0.000000e+000  
0.000000e+000  0.000000e+000  0.000000e+000  0.000000e+000  0.000000e+000  0.000000e+000  0.000000e+000  0.000000e+000  0.000000e+000  0.000000e+000  0.000000e+000  0.000000e+000  0.000000e+000  0.000000e+000  0.000000e+000  
0.000000e+000  0.000000e+000  0.000000e+000  0.000000e+000  0.000000e+000  0.000000e+000  0.000000e+000  0.000000e+000  0.000000e+000  0.000000e+000  0.000000e+000  0.000000e+000  0.000000e+000  0.000000e+000  0.000000e+000  
0.000000e+000  0.000000e+000  0.000000e+000  0.000000e+000  0.000000e+000  0.000000e+000  0.000000e+000  0.000000e+000  0.000000e+000  0.000000e+000  0.000000e+000  0.000000e+000  0.000000e+000  0.000000e+000  0.000000e+000  
0.000000e+000  0.000000e+000  0.000000e+000  0.000000e+000  0.000000e+000  0.000000e+000  0.000000e+000  0.000000e+000  0.000000e+000  0.000000e+000  0.000000e+000  0.000000e+000  0.000000e+000  0.000000e+000  0.000000e+000  
0.000000e+000  0.000000e+000  0.000000e+000  0.000000e+000  0.000000e+000  0.000000e+000  0.000000e+000  0.000000e+000  0.000000e+000  0.000000e+000  0.000000e+000  0.000000e+000  0.000000e+000  0.000000e+000  0.000000e+000  
0.000000e+000  0.000000e+000  0.000000e+000  0.000000e+000  0.000000e+000  0.000000e+000  0.000000e+000  0.000000e+000  0.000000e+000  0.000000e+000  0.000000e+000  0.000000e+000  0.000000e+000  0.000000e+000  0.000000e+000  
0.000000e+000  0.000000e+000  0.000000e+000  0.000000e+000  0.000000e+000  0.000000e+000  0.000000e+000  0.000000e+000  0.000000e+000  0.000000e+000  0.000000e+000  0.000000e+000  0.000000e+000  0.000000e+000  0.000000e+000  
0.000000e+000  0.000000e+000  0.000000e+000  0.000000e+000  0.000000e+000  0.000000e+000  0.000000e+000  0.000000e+000  0.000000e+000  0.000000e+000  0.000000e+000  0.000000e+000  0.000000e+000  0.000000e+000  0.000000e+000  
0.000000e+000  0.000000e+000  0.000000e+000  0.000000e+000  0.000000e+000  0.000000e+000  0.000000e+000  0.000000e+000  0.000000e+000  0.000000e+000  0.000000e+000  0.000000e+000  0.000000e+000  0.000000e+000  0.000000e+000  
0.000000e+000  0.000000e+000  0.000000e+000  0.000000e+000  0.000000e+000  0.000000e+000  0.000000e+000  0.000000e+000  0.000000e+000  0.000000e+000  0.000000e+000  0.000000e+000  0.000000e+000  0.000000e+000  0.000000e+000  
0.000000e+000  0.000000e+000  0.000000e+000  0.000000e+000  0.000000e+000  0.000000e+000  0.000000e+000  0.000000e+000  0.000000e+000  0.000000e+000  0.000000e+000  0.000000e+000  0.000000e+000  0.000000e+000  0.000000e+000  
0.000000e+000  0.000000e+000  0.000000e+000  0.000000e+000  0.000000e+000  0.000000e+000  0.000000e+000  0.000000e+000  0.000000e+000  0.000000e+000  0.000000e+000  0.000000e+000  0.000000e+000  0.000000e+000  0.000000e+000  
0.000000e+000  0.000000e+000  0.000000e+000  0.000000e+000  0.000000e+000  0.000000e+000  0.000000e+000  0.000000e+000  0.000000e+000  0.000000e+000  0.000000e+000  0.000000e+000  0.000000e+000  0.000000e+000  0.000000e+000  
0.000000e+000  0.000000e+000  0.000000e+000  0.000000e+000  0.000000e+000  0.000000e+000  0.000000e+000  0.000000e+000  0.000000e+000  0.000000e+000  0.000000e+000  0.000000e+000  0.000000e+000  0.000000e+000  0.000000e+000  
0.000000e+000  0.000000e+000  0.000000e+000  0.000000e+000  0.000000e+000  0.000000e+000  0.000000e+000  0.000000e+000  0.000000e+000  0.000000e+000  0.000000e+000  0.000000e+000  0.000000e+000  0.000000e+000  0.000000e+000  
0.000000e+000  0.000000e+000  0.000000e+000  0.000000e+000  0.000000e+000  0.000000e+000  0.000000e+000  0.000000e+000  0.000000e+000  0.000000e+000  0.000000e+000  0.000000e+000  0.000000e+000  0.000000e+000  0.000000e+000  
0.000000e+000  0.000000e+000  0.000000e+000  0.000000e+000  0.000000e+000  0.000000e+000  0.000000e+000  0.000000e+000  0.000000e+000  0.000000e+000  0.000000e+000  0.000000e+000  0.000000e+000  0.000000e+000  0.000000e+000  

0.000000e+000  0.000000e+000  0.000000e+000  0.000000e+000  0.000000e+000  0.000000e+000  0.000000e+000  0.000000e+000  0.000000e+000  0.000000e+000  0.000000e+000  0.000000e+000  0.000000e+000  0.000000e+000  0.000000e+000  
0.000000e+000  0.000000e+000  0.000000e+000  0.000000e+000  0.000000e+000  0.000000e+000  0.000000e+000  0.000000e+000  0.000000e+000  0.000000e+000  0.000000e+000  0.000000e+000  0.000000e+000  0.000000e+000  0.000000e+000  
0.000000e+000  0.000000e+000  0.000000e+000  0.000000e+000  0.000000e+000  0.000000e+000  0.000000e+000  0.000000e+000  0.000000e+000  0.000000e+000  0.000000e+000  0.000000e+000  0.000000e+000  0.000000e+000  0.000000e+000  
0.000000e+000  0.000000e+000  0.000000e+000  0.000000e+000  0.000000e+000  0.000000e+000  0.000000e+000  0.000000e+000  0.000000e+000  0.000000e+000  0.000000e+000  0.000000e+000  0.000000e+000  0.000000e+000  0.000000e+000  
0.000000e+000  0.000000e+000  0.000000e+000  0.000000e+000  0.000000e+000  0.000000e+000  0.000000e+000  0.000000e+000  0.000000e+000  0.000000e+000  0.000000e+000  0.000000e+000  0.000000e+000  0.000000e+000  0.000000e+000  
0.000000e+000  0.000000e+000  0.000000e+000  0.000000e+000  0.000000e+000  0.000000e+000  0.000000e+000  0.000000e+000  0.000000e+000  0.000000e+000  0.000000e+000  0.000000e+000  0.000000e+000  0.000000e+000  0.000000e+000  
0.000000e+000  0.000000e+000  0.000000e+000  0.000000e+000  0.000000e+000  0.000000e+000  0.000000e+000  0.000000e+000  0.000000e+000  0.000000e+000  0.000000e+000  0.000000e+000  0.000000e+000  0.000000e+000  0.000000e+000  
0.000000e+000  0.000000e+000  0.000000e+000  0.000000e+000  0.000000e+000  0.000000e+000  0.000000e+000  0.000000e+000  0.000000e+000  0.000000e+000  0.000000e+000  0.000000e+000  0.000000e+000  0.000000e+000  0.000000e+000  
0.000000e+000  0.000000e+000  0.000000e+000  0.000000e+000  0.000000e+000  0.000000e+000  0.000000e+000  0.000000e+000  0.000000e+000  0.000000e+000  0.000000e+000  0.000000e+000  0.000000e+000  0.000000e+000  0.000000e+000  
0.000000e+000  0.000000e+000  0.000000e+000  0.000000e+000  0.000000e+000  0.000000e+000  0.000000e+000  0.000000e+000  0.000000e+000  0.000000e+000  0.000000e+000  0.000000e+000  0.000000e+000  0.000000e+000  0.000000e+000  
0.000000e+000  0.000000e+000  0.000000e+000  0.000000e+000  0.000000e+000  0.000000e+000  0.000000e+000  0.000000e+000  0.000000e+000  0.000000e+000  0.000000e+000  0.000000e+000  0.000000e+000  0.000000e+000  0.000000e+000  
0.000000e+000  0.000000e+000  0.000000e+000  0.000000e+000  0.000000e+000  0.000000e+000  0.000000e+000  0.000000e+000  0.000000e+000  0.000000e+000  0.000000e+000  0.000000e+000  0.000000e+000  0.000000e+000  0.000000e+000  
0.000000e+000  0.000000e+000  0.000000e+000  0.000000e+000  0.000000e+000  0.000000e+000  0.000000e+000  0.000000e+000  0.000000e+000  0.000000e+000  0.000000e+000  0.000000e+000  0.000000e+000  0.000000e+000  0.000000e+000  
0.000000e+000  0.000000e+000  0.000000e+000  0.000000e+000  0.000000e+000  0.000000e+000  0.000000e+000  0.000000e+000  0.000000e+000  0.000000e+000  0.000000e+000  0.000000e+000  0.000000e+000  0.000000e+000  0.000000e+000  
0.000000e+000  0.000000e+000  0.000000e+000  0.000000e+000  0.000000e+000  0.000000e+000  0.000000e+000  0.000000e+000  0.000000e+000  0.000000e+000  0.000000e+000  0.000000e+000  0.000000e+000  0.000000e+000  0.000000e+000  
0.000000e+000  0.000000e+000  0.000000e+000  0.000000e+000  0.000000e+000  0.000000e+000  0.000000e+000  0.000000e+000  0.000000e+000  0.000000e+000  0.000000e+000  0.000000e+000  0.000000e+000  0.000000e+000  0.000000e+000  
0.000000e+000  0.000000e+000  0.000000e+000  0.000000e+000  0.000000e+000  0.000000e+000  0.000000e+000  0.000000e+000  0.000000e+000  0.000000e+000  0.000000e+000  0.000000e+000  0.000000e+000  0.000000e+000  0.000000e+000  
0.000000e+000  0.000000e+000  0.000000e+000  0.000000e+000  0.000000e+000  0.000000e+000  0.000000e+000  0.000000e+000  0.000000e+000  0.000000e+000  0.000000e+000  0.000000e+000  0.000000e+000  0.000000e+000  0.000000e+000  
0.000000e+000  0.000000e+000  0.000000e+000  0.000000e+000  0.000000e+000  0.000000e+000  0.000000e+000  0.000000e+000  0.000000e+000  0.000000e+000  0.000000e+000  0.000000e+000  0.000000e+000  0.000000e+000  0.000000e+000  
0.000000e+000  0.000000e+000  0.000000e+000  0.000000e+000  0.000000e+000  0.000000e+000  0.000000e+000  0.000000e+000  0.000000e+000  0.000000e+000  0.000000e+000  0.000000e+000  0.000000e+000  0.000000e+000  0.000000e+000  
0.000000e+000  0.000000e+000  0.000000e+000  0.000000e+000  0.000000e+000  0.000000e+000  0.000000e+000  0.000000e+000  0.000000e+000  0.000000e+000  0.000000e+000  0.000000e+000  0.000000e+000  0.000000e+000  0.000000e+000  

0.000000e+000  0.000000e+000  0.000000e+000  0.000000e+000  0.000000e+000  0.000000e+000  0.000000e+000  0.000000e+000  0.000000e+000  0.000000e+000  0.000000e+000  0.000000e+000  0.000000e+000  0.000000e+000  0.000000e+000  
0.000000e+000  0.000000e+000  0.000000e+000  0.000000e+000  0.000000e+000  0.000000e+000  0.000000e+000  0.000000e+000  0.000000e+000  0.000000e+000  0.000000e+000  0.000000e+000  0.000000e+000  0.000000e+000  0.000000e+000  
0.000000e+000  0.000000e+000  0.000000e+000  0.000000e+000  0.000000e+000  0.000000e+000  0.000000e+000  0.000000e+000  0.000000e+000  0.000000e+000  0.000000e+000  0.000000e+000  0.000000e+000  0.000000e+000  0.000000e+000  
0.000000e+000  0.000000e+000  0.000000e+000  0.000000e+000  0.000000e+000  0.000000e+000  0.000000e+000  0.000000e+000  0.000000e+000  0.000000e+000  0.000000e+000  0.000000e+000  0.000000e+000  0.000000e+000  0.000000e+000  
0.000000e+000  0.000000e+000  0.000000e+000  0.000000e+000  0.000000e+000  0.000000e+000  0.000000e+000  0.000000e+000  0.000000e+000  0.000000e+000  0.000000e+000  0.000000e+000  0.000000e+000  0.000000e+000  0.000000e+000  
0.000000e+000  0.000000e+000  0.000000e+000  0.000000e+000  0.000000e+000  0.000000e+000  0.000000e+000  0.000000e+000  0.000000e+000  0.000000e+000  0.000000e+000  0.000000e+000  0.000000e+000  0.000000e+000  0.000000e+000  
0.000000e+000  0.000000e+000  0.000000e+000  0.000000e+000  0.000000e+000  0.000000e+000  0.000000e+000  0.000000e+000  0.000000e+000  0.000000e+000  0.000000e+000  0.000000e+000  0.000000e+000  0.000000e+000  0.000000e+000  
0.000000e+000  0.000000e+000  0.000000e+000  0.000000e+000  0.000000e+000  0.000000e+000  0.000000e+000  0.000000e+000  0.000000e+000  0.000000e+000  0.000000e+000  0.000000e+000  0.000000e+000  0.000000e+000  0.000000e+000  
0.000000e+000  0.000000e+000  0.000000e+000  0.000000e+000  0.000000e+000  0.000000e+000  0.000000e+000  0.000000e+000  0.000000e+000  0.000000e+000  0.000000e+000  0.000000e+000  0.000000e+000  0.000000e+000  0.000000e+000  
0.000000e+000  0.000000e+000  0.000000e+000  0.000000e+000  0.000000e+000  0.000000e+000  0.000000e+000  0.000000e+000  0.000000e+000  0.000000e+000  0.000000e+000  0.000000e+000  0.000000e+000  0.000000e+000  0.000000e+000  
0.000000e+000  0.000000e+000  0.000000e+000  0.000000e+000  0.000000e+000  0.000000e+000  0.000000e+000  0.000000e+000  0.000000e+000  0.000000e+000  0.000000e+000  0.000000e+000  0.000000e+000  0.000000e+000  0.000000e+000  
0.000000e+000  0.000000e+000  0.000000e+000  0.000000e+000  0.000000e+000  0.000000e+000  0.000000e+000  0.000000e+000  0.000000e+000  0.000000e+000  0.000000e+000  0.000000e+000  0.000000e+000  0.000000e+000  0.000000e+000  
0.000000e+000  0.000000e+000  0.000000e+000  0.000000e+000  0.000000e+000  0.000000e+000  0.000000e+000  0.000000e+000  0.000000e+000  0.000000e+000  0.000000e+000  0.000000e+000  0.000000e+000  0.000000e+000  0.000000e+000  
0.000000e+000  0.000000e+000  0.000000e+000  0.000000e+000  0.000000e+000  0.000000e+000  0.000000e+000  0.000000e+000  0.000000e+000  0.000000e+000  0.000000e+000  0.000000e+000  0.000000e+000  0.000000e+000  0.000000e+000  
0.000000e+000  0.000000e+000  0.000000e+000  0.000000e+000  0.000000e+000  0.000000e+000  0.000000e+000  0.000000e+000  0.000000e+000  0.000000e+000  0.000000e+000  0.000000e+000  0.000000e+000  0.000000e+000  0.000000e+000  
0.000000e+000  0.000000e+000  0.000000e+000  0.000000e+000  0.000000e+000  0.000000e+000  0.000000e+000  0.000000e+000  0.000000e+000  0.000000e+000  0.000000e+000  0.000000e+000  0.000000e+000  0.000000e+000  0.000000e+000  
0.000000e+000  0.000000e+000  0.000000e+000  0.000000e+000  0.000000e+000  0.000000e+000  0.000000e+000  0.000000e+000  0.000000e+000  0.000000e+000  0.000000e+000  0.000000e+000  0.000000e+000  0.000000e+000  0.000000e+000  
0.000000e+000  0.000000e+000  0.000000e+000  0.000000e+000  0.000000e+000  0.000000e+000  0.000000e+000  0.000000e+000  0.000000e+000  0.000000e+000  0.000000e+000  0.000000e+000  0.000000e+000  0.000000e+000  0.000000e+000  
0.000000e+000  0.000000e+000  0.000000e+000  0.000000e+000  0.000000e+000  0.000000e+000  0.000000e+000  0.000000e+000  0.000000e+000  0.000000e+000  0.000000e+000  0.000000e+000  0.000000e+000  0.000000e+000  0.000000e+000  
0.000000e+000  0.000000e+000  0.000000e+000  0.000000e+000  0.000000e+000  0.000000e+000  0.000000e+000  0.000000e+000  0.000000e+000  0.000000e+000  0.000000e+000  0.000000e+000  0.000000e+000  0.000000e+000  0.000000e+000  
0.000000e+000  0.000000e+000  0.000000e+000  0.000000e+000  0.000000e+000  0.000000e+000  0.000000e+000  0.000000e+000  0.000000e+000  0.000000e+000  0.000000e+000  0.000000e+000  0.000000e+000  0.000000e+000  0.000000e+000  

0.000000e+000  -4.339359e+000  -4.855414e+000  0.000000e+000  0.000000e+000  -2.118732e+001  -4.021173e+001  -4.796662e+001  -4.725071e+001  -3.849306e+001  -3.000190e+001  -2.361612e+001  -1.934948e+001  -1.693088e+001  -1.614949e+001  
0.000000e+000  -4.406967e+000  -4.950458e+000  0.000000e+000  0.000000e+000  -2.131480e+001  -4.031759e+001  -4.801614e+001  -4.727039e+001  -3.849697e+001  -3.000223e+001  -2.361571e+001  -1.934898e+001  -1.693042e+001  -1.614904e+001  
0.000000e+000  -4.611207e+000  -5.239922e+000  0.000000e+000  0.000000e+000  -2.170165e+001  -4.063555e+001  -4.816445e+001  -4.732927e+001  -3.850869e+001  -3.000323e+001  -2.361447e+001  -1.934747e+001  -1.692901e+001  -1.614769e+001  
0.000000e+000  -6.768885e+000  -8.375850e+000  0.000000e+000  0.000000e+000  -2.584719e+001  -4.393528e+001  -4.968997e+001  -4.793357e+001  -3.862876e+001  -3.001327e+001  -2.360161e+001  -1.933191e+001  -1.691449e+001  -1.613380e+001  
0.000000e+000  -1.172864e+001  -1.693776e+001  0.000000e+000  0.000000e+000  -3.643362e+001  -5.063970e+001  -5.258922e+001  -4.906146e+001  -3.885044e+001  -3.002922e+001  -2.357502e+001  -1.930071e+001  -1.688557e+001  -1.610615e+001  
0.000000e+000  -4.044344e+001  -8.676377e+001  -1.491015e+002  -1.462013e+002  -1.088285e+002  -8.227576e+001  -6.480250e+001  -5.368773e+001  -3.973722e+001  -3.006371e+001  -2.343662e+001  -1.914812e+001  -1.674606e+001  -1.597321e+001  
0.000000e+000  -4.787799e+001  -9.881685e+001  -1.557163e+002  -1.539038e+002  -1.246338e+002  -9.531811e+001  -7.186429e+001  -5.687202e+001  -4.025027e+001  -2.989093e+001  -2.314728e+001  -1.887931e+001  -1.651094e+001  -1.575150e+001  
0.000000e+000  -4.397108e+001  -8.873015e+001  -1.346859e+002  -1.336326e+002  -1.150893e+002  -9.285608e+001  -7.174301e+001  -5.690801e+001  -3.981339e+001  -2.934010e+001  -2.266020e+001  -1.848429e+001  -1.618078e+001  -1.544383e+001  
0.000000e+000  -3.627160e+001  -7.238528e+001  -1.080092e+002  -1.074352e+002  -9.672664e+001  -8.215475e+001  -6.622151e+001  -5.381519e+001  -3.817744e+001  -2.826764e+001  -2.190335e+001  -1.792412e+001  -1.573039e+001  -1.502876e+001  
0.000000e+000  -2.881251e+001  -5.722314e+001  -8.476949e+001  -8.446086e+001  -7.842118e+001  -6.934854e+001  -5.824570e+001  -4.877062e+001  -3.559183e+001  -2.674837e+001  -2.092051e+001  -1.723421e+001  -1.519100e+001  -1.453605e+001  
0.000000e+000  -2.299175e+001  -4.557838e+001  -6.733782e+001  -6.716719e+001  -6.368119e+001  -5.799248e+001  -5.037045e+001  -4.334568e+001  -3.266257e+001  -2.503814e+001  -1.984157e+001  -1.649454e+001  -1.462175e+001  -1.401896e+001  
0.000000e+000  -1.838979e+001  -3.643538e+001  -5.379140e+001  -5.369781e+001  -5.169644e+001  -4.815961e+001  -4.302110e+001  -3.794545e+001  -2.956165e+001  -2.318733e+001  -1.867302e+001  -1.569893e+001  -1.401371e+001  -1.346822e+001  
0.000000e+000  -1.483431e+001  -2.939297e+001  -4.340384e+001  -4.335336e+001  -4.221318e+001  -4.002236e+001  -3.658724e+001  -3.297123e+001  -2.653051e+001  -2.132014e+001  -1.747887e+001  -1.488358e+001  -1.339121e+001  -1.290486e+001  
0.000000e+000  -1.223545e+001  -2.425125e+001  -3.583202e+001  -3.580497e+001  -3.514894e+001  -3.376510e+001  -3.142998e+001  -2.882595e+001  -2.387062e+001  -1.962760e+001  -1.637710e+001  -1.412515e+001  -1.281050e+001  -1.237901e+001  
0.000000e+000  -1.023306e+001  -2.029075e+001  -3.000154e+001  -2.998819e+001  -2.962417e+001  -2.875613e+001  -2.716972e+001  -2.529675e+001  -2.150478e+001  -1.807602e+001  -1.534803e+001  -1.340936e+001  -1.225973e+001  -1.187959e+001  
0.000000e+000  -8.702876e+000  -1.726389e+001  -2.554435e+001  -2.553905e+001  -2.535239e+001  -2.481504e+001  -2.373559e+001  -2.238352e+001  -1.947847e+001  -1.671049e+001  -1.442570e+001  -1.276061e+001  -1.175759e+001  -1.142341e+001  
0.000000e+000  -7.505796e+000  -1.489529e+001  -2.205469e+001  -2.205430e+001  -2.197931e+001  -2.166129e+001  -2.093497e+001  -1.996218e+001  -1.774111e+001  -1.551119e+001  -1.360178e+001  -1.217463e+001  -1.130118e+001  -1.100793e+001  
0.000000e+000  -6.624507e+000  -1.315097e+001  -1.948335e+001  -1.948582e+001  -1.947833e+001  -1.929956e+001  -1.880720e+001  -1.809530e+001  -1.636741e+001  -1.454357e+001  -1.292705e+001  -1.168989e+001  -1.092137e+001  -1.066149e+001  
0.000000e+000  -6.041701e+000  -1.199711e+001  -1.778161e+001  -1.778564e+001  -1.781615e+001  -1.771914e+001  -1.736886e+001  -1.682005e+001  -1.541153e+001  -1.385988e+001  -1.244478e+001  -1.134061e+001  -1.064635e+001  -1.041021e+001  
0.000000e+000  -5.734173e+000  -1.138814e+001  -1.688321e+001  -1.688796e+001  -1.693651e+001  -1.687942e+001  -1.660009e+001  -1.613421e+001  -1.489165e+001  -1.348453e+001  -1.217809e+001  -1.114646e+001  -1.049300e+001  -1.026995e+001  
0.000000e+000  -5.633479e+000  -1.118873e+001  -1.658897e+001  -1.659395e+001  -1.664809e+001  -1.660357e+001  -1.634683e+001  -1.590760e+001  -1.471895e+001  -1.335926e+001  -1.208876e+001  -1.108126e+001  -1.044142e+001  -1.022275e+001  

