2025-02-11 17:30:20   The length ratio between the shortest and the longest model edges is 1:1626.
                      Short model edges can be highlighted via Mesh:Mesh Control->Check Mesh->Check
                      Model Edge Length.... (It may be advantageous to model the metallizations as
                      infinitely thin sheets.) More...

                      ------------------------------------------------------------------------------
2025-02-11 17:30:33   *** Warning ***

                      This software is licensed for non-commercial use only.

                      ------------------------------------------------------------------------------
2025-02-11 17:30:34   Units settings: 

                        Dimensions: mm
                        Frequency:  GHz
                        Time:       ns

                      ------------------------------------------------------------------------------
2025-02-11 17:30:34   Boundary conditions: 

                        YZsymmetry: magnetic
                        XZsymmetry: none
                        XYsymmetry: none

                        Xmin: expanded open
                        Xmax: expanded open

                        Ymin: expanded open
                        Ymax: expanded open

                        Zmin: expanded open
                        Zmax: expanded open

                      ------------------------------------------------------------------------------
2025-02-11 17:30:34   Order settings: 

                        Solver order   : 3rd (constant)
                        Curved elements: up to order 5 (automatic)

                      ------------------------------------------------------------------------------
2025-02-11 17:30:34   The number of frequency samples has been increased to take into account all field monitors.

                      ------------------------------------------------------------------------------
2025-02-11 17:30:34   An iterative solver will be used first.

                      ------------------------------------------------------------------------------
2025-02-11 17:30:34     Mesh time                :	12 s


                      ------------------------------------------------------------------------------
2025-02-11 17:30:35   
                      ================================================================================
                      Frequency Domain Solver calculation cycle started

                      ------------------------------------------------------------------------------
2025-02-11 17:30:35   Solver started at: 2025-02-11 17:30:35 +0100

                        Module:  Frequency Domain: S-Parameter (Win 64)
                        Version: 2024.4 Release from 2024-04-30 (change 1266454)

                      ------------------------------------------------------------------------------
2025-02-11 17:30:35     Calculation 1 of 1 (Frequency: 5.775 GHz)


                      ------------------------------------------------------------------------------
2025-02-11 17:30:35   Automatically activated electric shielding for port 1.

                      ------------------------------------------------------------------------------
2025-02-11 17:30:46     ----------------------------------------------------------------------------
                        Port   Mode   Type        Z-Wave        Z-Wave-Sigma  Z-Line        F-Cutoff
                        1      1      QTEM        231           7.92          48.7          ---
                        ----------------------------------------------------------------------------


                      ------------------------------------------------------------------------------
2025-02-11 17:30:47   Adaptive mesh refinement pass 1

                      ------------------------------------------------------------------------------
2025-02-11 17:30:54     Matrix setup time        :	1 s
                        Degrees of freedom       :	37639
                        Number of mesh cells     :	2012

                        Stimulation port         :	1
                        Mode number              :	1
                        Accuracy                 :	9.76953e-05
                        Iterations               :	216
                        Solver time              :	6 s


                      ------------------------------------------------------------------------------
2025-02-11 17:30:56   40% of all mesh edges seem to be longer than expected. The adaptive mesh refinement's growth limitation will therefore 
                      use 6845 instead of 2008 mesh cells as a reference.

                      ------------------------------------------------------------------------------
2025-02-11 17:30:58   Adaptive mesh refinement pass 2

                      ------------------------------------------------------------------------------
2025-02-11 17:31:04     Matrix setup time        :	1 s
                        Degrees of freedom       :	54493
                        Number of mesh cells     :	2946

                        Stimulation port         :	1
                        Mode number              :	1
                        Accuracy                 :	7.73927e-05
                        Iterations               :	115
                        Solver time              :	4 s


                      ------------------------------------------------------------------------------
2025-02-11 17:31:05     Delta calculation        
2025-02-11 17:31:05     All S-Parameters         :	0.594515
2025-02-11 17:31:05   

                      ------------------------------------------------------------------------------
2025-02-11 17:31:07   Adaptive mesh refinement pass 3

                      ------------------------------------------------------------------------------
2025-02-11 17:31:14     Matrix setup time        :	2 s
                        Degrees of freedom       :	71188
                        Number of mesh cells     :	3902

                        Stimulation port         :	1
                        Mode number              :	1
                        Accuracy                 :	9.57936e-05
                        Iterations               :	107
                        Solver time              :	4 s


                      ------------------------------------------------------------------------------
2025-02-11 17:31:16     Delta calculation        
2025-02-11 17:31:16     All S-Parameters         :	0.138944
2025-02-11 17:31:16   

                      ------------------------------------------------------------------------------
2025-02-11 17:31:18   Adaptive mesh refinement pass 4

                      ------------------------------------------------------------------------------
2025-02-11 17:31:28     Matrix setup time        :	2 s
                        Degrees of freedom       :	103201
                        Number of mesh cells     :	5703

                        Stimulation port         :	1
                        Mode number              :	1
                        Accuracy                 :	8.86071e-05
                        Iterations               :	105
                        Solver time              :	6 s


                      ------------------------------------------------------------------------------
2025-02-11 17:31:31     Delta calculation        
2025-02-11 17:31:31     All S-Parameters         :	0.0733488
2025-02-11 17:31:31   

                      ------------------------------------------------------------------------------
2025-02-11 17:31:34   Adaptive mesh refinement pass 5

                      ------------------------------------------------------------------------------
2025-02-11 17:31:45     Matrix setup time        :	4 s
                        Degrees of freedom       :	149413
                        Number of mesh cells     :	8287

                        Stimulation port         :	1
                        Mode number              :	1
                        Accuracy                 :	6.13872e-05
                        Iterations               :	94
                        Solver time              :	7 s


                      ------------------------------------------------------------------------------
2025-02-11 17:31:49     Delta calculation        
2025-02-11 17:31:49     All S-Parameters         :	0.0496544
2025-02-11 17:31:49   

                      ------------------------------------------------------------------------------
2025-02-11 17:31:53   Adaptive mesh refinement pass 6

                      ------------------------------------------------------------------------------
2025-02-11 17:32:12     Matrix setup time        :	6 s
                        Degrees of freedom       :	226705
                        Number of mesh cells     :	12619

                        Stimulation port         :	1
                        Mode number              :	1
                        Accuracy                 :	8.82329e-05
                        Iterations               :	105
                        Solver time              :	11 s


                      ------------------------------------------------------------------------------
2025-02-11 17:32:18     Delta calculation        
2025-02-11 17:32:18     All S-Parameters         :	0.0348588
2025-02-11 17:32:18   

                      ------------------------------------------------------------------------------
2025-02-11 17:32:24   Adaptive mesh refinement pass 7

                      ------------------------------------------------------------------------------
2025-02-11 17:32:49     Matrix setup time        :	9 s
                        Degrees of freedom       :	338440
                        Number of mesh cells     :	18855

                        Stimulation port         :	1
                        Mode number              :	1
                        Accuracy                 :	9.03852e-05
                        Iterations               :	90
                        Solver time              :	15 s


                      ------------------------------------------------------------------------------
2025-02-11 17:32:56     Delta calculation        
2025-02-11 17:32:56     All S-Parameters         :	0.0223071
2025-02-11 17:32:56   

                      ------------------------------------------------------------------------------
2025-02-11 17:33:04   Adaptive mesh refinement pass 8

                      ------------------------------------------------------------------------------
2025-02-11 17:33:38     Matrix setup time        :	12 s
                        Solver setup             :	1 s
                        Degrees of freedom       :	466729
                        Number of mesh cells     :	26009

                        Stimulation port         :	1
                        Mode number              :	1
                        Accuracy                 :	9.40452e-05
                        Iterations               :	80
                        Solver time              :	19 s


                      ------------------------------------------------------------------------------
2025-02-11 17:33:48     Delta calculation        
2025-02-11 17:33:48     All S-Parameters         :	0.0140124
2025-02-11 17:33:48   

                      ------------------------------------------------------------------------------
2025-02-11 17:33:57   The direct solver will be used.

                      ------------------------------------------------------------------------------
2025-02-11 17:33:58   Adaptive mesh refinement pass 9

                      ------------------------------------------------------------------------------
2025-02-11 17:35:22     Matrix setup time        :	17 s
                        Solver setup             :	65 s
                        Degrees of freedom       :	604519
                        Number of mesh cells     :	33678

                        Stimulation port         :	1
                        Mode number              :	1
                        Accuracy                 :	2.90721e-13
                        Iterations               :	1
                        Solver time              :	1 s


                      ------------------------------------------------------------------------------
2025-02-11 17:35:23   The iterative solver will be used.

                      ------------------------------------------------------------------------------
2025-02-11 17:35:36     Delta calculation        
2025-02-11 17:35:36     All S-Parameters         :	0.0075242
2025-02-11 17:35:36   

                      ------------------------------------------------------------------------------
2025-02-11 17:35:50   Adaptive mesh refinement pass 10

                      ------------------------------------------------------------------------------
2025-02-11 17:36:41     Matrix setup time        :	22 s
                        Solver setup             :	2 s
                        Degrees of freedom       :	801337
                        Number of mesh cells     :	44665

                        Stimulation port         :	1
                        Mode number              :	1
                        Accuracy                 :	9.55888e-05
                        Iterations               :	60
                        Solver time              :	27 s


                      ------------------------------------------------------------------------------
2025-02-11 17:36:57     Delta calculation        
2025-02-11 17:36:57     All S-Parameters         :	0.00690933
2025-02-11 17:36:57   

                      ------------------------------------------------------------------------------
2025-02-11 17:36:57   Mesh adaptation terminated because the desired accuracy limit is reached.

                      ------------------------------------------------------------------------------
2025-02-11 17:36:58     Total time               :	382 s	 (= 0 h, 06 m, 22 s)

                      ------------------------------------------------------------------------------
2025-02-11 17:36:58   

                      ------------------------------------------------------------------------------
2025-02-11 17:37:09   Unable to use "EvaluateHFieldOnSIBC" due to model setup.

                      ------------------------------------------------------------------------------
2025-02-11 17:37:09     Calculation 2 (Frequency: 5.815 GHz)


                      ------------------------------------------------------------------------------
2025-02-11 17:37:10     ----------------------------------------------------------------------------
                        Port   Mode   Type        Z-Wave        Z-Wave-Sigma  Z-Line        F-Cutoff
                        1      1      QTEM        231           7.93          48.7          ---
                        ----------------------------------------------------------------------------


                      ------------------------------------------------------------------------------
2025-02-11 17:37:51     Matrix setup time        :	19 s
                        Solver setup             :	1 s
                        Degrees of freedom       :	801337
                        Number of mesh cells     :	44665

                        Stimulation port         :	1
                        Mode number              :	1
                        Accuracy                 :	9.61107e-05
                        Iterations               :	45
                        Solver time              :	20 s


                      ------------------------------------------------------------------------------
2025-02-11 17:37:55     Generating results       :	3 s

                        Total time               :	45 s

                      ------------------------------------------------------------------------------
2025-02-11 17:37:55   

                      ------------------------------------------------------------------------------
2025-02-11 17:37:55     Calculation 3 (Frequency: 5.735 GHz)


                      ------------------------------------------------------------------------------
2025-02-11 17:37:55     ----------------------------------------------------------------------------
                        Port   Mode   Type        Z-Wave        Z-Wave-Sigma  Z-Line        F-Cutoff
                        1      1      QTEM        231           7.91          48.7          ---
                        ----------------------------------------------------------------------------


                      ------------------------------------------------------------------------------
2025-02-11 17:38:27     Matrix setup time        :	19 s
                        Solver setup             :	2 s
                        Degrees of freedom       :	801337
                        Number of mesh cells     :	44665

                        Stimulation port         :	1
                        Mode number              :	1
                        Accuracy                 :	8.51013e-05
                        Iterations               :	22
                        Solver time              :	10 s


                      ------------------------------------------------------------------------------
2025-02-11 17:38:31     Generating results       :	3 s

                        Total time               :	35 s

                      ------------------------------------------------------------------------------
2025-02-11 17:38:31   

                      ------------------------------------------------------------------------------
2025-02-11 17:38:31     Calculation 4 (Frequency: 5.1975 GHz)


                      ------------------------------------------------------------------------------
2025-02-11 17:38:31     ----------------------------------------------------------------------------
                        Port   Mode   Type        Z-Wave        Z-Wave-Sigma  Z-Line        F-Cutoff
                        1      1      QTEM        232           7.91          48.8          ---
                        ----------------------------------------------------------------------------


                      ------------------------------------------------------------------------------
2025-02-11 17:39:18     Matrix setup time        :	19 s
                        Solver setup             :	2 s
                        Degrees of freedom       :	801337
                        Number of mesh cells     :	44665

                        Stimulation port         :	1
                        Mode number              :	1
                        Accuracy                 :	5.14983e-05
                        Iterations               :	55
                        Solver time              :	24 s


                      ------------------------------------------------------------------------------
2025-02-11 17:39:24     Generating results       :	6 s

                        Total time               :	53 s

                      ------------------------------------------------------------------------------
2025-02-11 17:39:24   

                      ------------------------------------------------------------------------------
2025-02-11 17:39:25     Calculation 5 (Frequency: 6.3525 GHz)


                      ------------------------------------------------------------------------------
2025-02-11 17:39:25     ----------------------------------------------------------------------------
                        Port   Mode   Type        Z-Wave        Z-Wave-Sigma  Z-Line        F-Cutoff
                        1      1      QTEM        231           8.01          48.7          ---
                        ----------------------------------------------------------------------------


                      ------------------------------------------------------------------------------
2025-02-11 17:40:12     Matrix setup time        :	19 s
                        Solver setup             :	2 s
                        Degrees of freedom       :	801337
                        Number of mesh cells     :	44665

                        Stimulation port         :	1
                        Mode number              :	1
                        Accuracy                 :	9.50716e-05
                        Iterations               :	52
                        Solver time              :	23 s


                      ------------------------------------------------------------------------------
2025-02-11 17:40:18     Generating results       :	6 s

                        Total time               :	53 s

                      ------------------------------------------------------------------------------
2025-02-11 17:40:18   

                      ------------------------------------------------------------------------------
2025-02-11 17:40:18     Calculation 6 (Frequency: 5.795 GHz)


                      ------------------------------------------------------------------------------
2025-02-11 17:40:19     ----------------------------------------------------------------------------
                        Port   Mode   Type        Z-Wave        Z-Wave-Sigma  Z-Line        F-Cutoff
                        1      1      QTEM        231           7.92          48.7          ---
                        ----------------------------------------------------------------------------


                      ------------------------------------------------------------------------------
2025-02-11 17:40:44     Matrix setup time        :	19 s
                        Solver setup             :	3 s
                        Degrees of freedom       :	801337
                        Number of mesh cells     :	44665

                        Stimulation port         :	1
                        Mode number              :	1
                        Accuracy                 :	3.92214e-05
                        Iterations               :	5
                        Solver time              :	2 s


                      ------------------------------------------------------------------------------
2025-02-11 17:40:47     Generating results       :	3 s

                        Total time               :	29 s

                      ------------------------------------------------------------------------------
2025-02-11 17:40:47   

                      ------------------------------------------------------------------------------
2025-02-11 17:40:47     Calculation 7 (Frequency: 5.755 GHz)


                      ------------------------------------------------------------------------------
2025-02-11 17:40:48     ----------------------------------------------------------------------------
                        Port   Mode   Type        Z-Wave        Z-Wave-Sigma  Z-Line        F-Cutoff
                        1      1      QTEM        231           7.92          48.7          ---
                        ----------------------------------------------------------------------------


                      ------------------------------------------------------------------------------
2025-02-11 17:41:14     Matrix setup time        :	19 s
                        Solver setup             :	3 s
                        Degrees of freedom       :	801337
                        Number of mesh cells     :	44665

                        Stimulation port         :	1
                        Mode number              :	1
                        Accuracy                 :	5.57205e-05
                        Iterations               :	5
                        Solver time              :	2 s


                      ------------------------------------------------------------------------------
2025-02-11 17:41:17   Only few automatic samples have been calculated up to now. Therefore, the frequency sweep is continued with additional 
                      automatically chosen samples.

                      ------------------------------------------------------------------------------
2025-02-11 17:41:17     Generating results       :	3 s

                        Total time               :	29 s

                      ------------------------------------------------------------------------------
2025-02-11 17:41:17   

                      ------------------------------------------------------------------------------
2025-02-11 17:41:17     Calculation 8 (Frequency: 5.785 GHz)


                      ------------------------------------------------------------------------------
2025-02-11 17:41:18     ----------------------------------------------------------------------------
                        Port   Mode   Type        Z-Wave        Z-Wave-Sigma  Z-Line        F-Cutoff
                        1      1      QTEM        231           7.92          48.7          ---
                        ----------------------------------------------------------------------------


                      ------------------------------------------------------------------------------
2025-02-11 17:41:43     Matrix setup time        :	19 s
                        Solver setup             :	3 s
                        Degrees of freedom       :	801337
                        Number of mesh cells     :	44665

                        Stimulation port         :	1
                        Mode number              :	1
                        Accuracy                 :	3.53425e-05
                        Iterations               :	5
                        Solver time              :	2 s


                      ------------------------------------------------------------------------------
2025-02-11 17:41:47   An additional check has indicated that the frequency sweep needs to be continued. More...

                      ------------------------------------------------------------------------------
2025-02-11 17:41:47     Generating results       :	3 s

                        Total time               :	29 s

                      ------------------------------------------------------------------------------
2025-02-11 17:41:47   

                      ------------------------------------------------------------------------------
2025-02-11 17:41:47     Calculation 9 (Frequency: 5.765 GHz)


                      ------------------------------------------------------------------------------
2025-02-11 17:41:47     ----------------------------------------------------------------------------
                        Port   Mode   Type        Z-Wave        Z-Wave-Sigma  Z-Line        F-Cutoff
                        1      1      QTEM        231           7.92          48.7          ---
                        ----------------------------------------------------------------------------


                      ------------------------------------------------------------------------------
2025-02-11 17:42:14     Matrix setup time        :	19 s
                        Solver setup             :	3 s
                        Degrees of freedom       :	801337
                        Number of mesh cells     :	44665

                        Stimulation port         :	1
                        Mode number              :	1
                        Accuracy                 :	4.27687e-05
                        Iterations               :	5
                        Solver time              :	2 s


                      ------------------------------------------------------------------------------
2025-02-11 17:42:18     Generating results       :	3 s

                        Total time               :	30 s

                      ------------------------------------------------------------------------------
2025-02-11 17:42:18   

                      ------------------------------------------------------------------------------
2025-02-11 17:42:18     Calculation 10 (Frequency: 5.78 GHz)


                      ------------------------------------------------------------------------------
2025-02-11 17:42:19     ----------------------------------------------------------------------------
                        Port   Mode   Type        Z-Wave        Z-Wave-Sigma  Z-Line        F-Cutoff
                        1      1      QTEM        231           7.92          48.7          ---
                        ----------------------------------------------------------------------------


                      ------------------------------------------------------------------------------
2025-02-11 17:42:45     Matrix setup time        :	19 s
                        Solver setup             :	4 s
                        Degrees of freedom       :	801337
                        Number of mesh cells     :	44665

                        Stimulation port         :	1
                        Mode number              :	1
                        Accuracy                 :	2.88329e-05
                        Iterations               :	5
                        Solver time              :	2 s


                      ------------------------------------------------------------------------------
2025-02-11 17:42:49     Generating results       :	3 s

                        Total time               :	30 s

                      ------------------------------------------------------------------------------
2025-02-11 17:42:49   

                      ------------------------------------------------------------------------------
2025-02-11 17:42:49   Finished the general purpose interpolative broadband frequency sweep:
                      All broadband sweep convergence criteria have been satisfied after
                      calculating 10 frequency samples:

                        Broadband sweep error threshold value :  0.01 (All S-Parameters) 
                        Number of error criterion checks      :  2 (All S-Parameters) 
                        Minimum number of samples             :  3
                        Number of data samples, linear        :  1001

                      ------------------------------------------------------------------------------
2025-02-11 17:43:22     Number of mesh cells     :	44665
                        Degrees of freedom       :	801337
                        Total Solver Time        :	734 s	 (= 0 h, 12 m, 14 s)
                      ================================================================================



                      ------------------------------------------------------------------------------
2025-02-11 17:43:22     ----------------------------------------------------------------------------
                                            Peak memory used (kB)         Free physical memory (kB) 
                                                                          At begin     Minimum      
                        ----------------------------------------------------------------------------
                        Solver start        21380                         81439428     81429596     
                        Eq. system setup    4495652                       82352428     77751232     
                        Eq. system solve    4495652                       82292552     77591436     
                        Mesh refinement     4495652                       82300016     80807596     
                        Solver run total    4495652                       81439428     77591436     

                        Computer name       gamserverhp3
                        ----------------------------------------------------------------------------


                      ------------------------------------------------------------------------------
2025-02-11 17:43:22   Running postprocessing.

                      ------------------------------------------------------------------------------
2025-02-11 17:43:37   Postprocessing finished.

                      ------------------------------------------------------------------------------
2025-02-11 17:43:38   Parametric 1D storage is switched off.

                      ------------------------------------------------------------------------------
