2024-12-09 18:40:43   The length ratio between the shortest and the longest model edges is 1:8237.
                      Short model edges can be highlighted via Mesh:Mesh Control->Check Mesh->Check
                      Model Edge Length.... (It may be advantageous to model the metallizations as
                      infinitely thin sheets.) More...

                      ------------------------------------------------------------------------------
2024-12-09 18:40:52   *** Warning ***

                      This software is licensed for non-commercial use only.

                      ------------------------------------------------------------------------------
2024-12-09 18:40:53   Units settings: 

                        Dimensions: mm
                        Frequency:  GHz
                        Time:       ns

                      ------------------------------------------------------------------------------
2024-12-09 18:40:53   Boundary conditions: 

                        YZsymmetry: magnetic
                        XZsymmetry: none
                        XYsymmetry: none

                        Xmin: expanded open
                        Xmax: expanded open

                        Ymin: expanded open
                        Ymax: expanded open

                        Zmin: expanded open
                        Zmax: expanded open

                      ------------------------------------------------------------------------------
2024-12-09 18:40:53   Order settings: 

                        Solver order   : 2nd (constant)
                        Curved elements: up to order 3 (automatic)

                      ------------------------------------------------------------------------------
2024-12-09 18:40:53   An iterative solver will be used first.

                      ------------------------------------------------------------------------------
2024-12-09 18:40:53     Mesh time                :	8 s


                      ------------------------------------------------------------------------------
2024-12-09 18:40:53   
                      ================================================================================
                      Frequency Domain Solver calculation cycle started

                      ------------------------------------------------------------------------------
2024-12-09 18:40:53   Solver started at: 2024-12-09 18:40:53 +0100

                        Module:  Frequency Domain: S-Parameter (Win 64)
                        Version: 2024.4 Release from 2024-04-30 (change 1266454)

                      ------------------------------------------------------------------------------
2024-12-09 18:40:53     Calculation 1 of 1 (Frequency: 5.8 GHz)


                      ------------------------------------------------------------------------------
2024-12-09 18:40:53   Automatically activated electric shielding for port 1.

                      ------------------------------------------------------------------------------
2024-12-09 18:40:54   *** Warning ***

2024-12-09 18:40:54   At least one propagating mode is not considered at port 1. 

                      ------------------------------------------------------------------------------
2024-12-09 18:41:02     ----------------------------------------------------------------------------
                        Port   Mode   Type        Z-Wave        Z-Wave-Sigma  Z-Line        F-Cutoff
                        1      1      QTEM        252           13.4          99.9          ---
                        ----------------------------------------------------------------------------


                      ------------------------------------------------------------------------------
2024-12-09 18:41:03   Please consider improving the initial mesh.  More...

                      ------------------------------------------------------------------------------
2024-12-09 18:41:03   Adaptive mesh refinement pass 1

                      ------------------------------------------------------------------------------
2024-12-09 18:41:04     Matrix setup time        :	0 s
                        Degrees of freedom       :	30373
                        Number of mesh cells     :	4597

                        Stimulation port         :	1
                        Mode number              :	1
                        Accuracy                 :	6.54362e-05
                        Iterations               :	42
                        Solver time              :	0 s


                      ------------------------------------------------------------------------------
2024-12-09 18:41:07   31% of all mesh edges seem to be longer than expected. The adaptive mesh refinement's growth limitation will therefore 
                      use 13257 instead of 4590 mesh cells as a reference.

                      ------------------------------------------------------------------------------
2024-12-09 18:41:07   The quality of some tetrahedrons is low.  More...

                      ------------------------------------------------------------------------------
2024-12-09 18:41:08   Adaptive mesh refinement pass 2

                      ------------------------------------------------------------------------------
2024-12-09 18:41:09     Matrix setup time        :	0 s
                        Degrees of freedom       :	37429
                        Number of mesh cells     :	5753

                        Stimulation port         :	1
                        Mode number              :	1
                        Accuracy                 :	7.36207e-05
                        Iterations               :	45
                        Solver time              :	0 s


                      ------------------------------------------------------------------------------
2024-12-09 18:41:12     Delta calculation        
2024-12-09 18:41:12     All S-Parameters         :	0.485493
2024-12-09 18:41:12   

                      ------------------------------------------------------------------------------
2024-12-09 18:41:13   Adaptive mesh refinement pass 3

                      ------------------------------------------------------------------------------
2024-12-09 18:41:16     Matrix setup time        :	0 s
                        Degrees of freedom       :	46865
                        Number of mesh cells     :	7305

                        Stimulation port         :	1
                        Mode number              :	1
                        Accuracy                 :	6.09807e-05
                        Iterations               :	84
                        Solver time              :	1 s


                      ------------------------------------------------------------------------------
2024-12-09 18:41:19     Delta calculation        
2024-12-09 18:41:19     All S-Parameters         :	0.110089
2024-12-09 18:41:19   

                      ------------------------------------------------------------------------------
2024-12-09 18:41:21   Adaptive mesh refinement pass 4

                      ------------------------------------------------------------------------------
2024-12-09 18:41:24     Matrix setup time        :	0 s
                        Degrees of freedom       :	60617
                        Number of mesh cells     :	9590

                        Stimulation port         :	1
                        Mode number              :	1
                        Accuracy                 :	7.32089e-05
                        Iterations               :	75
                        Solver time              :	1 s


                      ------------------------------------------------------------------------------
2024-12-09 18:41:28     Delta calculation        
2024-12-09 18:41:28     All S-Parameters         :	0.144366
2024-12-09 18:41:28   

                      ------------------------------------------------------------------------------
2024-12-09 18:41:30   Adaptive mesh refinement pass 5

                      ------------------------------------------------------------------------------
2024-12-09 18:41:34     Matrix setup time        :	0 s
                        Degrees of freedom       :	82659
                        Number of mesh cells     :	13208

                        Stimulation port         :	1
                        Mode number              :	1
                        Accuracy                 :	8.06999e-05
                        Iterations               :	61
                        Solver time              :	2 s


                      ------------------------------------------------------------------------------
2024-12-09 18:41:39     Delta calculation        
2024-12-09 18:41:39     All S-Parameters         :	0.0759572
2024-12-09 18:41:39   

                      ------------------------------------------------------------------------------
2024-12-09 18:41:42   Adaptive mesh refinement pass 6

                      ------------------------------------------------------------------------------
2024-12-09 18:41:46     Matrix setup time        :	1 s
                        Degrees of freedom       :	116337
                        Number of mesh cells     :	18798

                        Stimulation port         :	1
                        Mode number              :	1
                        Accuracy                 :	8.63294e-05
                        Iterations               :	40
                        Solver time              :	2 s


                      ------------------------------------------------------------------------------
2024-12-09 18:41:53     Delta calculation        
2024-12-09 18:41:53     All S-Parameters         :	0.0313149
2024-12-09 18:41:53   

                      ------------------------------------------------------------------------------
2024-12-09 18:41:58   Adaptive mesh refinement pass 7

                      ------------------------------------------------------------------------------
2024-12-09 18:42:05     Matrix setup time        :	2 s
                        Degrees of freedom       :	177733
                        Number of mesh cells     :	28977

                        Stimulation port         :	1
                        Mode number              :	1
                        Accuracy                 :	8.75416e-05
                        Iterations               :	45
                        Solver time              :	3 s


                      ------------------------------------------------------------------------------
2024-12-09 18:42:15     Delta calculation        
2024-12-09 18:42:15     All S-Parameters         :	0.0340541
2024-12-09 18:42:15   

                      ------------------------------------------------------------------------------
2024-12-09 18:42:22   Adaptive mesh refinement pass 8

                      ------------------------------------------------------------------------------
2024-12-09 18:42:34     Matrix setup time        :	3 s
                        Solver setup             :	1 s
                        Degrees of freedom       :	262355
                        Number of mesh cells     :	42951

                        Stimulation port         :	1
                        Mode number              :	1
                        Accuracy                 :	9.62502e-05
                        Iterations               :	55
                        Solver time              :	7 s


                      ------------------------------------------------------------------------------
2024-12-09 18:42:50     Delta calculation        
2024-12-09 18:42:50     All S-Parameters         :	0.0165938
2024-12-09 18:42:50   

                      ------------------------------------------------------------------------------
2024-12-09 18:43:01   Adaptive mesh refinement pass 9

                      ------------------------------------------------------------------------------
2024-12-09 18:43:18     Matrix setup time        :	4 s
                        Solver setup             :	1 s
                        Degrees of freedom       :	372903
                        Number of mesh cells     :	61282

                        Stimulation port         :	1
                        Mode number              :	1
                        Accuracy                 :	8.89787e-05
                        Iterations               :	57
                        Solver time              :	10 s


                      ------------------------------------------------------------------------------
2024-12-09 18:43:40     Delta calculation        
2024-12-09 18:43:40     All S-Parameters         :	0.0093758
2024-12-09 18:43:40   

                      ------------------------------------------------------------------------------
2024-12-09 18:43:52   Adaptive mesh refinement pass 10

                      ------------------------------------------------------------------------------
2024-12-09 18:44:14     Matrix setup time        :	5 s
                        Solver setup             :	2 s
                        Degrees of freedom       :	486257
                        Number of mesh cells     :	79922

                        Stimulation port         :	1
                        Mode number              :	1
                        Accuracy                 :	7.15247e-05
                        Iterations               :	54
                        Solver time              :	13 s


                      ------------------------------------------------------------------------------
2024-12-09 18:44:41     Delta calculation        
2024-12-09 18:44:41     All S-Parameters         :	0.00558638
2024-12-09 18:44:41   

                      ------------------------------------------------------------------------------
2024-12-09 18:44:41   Mesh adaptation terminated because the desired accuracy limit is reached.

                      ------------------------------------------------------------------------------
2024-12-09 18:44:42     Total time               :	228 s	 (= 0 h, 03 m, 48 s)

                      ------------------------------------------------------------------------------
2024-12-09 18:44:42   

                      ------------------------------------------------------------------------------
2024-12-09 18:44:56   Unable to use "EvaluateHFieldOnSIBC" due to model setup.

                      ------------------------------------------------------------------------------
2024-12-09 18:44:56     Calculation 2 (Frequency: 7.54 GHz)


                      ------------------------------------------------------------------------------
2024-12-09 18:44:56   *** Warning ***

2024-12-09 18:44:56   At least one propagating mode is not considered at port 1. 

                      ------------------------------------------------------------------------------
2024-12-09 18:44:56     ----------------------------------------------------------------------------
                        Port   Mode   Type        Z-Wave        Z-Wave-Sigma  Z-Line        F-Cutoff
                        1      1      QTEM        251           14.1          98.5          ---
                        ----------------------------------------------------------------------------


                      ------------------------------------------------------------------------------
2024-12-09 18:45:15     Matrix setup time        :	4 s
                        Solver setup             :	1 s
                        Degrees of freedom       :	486257
                        Number of mesh cells     :	79922

                        Stimulation port         :	1
                        Mode number              :	1
                        Accuracy                 :	9.65875e-05
                        Iterations               :	52
                        Solver time              :	13 s


                      ------------------------------------------------------------------------------
2024-12-09 18:45:20     Generating results       :	5 s

                        Total time               :	24 s

                      ------------------------------------------------------------------------------
2024-12-09 18:45:20   

                      ------------------------------------------------------------------------------
2024-12-09 18:45:20     Calculation 3 (Frequency: 4.06 GHz)


                      ------------------------------------------------------------------------------
2024-12-09 18:45:21     ----------------------------------------------------------------------------
                        Port   Mode   Type        Z-Wave        Z-Wave-Sigma  Z-Line        F-Cutoff
                        1      1      QTEM        251           12.9          101           ---
                        ----------------------------------------------------------------------------


                      ------------------------------------------------------------------------------
2024-12-09 18:45:43     Matrix setup time        :	4 s
                        Solver setup             :	1 s
                        Degrees of freedom       :	486257
                        Number of mesh cells     :	79922

                        Stimulation port         :	1
                        Mode number              :	1
                        Accuracy                 :	7.0641e-05
                        Iterations               :	61
                        Solver time              :	15 s


                      ------------------------------------------------------------------------------
2024-12-09 18:45:43   The direct solver will be used.

                      ------------------------------------------------------------------------------
2024-12-09 18:45:48     Generating results       :	5 s

                        Total time               :	27 s

                      ------------------------------------------------------------------------------
2024-12-09 18:45:48   

                      ------------------------------------------------------------------------------
2024-12-09 18:45:48     Calculation 4 (Frequency: 5.22 GHz)


                      ------------------------------------------------------------------------------
2024-12-09 18:45:48   *** Warning ***

2024-12-09 18:45:48   At least one propagating mode is not considered at port 1. 

                      ------------------------------------------------------------------------------
2024-12-09 18:45:49     ----------------------------------------------------------------------------
                        Port   Mode   Type        Z-Wave        Z-Wave-Sigma  Z-Line        F-Cutoff
                        1      1      QTEM        251           13.3          100           ---
                        ----------------------------------------------------------------------------


                      ------------------------------------------------------------------------------
2024-12-09 18:46:29     Matrix setup time        :	5 s
                        Solver setup             :	33 s
                        Degrees of freedom       :	486257
                        Number of mesh cells     :	79922

                        Stimulation port         :	1
                        Mode number              :	1
                        Accuracy                 :	1.14528e-13
                        Iterations               :	1
                        Solver time              :	0 s


                      ------------------------------------------------------------------------------
2024-12-09 18:46:29   The iterative solver will be used.

                      ------------------------------------------------------------------------------
2024-12-09 18:46:34     Generating results       :	5 s

                        Total time               :	46 s

                      ------------------------------------------------------------------------------
2024-12-09 18:46:34   

                      ------------------------------------------------------------------------------
2024-12-09 18:46:34     Calculation 5 (Frequency: 6.38 GHz)


                      ------------------------------------------------------------------------------
2024-12-09 18:46:35   *** Warning ***

2024-12-09 18:46:35   At least one propagating mode is not considered at port 1. 

                      ------------------------------------------------------------------------------
2024-12-09 18:46:35     ----------------------------------------------------------------------------
                        Port   Mode   Type        Z-Wave        Z-Wave-Sigma  Z-Line        F-Cutoff
                        1      1      QTEM        252           13.7          99.4          ---
                        ----------------------------------------------------------------------------


                      ------------------------------------------------------------------------------
2024-12-09 18:46:51     Matrix setup time        :	5 s
                        Solver setup             :	2 s
                        Degrees of freedom       :	486257
                        Number of mesh cells     :	79922

                        Stimulation port         :	1
                        Mode number              :	1
                        Accuracy                 :	8.18693e-05
                        Iterations               :	30
                        Solver time              :	7 s


                      ------------------------------------------------------------------------------
2024-12-09 18:46:57     Generating results       :	5 s

                        Total time               :	22 s

                      ------------------------------------------------------------------------------
2024-12-09 18:46:57   

                      ------------------------------------------------------------------------------
2024-12-09 18:46:57     Calculation 6 (Frequency: 5.11096 GHz)


                      ------------------------------------------------------------------------------
2024-12-09 18:46:57   *** Warning ***

2024-12-09 18:46:57   At least one propagating mode is not considered at port 1. 

                      ------------------------------------------------------------------------------
2024-12-09 18:46:57     ----------------------------------------------------------------------------
                        Port   Mode   Type        Z-Wave        Z-Wave-Sigma  Z-Line        F-Cutoff
                        1      1      QTEM        251           13.2          100           ---
                        ----------------------------------------------------------------------------


                      ------------------------------------------------------------------------------
2024-12-09 18:47:05     Matrix setup time        :	4 s
                        Solver setup             :	1 s
                        Degrees of freedom       :	486257
                        Number of mesh cells     :	79922

                        Stimulation port         :	1
                        Mode number              :	1
                        Accuracy                 :	4.60338e-05
                        Iterations               :	5
                        Solver time              :	1 s


                      ------------------------------------------------------------------------------
2024-12-09 18:47:09     Generating results       :	4 s

                        Total time               :	12 s

                      ------------------------------------------------------------------------------
2024-12-09 18:47:09   

                      ------------------------------------------------------------------------------
2024-12-09 18:47:09     Calculation 7 (Frequency: 5.60164 GHz)


                      ------------------------------------------------------------------------------
2024-12-09 18:47:09   *** Warning ***

2024-12-09 18:47:09   At least one propagating mode is not considered at port 1. 

                      ------------------------------------------------------------------------------
2024-12-09 18:47:10     ----------------------------------------------------------------------------
                        Port   Mode   Type        Z-Wave        Z-Wave-Sigma  Z-Line        F-Cutoff
                        1      1      QTEM        251           13.4          100           ---
                        ----------------------------------------------------------------------------


                      ------------------------------------------------------------------------------
2024-12-09 18:47:18     Matrix setup time        :	4 s
                        Solver setup             :	2 s
                        Degrees of freedom       :	486257
                        Number of mesh cells     :	79922

                        Stimulation port         :	1
                        Mode number              :	1
                        Accuracy                 :	6.79184e-05
                        Iterations               :	5
                        Solver time              :	1 s


                      ------------------------------------------------------------------------------
2024-12-09 18:47:22     Generating results       :	4 s

                        Total time               :	12 s

                      ------------------------------------------------------------------------------
2024-12-09 18:47:22   

                      ------------------------------------------------------------------------------
2024-12-09 18:47:22     Calculation 8 (Frequency: 7.03888 GHz)


                      ------------------------------------------------------------------------------
2024-12-09 18:47:22   *** Warning ***

2024-12-09 18:47:22   At least one propagating mode is not considered at port 1. 

                      ------------------------------------------------------------------------------
2024-12-09 18:47:22     ----------------------------------------------------------------------------
                        Port   Mode   Type        Z-Wave        Z-Wave-Sigma  Z-Line        F-Cutoff
                        1      1      QTEM        251           13.9          98.9          ---
                        ----------------------------------------------------------------------------


                      ------------------------------------------------------------------------------
2024-12-09 18:47:32     Matrix setup time        :	4 s
                        Solver setup             :	2 s
                        Degrees of freedom       :	486257
                        Number of mesh cells     :	79922

                        Stimulation port         :	1
                        Mode number              :	1
                        Accuracy                 :	7.35718e-05
                        Iterations               :	10
                        Solver time              :	2 s


                      ------------------------------------------------------------------------------
2024-12-09 18:47:36     Generating results       :	4 s

                        Total time               :	13 s

                      ------------------------------------------------------------------------------
2024-12-09 18:47:36   

                      ------------------------------------------------------------------------------
2024-12-09 18:47:36     Calculation 9 (Frequency: 4.37668 GHz)


                      ------------------------------------------------------------------------------
2024-12-09 18:47:37     ----------------------------------------------------------------------------
                        Port   Mode   Type        Z-Wave        Z-Wave-Sigma  Z-Line        F-Cutoff
                        1      1      QTEM        251           13            101           ---
                        ----------------------------------------------------------------------------


                      ------------------------------------------------------------------------------
2024-12-09 18:47:46     Matrix setup time        :	4 s
                        Solver setup             :	2 s
                        Degrees of freedom       :	486257
                        Number of mesh cells     :	79922

                        Stimulation port         :	1
                        Mode number              :	1
                        Accuracy                 :	6.57252e-05
                        Iterations               :	8
                        Solver time              :	2 s


                      ------------------------------------------------------------------------------
2024-12-09 18:47:50     Generating results       :	4 s

                        Total time               :	13 s

                      ------------------------------------------------------------------------------
2024-12-09 18:47:50   

                      ------------------------------------------------------------------------------
2024-12-09 18:47:50   Finished the general purpose interpolative broadband frequency sweep:
                      All broadband sweep convergence criteria have been satisfied after
                      calculating 9 frequency samples:

                        Broadband sweep error threshold value :  0.01 (All S-Parameters) 
                        Number of error criterion checks      :  2 (All S-Parameters) 
                        Minimum number of samples             :  3
                        Number of data samples, linear        :  1001

                      ------------------------------------------------------------------------------
2024-12-09 18:48:23     Number of mesh cells     :	79922
                        Degrees of freedom       :	486257
                        Total Solver Time        :	410 s	 (= 0 h, 06 m, 50 s)
                      ================================================================================



                      ------------------------------------------------------------------------------
2024-12-09 18:48:23     ----------------------------------------------------------------------------
                                            Peak memory used (kB)         Free physical memory (kB) 
                                                                          At begin     Minimum      
                        ----------------------------------------------------------------------------
                        Solver start        21380                         90810316     90809412     
                        Eq. system setup    2850592                       90769640     90000364     
                        Eq. system solve    2850592                       90750792     87965684     
                        Mesh refinement     600348                        90739152     90349332     
                        Solver run total    2850592                       90810320     87965684     

                        Computer name       gamserverhp3
                        ----------------------------------------------------------------------------


                      ------------------------------------------------------------------------------
2024-12-09 18:48:23   Running postprocessing.

                      ------------------------------------------------------------------------------
2024-12-09 18:48:35   Postprocessing finished.

                      ------------------------------------------------------------------------------
2024-12-09 18:48:36   Creating parametric 1D results for Run ID 1

                      ------------------------------------------------------------------------------
