2025-02-10 18:18:17   The length ratio between the shortest and the longest model edges is 1:1627.
                      Short model edges can be highlighted via Mesh:Mesh Control->Check Mesh->Check
                      Model Edge Length.... (It may be advantageous to model the metallizations as
                      infinitely thin sheets.) More...

                      ------------------------------------------------------------------------------
2025-02-10 18:18:30   *** Warning ***

                      This software is licensed for non-commercial use only.

                      ------------------------------------------------------------------------------
2025-02-10 18:18:31   Units settings: 

                        Dimensions: mm
                        Frequency:  GHz
                        Time:       ns

                      ------------------------------------------------------------------------------
2025-02-10 18:18:31   Boundary conditions: 

                        YZsymmetry: magnetic
                        XZsymmetry: none
                        XYsymmetry: none

                        Xmin: expanded open
                        Xmax: expanded open

                        Ymin: expanded open
                        Ymax: expanded open

                        Zmin: expanded open
                        Zmax: expanded open

                      ------------------------------------------------------------------------------
2025-02-10 18:18:31   Order settings: 

                        Solver order   : 3rd (constant)
                        Curved elements: up to order 5 (automatic)

                      ------------------------------------------------------------------------------
2025-02-10 18:18:31   The number of frequency samples has been increased to take into account all field monitors.

                      ------------------------------------------------------------------------------
2025-02-10 18:18:31   An iterative solver will be used first.

                      ------------------------------------------------------------------------------
2025-02-10 18:18:31     Mesh time                :	13 s


                      ------------------------------------------------------------------------------
2025-02-10 18:18:32   
                      ================================================================================
                      Frequency Domain Solver calculation cycle started

                      ------------------------------------------------------------------------------
2025-02-10 18:18:32   Solver started at: 2025-02-10 18:18:32 +0100

                        Module:  Frequency Domain: S-Parameter (Win 64)
                        Version: 2024.4 Release from 2024-04-30 (change 1266454)

                      ------------------------------------------------------------------------------
2025-02-10 18:18:33     Calculation 1 of 1 (Frequency: 5.775 GHz)


                      ------------------------------------------------------------------------------
2025-02-10 18:18:33   Automatically activated electric shielding for port 1.

                      ------------------------------------------------------------------------------
2025-02-10 18:18:43     ----------------------------------------------------------------------------
                        Port   Mode   Type        Z-Wave        Z-Wave-Sigma  Z-Line        F-Cutoff
                        1      1      QTEM        231           7.92          48.7          ---
                        ----------------------------------------------------------------------------


                      ------------------------------------------------------------------------------
2025-02-10 18:18:44   Adaptive mesh refinement pass 1

                      ------------------------------------------------------------------------------
2025-02-10 18:18:50     Matrix setup time        :	1 s
                        Degrees of freedom       :	36139
                        Number of mesh cells     :	1931

                        Stimulation port         :	1
                        Mode number              :	1
                        Accuracy                 :	9.91785e-05
                        Iterations               :	168
                        Solver time              :	4 s


                      ------------------------------------------------------------------------------
2025-02-10 18:18:52   40% of all mesh edges seem to be longer than expected. The adaptive mesh refinement's growth limitation will therefore 
                      use 6571 instead of 1926 mesh cells as a reference.

                      ------------------------------------------------------------------------------
2025-02-10 18:18:54   Adaptive mesh refinement pass 2

                      ------------------------------------------------------------------------------
2025-02-10 18:18:59     Matrix setup time        :	1 s
                        Degrees of freedom       :	52159
                        Number of mesh cells     :	2820

                        Stimulation port         :	1
                        Mode number              :	1
                        Accuracy                 :	9.93988e-05
                        Iterations               :	99
                        Solver time              :	3 s


                      ------------------------------------------------------------------------------
2025-02-10 18:19:01     Delta calculation        
2025-02-10 18:19:01     All S-Parameters         :	0.546464
2025-02-10 18:19:01   

                      ------------------------------------------------------------------------------
2025-02-10 18:19:03   Adaptive mesh refinement pass 3

                      ------------------------------------------------------------------------------
2025-02-10 18:19:08     Matrix setup time        :	1 s
                        Degrees of freedom       :	69472
                        Number of mesh cells     :	3802

                        Stimulation port         :	1
                        Mode number              :	1
                        Accuracy                 :	9.82317e-05
                        Iterations               :	85
                        Solver time              :	3 s


                      ------------------------------------------------------------------------------
2025-02-10 18:19:10     Delta calculation        
2025-02-10 18:19:10     All S-Parameters         :	0.136828
2025-02-10 18:19:10   

                      ------------------------------------------------------------------------------
2025-02-10 18:19:13   Adaptive mesh refinement pass 4

                      ------------------------------------------------------------------------------
2025-02-10 18:19:21     Matrix setup time        :	2 s
                        Degrees of freedom       :	99835
                        Number of mesh cells     :	5507

                        Stimulation port         :	1
                        Mode number              :	1
                        Accuracy                 :	4.66881e-05
                        Iterations               :	100
                        Solver time              :	5 s


                      ------------------------------------------------------------------------------
2025-02-10 18:19:24     Delta calculation        
2025-02-10 18:19:24     All S-Parameters         :	0.104698
2025-02-10 18:19:24   

                      ------------------------------------------------------------------------------
2025-02-10 18:19:27   Adaptive mesh refinement pass 5

                      ------------------------------------------------------------------------------
2025-02-10 18:19:39     Matrix setup time        :	4 s
                        Degrees of freedom       :	146710
                        Number of mesh cells     :	8136

                        Stimulation port         :	1
                        Mode number              :	1
                        Accuracy                 :	8.69942e-05
                        Iterations               :	95
                        Solver time              :	7 s


                      ------------------------------------------------------------------------------
2025-02-10 18:19:42     Delta calculation        
2025-02-10 18:19:42     All S-Parameters         :	0.0414695
2025-02-10 18:19:42   

                      ------------------------------------------------------------------------------
2025-02-10 18:19:47   Adaptive mesh refinement pass 6

                      ------------------------------------------------------------------------------
2025-02-10 18:20:05     Matrix setup time        :	6 s
                        Degrees of freedom       :	224446
                        Number of mesh cells     :	12493

                        Stimulation port         :	1
                        Mode number              :	1
                        Accuracy                 :	9.70211e-05
                        Iterations               :	99
                        Solver time              :	11 s


                      ------------------------------------------------------------------------------
2025-02-10 18:20:09     Delta calculation        
2025-02-10 18:20:09     All S-Parameters         :	0.0443599
2025-02-10 18:20:09   

                      ------------------------------------------------------------------------------
2025-02-10 18:20:16   Adaptive mesh refinement pass 7

                      ------------------------------------------------------------------------------
2025-02-10 18:20:41     Matrix setup time        :	9 s
                        Degrees of freedom       :	341074
                        Number of mesh cells     :	18984

                        Stimulation port         :	1
                        Mode number              :	1
                        Accuracy                 :	6.15149e-05
                        Iterations               :	90
                        Solver time              :	15 s


                      ------------------------------------------------------------------------------
2025-02-10 18:20:48     Delta calculation        
2025-02-10 18:20:48     All S-Parameters         :	0.0194992
2025-02-10 18:20:48   

                      ------------------------------------------------------------------------------
2025-02-10 18:20:56   Adaptive mesh refinement pass 8

                      ------------------------------------------------------------------------------
2025-02-10 18:21:30     Matrix setup time        :	12 s
                        Solver setup             :	1 s
                        Degrees of freedom       :	456517
                        Number of mesh cells     :	25434

                        Stimulation port         :	1
                        Mode number              :	1
                        Accuracy                 :	8.74409e-05
                        Iterations               :	88
                        Solver time              :	20 s


                      ------------------------------------------------------------------------------
2025-02-10 18:21:39     Delta calculation        
2025-02-10 18:21:39     All S-Parameters         :	0.010454
2025-02-10 18:21:39   

                      ------------------------------------------------------------------------------
2025-02-10 18:21:48   The direct solver will be used.

                      ------------------------------------------------------------------------------
2025-02-10 18:21:49   Adaptive mesh refinement pass 9

                      ------------------------------------------------------------------------------
2025-02-10 18:23:07     Matrix setup time        :	16 s
                        Solver setup             :	59 s
                        Degrees of freedom       :	600310
                        Number of mesh cells     :	33464

                        Stimulation port         :	1
                        Mode number              :	1
                        Accuracy                 :	3.40671e-13
                        Iterations               :	1
                        Solver time              :	1 s


                      ------------------------------------------------------------------------------
2025-02-10 18:23:08   The iterative solver will be used.

                      ------------------------------------------------------------------------------
2025-02-10 18:23:19     Delta calculation        
2025-02-10 18:23:19     All S-Parameters         :	0.0122742
2025-02-10 18:23:19   

                      ------------------------------------------------------------------------------
2025-02-10 18:23:33   Adaptive mesh refinement pass 10

                      ------------------------------------------------------------------------------
2025-02-10 18:24:21     Matrix setup time        :	21 s
                        Solver setup             :	1 s
                        Degrees of freedom       :	781345
                        Number of mesh cells     :	43557

                        Stimulation port         :	1
                        Mode number              :	1
                        Accuracy                 :	9.35884e-05
                        Iterations               :	60
                        Solver time              :	24 s


                      ------------------------------------------------------------------------------
2025-02-10 18:24:36     Delta calculation        
2025-02-10 18:24:36     All S-Parameters         :	0.00557434
2025-02-10 18:24:36   

                      ------------------------------------------------------------------------------
2025-02-10 18:24:44   The quality of some tetrahedrons is low.  More...

                      ------------------------------------------------------------------------------
2025-02-10 18:24:53   Adaptive mesh refinement pass 11

                      ------------------------------------------------------------------------------
2025-02-10 18:25:48     Matrix setup time        :	26 s
                        Solver setup             :	2 s
                        Degrees of freedom       :	971851
                        Number of mesh cells     :	54186

                        Stimulation port         :	1
                        Mode number              :	1
                        Accuracy                 :	9.87648e-05
                        Iterations               :	49
                        Solver time              :	26 s


                      ------------------------------------------------------------------------------
2025-02-10 18:26:08     Delta calculation        
2025-02-10 18:26:08     All S-Parameters         :	0.00350203
2025-02-10 18:26:08   

                      ------------------------------------------------------------------------------
2025-02-10 18:26:08   Mesh adaptation terminated because the desired accuracy limit is reached.

                      ------------------------------------------------------------------------------
2025-02-10 18:26:10     Generating results       :	1 s

                        Total time               :	456 s	 (= 0 h, 07 m, 36 s)

                      ------------------------------------------------------------------------------
2025-02-10 18:26:10   

                      ------------------------------------------------------------------------------
2025-02-10 18:26:22   Unable to use "EvaluateHFieldOnSIBC" due to model setup.

                      ------------------------------------------------------------------------------
2025-02-10 18:26:23     Calculation 2 (Frequency: 5.815 GHz)


                      ------------------------------------------------------------------------------
2025-02-10 18:26:24     ----------------------------------------------------------------------------
                        Port   Mode   Type        Z-Wave        Z-Wave-Sigma  Z-Line        F-Cutoff
                        1      1      QTEM        231           7.93          48.7          ---
                        ----------------------------------------------------------------------------


                      ------------------------------------------------------------------------------
2025-02-10 18:27:11     Matrix setup time        :	23 s
                        Solver setup             :	2 s
                        Degrees of freedom       :	971851
                        Number of mesh cells     :	54186

                        Stimulation port         :	1
                        Mode number              :	1
                        Accuracy                 :	4.91762e-05
                        Iterations               :	40
                        Solver time              :	21 s


                      ------------------------------------------------------------------------------
2025-02-10 18:27:15     Generating results       :	4 s

                        Total time               :	51 s

                      ------------------------------------------------------------------------------
2025-02-10 18:27:15   

                      ------------------------------------------------------------------------------
2025-02-10 18:27:16     Calculation 3 (Frequency: 5.735 GHz)


                      ------------------------------------------------------------------------------
2025-02-10 18:27:16     ----------------------------------------------------------------------------
                        Port   Mode   Type        Z-Wave        Z-Wave-Sigma  Z-Line        F-Cutoff
                        1      1      QTEM        231           7.91          48.7          ---
                        ----------------------------------------------------------------------------


                      ------------------------------------------------------------------------------
2025-02-10 18:27:55     Matrix setup time        :	23 s
                        Solver setup             :	2 s
                        Degrees of freedom       :	971851
                        Number of mesh cells     :	54186

                        Stimulation port         :	1
                        Mode number              :	1
                        Accuracy                 :	8.91488e-05
                        Iterations               :	24
                        Solver time              :	12 s


                      ------------------------------------------------------------------------------
2025-02-10 18:27:59     Generating results       :	4 s

                        Total time               :	43 s

                      ------------------------------------------------------------------------------
2025-02-10 18:27:59   

                      ------------------------------------------------------------------------------
2025-02-10 18:28:00     Calculation 4 (Frequency: 5.1975 GHz)


                      ------------------------------------------------------------------------------
2025-02-10 18:28:00     ----------------------------------------------------------------------------
                        Port   Mode   Type        Z-Wave        Z-Wave-Sigma  Z-Line        F-Cutoff
                        1      1      QTEM        232           7.91          48.8          ---
                        ----------------------------------------------------------------------------


                      ------------------------------------------------------------------------------
2025-02-10 18:28:53     Matrix setup time        :	23 s
                        Solver setup             :	2 s
                        Degrees of freedom       :	971851
                        Number of mesh cells     :	54186

                        Stimulation port         :	1
                        Mode number              :	1
                        Accuracy                 :	8.44833e-05
                        Iterations               :	50
                        Solver time              :	25 s


                      ------------------------------------------------------------------------------
2025-02-10 18:29:01     Generating results       :	8 s

                        Total time               :	61 s	 (= 0 h, 01 m, 01 s)

                      ------------------------------------------------------------------------------
2025-02-10 18:29:01   

                      ------------------------------------------------------------------------------
2025-02-10 18:29:02     Calculation 5 (Frequency: 6.3525 GHz)


                      ------------------------------------------------------------------------------
2025-02-10 18:29:02     ----------------------------------------------------------------------------
                        Port   Mode   Type        Z-Wave        Z-Wave-Sigma  Z-Line        F-Cutoff
                        1      1      QTEM        231           8.01          48.7          ---
                        ----------------------------------------------------------------------------


                      ------------------------------------------------------------------------------
2025-02-10 18:29:56     Matrix setup time        :	23 s
                        Solver setup             :	3 s
                        Degrees of freedom       :	971851
                        Number of mesh cells     :	54186

                        Stimulation port         :	1
                        Mode number              :	1
                        Accuracy                 :	7.39519e-05
                        Iterations               :	50
                        Solver time              :	26 s


                      ------------------------------------------------------------------------------
2025-02-10 18:30:04     Generating results       :	8 s

                        Total time               :	62 s	 (= 0 h, 01 m, 02 s)

                      ------------------------------------------------------------------------------
2025-02-10 18:30:04   

                      ------------------------------------------------------------------------------
2025-02-10 18:30:05     Calculation 6 (Frequency: 5.795 GHz)


                      ------------------------------------------------------------------------------
2025-02-10 18:30:05     ----------------------------------------------------------------------------
                        Port   Mode   Type        Z-Wave        Z-Wave-Sigma  Z-Line        F-Cutoff
                        1      1      QTEM        231           7.92          48.7          ---
                        ----------------------------------------------------------------------------


                      ------------------------------------------------------------------------------
2025-02-10 18:30:36     Matrix setup time        :	23 s
                        Solver setup             :	3 s
                        Degrees of freedom       :	971851
                        Number of mesh cells     :	54186

                        Stimulation port         :	1
                        Mode number              :	1
                        Accuracy                 :	3.63879e-05
                        Iterations               :	5
                        Solver time              :	3 s


                      ------------------------------------------------------------------------------
2025-02-10 18:30:40     Generating results       :	4 s

                        Total time               :	35 s

                      ------------------------------------------------------------------------------
2025-02-10 18:30:40   

                      ------------------------------------------------------------------------------
2025-02-10 18:30:41     Calculation 7 (Frequency: 5.755 GHz)


                      ------------------------------------------------------------------------------
2025-02-10 18:30:41     ----------------------------------------------------------------------------
                        Port   Mode   Type        Z-Wave        Z-Wave-Sigma  Z-Line        F-Cutoff
                        1      1      QTEM        231           7.92          48.7          ---
                        ----------------------------------------------------------------------------


                      ------------------------------------------------------------------------------
2025-02-10 18:31:12     Matrix setup time        :	23 s
                        Solver setup             :	3 s
                        Degrees of freedom       :	971851
                        Number of mesh cells     :	54186

                        Stimulation port         :	1
                        Mode number              :	1
                        Accuracy                 :	6.31219e-05
                        Iterations               :	5
                        Solver time              :	3 s


                      ------------------------------------------------------------------------------
2025-02-10 18:31:16   Only few automatic samples have been calculated up to now. Therefore, the frequency sweep is continued with additional 
                      automatically chosen samples.

                      ------------------------------------------------------------------------------
2025-02-10 18:31:16     Generating results       :	4 s

                        Total time               :	35 s

                      ------------------------------------------------------------------------------
2025-02-10 18:31:16   

                      ------------------------------------------------------------------------------
2025-02-10 18:31:17     Calculation 8 (Frequency: 5.785 GHz)


                      ------------------------------------------------------------------------------
2025-02-10 18:31:17     ----------------------------------------------------------------------------
                        Port   Mode   Type        Z-Wave        Z-Wave-Sigma  Z-Line        F-Cutoff
                        1      1      QTEM        231           7.92          48.7          ---
                        ----------------------------------------------------------------------------


                      ------------------------------------------------------------------------------
2025-02-10 18:31:48     Matrix setup time        :	23 s
                        Solver setup             :	4 s
                        Degrees of freedom       :	971851
                        Number of mesh cells     :	54186

                        Stimulation port         :	1
                        Mode number              :	1
                        Accuracy                 :	3.67507e-05
                        Iterations               :	5
                        Solver time              :	3 s


                      ------------------------------------------------------------------------------
2025-02-10 18:31:52   An additional check has indicated that the frequency sweep needs to be continued. More...

                      ------------------------------------------------------------------------------
2025-02-10 18:31:53     Generating results       :	4 s

                        Total time               :	35 s

                      ------------------------------------------------------------------------------
2025-02-10 18:31:53   

                      ------------------------------------------------------------------------------
2025-02-10 18:31:53     Calculation 9 (Frequency: 5.765 GHz)


                      ------------------------------------------------------------------------------
2025-02-10 18:31:54     ----------------------------------------------------------------------------
                        Port   Mode   Type        Z-Wave        Z-Wave-Sigma  Z-Line        F-Cutoff
                        1      1      QTEM        231           7.92          48.7          ---
                        ----------------------------------------------------------------------------


                      ------------------------------------------------------------------------------
2025-02-10 18:32:25     Matrix setup time        :	23 s
                        Solver setup             :	4 s
                        Degrees of freedom       :	971851
                        Number of mesh cells     :	54186

                        Stimulation port         :	1
                        Mode number              :	1
                        Accuracy                 :	4.32668e-05
                        Iterations               :	5
                        Solver time              :	3 s


                      ------------------------------------------------------------------------------
2025-02-10 18:32:29     Generating results       :	4 s

                        Total time               :	36 s

                      ------------------------------------------------------------------------------
2025-02-10 18:32:29   

                      ------------------------------------------------------------------------------
2025-02-10 18:32:30     Calculation 10 (Frequency: 5.745 GHz)


                      ------------------------------------------------------------------------------
2025-02-10 18:32:30     ----------------------------------------------------------------------------
                        Port   Mode   Type        Z-Wave        Z-Wave-Sigma  Z-Line        F-Cutoff
                        1      1      QTEM        231           7.92          48.7          ---
                        ----------------------------------------------------------------------------


                      ------------------------------------------------------------------------------
2025-02-10 18:33:02     Matrix setup time        :	23 s
                        Solver setup             :	4 s
                        Degrees of freedom       :	971851
                        Number of mesh cells     :	54186

                        Stimulation port         :	1
                        Mode number              :	1
                        Accuracy                 :	4.6183e-05
                        Iterations               :	5
                        Solver time              :	3 s


                      ------------------------------------------------------------------------------
2025-02-10 18:33:06     Generating results       :	4 s

                        Total time               :	36 s

                      ------------------------------------------------------------------------------
2025-02-10 18:33:06   

                      ------------------------------------------------------------------------------
2025-02-10 18:33:06   Finished the general purpose interpolative broadband frequency sweep:
                      All broadband sweep convergence criteria have been satisfied after
                      calculating 10 frequency samples:

                        Broadband sweep error threshold value :  0.01 (All S-Parameters) 
                        Number of error criterion checks      :  2 (All S-Parameters) 
                        Minimum number of samples             :  3
                        Number of data samples, linear        :  1001

                      ------------------------------------------------------------------------------
2025-02-10 18:33:39     Number of mesh cells     :	54186
                        Degrees of freedom       :	971851
                        Total Solver Time        :	870 s	 (= 0 h, 14 m, 30 s)
                      ================================================================================



                      ------------------------------------------------------------------------------
2025-02-10 18:33:41     ----------------------------------------------------------------------------
                                            Peak memory used (kB)         Free physical memory (kB) 
                                                                          At begin     Minimum      
                        ----------------------------------------------------------------------------
                        Solver start        21324                         83466332     83464300     
                        Eq. system setup    4435796                       83458624     82225476     
                        Eq. system solve    4435796                       83398812     79083768     
                        Mesh refinement     4435796                       83414528     82341360     
                        Solver run total    4435796                       83466336     79083768     

                        Computer name       gamserverhp3
                        ----------------------------------------------------------------------------


                      ------------------------------------------------------------------------------
2025-02-10 18:33:41   Running postprocessing.

                      ------------------------------------------------------------------------------
2025-02-10 18:33:57   Postprocessing finished.

                      ------------------------------------------------------------------------------
2025-02-10 18:33:58   Parametric 1D storage is switched off.

                      ------------------------------------------------------------------------------
