2025-02-11 17:16:57   The length ratio between the shortest and the longest model edges is 1:1628.
                      Short model edges can be highlighted via Mesh:Mesh Control->Check Mesh->Check
                      Model Edge Length.... (It may be advantageous to model the metallizations as
                      infinitely thin sheets.) More...

                      ------------------------------------------------------------------------------
2025-02-11 17:17:10   *** Warning ***

                      This software is licensed for non-commercial use only.

                      ------------------------------------------------------------------------------
2025-02-11 17:17:11   Units settings: 

                        Dimensions: mm
                        Frequency:  GHz
                        Time:       ns

                      ------------------------------------------------------------------------------
2025-02-11 17:17:11   Boundary conditions: 

                        YZsymmetry: magnetic
                        XZsymmetry: none
                        XYsymmetry: none

                        Xmin: expanded open
                        Xmax: expanded open

                        Ymin: expanded open
                        Ymax: expanded open

                        Zmin: expanded open
                        Zmax: expanded open

                      ------------------------------------------------------------------------------
2025-02-11 17:17:11   Order settings: 

                        Solver order   : 3rd (constant)
                        Curved elements: up to order 5 (automatic)

                      ------------------------------------------------------------------------------
2025-02-11 17:17:11   The number of frequency samples has been increased to take into account all field monitors.

                      ------------------------------------------------------------------------------
2025-02-11 17:17:12   An iterative solver will be used first.

                      ------------------------------------------------------------------------------
2025-02-11 17:17:12     Mesh time                :	13 s


                      ------------------------------------------------------------------------------
2025-02-11 17:17:12   
                      ================================================================================
                      Frequency Domain Solver calculation cycle started

                      ------------------------------------------------------------------------------
2025-02-11 17:17:12   Solver started at: 2025-02-11 17:17:12 +0100

                        Module:  Frequency Domain: S-Parameter (Win 64)
                        Version: 2024.4 Release from 2024-04-30 (change 1266454)

                      ------------------------------------------------------------------------------
2025-02-11 17:17:12     Calculation 1 of 1 (Frequency: 5.775 GHz)


                      ------------------------------------------------------------------------------
2025-02-11 17:17:12   Automatically activated electric shielding for port 1.

                      ------------------------------------------------------------------------------
2025-02-11 17:17:23     ----------------------------------------------------------------------------
                        Port   Mode   Type        Z-Wave        Z-Wave-Sigma  Z-Line        F-Cutoff
                        1      1      QTEM        233           12.6          48.8          ---
                        ----------------------------------------------------------------------------


                      ------------------------------------------------------------------------------
2025-02-11 17:17:24   Adaptive mesh refinement pass 1

                      ------------------------------------------------------------------------------
2025-02-11 17:17:31     Matrix setup time        :	1 s
                        Degrees of freedom       :	37216
                        Number of mesh cells     :	1989

                        Stimulation port         :	1
                        Mode number              :	1
                        Accuracy                 :	8.05304e-05
                        Iterations               :	195
                        Solver time              :	5 s


                      ------------------------------------------------------------------------------
2025-02-11 17:17:33   39% of all mesh edges seem to be longer than expected. The adaptive mesh refinement's growth limitation will therefore 
                      use 6698 instead of 1987 mesh cells as a reference.

                      ------------------------------------------------------------------------------
2025-02-11 17:17:34   Adaptive mesh refinement pass 2

                      ------------------------------------------------------------------------------
2025-02-11 17:17:39     Matrix setup time        :	1 s
                        Degrees of freedom       :	53026
                        Number of mesh cells     :	2866

                        Stimulation port         :	1
                        Mode number              :	1
                        Accuracy                 :	8.78741e-05
                        Iterations               :	97
                        Solver time              :	3 s


                      ------------------------------------------------------------------------------
2025-02-11 17:17:41     Delta calculation        
2025-02-11 17:17:41     All S-Parameters         :	0.628786
2025-02-11 17:17:41   

                      ------------------------------------------------------------------------------
2025-02-11 17:17:42   Adaptive mesh refinement pass 3

                      ------------------------------------------------------------------------------
2025-02-11 17:17:49     Matrix setup time        :	2 s
                        Degrees of freedom       :	69340
                        Number of mesh cells     :	3797

                        Stimulation port         :	1
                        Mode number              :	1
                        Accuracy                 :	8.01549e-05
                        Iterations               :	105
                        Solver time              :	4 s


                      ------------------------------------------------------------------------------
2025-02-11 17:17:51     Delta calculation        
2025-02-11 17:17:51     All S-Parameters         :	0.093986
2025-02-11 17:17:51   

                      ------------------------------------------------------------------------------
2025-02-11 17:17:53   Adaptive mesh refinement pass 4

                      ------------------------------------------------------------------------------
2025-02-11 17:18:01     Matrix setup time        :	2 s
                        Degrees of freedom       :	98272
                        Number of mesh cells     :	5447

                        Stimulation port         :	1
                        Mode number              :	1
                        Accuracy                 :	7.34891e-05
                        Iterations               :	95
                        Solver time              :	5 s


                      ------------------------------------------------------------------------------
2025-02-11 17:18:04     Delta calculation        
2025-02-11 17:18:04     All S-Parameters         :	0.0779068
2025-02-11 17:18:04   

                      ------------------------------------------------------------------------------
2025-02-11 17:18:07   Adaptive mesh refinement pass 5

                      ------------------------------------------------------------------------------
2025-02-11 17:18:19     Matrix setup time        :	4 s
                        Degrees of freedom       :	150079
                        Number of mesh cells     :	8340

                        Stimulation port         :	1
                        Mode number              :	1
                        Accuracy                 :	9.38428e-05
                        Iterations               :	91
                        Solver time              :	6 s


                      ------------------------------------------------------------------------------
2025-02-11 17:18:22     Delta calculation        
2025-02-11 17:18:22     All S-Parameters         :	0.0560601
2025-02-11 17:18:22   

                      ------------------------------------------------------------------------------
2025-02-11 17:18:26   Adaptive mesh refinement pass 6

                      ------------------------------------------------------------------------------
2025-02-11 17:18:46     Matrix setup time        :	6 s
                        Degrees of freedom       :	231706
                        Number of mesh cells     :	12903

                        Stimulation port         :	1
                        Mode number              :	1
                        Accuracy                 :	9.98743e-05
                        Iterations               :	105
                        Solver time              :	12 s


                      ------------------------------------------------------------------------------
2025-02-11 17:18:51     Delta calculation        
2025-02-11 17:18:51     All S-Parameters         :	0.0486131
2025-02-11 17:18:51   

                      ------------------------------------------------------------------------------
2025-02-11 17:18:57   Adaptive mesh refinement pass 7

                      ------------------------------------------------------------------------------
2025-02-11 17:19:22     Matrix setup time        :	9 s
                        Solver setup             :	1 s
                        Degrees of freedom       :	331039
                        Number of mesh cells     :	18461

                        Stimulation port         :	1
                        Mode number              :	1
                        Accuracy                 :	9.09002e-05
                        Iterations               :	85
                        Solver time              :	14 s


                      ------------------------------------------------------------------------------
2025-02-11 17:19:29     Delta calculation        
2025-02-11 17:19:29     All S-Parameters         :	0.024698
2025-02-11 17:19:29   

                      ------------------------------------------------------------------------------
2025-02-11 17:19:37   Adaptive mesh refinement pass 8

                      ------------------------------------------------------------------------------
2025-02-11 17:20:06     Matrix setup time        :	12 s
                        Solver setup             :	1 s
                        Degrees of freedom       :	439087
                        Number of mesh cells     :	24464

                        Stimulation port         :	1
                        Mode number              :	1
                        Accuracy                 :	9.50705e-05
                        Iterations               :	70
                        Solver time              :	15 s


                      ------------------------------------------------------------------------------
2025-02-11 17:20:16     Delta calculation        
2025-02-11 17:20:16     All S-Parameters         :	0.0100366
2025-02-11 17:20:16   

                      ------------------------------------------------------------------------------
2025-02-11 17:20:26   Adaptive mesh refinement pass 9

                      ------------------------------------------------------------------------------
2025-02-11 17:21:04     Matrix setup time        :	15 s
                        Solver setup             :	1 s
                        Degrees of freedom       :	563506
                        Number of mesh cells     :	31404

                        Stimulation port         :	1
                        Mode number              :	1
                        Accuracy                 :	9.97015e-05
                        Iterations               :	70
                        Solver time              :	21 s


                      ------------------------------------------------------------------------------
2025-02-11 17:21:17     Delta calculation        
2025-02-11 17:21:17     All S-Parameters         :	0.00861699
2025-02-11 17:21:17   

                      ------------------------------------------------------------------------------
2025-02-11 17:21:28   The direct solver will be used.

                      ------------------------------------------------------------------------------
2025-02-11 17:21:29   Adaptive mesh refinement pass 10

                      ------------------------------------------------------------------------------
2025-02-11 17:23:17     Matrix setup time        :	20 s
                        Solver setup             :	85 s
                        Degrees of freedom       :	723016
                        Number of mesh cells     :	40281

                        Stimulation port         :	1
                        Mode number              :	1
                        Accuracy                 :	2.03107e-12
                        Iterations               :	1
                        Solver time              :	1 s


                      ------------------------------------------------------------------------------
2025-02-11 17:23:17   The iterative solver will be used.

                      ------------------------------------------------------------------------------
2025-02-11 17:23:33     Delta calculation        
2025-02-11 17:23:33     All S-Parameters         :	0.00556517
2025-02-11 17:23:33   

                      ------------------------------------------------------------------------------
2025-02-11 17:23:33   Mesh adaptation terminated because the desired accuracy limit is reached.

                      ------------------------------------------------------------------------------
2025-02-11 17:23:33     Total time               :	380 s	 (= 0 h, 06 m, 20 s)

                      ------------------------------------------------------------------------------
2025-02-11 17:23:33   

                      ------------------------------------------------------------------------------
2025-02-11 17:23:43   Unable to use "EvaluateHFieldOnSIBC" due to model setup.

                      ------------------------------------------------------------------------------
2025-02-11 17:23:43     Calculation 2 (Frequency: 5.815 GHz)


                      ------------------------------------------------------------------------------
2025-02-11 17:23:44     ----------------------------------------------------------------------------
                        Port   Mode   Type        Z-Wave        Z-Wave-Sigma  Z-Line        F-Cutoff
                        1      1      QTEM        233           12.6          48.8          ---
                        ----------------------------------------------------------------------------


                      ------------------------------------------------------------------------------
2025-02-11 17:24:26     Matrix setup time        :	20 s
                        Solver setup             :	2 s
                        Degrees of freedom       :	723016
                        Number of mesh cells     :	40281

                        Stimulation port         :	1
                        Mode number              :	1
                        Accuracy                 :	9.72654e-05
                        Iterations               :	46
                        Solver time              :	18 s


                      ------------------------------------------------------------------------------
2025-02-11 17:24:29     Generating results       :	3 s

                        Total time               :	45 s

                      ------------------------------------------------------------------------------
2025-02-11 17:24:29   

                      ------------------------------------------------------------------------------
2025-02-11 17:24:29     Calculation 3 (Frequency: 5.735 GHz)


                      ------------------------------------------------------------------------------
2025-02-11 17:24:29     ----------------------------------------------------------------------------
                        Port   Mode   Type        Z-Wave        Z-Wave-Sigma  Z-Line        F-Cutoff
                        1      1      QTEM        233           12.6          48.8          ---
                        ----------------------------------------------------------------------------


                      ------------------------------------------------------------------------------
2025-02-11 17:25:01     Matrix setup time        :	17 s
                        Solver setup             :	1 s
                        Degrees of freedom       :	723016
                        Number of mesh cells     :	40281

                        Stimulation port         :	1
                        Mode number              :	1
                        Accuracy                 :	6.97866e-05
                        Iterations               :	30
                        Solver time              :	12 s


                      ------------------------------------------------------------------------------
2025-02-11 17:25:04     Generating results       :	3 s

                        Total time               :	35 s

                      ------------------------------------------------------------------------------
2025-02-11 17:25:04   

                      ------------------------------------------------------------------------------
2025-02-11 17:25:04     Calculation 4 (Frequency: 5.1975 GHz)


                      ------------------------------------------------------------------------------
2025-02-11 17:25:05     ----------------------------------------------------------------------------
                        Port   Mode   Type        Z-Wave        Z-Wave-Sigma  Z-Line        F-Cutoff
                        1      1      QTEM        233           12.5          48.8          ---
                        ----------------------------------------------------------------------------


                      ------------------------------------------------------------------------------
2025-02-11 17:25:44     Matrix setup time        :	17 s
                        Solver setup             :	2 s
                        Degrees of freedom       :	723016
                        Number of mesh cells     :	40281

                        Stimulation port         :	1
                        Mode number              :	1
                        Accuracy                 :	6.47573e-05
                        Iterations               :	46
                        Solver time              :	19 s


                      ------------------------------------------------------------------------------
2025-02-11 17:25:50     Generating results       :	5 s

                        Total time               :	44 s

                      ------------------------------------------------------------------------------
2025-02-11 17:25:50   

                      ------------------------------------------------------------------------------
2025-02-11 17:25:50     Calculation 5 (Frequency: 6.3525 GHz)


                      ------------------------------------------------------------------------------
2025-02-11 17:25:51     ----------------------------------------------------------------------------
                        Port   Mode   Type        Z-Wave        Z-Wave-Sigma  Z-Line        F-Cutoff
                        1      1      QTEM        232           12.8          48.8          ---
                        ----------------------------------------------------------------------------


                      ------------------------------------------------------------------------------
2025-02-11 17:26:31     Matrix setup time        :	17 s
                        Solver setup             :	2 s
                        Degrees of freedom       :	723016
                        Number of mesh cells     :	40281

                        Stimulation port         :	1
                        Mode number              :	1
                        Accuracy                 :	9.23277e-05
                        Iterations               :	50
                        Solver time              :	19 s


                      ------------------------------------------------------------------------------
2025-02-11 17:26:37     Generating results       :	5 s

                        Total time               :	45 s

                      ------------------------------------------------------------------------------
2025-02-11 17:26:37   

                      ------------------------------------------------------------------------------
2025-02-11 17:26:37     Calculation 6 (Frequency: 5.795 GHz)


                      ------------------------------------------------------------------------------
2025-02-11 17:26:37     ----------------------------------------------------------------------------
                        Port   Mode   Type        Z-Wave        Z-Wave-Sigma  Z-Line        F-Cutoff
                        1      1      QTEM        233           12.6          48.8          ---
                        ----------------------------------------------------------------------------


                      ------------------------------------------------------------------------------
2025-02-11 17:27:00     Matrix setup time        :	17 s
                        Solver setup             :	2 s
                        Degrees of freedom       :	723016
                        Number of mesh cells     :	40281

                        Stimulation port         :	1
                        Mode number              :	1
                        Accuracy                 :	2.73993e-05
                        Iterations               :	5
                        Solver time              :	2 s


                      ------------------------------------------------------------------------------
2025-02-11 17:27:03     Generating results       :	2 s

                        Total time               :	25 s

                      ------------------------------------------------------------------------------
2025-02-11 17:27:03   

                      ------------------------------------------------------------------------------
2025-02-11 17:27:03     Calculation 7 (Frequency: 5.755 GHz)


                      ------------------------------------------------------------------------------
2025-02-11 17:27:04     ----------------------------------------------------------------------------
                        Port   Mode   Type        Z-Wave        Z-Wave-Sigma  Z-Line        F-Cutoff
                        1      1      QTEM        233           12.6          48.8          ---
                        ----------------------------------------------------------------------------


                      ------------------------------------------------------------------------------
2025-02-11 17:27:27     Matrix setup time        :	17 s
                        Solver setup             :	2 s
                        Degrees of freedom       :	723016
                        Number of mesh cells     :	40281

                        Stimulation port         :	1
                        Mode number              :	1
                        Accuracy                 :	2.68666e-05
                        Iterations               :	5
                        Solver time              :	2 s


                      ------------------------------------------------------------------------------
2025-02-11 17:27:30   Only few automatic samples have been calculated up to now. Therefore, the frequency sweep is continued with additional 
                      automatically chosen samples.

                      ------------------------------------------------------------------------------
2025-02-11 17:27:30     Generating results       :	2 s

                        Total time               :	25 s

                      ------------------------------------------------------------------------------
2025-02-11 17:27:30   

                      ------------------------------------------------------------------------------
2025-02-11 17:27:30     Calculation 8 (Frequency: 5.785 GHz)


                      ------------------------------------------------------------------------------
2025-02-11 17:27:31     ----------------------------------------------------------------------------
                        Port   Mode   Type        Z-Wave        Z-Wave-Sigma  Z-Line        F-Cutoff
                        1      1      QTEM        233           12.6          48.8          ---
                        ----------------------------------------------------------------------------


                      ------------------------------------------------------------------------------
2025-02-11 17:27:55     Matrix setup time        :	17 s
                        Solver setup             :	3 s
                        Degrees of freedom       :	723016
                        Number of mesh cells     :	40281

                        Stimulation port         :	1
                        Mode number              :	1
                        Accuracy                 :	1.27736e-05
                        Iterations               :	5
                        Solver time              :	2 s


                      ------------------------------------------------------------------------------
2025-02-11 17:27:58   An additional check has indicated that the frequency sweep needs to be continued. More...

                      ------------------------------------------------------------------------------
2025-02-11 17:27:58     Generating results       :	3 s

                        Total time               :	27 s

                      ------------------------------------------------------------------------------
2025-02-11 17:27:58   

                      ------------------------------------------------------------------------------
2025-02-11 17:27:58     Calculation 9 (Frequency: 5.765 GHz)


                      ------------------------------------------------------------------------------
2025-02-11 17:27:58     ----------------------------------------------------------------------------
                        Port   Mode   Type        Z-Wave        Z-Wave-Sigma  Z-Line        F-Cutoff
                        1      1      QTEM        233           12.6          48.8          ---
                        ----------------------------------------------------------------------------


                      ------------------------------------------------------------------------------
2025-02-11 17:28:22     Matrix setup time        :	17 s
                        Solver setup             :	3 s
                        Degrees of freedom       :	723016
                        Number of mesh cells     :	40281

                        Stimulation port         :	1
                        Mode number              :	1
                        Accuracy                 :	1.30353e-05
                        Iterations               :	5
                        Solver time              :	2 s


                      ------------------------------------------------------------------------------
2025-02-11 17:28:25     Generating results       :	2 s

                        Total time               :	26 s

                      ------------------------------------------------------------------------------
2025-02-11 17:28:25   

                      ------------------------------------------------------------------------------
2025-02-11 17:28:25     Calculation 10 (Frequency: 5.78 GHz)


                      ------------------------------------------------------------------------------
2025-02-11 17:28:25     ----------------------------------------------------------------------------
                        Port   Mode   Type        Z-Wave        Z-Wave-Sigma  Z-Line        F-Cutoff
                        1      1      QTEM        233           12.6          48.8          ---
                        ----------------------------------------------------------------------------


                      ------------------------------------------------------------------------------
2025-02-11 17:28:50     Matrix setup time        :	17 s
                        Solver setup             :	3 s
                        Degrees of freedom       :	723016
                        Number of mesh cells     :	40281

                        Stimulation port         :	1
                        Mode number              :	1
                        Accuracy                 :	5.02217e-06
                        Iterations               :	5
                        Solver time              :	2 s


                      ------------------------------------------------------------------------------
2025-02-11 17:28:53     Generating results       :	3 s

                        Total time               :	27 s

                      ------------------------------------------------------------------------------
2025-02-11 17:28:53   

                      ------------------------------------------------------------------------------
2025-02-11 17:28:53   Finished the general purpose interpolative broadband frequency sweep:
                      All broadband sweep convergence criteria have been satisfied after
                      calculating 10 frequency samples:

                        Broadband sweep error threshold value :  0.01 (All S-Parameters) 
                        Number of error criterion checks      :  2 (All S-Parameters) 
                        Minimum number of samples             :  3
                        Number of data samples, linear        :  1001

                      ------------------------------------------------------------------------------
2025-02-11 17:29:19     Number of mesh cells     :	40281
                        Degrees of freedom       :	723016
                        Total Solver Time        :	703 s	 (= 0 h, 11 m, 43 s)
                      ================================================================================



                      ------------------------------------------------------------------------------
2025-02-11 17:29:19     ----------------------------------------------------------------------------
                                            Peak memory used (kB)         Free physical memory (kB) 
                                                                          At begin     Minimum      
                        ----------------------------------------------------------------------------
                        Solver start        21320                         81777328     81777328     
                        Eq. system setup    5460924                       81492716     77359872     
                        Eq. system solve    5460924                       81509492     76256508     
                        Mesh refinement     819384                        81476432     81199148     
                        Solver run total    5460924                       81777328     76256508     

                        Computer name       gamserverhp3
                        ----------------------------------------------------------------------------


                      ------------------------------------------------------------------------------
2025-02-11 17:29:20   Running postprocessing.

                      ------------------------------------------------------------------------------
2025-02-11 17:29:33   Postprocessing finished.

                      ------------------------------------------------------------------------------
2025-02-11 17:29:34   Parametric 1D storage is switched off.

                      ------------------------------------------------------------------------------
