2025-02-10 19:42:59   The length ratio between the shortest and the longest model edges is 1:1626.
                      Short model edges can be highlighted via Mesh:Mesh Control->Check Mesh->Check
                      Model Edge Length.... (It may be advantageous to model the metallizations as
                      infinitely thin sheets.) More...

                      ------------------------------------------------------------------------------
2025-02-10 19:43:12   *** Warning ***

                      This software is licensed for non-commercial use only.

                      ------------------------------------------------------------------------------
2025-02-10 19:43:12   Units settings: 

                        Dimensions: mm
                        Frequency:  GHz
                        Time:       ns

                      ------------------------------------------------------------------------------
2025-02-10 19:43:12   Boundary conditions: 

                        YZsymmetry: magnetic
                        XZsymmetry: none
                        XYsymmetry: none

                        Xmin: expanded open
                        Xmax: expanded open

                        Ymin: expanded open
                        Ymax: expanded open

                        Zmin: expanded open
                        Zmax: expanded open

                      ------------------------------------------------------------------------------
2025-02-10 19:43:12   Order settings: 

                        Solver order   : 3rd (constant)
                        Curved elements: up to order 5 (automatic)

                      ------------------------------------------------------------------------------
2025-02-10 19:43:13   The number of frequency samples has been increased to take into account all field monitors.

                      ------------------------------------------------------------------------------
2025-02-10 19:43:13   An iterative solver will be used first.

                      ------------------------------------------------------------------------------
2025-02-10 19:43:13     Mesh time                :	12 s


                      ------------------------------------------------------------------------------
2025-02-10 19:43:14   
                      ================================================================================
                      Frequency Domain Solver calculation cycle started

                      ------------------------------------------------------------------------------
2025-02-10 19:43:14   Solver started at: 2025-02-10 19:43:14 +0100

                        Module:  Frequency Domain: S-Parameter (Win 64)
                        Version: 2024.4 Release from 2024-04-30 (change 1266454)

                      ------------------------------------------------------------------------------
2025-02-10 19:43:15     Calculation 1 of 1 (Frequency: 5.775 GHz)


                      ------------------------------------------------------------------------------
2025-02-10 19:43:15   Automatically activated electric shielding for port 1.

                      ------------------------------------------------------------------------------
2025-02-10 19:43:25     ----------------------------------------------------------------------------
                        Port   Mode   Type        Z-Wave        Z-Wave-Sigma  Z-Line        F-Cutoff
                        1      1      QTEM        231           7.92          48.7          ---
                        ----------------------------------------------------------------------------


                      ------------------------------------------------------------------------------
2025-02-10 19:43:26   Adaptive mesh refinement pass 1

                      ------------------------------------------------------------------------------
2025-02-10 19:43:33     Matrix setup time        :	1 s
                        Degrees of freedom       :	38014
                        Number of mesh cells     :	2032

                        Stimulation port         :	1
                        Mode number              :	1
                        Accuracy                 :	9.69254e-05
                        Iterations               :	174
                        Solver time              :	4 s


                      ------------------------------------------------------------------------------
2025-02-10 19:43:35   39% of all mesh edges seem to be longer than expected. The adaptive mesh refinement's growth limitation will therefore 
                      use 6865 instead of 2028 mesh cells as a reference.

                      ------------------------------------------------------------------------------
2025-02-10 19:43:36   Adaptive mesh refinement pass 2

                      ------------------------------------------------------------------------------
2025-02-10 19:43:42     Matrix setup time        :	1 s
                        Degrees of freedom       :	53491
                        Number of mesh cells     :	2890

                        Stimulation port         :	1
                        Mode number              :	1
                        Accuracy                 :	9.18938e-05
                        Iterations               :	105
                        Solver time              :	3 s


                      ------------------------------------------------------------------------------
2025-02-10 19:43:43     Delta calculation        
2025-02-10 19:43:43     All S-Parameters         :	0.558055
2025-02-10 19:43:43   

                      ------------------------------------------------------------------------------
2025-02-10 19:43:46   Adaptive mesh refinement pass 3

                      ------------------------------------------------------------------------------
2025-02-10 19:43:52     Matrix setup time        :	2 s
                        Degrees of freedom       :	71410
                        Number of mesh cells     :	3904

                        Stimulation port         :	1
                        Mode number              :	1
                        Accuracy                 :	9.11662e-05
                        Iterations               :	102
                        Solver time              :	4 s


                      ------------------------------------------------------------------------------
2025-02-10 19:43:54     Delta calculation        
2025-02-10 19:43:54     All S-Parameters         :	0.123246
2025-02-10 19:43:54   

                      ------------------------------------------------------------------------------
2025-02-10 19:43:57   Adaptive mesh refinement pass 4

                      ------------------------------------------------------------------------------
2025-02-10 19:44:05     Matrix setup time        :	2 s
                        Degrees of freedom       :	101932
                        Number of mesh cells     :	5620

                        Stimulation port         :	1
                        Mode number              :	1
                        Accuracy                 :	9.51673e-05
                        Iterations               :	101
                        Solver time              :	5 s


                      ------------------------------------------------------------------------------
2025-02-10 19:44:08     Delta calculation        
2025-02-10 19:44:08     All S-Parameters         :	0.0796188
2025-02-10 19:44:08   

                      ------------------------------------------------------------------------------
2025-02-10 19:44:11   Adaptive mesh refinement pass 5

                      ------------------------------------------------------------------------------
2025-02-10 19:44:23     Matrix setup time        :	3 s
                        Degrees of freedom       :	148006
                        Number of mesh cells     :	8200

                        Stimulation port         :	1
                        Mode number              :	1
                        Accuracy                 :	8.41886e-05
                        Iterations               :	95
                        Solver time              :	7 s


                      ------------------------------------------------------------------------------
2025-02-10 19:44:26     Delta calculation        
2025-02-10 19:44:26     All S-Parameters         :	0.0364994
2025-02-10 19:44:26   

                      ------------------------------------------------------------------------------
2025-02-10 19:44:30   Adaptive mesh refinement pass 6

                      ------------------------------------------------------------------------------
2025-02-10 19:44:47     Matrix setup time        :	6 s
                        Degrees of freedom       :	227827
                        Number of mesh cells     :	12680

                        Stimulation port         :	1
                        Mode number              :	1
                        Accuracy                 :	8.73728e-05
                        Iterations               :	87
                        Solver time              :	9 s


                      ------------------------------------------------------------------------------
2025-02-10 19:44:52     Delta calculation        
2025-02-10 19:44:52     All S-Parameters         :	0.0425213
2025-02-10 19:44:52   

                      ------------------------------------------------------------------------------
2025-02-10 19:44:58   Adaptive mesh refinement pass 7

                      ------------------------------------------------------------------------------
2025-02-10 19:45:25     Matrix setup time        :	9 s
                        Degrees of freedom       :	336733
                        Number of mesh cells     :	18779

                        Stimulation port         :	1
                        Mode number              :	1
                        Accuracy                 :	4.87304e-05
                        Iterations               :	105
                        Solver time              :	17 s


                      ------------------------------------------------------------------------------
2025-02-10 19:45:32     Delta calculation        
2025-02-10 19:45:32     All S-Parameters         :	0.0255757
2025-02-10 19:45:32   

                      ------------------------------------------------------------------------------
2025-02-10 19:45:39   The direct solver will be used.

                      ------------------------------------------------------------------------------
2025-02-10 19:45:40   Adaptive mesh refinement pass 8

                      ------------------------------------------------------------------------------
2025-02-10 19:46:38     Matrix setup time        :	12 s
                        Solver setup             :	44 s
                        Degrees of freedom       :	455233
                        Number of mesh cells     :	25372

                        Stimulation port         :	1
                        Mode number              :	1
                        Accuracy                 :	3.16828e-13
                        Iterations               :	1
                        Solver time              :	1 s


                      ------------------------------------------------------------------------------
2025-02-10 19:46:39   The iterative solver will be used.

                      ------------------------------------------------------------------------------
2025-02-10 19:46:47     Delta calculation        
2025-02-10 19:46:47     All S-Parameters         :	0.0134553
2025-02-10 19:46:47   

                      ------------------------------------------------------------------------------
2025-02-10 19:46:58   Adaptive mesh refinement pass 9

                      ------------------------------------------------------------------------------
2025-02-10 19:47:35     Matrix setup time        :	16 s
                        Solver setup             :	1 s
                        Degrees of freedom       :	599422
                        Number of mesh cells     :	33411

                        Stimulation port         :	1
                        Mode number              :	1
                        Accuracy                 :	7.71607e-05
                        Iterations               :	62
                        Solver time              :	19 s


                      ------------------------------------------------------------------------------
2025-02-10 19:47:47     Delta calculation        
2025-02-10 19:47:47     All S-Parameters         :	0.00719207
2025-02-10 19:47:47   

                      ------------------------------------------------------------------------------
2025-02-10 19:48:00   Adaptive mesh refinement pass 10

                      ------------------------------------------------------------------------------
2025-02-10 19:48:48     Matrix setup time        :	20 s
                        Solver setup             :	1 s
                        Degrees of freedom       :	753808
                        Number of mesh cells     :	42009

                        Stimulation port         :	1
                        Mode number              :	1
                        Accuracy                 :	8.74697e-05
                        Iterations               :	65
                        Solver time              :	25 s


                      ------------------------------------------------------------------------------
2025-02-10 19:49:03     Delta calculation        
2025-02-10 19:49:03     All S-Parameters         :	0.00573115
2025-02-10 19:49:03   

                      ------------------------------------------------------------------------------
2025-02-10 19:49:03   Mesh adaptation terminated because the desired accuracy limit is reached.

                      ------------------------------------------------------------------------------
2025-02-10 19:49:05     Generating results       :	1 s

                        Total time               :	349 s	 (= 0 h, 05 m, 49 s)

                      ------------------------------------------------------------------------------
2025-02-10 19:49:05   

                      ------------------------------------------------------------------------------
2025-02-10 19:49:14   Unable to use "EvaluateHFieldOnSIBC" due to model setup.

                      ------------------------------------------------------------------------------
2025-02-10 19:49:15     Calculation 2 (Frequency: 5.815 GHz)


                      ------------------------------------------------------------------------------
2025-02-10 19:49:16     ----------------------------------------------------------------------------
                        Port   Mode   Type        Z-Wave        Z-Wave-Sigma  Z-Line        F-Cutoff
                        1      1      QTEM        231           7.93          48.7          ---
                        ----------------------------------------------------------------------------


                      ------------------------------------------------------------------------------
2025-02-10 19:49:56     Matrix setup time        :	17 s
                        Solver setup             :	1 s
                        Degrees of freedom       :	753808
                        Number of mesh cells     :	42009

                        Stimulation port         :	1
                        Mode number              :	1
                        Accuracy                 :	8.1289e-05
                        Iterations               :	50
                        Solver time              :	19 s


                      ------------------------------------------------------------------------------
2025-02-10 19:50:00     Generating results       :	3 s

                        Total time               :	43 s

                      ------------------------------------------------------------------------------
2025-02-10 19:50:00   

                      ------------------------------------------------------------------------------
2025-02-10 19:50:00     Calculation 3 (Frequency: 5.735 GHz)


                      ------------------------------------------------------------------------------
2025-02-10 19:50:00     ----------------------------------------------------------------------------
                        Port   Mode   Type        Z-Wave        Z-Wave-Sigma  Z-Line        F-Cutoff
                        1      1      QTEM        231           7.91          48.7          ---
                        ----------------------------------------------------------------------------


                      ------------------------------------------------------------------------------
2025-02-10 19:50:33     Matrix setup time        :	18 s
                        Solver setup             :	1 s
                        Degrees of freedom       :	753808
                        Number of mesh cells     :	42009

                        Stimulation port         :	1
                        Mode number              :	1
                        Accuracy                 :	9.89536e-05
                        Iterations               :	27
                        Solver time              :	11 s


                      ------------------------------------------------------------------------------
2025-02-10 19:50:36     Generating results       :	3 s

                        Total time               :	35 s

                      ------------------------------------------------------------------------------
2025-02-10 19:50:36   

                      ------------------------------------------------------------------------------
2025-02-10 19:50:37     Calculation 4 (Frequency: 5.1975 GHz)


                      ------------------------------------------------------------------------------
2025-02-10 19:50:37     ----------------------------------------------------------------------------
                        Port   Mode   Type        Z-Wave        Z-Wave-Sigma  Z-Line        F-Cutoff
                        1      1      QTEM        232           7.91          48.8          ---
                        ----------------------------------------------------------------------------


                      ------------------------------------------------------------------------------
2025-02-10 19:51:21     Matrix setup time        :	18 s
                        Solver setup             :	2 s
                        Degrees of freedom       :	753808
                        Number of mesh cells     :	42009

                        Stimulation port         :	1
                        Mode number              :	1
                        Accuracy                 :	9.62979e-05
                        Iterations               :	58
                        Solver time              :	22 s


                      ------------------------------------------------------------------------------
2025-02-10 19:51:28     Generating results       :	6 s

                        Total time               :	50 s

                      ------------------------------------------------------------------------------
2025-02-10 19:51:28   

                      ------------------------------------------------------------------------------
2025-02-10 19:51:28     Calculation 5 (Frequency: 6.3525 GHz)


                      ------------------------------------------------------------------------------
2025-02-10 19:51:28     ----------------------------------------------------------------------------
                        Port   Mode   Type        Z-Wave        Z-Wave-Sigma  Z-Line        F-Cutoff
                        1      1      QTEM        231           8.01          48.7          ---
                        ----------------------------------------------------------------------------


                      ------------------------------------------------------------------------------
2025-02-10 19:52:13     Matrix setup time        :	18 s
                        Solver setup             :	2 s
                        Degrees of freedom       :	753808
                        Number of mesh cells     :	42009

                        Stimulation port         :	1
                        Mode number              :	1
                        Accuracy                 :	9.26171e-05
                        Iterations               :	60
                        Solver time              :	23 s


                      ------------------------------------------------------------------------------
2025-02-10 19:52:21     Generating results       :	7 s

                        Total time               :	52 s

                      ------------------------------------------------------------------------------
2025-02-10 19:52:21   

                      ------------------------------------------------------------------------------
2025-02-10 19:52:21     Calculation 6 (Frequency: 5.795 GHz)


                      ------------------------------------------------------------------------------
2025-02-10 19:52:21     ----------------------------------------------------------------------------
                        Port   Mode   Type        Z-Wave        Z-Wave-Sigma  Z-Line        F-Cutoff
                        1      1      QTEM        231           7.92          48.7          ---
                        ----------------------------------------------------------------------------


                      ------------------------------------------------------------------------------
2025-02-10 19:52:46     Matrix setup time        :	18 s
                        Solver setup             :	2 s
                        Degrees of freedom       :	753808
                        Number of mesh cells     :	42009

                        Stimulation port         :	1
                        Mode number              :	1
                        Accuracy                 :	3.40022e-05
                        Iterations               :	5
                        Solver time              :	2 s


                      ------------------------------------------------------------------------------
2025-02-10 19:52:49     Generating results       :	3 s

                        Total time               :	27 s

                      ------------------------------------------------------------------------------
2025-02-10 19:52:49   

                      ------------------------------------------------------------------------------
2025-02-10 19:52:50     Calculation 7 (Frequency: 5.755 GHz)


                      ------------------------------------------------------------------------------
2025-02-10 19:52:50     ----------------------------------------------------------------------------
                        Port   Mode   Type        Z-Wave        Z-Wave-Sigma  Z-Line        F-Cutoff
                        1      1      QTEM        231           7.92          48.7          ---
                        ----------------------------------------------------------------------------


                      ------------------------------------------------------------------------------
2025-02-10 19:53:14     Matrix setup time        :	17 s
                        Solver setup             :	2 s
                        Degrees of freedom       :	753808
                        Number of mesh cells     :	42009

                        Stimulation port         :	1
                        Mode number              :	1
                        Accuracy                 :	6.45203e-05
                        Iterations               :	5
                        Solver time              :	2 s


                      ------------------------------------------------------------------------------
2025-02-10 19:53:17   Only few automatic samples have been calculated up to now. Therefore, the frequency sweep is continued with additional 
                      automatically chosen samples.

                      ------------------------------------------------------------------------------
2025-02-10 19:53:18     Generating results       :	3 s

                        Total time               :	27 s

                      ------------------------------------------------------------------------------
2025-02-10 19:53:18   

                      ------------------------------------------------------------------------------
2025-02-10 19:53:18     Calculation 8 (Frequency: 5.785 GHz)


                      ------------------------------------------------------------------------------
2025-02-10 19:53:19     ----------------------------------------------------------------------------
                        Port   Mode   Type        Z-Wave        Z-Wave-Sigma  Z-Line        F-Cutoff
                        1      1      QTEM        231           7.92          48.7          ---
                        ----------------------------------------------------------------------------


                      ------------------------------------------------------------------------------
2025-02-10 19:53:43     Matrix setup time        :	17 s
                        Solver setup             :	3 s
                        Degrees of freedom       :	753808
                        Number of mesh cells     :	42009

                        Stimulation port         :	1
                        Mode number              :	1
                        Accuracy                 :	3.29312e-05
                        Iterations               :	5
                        Solver time              :	2 s


                      ------------------------------------------------------------------------------
2025-02-10 19:53:46   An additional check has indicated that the frequency sweep needs to be continued. More...

                      ------------------------------------------------------------------------------
2025-02-10 19:53:47     Generating results       :	3 s

                        Total time               :	27 s

                      ------------------------------------------------------------------------------
2025-02-10 19:53:47   

                      ------------------------------------------------------------------------------
2025-02-10 19:53:47     Calculation 9 (Frequency: 5.765 GHz)


                      ------------------------------------------------------------------------------
2025-02-10 19:53:47     ----------------------------------------------------------------------------
                        Port   Mode   Type        Z-Wave        Z-Wave-Sigma  Z-Line        F-Cutoff
                        1      1      QTEM        231           7.92          48.7          ---
                        ----------------------------------------------------------------------------


                      ------------------------------------------------------------------------------
2025-02-10 19:54:12     Matrix setup time        :	18 s
                        Solver setup             :	3 s
                        Degrees of freedom       :	753808
                        Number of mesh cells     :	42009

                        Stimulation port         :	1
                        Mode number              :	1
                        Accuracy                 :	4.64068e-05
                        Iterations               :	5
                        Solver time              :	2 s


                      ------------------------------------------------------------------------------
2025-02-10 19:54:15     Generating results       :	3 s

                        Total time               :	28 s

                      ------------------------------------------------------------------------------
2025-02-10 19:54:15   

                      ------------------------------------------------------------------------------
2025-02-10 19:54:16     Calculation 10 (Frequency: 5.78 GHz)


                      ------------------------------------------------------------------------------
2025-02-10 19:54:16     ----------------------------------------------------------------------------
                        Port   Mode   Type        Z-Wave        Z-Wave-Sigma  Z-Line        F-Cutoff
                        1      1      QTEM        231           7.92          48.7          ---
                        ----------------------------------------------------------------------------


                      ------------------------------------------------------------------------------
2025-02-10 19:54:41     Matrix setup time        :	18 s
                        Solver setup             :	3 s
                        Degrees of freedom       :	753808
                        Number of mesh cells     :	42009

                        Stimulation port         :	1
                        Mode number              :	1
                        Accuracy                 :	3.12091e-05
                        Iterations               :	5
                        Solver time              :	2 s


                      ------------------------------------------------------------------------------
2025-02-10 19:54:45     Generating results       :	3 s

                        Total time               :	28 s

                      ------------------------------------------------------------------------------
2025-02-10 19:54:45   

                      ------------------------------------------------------------------------------
2025-02-10 19:54:45   Finished the general purpose interpolative broadband frequency sweep:
                      All broadband sweep convergence criteria have been satisfied after
                      calculating 10 frequency samples:

                        Broadband sweep error threshold value :  0.01 (All S-Parameters) 
                        Number of error criterion checks      :  2 (All S-Parameters) 
                        Minimum number of samples             :  3
                        Number of data samples, linear        :  1001

                      ------------------------------------------------------------------------------
2025-02-10 19:55:12     Number of mesh cells     :	42009
                        Degrees of freedom       :	753808
                        Total Solver Time        :	689 s	 (= 0 h, 11 m, 29 s)
                      ================================================================================



                      ------------------------------------------------------------------------------
2025-02-10 19:55:13     ----------------------------------------------------------------------------
                                            Peak memory used (kB)         Free physical memory (kB) 
                                                                          At begin     Minimum      
                        ----------------------------------------------------------------------------
                        Solver start        21300                         83338848     83338392     
                        Eq. system setup    3353280                       83297612     82263724     
                        Eq. system solve    3353280                       83233124     80099160     
                        Mesh refinement     3353280                       83249548     82513396     
                        Solver run total    3353280                       83338852     80099160     

                        Computer name       gamserverhp3
                        ----------------------------------------------------------------------------


                      ------------------------------------------------------------------------------
2025-02-10 19:55:13   Running postprocessing.

                      ------------------------------------------------------------------------------
2025-02-10 19:55:28   Postprocessing finished.

                      ------------------------------------------------------------------------------
2025-02-10 19:55:28   Parametric 1D storage is switched off.

                      ------------------------------------------------------------------------------
