2025-02-11 18:14:04   The length ratio between the shortest and the longest model edges is 1:1598.
                      Short model edges can be highlighted via Mesh:Mesh Control->Check Mesh->Check
                      Model Edge Length.... (It may be advantageous to model the metallizations as
                      infinitely thin sheets.) More...

                      ------------------------------------------------------------------------------
2025-02-11 18:14:17   *** Warning ***

                      This software is licensed for non-commercial use only.

                      ------------------------------------------------------------------------------
2025-02-11 18:14:18   Units settings: 

                        Dimensions: mm
                        Frequency:  GHz
                        Time:       ns

                      ------------------------------------------------------------------------------
2025-02-11 18:14:18   Boundary conditions: 

                        YZsymmetry: magnetic
                        XZsymmetry: none
                        XYsymmetry: none

                        Xmin: expanded open
                        Xmax: expanded open

                        Ymin: expanded open
                        Ymax: expanded open

                        Zmin: expanded open
                        Zmax: expanded open

                      ------------------------------------------------------------------------------
2025-02-11 18:14:18   Order settings: 

                        Solver order   : 3rd (constant)
                        Curved elements: up to order 5 (automatic)

                      ------------------------------------------------------------------------------
2025-02-11 18:14:18   The number of frequency samples has been increased to take into account all field monitors.

                      ------------------------------------------------------------------------------
2025-02-11 18:14:18   An iterative solver will be used first.

                      ------------------------------------------------------------------------------
2025-02-11 18:14:18     Mesh time                :	12 s


                      ------------------------------------------------------------------------------
2025-02-11 18:14:18   
                      ================================================================================
                      Frequency Domain Solver calculation cycle started

                      ------------------------------------------------------------------------------
2025-02-11 18:14:18   Solver started at: 2025-02-11 18:14:18 +0100

                        Module:  Frequency Domain: S-Parameter (Win 64)
                        Version: 2024.4 Release from 2024-04-30 (change 1266454)

                      ------------------------------------------------------------------------------
2025-02-11 18:14:19     Calculation 1 of 1 (Frequency: 5.775 GHz)


                      ------------------------------------------------------------------------------
2025-02-11 18:14:19   Automatically activated electric shielding for port 1.

                      ------------------------------------------------------------------------------
2025-02-11 18:14:27     ----------------------------------------------------------------------------
                        Port   Mode   Type        Z-Wave        Z-Wave-Sigma  Z-Line        F-Cutoff
                        1      1      QTEM        231           7.92          48.7          ---
                        ----------------------------------------------------------------------------


                      ------------------------------------------------------------------------------
2025-02-11 18:14:28   Adaptive mesh refinement pass 1

                      ------------------------------------------------------------------------------
2025-02-11 18:14:35     Matrix setup time        :	1 s
                        Degrees of freedom       :	36523
                        Number of mesh cells     :	1970

                        Stimulation port         :	1
                        Mode number              :	1
                        Accuracy                 :	9.15845e-05
                        Iterations               :	200
                        Solver time              :	5 s


                      ------------------------------------------------------------------------------
2025-02-11 18:14:37   42% of all mesh edges seem to be longer than expected. The adaptive mesh refinement's growth limitation will therefore 
                      use 7039 instead of 1963 mesh cells as a reference.

                      ------------------------------------------------------------------------------
2025-02-11 18:14:38   Adaptive mesh refinement pass 2

                      ------------------------------------------------------------------------------
2025-02-11 18:14:43     Matrix setup time        :	1 s
                        Degrees of freedom       :	53065
                        Number of mesh cells     :	2890

                        Stimulation port         :	1
                        Mode number              :	1
                        Accuracy                 :	7.7364e-05
                        Iterations               :	100
                        Solver time              :	3 s


                      ------------------------------------------------------------------------------
2025-02-11 18:14:44     Delta calculation        
2025-02-11 18:14:44     All S-Parameters         :	0.546571
2025-02-11 18:14:44   

                      ------------------------------------------------------------------------------
2025-02-11 18:14:46   Adaptive mesh refinement pass 3

                      ------------------------------------------------------------------------------
2025-02-11 18:14:52     Matrix setup time        :	2 s
                        Degrees of freedom       :	69799
                        Number of mesh cells     :	3840

                        Stimulation port         :	1
                        Mode number              :	1
                        Accuracy                 :	7.47348e-05
                        Iterations               :	90
                        Solver time              :	3 s


                      ------------------------------------------------------------------------------
2025-02-11 18:14:54     Delta calculation        
2025-02-11 18:14:54     All S-Parameters         :	0.166451
2025-02-11 18:14:54   

                      ------------------------------------------------------------------------------
2025-02-11 18:14:56   Adaptive mesh refinement pass 4

                      ------------------------------------------------------------------------------
2025-02-11 18:15:04     Matrix setup time        :	2 s
                        Degrees of freedom       :	99571
                        Number of mesh cells     :	5537

                        Stimulation port         :	1
                        Mode number              :	1
                        Accuracy                 :	8.8745e-05
                        Iterations               :	95
                        Solver time              :	4 s


                      ------------------------------------------------------------------------------
2025-02-11 18:15:06     Delta calculation        
2025-02-11 18:15:06     All S-Parameters         :	0.0646639
2025-02-11 18:15:06   

                      ------------------------------------------------------------------------------
2025-02-11 18:15:09   Adaptive mesh refinement pass 5

                      ------------------------------------------------------------------------------
2025-02-11 18:15:21     Matrix setup time        :	4 s
                        Degrees of freedom       :	152743
                        Number of mesh cells     :	8514

                        Stimulation port         :	1
                        Mode number              :	1
                        Accuracy                 :	6.48245e-05
                        Iterations               :	95
                        Solver time              :	7 s


                      ------------------------------------------------------------------------------
2025-02-11 18:15:24     Delta calculation        
2025-02-11 18:15:24     All S-Parameters         :	0.0503346
2025-02-11 18:15:24   

                      ------------------------------------------------------------------------------
2025-02-11 18:15:28   Adaptive mesh refinement pass 6

                      ------------------------------------------------------------------------------
2025-02-11 18:15:45     Matrix setup time        :	6 s
                        Degrees of freedom       :	237781
                        Number of mesh cells     :	13308

                        Stimulation port         :	1
                        Mode number              :	1
                        Accuracy                 :	6.19591e-05
                        Iterations               :	80
                        Solver time              :	9 s


                      ------------------------------------------------------------------------------
2025-02-11 18:15:49     Delta calculation        
2025-02-11 18:15:49     All S-Parameters         :	0.0431208
2025-02-11 18:15:49   

                      ------------------------------------------------------------------------------
2025-02-11 18:15:55   Adaptive mesh refinement pass 7

                      ------------------------------------------------------------------------------
2025-02-11 18:16:19     Matrix setup time        :	9 s
                        Degrees of freedom       :	351079
                        Number of mesh cells     :	19612

                        Stimulation port         :	1
                        Mode number              :	1
                        Accuracy                 :	9.52192e-05
                        Iterations               :	74
                        Solver time              :	12 s


                      ------------------------------------------------------------------------------
2025-02-11 18:16:25     Delta calculation        
2025-02-11 18:16:25     All S-Parameters         :	0.0176161
2025-02-11 18:16:25   

                      ------------------------------------------------------------------------------
2025-02-11 18:16:33   Adaptive mesh refinement pass 8

                      ------------------------------------------------------------------------------
2025-02-11 18:17:07     Matrix setup time        :	13 s
                        Solver setup             :	1 s
                        Degrees of freedom       :	467092
                        Number of mesh cells     :	26083

                        Stimulation port         :	1
                        Mode number              :	1
                        Accuracy                 :	8.80658e-05
                        Iterations               :	82
                        Solver time              :	19 s


                      ------------------------------------------------------------------------------
2025-02-11 18:17:16     Delta calculation        
2025-02-11 18:17:16     All S-Parameters         :	0.0106647
2025-02-11 18:17:16   

                      ------------------------------------------------------------------------------
2025-02-11 18:17:26   The direct solver will be used.

                      ------------------------------------------------------------------------------
2025-02-11 18:17:27   Adaptive mesh refinement pass 9

                      ------------------------------------------------------------------------------
2025-02-11 18:18:55     Matrix setup time        :	17 s
                        Solver setup             :	69 s
                        Degrees of freedom       :	608110
                        Number of mesh cells     :	33947

                        Stimulation port         :	1
                        Mode number              :	1
                        Accuracy                 :	2.71371e-13
                        Iterations               :	1
                        Solver time              :	1 s


                      ------------------------------------------------------------------------------
2025-02-11 18:18:55   The iterative solver will be used.

                      ------------------------------------------------------------------------------
2025-02-11 18:19:06     Delta calculation        
2025-02-11 18:19:06     All S-Parameters         :	0.00763693
2025-02-11 18:19:06   

                      ------------------------------------------------------------------------------
2025-02-11 18:19:12   The quality of some tetrahedrons is low.  More...

                      ------------------------------------------------------------------------------
2025-02-11 18:19:19   Adaptive mesh refinement pass 10

                      ------------------------------------------------------------------------------
2025-02-11 18:20:12     Matrix setup time        :	21 s
                        Solver setup             :	2 s
                        Degrees of freedom       :	793450
                        Number of mesh cells     :	44322

                        Stimulation port         :	1
                        Mode number              :	1
                        Accuracy                 :	9.0166e-05
                        Iterations               :	65
                        Solver time              :	28 s


                      ------------------------------------------------------------------------------
2025-02-11 18:20:25     Delta calculation        
2025-02-11 18:20:25     All S-Parameters         :	0.0057387
2025-02-11 18:20:25   

                      ------------------------------------------------------------------------------
2025-02-11 18:20:25   Mesh adaptation terminated because the desired accuracy limit is reached.

                      ------------------------------------------------------------------------------
2025-02-11 18:20:25     Total time               :	366 s	 (= 0 h, 06 m, 06 s)

                      ------------------------------------------------------------------------------
2025-02-11 18:20:25   

                      ------------------------------------------------------------------------------
2025-02-11 18:20:34   Unable to use "EvaluateHFieldOnSIBC" due to model setup.

                      ------------------------------------------------------------------------------
2025-02-11 18:20:35     Calculation 2 (Frequency: 5.815 GHz)


                      ------------------------------------------------------------------------------
2025-02-11 18:20:35     ----------------------------------------------------------------------------
                        Port   Mode   Type        Z-Wave        Z-Wave-Sigma  Z-Line        F-Cutoff
                        1      1      QTEM        231           7.93          48.7          ---
                        ----------------------------------------------------------------------------


                      ------------------------------------------------------------------------------
2025-02-11 18:21:19     Matrix setup time        :	19 s
                        Solver setup             :	1 s
                        Degrees of freedom       :	793450
                        Number of mesh cells     :	44322

                        Stimulation port         :	1
                        Mode number              :	1
                        Accuracy                 :	8.0728e-05
                        Iterations               :	51
                        Solver time              :	22 s


                      ------------------------------------------------------------------------------
2025-02-11 18:21:22     Generating results       :	3 s

                        Total time               :	47 s

                      ------------------------------------------------------------------------------
2025-02-11 18:21:22   

                      ------------------------------------------------------------------------------
2025-02-11 18:21:22     Calculation 3 (Frequency: 5.735 GHz)


                      ------------------------------------------------------------------------------
2025-02-11 18:21:23     ----------------------------------------------------------------------------
                        Port   Mode   Type        Z-Wave        Z-Wave-Sigma  Z-Line        F-Cutoff
                        1      1      QTEM        231           7.91          48.7          ---
                        ----------------------------------------------------------------------------


                      ------------------------------------------------------------------------------
2025-02-11 18:21:54     Matrix setup time        :	19 s
                        Solver setup             :	1 s
                        Degrees of freedom       :	793450
                        Number of mesh cells     :	44322

                        Stimulation port         :	1
                        Mode number              :	1
                        Accuracy                 :	9.50203e-05
                        Iterations               :	22
                        Solver time              :	9 s


                      ------------------------------------------------------------------------------
2025-02-11 18:21:57     Generating results       :	2 s

                        Total time               :	33 s

                      ------------------------------------------------------------------------------
2025-02-11 18:21:57   

                      ------------------------------------------------------------------------------
2025-02-11 18:21:57     Calculation 4 (Frequency: 5.1975 GHz)


                      ------------------------------------------------------------------------------
2025-02-11 18:21:58     ----------------------------------------------------------------------------
                        Port   Mode   Type        Z-Wave        Z-Wave-Sigma  Z-Line        F-Cutoff
                        1      1      QTEM        232           7.91          48.8          ---
                        ----------------------------------------------------------------------------


                      ------------------------------------------------------------------------------
2025-02-11 18:22:47     Matrix setup time        :	19 s
                        Solver setup             :	2 s
                        Degrees of freedom       :	793450
                        Number of mesh cells     :	44322

                        Stimulation port         :	1
                        Mode number              :	1
                        Accuracy                 :	5.28849e-05
                        Iterations               :	65
                        Solver time              :	27 s


                      ------------------------------------------------------------------------------
2025-02-11 18:22:53     Generating results       :	5 s

                        Total time               :	55 s

                      ------------------------------------------------------------------------------
2025-02-11 18:22:53   

                      ------------------------------------------------------------------------------
2025-02-11 18:22:53     Calculation 5 (Frequency: 6.3525 GHz)


                      ------------------------------------------------------------------------------
2025-02-11 18:22:54     ----------------------------------------------------------------------------
                        Port   Mode   Type        Z-Wave        Z-Wave-Sigma  Z-Line        F-Cutoff
                        1      1      QTEM        231           8.01          48.7          ---
                        ----------------------------------------------------------------------------


                      ------------------------------------------------------------------------------
2025-02-11 18:23:44     Matrix setup time        :	19 s
                        Solver setup             :	2 s
                        Degrees of freedom       :	793450
                        Number of mesh cells     :	44322

                        Stimulation port         :	1
                        Mode number              :	1
                        Accuracy                 :	7.03087e-05
                        Iterations               :	65
                        Solver time              :	28 s


                      ------------------------------------------------------------------------------
2025-02-11 18:23:50     Generating results       :	5 s

                        Total time               :	56 s

                      ------------------------------------------------------------------------------
2025-02-11 18:23:50   

                      ------------------------------------------------------------------------------
2025-02-11 18:23:50     Calculation 6 (Frequency: 5.795 GHz)


                      ------------------------------------------------------------------------------
2025-02-11 18:23:51     ----------------------------------------------------------------------------
                        Port   Mode   Type        Z-Wave        Z-Wave-Sigma  Z-Line        F-Cutoff
                        1      1      QTEM        231           7.92          48.7          ---
                        ----------------------------------------------------------------------------


                      ------------------------------------------------------------------------------
2025-02-11 18:24:16     Matrix setup time        :	19 s
                        Solver setup             :	3 s
                        Degrees of freedom       :	793450
                        Number of mesh cells     :	44322

                        Stimulation port         :	1
                        Mode number              :	1
                        Accuracy                 :	3.81381e-05
                        Iterations               :	5
                        Solver time              :	2 s


                      ------------------------------------------------------------------------------
2025-02-11 18:24:19     Generating results       :	2 s

                        Total time               :	27 s

                      ------------------------------------------------------------------------------
2025-02-11 18:24:19   

                      ------------------------------------------------------------------------------
2025-02-11 18:24:19     Calculation 7 (Frequency: 5.755 GHz)


                      ------------------------------------------------------------------------------
2025-02-11 18:24:19     ----------------------------------------------------------------------------
                        Port   Mode   Type        Z-Wave        Z-Wave-Sigma  Z-Line        F-Cutoff
                        1      1      QTEM        231           7.92          48.7          ---
                        ----------------------------------------------------------------------------


                      ------------------------------------------------------------------------------
2025-02-11 18:24:45     Matrix setup time        :	19 s
                        Solver setup             :	3 s
                        Degrees of freedom       :	793450
                        Number of mesh cells     :	44322

                        Stimulation port         :	1
                        Mode number              :	1
                        Accuracy                 :	5.84708e-05
                        Iterations               :	5
                        Solver time              :	2 s


                      ------------------------------------------------------------------------------
2025-02-11 18:24:47   Only few automatic samples have been calculated up to now. Therefore, the frequency sweep is continued with additional 
                      automatically chosen samples.

                      ------------------------------------------------------------------------------
2025-02-11 18:24:48     Generating results       :	2 s

                        Total time               :	28 s

                      ------------------------------------------------------------------------------
2025-02-11 18:24:48   

                      ------------------------------------------------------------------------------
2025-02-11 18:24:48     Calculation 8 (Frequency: 5.765 GHz)


                      ------------------------------------------------------------------------------
2025-02-11 18:24:48     ----------------------------------------------------------------------------
                        Port   Mode   Type        Z-Wave        Z-Wave-Sigma  Z-Line        F-Cutoff
                        1      1      QTEM        231           7.92          48.7          ---
                        ----------------------------------------------------------------------------


                      ------------------------------------------------------------------------------
2025-02-11 18:25:14     Matrix setup time        :	19 s
                        Solver setup             :	3 s
                        Degrees of freedom       :	793450
                        Number of mesh cells     :	44322

                        Stimulation port         :	1
                        Mode number              :	1
                        Accuracy                 :	4.57589e-05
                        Iterations               :	5
                        Solver time              :	2 s


                      ------------------------------------------------------------------------------
2025-02-11 18:25:16   An additional check has indicated that the frequency sweep needs to be continued. More...

                      ------------------------------------------------------------------------------
2025-02-11 18:25:16     Generating results       :	2 s

                        Total time               :	28 s

                      ------------------------------------------------------------------------------
2025-02-11 18:25:16   

                      ------------------------------------------------------------------------------
2025-02-11 18:25:16     Calculation 9 (Frequency: 5.805 GHz)


                      ------------------------------------------------------------------------------
2025-02-11 18:25:17     ----------------------------------------------------------------------------
                        Port   Mode   Type        Z-Wave        Z-Wave-Sigma  Z-Line        F-Cutoff
                        1      1      QTEM        231           7.93          48.7          ---
                        ----------------------------------------------------------------------------


                      ------------------------------------------------------------------------------
2025-02-11 18:25:43     Matrix setup time        :	19 s
                        Solver setup             :	3 s
                        Degrees of freedom       :	793450
                        Number of mesh cells     :	44322

                        Stimulation port         :	1
                        Mode number              :	1
                        Accuracy                 :	3.72256e-05
                        Iterations               :	5
                        Solver time              :	2 s


                      ------------------------------------------------------------------------------
2025-02-11 18:25:46     Generating results       :	3 s

                        Total time               :	29 s

                      ------------------------------------------------------------------------------
2025-02-11 18:25:46   

                      ------------------------------------------------------------------------------
2025-02-11 18:25:46     Calculation 10 (Frequency: 5.745 GHz)


                      ------------------------------------------------------------------------------
2025-02-11 18:25:47     ----------------------------------------------------------------------------
                        Port   Mode   Type        Z-Wave        Z-Wave-Sigma  Z-Line        F-Cutoff
                        1      1      QTEM        231           7.92          48.7          ---
                        ----------------------------------------------------------------------------


                      ------------------------------------------------------------------------------
2025-02-11 18:26:13     Matrix setup time        :	19 s
                        Solver setup             :	4 s
                        Degrees of freedom       :	793450
                        Number of mesh cells     :	44322

                        Stimulation port         :	1
                        Mode number              :	1
                        Accuracy                 :	6.92295e-05
                        Iterations               :	5
                        Solver time              :	2 s


                      ------------------------------------------------------------------------------
2025-02-11 18:26:16     Generating results       :	2 s

                        Total time               :	28 s

                      ------------------------------------------------------------------------------
2025-02-11 18:26:16   

                      ------------------------------------------------------------------------------
2025-02-11 18:26:16   Finished the general purpose interpolative broadband frequency sweep:
                      All broadband sweep convergence criteria have been satisfied after
                      calculating 10 frequency samples:

                        Broadband sweep error threshold value :  0.01 (All S-Parameters) 
                        Number of error criterion checks      :  2 (All S-Parameters) 
                        Minimum number of samples             :  3
                        Number of data samples, linear        :  1001

                      ------------------------------------------------------------------------------
2025-02-11 18:26:38     Number of mesh cells     :	44322
                        Degrees of freedom       :	793450
                        Total Solver Time        :	719 s	 (= 0 h, 11 m, 59 s)
                      ================================================================================



                      ------------------------------------------------------------------------------
2025-02-11 18:26:38     ----------------------------------------------------------------------------
                                            Peak memory used (kB)         Free physical memory (kB) 
                                                                          At begin     Minimum      
                        ----------------------------------------------------------------------------
                        Solver start        21328                         81814820     81814240     
                        Eq. system setup    4638040                       82193972     80504152     
                        Eq. system solve    4638040                       82330404     77755296     
                        Mesh refinement     4638040                       82564204     81132136     
                        Solver run total    4638040                       81814820     77755296     

                        Computer name       gamserverhp3
                        ----------------------------------------------------------------------------


                      ------------------------------------------------------------------------------
2025-02-11 18:26:39   Running postprocessing.

                      ------------------------------------------------------------------------------
2025-02-11 18:26:53   Postprocessing finished.

                      ------------------------------------------------------------------------------
2025-02-11 18:26:53   Parametric 1D storage is switched off.

                      ------------------------------------------------------------------------------
