Unknown:
W:\gam\antenna-H10\pache_v1\Result\Port1_e1(#0000).sct
W:\gam\antenna-H10\pache_v1\Result\Port1_Info1(#0008).mmd
W:\gam\antenna-H10\pache_v1\Result\Port1_h1(#0002).sct
W:\gam\antenna-H10\pache_v1\Result\SolCoef(#0005)_1(1).scf
W:\gam\antenna-H10\pache_v1\Result\Port1_eInfo1(#0002).pmf
W:\gam\antenna-H10\pache_v1\Result\Port1_hInfo1(#0005).pmf
W:\gam\antenna-H10\pache_v1\Result\Port1_Info1(#0004).mmd
W:\gam\antenna-H10\pache_v1\Result\SolCoef(#0002)_1(1).scf
W:\gam\antenna-H10\pache_v1\Result\Port1_e1(#0001).sct
W:\gam\antenna-H10\pache_v1\Result\Port1_h1(#0003).sct
W:\gam\antenna-H10\pache_v1\Result\Port1_hInfo1(#0008).pmf
W:\gam\antenna-H10\pache_v1\Result\Port1_hInfo1(#0004).pmf
W:\gam\antenna-H10\pache_v1\Result\Port1_eInfo1(#0003).pmf
W:\gam\antenna-H10\pache_v1\Result\Port1_Info1(#0005).mmd
W:\gam\antenna-H10\pache_v1\Result\Port1_e1(#0002).sct
W:\gam\antenna-H10\pache_v1\Result\Port1_h1(#0000).sct
W:\gam\antenna-H10\pache_v1\Result\Port1_Info1(#0006).mmd
W:\gam\antenna-H10\pache_v1\Result\SolCoef(#0007)_1(1).scf
W:\gam\antenna-H10\pache_v1\Result\Port1_eInfo1(#0000).pmf
W:\gam\antenna-H10\pache_v1\Result\Port1_hInfo1(#0007).pmf
W:\gam\antenna-H10\pache_v1\Result\Port1_e1(#0003).sct
W:\gam\antenna-H10\pache_v1\Result\SolCoef(#0000)_1(1).scf
W:\gam\antenna-H10\pache_v1\Result\Port1_h1(#0001).sct
W:\gam\antenna-H10\pache_v1\Result\Port1_Info1(#0007).mmd
W:\gam\antenna-H10\pache_v1\Result\farfield (f=1.1frequency_centre)_1.fme
W:\gam\antenna-H10\pache_v1\Result\Port1_hInfo1(#0006).pmf
W:\gam\antenna-H10\pache_v1\Result\Port1_eInfo1(#0001).pmf
W:\gam\antenna-H10\pache_v1\Result\SolCoef(#0001)_1(1).scf
W:\gam\antenna-H10\pache_v1\Result\Port1_e1(#0008).sct
W:\gam\antenna-H10\pache_v1\Result\Port1_e1(#0004).sct
W:\gam\antenna-H10\pache_v1\Result\Model.log
W:\gam\antenna-H10\pache_v1\Result\Port1_hInfo1(#0001).pmf
W:\gam\antenna-H10\pache_v1\Result\Port1_eInfo1(#0006).pmf
W:\gam\antenna-H10\pache_v1\Result\Port1_Info1(#0000).mmd
W:\gam\antenna-H10\pache_v1\Result\Port1_h1(#0006).sct
W:\gam\antenna-H10\pache_v1\Result\farfield (f=frequency_centre)_1.fme
W:\gam\antenna-H10\pache_v1\Result\Port1_e1(#0005).sct
W:\gam\antenna-H10\pache_v1\Result\Port1_eInfo1(#0007).pmf
W:\gam\antenna-H10\pache_v1\Result\Port1_hInfo1(#0000).pmf
W:\gam\antenna-H10\pache_v1\Result\SolCoef(#0006)_1(1).scf
W:\gam\antenna-H10\pache_v1\Result\Port1_Info1(#0001).mmd
W:\gam\antenna-H10\pache_v1\Result\Port1_h1(#0007).sct
W:\gam\antenna-H10\pache_v1\Result\Model.sa
W:\gam\antenna-H10\pache_v1\Result\farfield (f=0.9frequency_centre)_1.fme
W:\gam\antenna-H10\pache_v1\Result\SolCoef(#0003)_1(1).scf
W:\gam\antenna-H10\pache_v1\Result\Port1_e1(#0006).sct
W:\gam\antenna-H10\pache_v1\Result\SolCoef(#0008)_1(1).scf
W:\gam\antenna-H10\pache_v1\Result\Port1_h1(#0008).sct
W:\gam\antenna-H10\pache_v1\Result\Port1_Info1(#0002).mmd
W:\gam\antenna-H10\pache_v1\Result\Port1_hInfo1(#0003).pmf
W:\gam\antenna-H10\pache_v1\Result\Port1_eInfo1(#0004).pmf
W:\gam\antenna-H10\pache_v1\Result\Port1_eInfo1(#0008).pmf
W:\gam\antenna-H10\pache_v1\Result\ml_info.log
W:\gam\antenna-H10\pache_v1\Result\Port1_h1(#0004).sct
W:\gam\antenna-H10\pache_v1\Result\hardware_resources.sconf
W:\gam\antenna-H10\pache_v1\Result\Port1_e1(#0007).sct
W:\gam\antenna-H10\pache_v1\Result\Port1_Info1(#0003).mmd
W:\gam\antenna-H10\pache_v1\Result\Port1_eInfo1(#0005).pmf
W:\gam\antenna-H10\pache_v1\Result\Port1_hInfo1(#0002).pmf
W:\gam\antenna-H10\pache_v1\Result\Port1_h1(#0005).sct
W:\gam\antenna-H10\pache_v1\Result\SolCoef(#0004)_1(1).scf
Mesh:
W:\gam\antenna-H10\pache_v1\Result\moegeom.tet
W:\gam\antenna-H10\pache_v1\Result\reftags.tet
W:\gam\antenna-H10\pache_v1\Result\log.tet
W:\gam\antenna-H10\pache_v1\Result\mir.tet
W:\gam\antenna-H10\pache_v1\Result\Mesh_Input.Entities2Mesh.tet
W:\gam\antenna-H10\pache_v1\Result\Mesh_Output.QuasiModel.tet
W:\gam\antenna-H10\pache_v1\Result\Mesh_Input.Options.tet
W:\gam\antenna-H10\pache_v1\Result\topot.tet
W:\gam\antenna-H10\pache_v1\Result\Mesh_Output.U2F.tet
W:\gam\antenna-H10\pache_v1\Result\Port1.slim
W:\gam\antenna-H10\pache_v1\Result\Mesh_Input.QuasiModel.tet
W:\gam\antenna-H10\pache_v1\Result\tetquality.tet
W:\gam\antenna-H10\pache_v1\Result\3do.slim
W:\gam\antenna-H10\pache_v1\Result\refinementparents.tet
Port:
W:\gam\antenna-H10\pache_v1\Result\Model.pmi
