Unknown:
\\gamserverhp5.iteam.upv.es\PERFILES$\MSANLLI\Desktop\Hyper\rect_patch_v3_155\Result\1.w3v
\\gamserverhp5.iteam.upv.es\PERFILES$\MSANLLI\Desktop\Hyper\rect_patch_v3_155\Result\hardware_resources.sconf
\\gamserverhp5.iteam.upv.es\PERFILES$\MSANLLI\Desktop\Hyper\rect_patch_v3_155\Result\MCalc.log
\\gamserverhp5.iteam.upv.es\PERFILES$\MSANLLI\Desktop\Hyper\rect_patch_v3_155\Result\MCalc^Diagnostics.log
\\gamserverhp5.iteam.upv.es\PERFILES$\MSANLLI\Desktop\Hyper\rect_patch_v3_155\Result\ml_info.log
\\gamserverhp5.iteam.upv.es\PERFILES$\MSANLLI\Desktop\Hyper\rect_patch_v3_155\Result\Model.axg
\\gamserverhp5.iteam.upv.es\PERFILES$\MSANLLI\Desktop\Hyper\rect_patch_v3_155\Result\Model.coco
\\gamserverhp5.iteam.upv.es\PERFILES$\MSANLLI\Desktop\Hyper\rect_patch_v3_155\Result\Model.elg
\\gamserverhp5.iteam.upv.es\PERFILES$\MSANLLI\Desktop\Hyper\rect_patch_v3_155\Result\Model.log
\\gamserverhp5.iteam.upv.es\PERFILES$\MSANLLI\Desktop\Hyper\rect_patch_v3_155\Result\Model.sa
\\gamserverhp5.iteam.upv.es\PERFILES$\MSANLLI\Desktop\Hyper\rect_patch_v3_155\Result\Model.sam
\\gamserverhp5.iteam.upv.es\PERFILES$\MSANLLI\Desktop\Hyper\rect_patch_v3_155\Result\ModelPBA.axg
\\gamserverhp5.iteam.upv.es\PERFILES$\MSANLLI\Desktop\Hyper\rect_patch_v3_155\Result\m^fb.dsc
\\gamserverhp5.iteam.upv.es\PERFILES$\MSANLLI\Desktop\Hyper\rect_patch_v3_155\Result\m^fifx.dsc
\\gamserverhp5.iteam.upv.es\PERFILES$\MSANLLI\Desktop\Hyper\rect_patch_v3_155\Result\Port1_Info1(#0000).mmd
\\gamserverhp5.iteam.upv.es\PERFILES$\MSANLLI\Desktop\Hyper\rect_patch_v3_155\Result\PP-MCalc.log
\\gamserverhp5.iteam.upv.es\PERFILES$\MSANLLI\Desktop\Hyper\rect_patch_v3_155\Result\PP-Prio.log
\\gamserverhp5.iteam.upv.es\PERFILES$\MSANLLI\Desktop\Hyper\rect_patch_v3_155\Result\P^m^fb.slog
Mesh:
\\gamserverhp5.iteam.upv.es\PERFILES$\MSANLLI\Desktop\Hyper\rect_patch_v3_155\Result\dA.mat
\\gamserverhp5.iteam.upv.es\PERFILES$\MSANLLI\Desktop\Hyper\rect_patch_v3_155\Result\dad.mat
\\gamserverhp5.iteam.upv.es\PERFILES$\MSANLLI\Desktop\Hyper\rect_patch_v3_155\Result\ds.mat
\\gamserverhp5.iteam.upv.es\PERFILES$\MSANLLI\Desktop\Hyper\rect_patch_v3_155\Result\dsd.mat
\\gamserverhp5.iteam.upv.es\PERFILES$\MSANLLI\Desktop\Hyper\rect_patch_v3_155\Result\dsMCalc.mat
\\gamserverhp5.iteam.upv.es\PERFILES$\MSANLLI\Desktop\Hyper\rect_patch_v3_155\Result\Eps.mat
\\gamserverhp5.iteam.upv.es\PERFILES$\MSANLLI\Desktop\Hyper\rect_patch_v3_155\Result\FARModel-far.msqlite
\\gamserverhp5.iteam.upv.es\PERFILES$\MSANLLI\Desktop\Hyper\rect_patch_v3_155\Result\HexMatrix_MCalc.m2h
\\gamserverhp5.iteam.upv.es\PERFILES$\MSANLLI\Desktop\Hyper\rect_patch_v3_155\Result\MCalc.fmp
\\gamserverhp5.iteam.upv.es\PERFILES$\MSANLLI\Desktop\Hyper\rect_patch_v3_155\Result\MCalcCCS_c.mson
\\gamserverhp5.iteam.upv.es\PERFILES$\MSANLLI\Desktop\Hyper\rect_patch_v3_155\Result\Model-fmf.msqlite
\\gamserverhp5.iteam.upv.es\PERFILES$\MSANLLI\Desktop\Hyper\rect_patch_v3_155\Result\Model.cct
\\gamserverhp5.iteam.upv.es\PERFILES$\MSANLLI\Desktop\Hyper\rect_patch_v3_155\Result\Model.fmf
\\gamserverhp5.iteam.upv.es\PERFILES$\MSANLLI\Desktop\Hyper\rect_patch_v3_155\Result\Model.fmm
\\gamserverhp5.iteam.upv.es\PERFILES$\MSANLLI\Desktop\Hyper\rect_patch_v3_155\Result\Model.fpc
\\gamserverhp5.iteam.upv.es\PERFILES$\MSANLLI\Desktop\Hyper\rect_patch_v3_155\Result\Model.fwf
\\gamserverhp5.iteam.upv.es\PERFILES$\MSANLLI\Desktop\Hyper\rect_patch_v3_155\Result\Model.sid
\\gamserverhp5.iteam.upv.es\PERFILES$\MSANLLI\Desktop\Hyper\rect_patch_v3_155\Result\Mue.mat
\\gamserverhp5.iteam.upv.es\PERFILES$\MSANLLI\Desktop\Hyper\rect_patch_v3_155\Result\m^fb.mem
\\gamserverhp5.iteam.upv.es\PERFILES$\MSANLLI\Desktop\Hyper\rect_patch_v3_155\Result\PEC.mat
\\gamserverhp5.iteam.upv.es\PERFILES$\MSANLLI\Desktop\Hyper\rect_patch_v3_155\Result\Port1.wgi
\\gamserverhp5.iteam.upv.es\PERFILES$\MSANLLI\Desktop\Hyper\rect_patch_v3_155\Result\S2HMatrix.m2h
Port:
\\gamserverhp5.iteam.upv.es\PERFILES$\MSANLLI\Desktop\Hyper\rect_patch_v3_155\Result\Model.pmi
\\gamserverhp5.iteam.upv.es\PERFILES$\MSANLLI\Desktop\Hyper\rect_patch_v3_155\Result\Port1_e1(#0000).prt
\\gamserverhp5.iteam.upv.es\PERFILES$\MSANLLI\Desktop\Hyper\rect_patch_v3_155\Result\Port1_h1(#0000).prt
