Unknown:
\\gamserverhp5.iteam.upv.es\PERFILES$\MSANLLI\Desktop\Hyper\v4-823\Result\farfield (f=0.9frequency_centre)_1.fme
\\gamserverhp5.iteam.upv.es\PERFILES$\MSANLLI\Desktop\Hyper\v4-823\Result\farfield (f=1.1frequency_centre)_1.fme
\\gamserverhp5.iteam.upv.es\PERFILES$\MSANLLI\Desktop\Hyper\v4-823\Result\farfield (f=frequency_centre)1D_1_calc.ffp
\\gamserverhp5.iteam.upv.es\PERFILES$\MSANLLI\Desktop\Hyper\v4-823\Result\farfield (f=frequency_centre)_1.fme
\\gamserverhp5.iteam.upv.es\PERFILES$\MSANLLI\Desktop\Hyper\v4-823\Result\hardware_resources.sconf
\\gamserverhp5.iteam.upv.es\PERFILES$\MSANLLI\Desktop\Hyper\v4-823\Result\ml_info.log
\\gamserverhp5.iteam.upv.es\PERFILES$\MSANLLI\Desktop\Hyper\v4-823\Result\Model.log
\\gamserverhp5.iteam.upv.es\PERFILES$\MSANLLI\Desktop\Hyper\v4-823\Result\Model.sa
\\gamserverhp5.iteam.upv.es\PERFILES$\MSANLLI\Desktop\Hyper\v4-823\Result\Port1_e1(#0000).sct
\\gamserverhp5.iteam.upv.es\PERFILES$\MSANLLI\Desktop\Hyper\v4-823\Result\Port1_e1(#0001).sct
\\gamserverhp5.iteam.upv.es\PERFILES$\MSANLLI\Desktop\Hyper\v4-823\Result\Port1_e1(#0002).sct
\\gamserverhp5.iteam.upv.es\PERFILES$\MSANLLI\Desktop\Hyper\v4-823\Result\Port1_e1(#0003).sct
\\gamserverhp5.iteam.upv.es\PERFILES$\MSANLLI\Desktop\Hyper\v4-823\Result\Port1_e1(#0004).sct
\\gamserverhp5.iteam.upv.es\PERFILES$\MSANLLI\Desktop\Hyper\v4-823\Result\Port1_e1(#0005).sct
\\gamserverhp5.iteam.upv.es\PERFILES$\MSANLLI\Desktop\Hyper\v4-823\Result\Port1_e1(#0006).sct
\\gamserverhp5.iteam.upv.es\PERFILES$\MSANLLI\Desktop\Hyper\v4-823\Result\Port1_e1(#0007).sct
\\gamserverhp5.iteam.upv.es\PERFILES$\MSANLLI\Desktop\Hyper\v4-823\Result\Port1_e1(#0008).sct
\\gamserverhp5.iteam.upv.es\PERFILES$\MSANLLI\Desktop\Hyper\v4-823\Result\Port1_e1(#0009).sct
\\gamserverhp5.iteam.upv.es\PERFILES$\MSANLLI\Desktop\Hyper\v4-823\Result\Port1_e1(#0010).sct
\\gamserverhp5.iteam.upv.es\PERFILES$\MSANLLI\Desktop\Hyper\v4-823\Result\Port1_e1(#0011).sct
\\gamserverhp5.iteam.upv.es\PERFILES$\MSANLLI\Desktop\Hyper\v4-823\Result\Port1_eInfo1(#0000).pmf
\\gamserverhp5.iteam.upv.es\PERFILES$\MSANLLI\Desktop\Hyper\v4-823\Result\Port1_eInfo1(#0001).pmf
\\gamserverhp5.iteam.upv.es\PERFILES$\MSANLLI\Desktop\Hyper\v4-823\Result\Port1_eInfo1(#0002).pmf
\\gamserverhp5.iteam.upv.es\PERFILES$\MSANLLI\Desktop\Hyper\v4-823\Result\Port1_eInfo1(#0003).pmf
\\gamserverhp5.iteam.upv.es\PERFILES$\MSANLLI\Desktop\Hyper\v4-823\Result\Port1_eInfo1(#0004).pmf
\\gamserverhp5.iteam.upv.es\PERFILES$\MSANLLI\Desktop\Hyper\v4-823\Result\Port1_eInfo1(#0005).pmf
\\gamserverhp5.iteam.upv.es\PERFILES$\MSANLLI\Desktop\Hyper\v4-823\Result\Port1_eInfo1(#0006).pmf
\\gamserverhp5.iteam.upv.es\PERFILES$\MSANLLI\Desktop\Hyper\v4-823\Result\Port1_eInfo1(#0007).pmf
\\gamserverhp5.iteam.upv.es\PERFILES$\MSANLLI\Desktop\Hyper\v4-823\Result\Port1_eInfo1(#0008).pmf
\\gamserverhp5.iteam.upv.es\PERFILES$\MSANLLI\Desktop\Hyper\v4-823\Result\Port1_eInfo1(#0009).pmf
\\gamserverhp5.iteam.upv.es\PERFILES$\MSANLLI\Desktop\Hyper\v4-823\Result\Port1_eInfo1(#0010).pmf
\\gamserverhp5.iteam.upv.es\PERFILES$\MSANLLI\Desktop\Hyper\v4-823\Result\Port1_eInfo1(#0011).pmf
\\gamserverhp5.iteam.upv.es\PERFILES$\MSANLLI\Desktop\Hyper\v4-823\Result\Port1_h1(#0000).sct
\\gamserverhp5.iteam.upv.es\PERFILES$\MSANLLI\Desktop\Hyper\v4-823\Result\Port1_h1(#0001).sct
\\gamserverhp5.iteam.upv.es\PERFILES$\MSANLLI\Desktop\Hyper\v4-823\Result\Port1_h1(#0002).sct
\\gamserverhp5.iteam.upv.es\PERFILES$\MSANLLI\Desktop\Hyper\v4-823\Result\Port1_h1(#0003).sct
\\gamserverhp5.iteam.upv.es\PERFILES$\MSANLLI\Desktop\Hyper\v4-823\Result\Port1_h1(#0004).sct
\\gamserverhp5.iteam.upv.es\PERFILES$\MSANLLI\Desktop\Hyper\v4-823\Result\Port1_h1(#0005).sct
\\gamserverhp5.iteam.upv.es\PERFILES$\MSANLLI\Desktop\Hyper\v4-823\Result\Port1_h1(#0006).sct
\\gamserverhp5.iteam.upv.es\PERFILES$\MSANLLI\Desktop\Hyper\v4-823\Result\Port1_h1(#0007).sct
\\gamserverhp5.iteam.upv.es\PERFILES$\MSANLLI\Desktop\Hyper\v4-823\Result\Port1_h1(#0008).sct
\\gamserverhp5.iteam.upv.es\PERFILES$\MSANLLI\Desktop\Hyper\v4-823\Result\Port1_h1(#0009).sct
\\gamserverhp5.iteam.upv.es\PERFILES$\MSANLLI\Desktop\Hyper\v4-823\Result\Port1_h1(#0010).sct
\\gamserverhp5.iteam.upv.es\PERFILES$\MSANLLI\Desktop\Hyper\v4-823\Result\Port1_h1(#0011).sct
\\gamserverhp5.iteam.upv.es\PERFILES$\MSANLLI\Desktop\Hyper\v4-823\Result\Port1_hInfo1(#0000).pmf
\\gamserverhp5.iteam.upv.es\PERFILES$\MSANLLI\Desktop\Hyper\v4-823\Result\Port1_hInfo1(#0001).pmf
\\gamserverhp5.iteam.upv.es\PERFILES$\MSANLLI\Desktop\Hyper\v4-823\Result\Port1_hInfo1(#0002).pmf
\\gamserverhp5.iteam.upv.es\PERFILES$\MSANLLI\Desktop\Hyper\v4-823\Result\Port1_hInfo1(#0003).pmf
\\gamserverhp5.iteam.upv.es\PERFILES$\MSANLLI\Desktop\Hyper\v4-823\Result\Port1_hInfo1(#0004).pmf
\\gamserverhp5.iteam.upv.es\PERFILES$\MSANLLI\Desktop\Hyper\v4-823\Result\Port1_hInfo1(#0005).pmf
\\gamserverhp5.iteam.upv.es\PERFILES$\MSANLLI\Desktop\Hyper\v4-823\Result\Port1_hInfo1(#0006).pmf
\\gamserverhp5.iteam.upv.es\PERFILES$\MSANLLI\Desktop\Hyper\v4-823\Result\Port1_hInfo1(#0007).pmf
\\gamserverhp5.iteam.upv.es\PERFILES$\MSANLLI\Desktop\Hyper\v4-823\Result\Port1_hInfo1(#0008).pmf
\\gamserverhp5.iteam.upv.es\PERFILES$\MSANLLI\Desktop\Hyper\v4-823\Result\Port1_hInfo1(#0009).pmf
\\gamserverhp5.iteam.upv.es\PERFILES$\MSANLLI\Desktop\Hyper\v4-823\Result\Port1_hInfo1(#0010).pmf
\\gamserverhp5.iteam.upv.es\PERFILES$\MSANLLI\Desktop\Hyper\v4-823\Result\Port1_hInfo1(#0011).pmf
\\gamserverhp5.iteam.upv.es\PERFILES$\MSANLLI\Desktop\Hyper\v4-823\Result\Port1_Info1(#0000).mmd
\\gamserverhp5.iteam.upv.es\PERFILES$\MSANLLI\Desktop\Hyper\v4-823\Result\Port1_Info1(#0001).mmd
\\gamserverhp5.iteam.upv.es\PERFILES$\MSANLLI\Desktop\Hyper\v4-823\Result\Port1_Info1(#0002).mmd
\\gamserverhp5.iteam.upv.es\PERFILES$\MSANLLI\Desktop\Hyper\v4-823\Result\Port1_Info1(#0003).mmd
\\gamserverhp5.iteam.upv.es\PERFILES$\MSANLLI\Desktop\Hyper\v4-823\Result\Port1_Info1(#0004).mmd
\\gamserverhp5.iteam.upv.es\PERFILES$\MSANLLI\Desktop\Hyper\v4-823\Result\Port1_Info1(#0005).mmd
\\gamserverhp5.iteam.upv.es\PERFILES$\MSANLLI\Desktop\Hyper\v4-823\Result\Port1_Info1(#0006).mmd
\\gamserverhp5.iteam.upv.es\PERFILES$\MSANLLI\Desktop\Hyper\v4-823\Result\Port1_Info1(#0007).mmd
\\gamserverhp5.iteam.upv.es\PERFILES$\MSANLLI\Desktop\Hyper\v4-823\Result\Port1_Info1(#0008).mmd
\\gamserverhp5.iteam.upv.es\PERFILES$\MSANLLI\Desktop\Hyper\v4-823\Result\Port1_Info1(#0009).mmd
\\gamserverhp5.iteam.upv.es\PERFILES$\MSANLLI\Desktop\Hyper\v4-823\Result\Port1_Info1(#0010).mmd
\\gamserverhp5.iteam.upv.es\PERFILES$\MSANLLI\Desktop\Hyper\v4-823\Result\Port1_Info1(#0011).mmd
\\gamserverhp5.iteam.upv.es\PERFILES$\MSANLLI\Desktop\Hyper\v4-823\Result\Postprocessing.log
\\gamserverhp5.iteam.upv.es\PERFILES$\MSANLLI\Desktop\Hyper\v4-823\Result\SolCoef(#0000)_1(1).scf
\\gamserverhp5.iteam.upv.es\PERFILES$\MSANLLI\Desktop\Hyper\v4-823\Result\SolCoef(#0001)_1(1).scf
\\gamserverhp5.iteam.upv.es\PERFILES$\MSANLLI\Desktop\Hyper\v4-823\Result\SolCoef(#0002)_1(1).scf
\\gamserverhp5.iteam.upv.es\PERFILES$\MSANLLI\Desktop\Hyper\v4-823\Result\SolCoef(#0003)_1(1).scf
\\gamserverhp5.iteam.upv.es\PERFILES$\MSANLLI\Desktop\Hyper\v4-823\Result\SolCoef(#0004)_1(1).scf
\\gamserverhp5.iteam.upv.es\PERFILES$\MSANLLI\Desktop\Hyper\v4-823\Result\SolCoef(#0005)_1(1).scf
\\gamserverhp5.iteam.upv.es\PERFILES$\MSANLLI\Desktop\Hyper\v4-823\Result\SolCoef(#0006)_1(1).scf
\\gamserverhp5.iteam.upv.es\PERFILES$\MSANLLI\Desktop\Hyper\v4-823\Result\SolCoef(#0007)_1(1).scf
\\gamserverhp5.iteam.upv.es\PERFILES$\MSANLLI\Desktop\Hyper\v4-823\Result\SolCoef(#0008)_1(1).scf
\\gamserverhp5.iteam.upv.es\PERFILES$\MSANLLI\Desktop\Hyper\v4-823\Result\SolCoef(#0009)_1(1).scf
\\gamserverhp5.iteam.upv.es\PERFILES$\MSANLLI\Desktop\Hyper\v4-823\Result\SolCoef(#0010)_1(1).scf
\\gamserverhp5.iteam.upv.es\PERFILES$\MSANLLI\Desktop\Hyper\v4-823\Result\SolCoef(#0011)_1(1).scf
Mesh:
\\gamserverhp5.iteam.upv.es\PERFILES$\MSANLLI\Desktop\Hyper\v4-823\Result\3do.slim
\\gamserverhp5.iteam.upv.es\PERFILES$\MSANLLI\Desktop\Hyper\v4-823\Result\bad0.tet
\\gamserverhp5.iteam.upv.es\PERFILES$\MSANLLI\Desktop\Hyper\v4-823\Result\log.tet
\\gamserverhp5.iteam.upv.es\PERFILES$\MSANLLI\Desktop\Hyper\v4-823\Result\Mesh_Input.Entities2Mesh.tet
\\gamserverhp5.iteam.upv.es\PERFILES$\MSANLLI\Desktop\Hyper\v4-823\Result\Mesh_Input.Options.tet
\\gamserverhp5.iteam.upv.es\PERFILES$\MSANLLI\Desktop\Hyper\v4-823\Result\Mesh_Input.QuasiModel.tet
\\gamserverhp5.iteam.upv.es\PERFILES$\MSANLLI\Desktop\Hyper\v4-823\Result\Mesh_Output.QuasiModel.tet
\\gamserverhp5.iteam.upv.es\PERFILES$\MSANLLI\Desktop\Hyper\v4-823\Result\Mesh_Output.U2F.tet
\\gamserverhp5.iteam.upv.es\PERFILES$\MSANLLI\Desktop\Hyper\v4-823\Result\mir.tet
\\gamserverhp5.iteam.upv.es\PERFILES$\MSANLLI\Desktop\Hyper\v4-823\Result\moegeom.tet
\\gamserverhp5.iteam.upv.es\PERFILES$\MSANLLI\Desktop\Hyper\v4-823\Result\Port1.slim
\\gamserverhp5.iteam.upv.es\PERFILES$\MSANLLI\Desktop\Hyper\v4-823\Result\refinementparents.tet
\\gamserverhp5.iteam.upv.es\PERFILES$\MSANLLI\Desktop\Hyper\v4-823\Result\reftags.tet
\\gamserverhp5.iteam.upv.es\PERFILES$\MSANLLI\Desktop\Hyper\v4-823\Result\tetquality.tet
\\gamserverhp5.iteam.upv.es\PERFILES$\MSANLLI\Desktop\Hyper\v4-823\Result\topot.tet
Port:
\\gamserverhp5.iteam.upv.es\PERFILES$\MSANLLI\Desktop\Hyper\v4-823\Result\Model.pmi
