2024-12-09 22:22:30   The length ratio between the shortest and the longest model edges is 1:8203.
                      Short model edges can be highlighted via Mesh:Mesh Control->Check Mesh->Check
                      Model Edge Length.... (It may be advantageous to model the metallizations as
                      infinitely thin sheets.) More...

                      ------------------------------------------------------------------------------
2024-12-09 22:22:39   *** Warning ***

                      This software is licensed for non-commercial use only.

                      ------------------------------------------------------------------------------
2024-12-09 22:22:39   Units settings: 

                        Dimensions: mm
                        Frequency:  GHz
                        Time:       ns

                      ------------------------------------------------------------------------------
2024-12-09 22:22:39   Boundary conditions: 

                        YZsymmetry: magnetic
                        XZsymmetry: none
                        XYsymmetry: none

                        Xmin: expanded open
                        Xmax: expanded open

                        Ymin: expanded open
                        Ymax: expanded open

                        Zmin: expanded open
                        Zmax: expanded open

                      ------------------------------------------------------------------------------
2024-12-09 22:22:39   Order settings: 

                        Solver order   : 3rd (constant)
                        Curved elements: up to order 5 (automatic)

                      ------------------------------------------------------------------------------
2024-12-09 22:22:40   An iterative solver will be used first.

                      ------------------------------------------------------------------------------
2024-12-09 22:22:40     Mesh time                :	8 s


                      ------------------------------------------------------------------------------
2024-12-09 22:22:40   
                      ================================================================================
                      Frequency Domain Solver calculation cycle started

                      ------------------------------------------------------------------------------
2024-12-09 22:22:40   Solver started at: 2024-12-09 22:22:40 +0100

                        Module:  Frequency Domain: S-Parameter (Win 64)
                        Version: 2024.4 Release from 2024-04-30 (change 1266454)

                      ------------------------------------------------------------------------------
2024-12-09 22:22:40     Calculation 1 of 1 (Frequency: 5.775 GHz)


                      ------------------------------------------------------------------------------
2024-12-09 22:22:40   Automatically activated electric shielding for port 1.

                      ------------------------------------------------------------------------------
2024-12-09 22:22:41   *** Warning ***

2024-12-09 22:22:41   At least one propagating mode is not considered at port 1. 

                      ------------------------------------------------------------------------------
2024-12-09 22:22:48     ----------------------------------------------------------------------------
                        Port   Mode   Type        Z-Wave        Z-Wave-Sigma  Z-Line        F-Cutoff
                        1      1      QTEM        249           16.5          100           ---
                        ----------------------------------------------------------------------------


                      ------------------------------------------------------------------------------
2024-12-09 22:22:48   Adaptive mesh refinement pass 1

                      ------------------------------------------------------------------------------
2024-12-09 22:22:52     Matrix setup time        :	1 s
                        Degrees of freedom       :	39547
                        Number of mesh cells     :	2129

                        Stimulation port         :	1
                        Mode number              :	1
                        Accuracy                 :	5.94945e-05
                        Iterations               :	85
                        Solver time              :	2 s


                      ------------------------------------------------------------------------------
2024-12-09 22:22:55   43% of all mesh edges seem to be longer than expected. The adaptive mesh refinement's growth limitation will therefore 
                      use 7724 instead of 2123 mesh cells as a reference.

                      ------------------------------------------------------------------------------
2024-12-09 22:22:56   Adaptive mesh refinement pass 2

                      ------------------------------------------------------------------------------
2024-12-09 22:23:03     Matrix setup time        :	1 s
                        Degrees of freedom       :	55255
                        Number of mesh cells     :	3001

                        Stimulation port         :	1
                        Mode number              :	1
                        Accuracy                 :	9.11685e-05
                        Iterations               :	135
                        Solver time              :	4 s


                      ------------------------------------------------------------------------------
2024-12-09 22:23:05     Delta calculation        
2024-12-09 22:23:05     All S-Parameters         :	0.274564
2024-12-09 22:23:05   

                      ------------------------------------------------------------------------------
2024-12-09 22:23:06   The quality of some tetrahedrons is low.  More...

                      ------------------------------------------------------------------------------
2024-12-09 22:23:07   Adaptive mesh refinement pass 3

                      ------------------------------------------------------------------------------
2024-12-09 22:23:16     Matrix setup time        :	2 s
                        Degrees of freedom       :	77116
                        Number of mesh cells     :	4223

                        Stimulation port         :	1
                        Mode number              :	1
                        Accuracy                 :	9.72398e-05
                        Iterations               :	145
                        Solver time              :	6 s


                      ------------------------------------------------------------------------------
2024-12-09 22:23:19     Delta calculation        
2024-12-09 22:23:19     All S-Parameters         :	0.0864124
2024-12-09 22:23:19   

                      ------------------------------------------------------------------------------
2024-12-09 22:23:21   Adaptive mesh refinement pass 4

                      ------------------------------------------------------------------------------
2024-12-09 22:23:33     Matrix setup time        :	2 s
                        Degrees of freedom       :	109648
                        Number of mesh cells     :	6027

                        Stimulation port         :	1
                        Mode number              :	1
                        Accuracy                 :	9.88795e-05
                        Iterations               :	140
                        Solver time              :	8 s


                      ------------------------------------------------------------------------------
2024-12-09 22:23:37     Delta calculation        
2024-12-09 22:23:37     All S-Parameters         :	0.0523305
2024-12-09 22:23:37   

                      ------------------------------------------------------------------------------
2024-12-09 22:23:40   Adaptive mesh refinement pass 5

                      ------------------------------------------------------------------------------
2024-12-09 22:23:55     Matrix setup time        :	4 s
                        Degrees of freedom       :	161275
                        Number of mesh cells     :	8896

                        Stimulation port         :	1
                        Mode number              :	1
                        Accuracy                 :	6.9619e-05
                        Iterations               :	124
                        Solver time              :	10 s


                      ------------------------------------------------------------------------------
2024-12-09 22:24:01     Delta calculation        
2024-12-09 22:24:01     All S-Parameters         :	0.0357994
2024-12-09 22:24:01   

                      ------------------------------------------------------------------------------
2024-12-09 22:24:05   Adaptive mesh refinement pass 6

                      ------------------------------------------------------------------------------
2024-12-09 22:24:25     Matrix setup time        :	6 s
                        Degrees of freedom       :	238675
                        Number of mesh cells     :	13235

                        Stimulation port         :	1
                        Mode number              :	1
                        Accuracy                 :	6.01294e-05
                        Iterations               :	110
                        Solver time              :	12 s


                      ------------------------------------------------------------------------------
2024-12-09 22:24:33     Delta calculation        
2024-12-09 22:24:33     All S-Parameters         :	0.0239635
2024-12-09 22:24:33   

                      ------------------------------------------------------------------------------
2024-12-09 22:24:39   Adaptive mesh refinement pass 7

                      ------------------------------------------------------------------------------
2024-12-09 22:25:06     Matrix setup time        :	9 s
                        Solver setup             :	1 s
                        Degrees of freedom       :	364390
                        Number of mesh cells     :	20228

                        Stimulation port         :	1
                        Mode number              :	1
                        Accuracy                 :	9.69199e-05
                        Iterations               :	87
                        Solver time              :	16 s


                      ------------------------------------------------------------------------------
2024-12-09 22:25:19     Delta calculation        
2024-12-09 22:25:19     All S-Parameters         :	0.0124364
2024-12-09 22:25:19   

                      ------------------------------------------------------------------------------
2024-12-09 22:25:27   The direct solver will be used.

                      ------------------------------------------------------------------------------
2024-12-09 22:25:27   Adaptive mesh refinement pass 8

                      ------------------------------------------------------------------------------
2024-12-09 22:26:33     Matrix setup time        :	14 s
                        Solver setup             :	49 s
                        Degrees of freedom       :	542035
                        Number of mesh cells     :	30210

                        Stimulation port         :	1
                        Mode number              :	1
                        Accuracy                 :	2.66432e-13
                        Iterations               :	1
                        Solver time              :	1 s


                      ------------------------------------------------------------------------------
2024-12-09 22:26:33   The iterative solver will be used.

                      ------------------------------------------------------------------------------
2024-12-09 22:26:51     Delta calculation        
2024-12-09 22:26:51     All S-Parameters         :	0.00909956
2024-12-09 22:26:51   

                      ------------------------------------------------------------------------------
2024-12-09 22:27:03   Adaptive mesh refinement pass 9

                      ------------------------------------------------------------------------------
2024-12-09 22:28:01     Matrix setup time        :	20 s
                        Solver setup             :	1 s
                        Degrees of freedom       :	745123
                        Number of mesh cells     :	41515

                        Stimulation port         :	1
                        Mode number              :	1
                        Accuracy                 :	8.503e-05
                        Iterations               :	95
                        Solver time              :	35 s


                      ------------------------------------------------------------------------------
2024-12-09 22:28:26     Delta calculation        
2024-12-09 22:28:26     All S-Parameters         :	0.0055477
2024-12-09 22:28:26   

                      ------------------------------------------------------------------------------
2024-12-09 22:28:26   Mesh adaptation terminated because the desired accuracy limit is reached.

                      ------------------------------------------------------------------------------
2024-12-09 22:28:27     Total time               :	345 s	 (= 0 h, 05 m, 45 s)

                      ------------------------------------------------------------------------------
2024-12-09 22:28:27   

                      ------------------------------------------------------------------------------
2024-12-09 22:28:42   Unable to use "EvaluateHFieldOnSIBC" due to model setup.

                      ------------------------------------------------------------------------------
2024-12-09 22:28:42     Calculation 2 (Frequency: 7.5075 GHz)


                      ------------------------------------------------------------------------------
2024-12-09 22:28:43   *** Warning ***

2024-12-09 22:28:43   At least one propagating mode is not considered at port 1. 

                      ------------------------------------------------------------------------------
2024-12-09 22:28:43     ----------------------------------------------------------------------------
                        Port   Mode   Type        Z-Wave        Z-Wave-Sigma  Z-Line        F-Cutoff
                        1      1      QTEM        249           17.3          98.6          ---
                        ----------------------------------------------------------------------------


                      ------------------------------------------------------------------------------
2024-12-09 22:29:42     Matrix setup time        :	17 s
                        Solver setup             :	1 s
                        Degrees of freedom       :	745123
                        Number of mesh cells     :	41515

                        Stimulation port         :	1
                        Mode number              :	1
                        Accuracy                 :	7.99479e-05
                        Iterations               :	105
                        Solver time              :	39 s


                      ------------------------------------------------------------------------------
2024-12-09 22:29:47     Generating results       :	5 s

                        Total time               :	64 s	 (= 0 h, 01 m, 04 s)

                      ------------------------------------------------------------------------------
2024-12-09 22:29:47   

                      ------------------------------------------------------------------------------
2024-12-09 22:29:47     Calculation 3 (Frequency: 4.0425 GHz)


                      ------------------------------------------------------------------------------
2024-12-09 22:29:47     ----------------------------------------------------------------------------
                        Port   Mode   Type        Z-Wave        Z-Wave-Sigma  Z-Line        F-Cutoff
                        1      1      QTEM        250           15.5          101           ---
                        ----------------------------------------------------------------------------


                      ------------------------------------------------------------------------------
2024-12-09 22:30:39     Matrix setup time        :	17 s
                        Solver setup             :	1 s
                        Degrees of freedom       :	745123
                        Number of mesh cells     :	41515

                        Stimulation port         :	1
                        Mode number              :	1
                        Accuracy                 :	6.73504e-05
                        Iterations               :	85
                        Solver time              :	32 s


                      ------------------------------------------------------------------------------
2024-12-09 22:30:45     Generating results       :	5 s

                        Total time               :	57 s

                      ------------------------------------------------------------------------------
2024-12-09 22:30:45   

                      ------------------------------------------------------------------------------
2024-12-09 22:30:45     Calculation 4 (Frequency: 5.1975 GHz)


                      ------------------------------------------------------------------------------
2024-12-09 22:30:45   *** Warning ***

2024-12-09 22:30:45   At least one propagating mode is not considered at port 1. 

                      ------------------------------------------------------------------------------
2024-12-09 22:30:45     ----------------------------------------------------------------------------
                        Port   Mode   Type        Z-Wave        Z-Wave-Sigma  Z-Line        F-Cutoff
                        1      1      QTEM        249           16.3          100           ---
                        ----------------------------------------------------------------------------


                      ------------------------------------------------------------------------------
2024-12-09 22:31:33     Matrix setup time        :	17 s
                        Solver setup             :	2 s
                        Degrees of freedom       :	745123
                        Number of mesh cells     :	41515

                        Stimulation port         :	1
                        Mode number              :	1
                        Accuracy                 :	9.14162e-05
                        Iterations               :	75
                        Solver time              :	28 s


                      ------------------------------------------------------------------------------
2024-12-09 22:31:42     Generating results       :	8 s

                        Total time               :	56 s

                      ------------------------------------------------------------------------------
2024-12-09 22:31:42   

                      ------------------------------------------------------------------------------
2024-12-09 22:31:42     Calculation 5 (Frequency: 6.3525 GHz)


                      ------------------------------------------------------------------------------
2024-12-09 22:31:42   *** Warning ***

2024-12-09 22:31:42   At least one propagating mode is not considered at port 1. 

                      ------------------------------------------------------------------------------
2024-12-09 22:31:42     ----------------------------------------------------------------------------
                        Port   Mode   Type        Z-Wave        Z-Wave-Sigma  Z-Line        F-Cutoff
                        1      1      QTEM        249           16.8          99.6          ---
                        ----------------------------------------------------------------------------


                      ------------------------------------------------------------------------------
2024-12-09 22:32:25     Matrix setup time        :	17 s
                        Solver setup             :	2 s
                        Degrees of freedom       :	745123
                        Number of mesh cells     :	41515

                        Stimulation port         :	1
                        Mode number              :	1
                        Accuracy                 :	8.01309e-05
                        Iterations               :	60
                        Solver time              :	22 s


                      ------------------------------------------------------------------------------
2024-12-09 22:32:33     Generating results       :	8 s

                        Total time               :	51 s

                      ------------------------------------------------------------------------------
2024-12-09 22:32:33   

                      ------------------------------------------------------------------------------
2024-12-09 22:32:33     Calculation 6 (Frequency: 5.12358 GHz)


                      ------------------------------------------------------------------------------
2024-12-09 22:32:33   *** Warning ***

2024-12-09 22:32:33   At least one propagating mode is not considered at port 1. 

                      ------------------------------------------------------------------------------
2024-12-09 22:32:34     ----------------------------------------------------------------------------
                        Port   Mode   Type        Z-Wave        Z-Wave-Sigma  Z-Line        F-Cutoff
                        1      1      QTEM        249           16.3          101           ---
                        ----------------------------------------------------------------------------


                      ------------------------------------------------------------------------------
2024-12-09 22:32:58     Matrix setup time        :	17 s
                        Solver setup             :	2 s
                        Degrees of freedom       :	745123
                        Number of mesh cells     :	41515

                        Stimulation port         :	1
                        Mode number              :	1
                        Accuracy                 :	9.27863e-05
                        Iterations               :	9
                        Solver time              :	3 s


                      ------------------------------------------------------------------------------
2024-12-09 22:33:03     Generating results       :	5 s

                        Total time               :	29 s

                      ------------------------------------------------------------------------------
2024-12-09 22:33:03   

                      ------------------------------------------------------------------------------
2024-12-09 22:33:03     Calculation 7 (Frequency: 5.97597 GHz)


                      ------------------------------------------------------------------------------
2024-12-09 22:33:03   *** Warning ***

2024-12-09 22:33:03   At least one propagating mode is not considered at port 1. 

                      ------------------------------------------------------------------------------
2024-12-09 22:33:03     ----------------------------------------------------------------------------
                        Port   Mode   Type        Z-Wave        Z-Wave-Sigma  Z-Line        F-Cutoff
                        1      1      QTEM        249           16.6          99.9          ---
                        ----------------------------------------------------------------------------


                      ------------------------------------------------------------------------------
2024-12-09 22:33:30     Matrix setup time        :	17 s
                        Solver setup             :	2 s
                        Degrees of freedom       :	745123
                        Number of mesh cells     :	41515

                        Stimulation port         :	1
                        Mode number              :	1
                        Accuracy                 :	6.04561e-05
                        Iterations               :	15
                        Solver time              :	5 s


                      ------------------------------------------------------------------------------
2024-12-09 22:33:35     Generating results       :	5 s

                        Total time               :	31 s

                      ------------------------------------------------------------------------------
2024-12-09 22:33:35   

                      ------------------------------------------------------------------------------
2024-12-09 22:33:35     Calculation 8 (Frequency: 7.00854 GHz)


                      ------------------------------------------------------------------------------
2024-12-09 22:33:35   *** Warning ***

2024-12-09 22:33:35   At least one propagating mode is not considered at port 1. 

                      ------------------------------------------------------------------------------
2024-12-09 22:33:35     ----------------------------------------------------------------------------
                        Port   Mode   Type        Z-Wave        Z-Wave-Sigma  Z-Line        F-Cutoff
                        1      1      QTEM        249           17.1          99            ---
                        ----------------------------------------------------------------------------


                      ------------------------------------------------------------------------------
2024-12-09 22:34:08     Matrix setup time        :	17 s
                        Solver setup             :	3 s
                        Degrees of freedom       :	745123
                        Number of mesh cells     :	41515

                        Stimulation port         :	1
                        Mode number              :	1
                        Accuracy                 :	9.81772e-05
                        Iterations               :	27
                        Solver time              :	12 s


                      ------------------------------------------------------------------------------
2024-12-09 22:34:14     Generating results       :	5 s

                        Total time               :	38 s

                      ------------------------------------------------------------------------------
2024-12-09 22:34:14   

                      ------------------------------------------------------------------------------
2024-12-09 22:34:14     Calculation 9 (Frequency: 4.37514 GHz)


                      ------------------------------------------------------------------------------
2024-12-09 22:34:14     ----------------------------------------------------------------------------
                        Port   Mode   Type        Z-Wave        Z-Wave-Sigma  Z-Line        F-Cutoff
                        1      1      QTEM        250           15.7          101           ---
                        ----------------------------------------------------------------------------


                      ------------------------------------------------------------------------------
2024-12-09 22:34:42     Matrix setup time        :	17 s
                        Solver setup             :	3 s
                        Degrees of freedom       :	745123
                        Number of mesh cells     :	41515

                        Stimulation port         :	1
                        Mode number              :	1
                        Accuracy                 :	9.81524e-05
                        Iterations               :	16
                        Solver time              :	6 s


                      ------------------------------------------------------------------------------
2024-12-09 22:34:47     Generating results       :	5 s

                        Total time               :	33 s

                      ------------------------------------------------------------------------------
2024-12-09 22:34:47   

                      ------------------------------------------------------------------------------
2024-12-09 22:34:47   Finished the general purpose interpolative broadband frequency sweep:
                      All broadband sweep convergence criteria have been satisfied after
                      calculating 9 frequency samples:

                        Broadband sweep error threshold value :  0.01 (All S-Parameters) 
                                                                 0.01 (Reflection S-Parameters) 
                                                                 0.01 (Transmission S-Parameters) 
                        Number of error criterion checks      :  2 (All S-Parameters) 
                                                                 2 (Reflection S-Parameters) 
                                                                 2 (Transmission S-Parameters) 
                        Minimum number of samples             :  3
                        Number of data samples, linear        :  1001

                      ------------------------------------------------------------------------------
2024-12-09 22:35:29     Number of mesh cells     :	41515
                        Degrees of freedom       :	745123
                        Total Solver Time        :	718 s	 (= 0 h, 11 m, 58 s)
                      ================================================================================



                      ------------------------------------------------------------------------------
2024-12-09 22:35:30     ----------------------------------------------------------------------------
                                            Peak memory used (kB)         Free physical memory (kB) 
                                                                          At begin     Minimum      
                        ----------------------------------------------------------------------------
                        Solver start        21384                         90775528     90775528     
                        Eq. system setup    3896048                       90723792     89797440     
                        Eq. system solve    3896048                       90698252     86911520     
                        Mesh refinement     3896048                       90717076     89736480     
                        Solver run total    3896048                       90775528     86911520     

                        Computer name       gamserverhp3
                        ----------------------------------------------------------------------------


                      ------------------------------------------------------------------------------
2024-12-09 22:35:30   Running postprocessing.

                      ------------------------------------------------------------------------------
2024-12-09 22:35:41   Postprocessing finished.

                      ------------------------------------------------------------------------------
2024-12-09 22:35:41   Parametric 1D storage is switched off.

                      ------------------------------------------------------------------------------
