2025-02-10 17:51:47   The length ratio between the shortest and the longest model edges is 1:1640.
                      Short model edges can be highlighted via Mesh:Mesh Control->Check Mesh->Check
                      Model Edge Length.... (It may be advantageous to model the metallizations as
                      infinitely thin sheets.) More...

                      ------------------------------------------------------------------------------
2025-02-10 17:52:00   *** Warning ***

                      This software is licensed for non-commercial use only.

                      ------------------------------------------------------------------------------
2025-02-10 17:52:01   Units settings: 

                        Dimensions: mm
                        Frequency:  GHz
                        Time:       ns

                      ------------------------------------------------------------------------------
2025-02-10 17:52:01   Boundary conditions: 

                        YZsymmetry: magnetic
                        XZsymmetry: none
                        XYsymmetry: none

                        Xmin: expanded open
                        Xmax: expanded open

                        Ymin: expanded open
                        Ymax: expanded open

                        Zmin: expanded open
                        Zmax: expanded open

                      ------------------------------------------------------------------------------
2025-02-10 17:52:01   Order settings: 

                        Solver order   : 3rd (constant)
                        Curved elements: up to order 5 (automatic)

                      ------------------------------------------------------------------------------
2025-02-10 17:52:01   The number of frequency samples has been increased to take into account all field monitors.

                      ------------------------------------------------------------------------------
2025-02-10 17:52:01   An iterative solver will be used first.

                      ------------------------------------------------------------------------------
2025-02-10 17:52:01     Mesh time                :	12 s


                      ------------------------------------------------------------------------------
2025-02-10 17:52:02   
                      ================================================================================
                      Frequency Domain Solver calculation cycle started

                      ------------------------------------------------------------------------------
2025-02-10 17:52:02   Solver started at: 2025-02-10 17:52:02 +0100

                        Module:  Frequency Domain: S-Parameter (Win 64)
                        Version: 2024.4 Release from 2024-04-30 (change 1266454)

                      ------------------------------------------------------------------------------
2025-02-10 17:52:03     Calculation 1 of 1 (Frequency: 5.775 GHz)


                      ------------------------------------------------------------------------------
2025-02-10 17:52:03   Automatically activated electric shielding for port 1.

                      ------------------------------------------------------------------------------
2025-02-10 17:52:14     ----------------------------------------------------------------------------
                        Port   Mode   Type        Z-Wave        Z-Wave-Sigma  Z-Line        F-Cutoff
                        1      1      QTEM        233           11.6          48.8          ---
                        ----------------------------------------------------------------------------


                      ------------------------------------------------------------------------------
2025-02-10 17:52:15   Adaptive mesh refinement pass 1

                      ------------------------------------------------------------------------------
2025-02-10 17:52:20     Matrix setup time        :	1 s
                        Degrees of freedom       :	33526
                        Number of mesh cells     :	1796

                        Stimulation port         :	1
                        Mode number              :	1
                        Accuracy                 :	9.54003e-05
                        Iterations               :	151
                        Solver time              :	3 s


                      ------------------------------------------------------------------------------
2025-02-10 17:52:22   40% of all mesh edges seem to be longer than expected. The adaptive mesh refinement's growth limitation will therefore 
                      use 6109 instead of 1793 mesh cells as a reference.

                      ------------------------------------------------------------------------------
2025-02-10 17:52:24   Adaptive mesh refinement pass 2

                      ------------------------------------------------------------------------------
2025-02-10 17:52:29     Matrix setup time        :	1 s
                        Degrees of freedom       :	47992
                        Number of mesh cells     :	2602

                        Stimulation port         :	1
                        Mode number              :	1
                        Accuracy                 :	9.81136e-05
                        Iterations               :	102
                        Solver time              :	3 s


                      ------------------------------------------------------------------------------
2025-02-10 17:52:30     Delta calculation        
2025-02-10 17:52:30     All S-Parameters         :	0.434352
2025-02-10 17:52:30   

                      ------------------------------------------------------------------------------
2025-02-10 17:52:32   Adaptive mesh refinement pass 3

                      ------------------------------------------------------------------------------
2025-02-10 17:52:38     Matrix setup time        :	1 s
                        Degrees of freedom       :	63541
                        Number of mesh cells     :	3491

                        Stimulation port         :	1
                        Mode number              :	1
                        Accuracy                 :	9.38003e-05
                        Iterations               :	110
                        Solver time              :	3 s


                      ------------------------------------------------------------------------------
2025-02-10 17:52:40     Delta calculation        
2025-02-10 17:52:40     All S-Parameters         :	0.207716
2025-02-10 17:52:40   

                      ------------------------------------------------------------------------------
2025-02-10 17:52:42   Adaptive mesh refinement pass 4

                      ------------------------------------------------------------------------------
2025-02-10 17:52:50     Matrix setup time        :	2 s
                        Degrees of freedom       :	95131
                        Number of mesh cells     :	5275

                        Stimulation port         :	1
                        Mode number              :	1
                        Accuracy                 :	9.34442e-05
                        Iterations               :	106
                        Solver time              :	5 s


                      ------------------------------------------------------------------------------
2025-02-10 17:52:53     Delta calculation        
2025-02-10 17:52:53     All S-Parameters         :	0.109919
2025-02-10 17:52:53   

                      ------------------------------------------------------------------------------
2025-02-10 17:52:56   Adaptive mesh refinement pass 5

                      ------------------------------------------------------------------------------
2025-02-10 17:53:07     Matrix setup time        :	3 s
                        Degrees of freedom       :	140269
                        Number of mesh cells     :	7780

                        Stimulation port         :	1
                        Mode number              :	1
                        Accuracy                 :	9.81308e-05
                        Iterations               :	101
                        Solver time              :	7 s


                      ------------------------------------------------------------------------------
2025-02-10 17:53:10     Delta calculation        
2025-02-10 17:53:10     All S-Parameters         :	0.0456613
2025-02-10 17:53:10   

                      ------------------------------------------------------------------------------
2025-02-10 17:53:14   Adaptive mesh refinement pass 6

                      ------------------------------------------------------------------------------
2025-02-10 17:53:30     Matrix setup time        :	5 s
                        Degrees of freedom       :	206650
                        Number of mesh cells     :	11535

                        Stimulation port         :	1
                        Mode number              :	1
                        Accuracy                 :	7.38173e-05
                        Iterations               :	95
                        Solver time              :	9 s


                      ------------------------------------------------------------------------------
2025-02-10 17:53:35     Delta calculation        
2025-02-10 17:53:35     All S-Parameters         :	0.0362891
2025-02-10 17:53:35   

                      ------------------------------------------------------------------------------
2025-02-10 17:53:40   Adaptive mesh refinement pass 7

                      ------------------------------------------------------------------------------
2025-02-10 17:54:02     Matrix setup time        :	8 s
                        Degrees of freedom       :	306169
                        Number of mesh cells     :	17068

                        Stimulation port         :	1
                        Mode number              :	1
                        Accuracy                 :	9.78491e-05
                        Iterations               :	84
                        Solver time              :	12 s


                      ------------------------------------------------------------------------------
2025-02-10 17:54:08     Delta calculation        
2025-02-10 17:54:08     All S-Parameters         :	0.0223713
2025-02-10 17:54:08   

                      ------------------------------------------------------------------------------
2025-02-10 17:54:15   Adaptive mesh refinement pass 8

                      ------------------------------------------------------------------------------
2025-02-10 17:54:44     Matrix setup time        :	11 s
                        Solver setup             :	1 s
                        Degrees of freedom       :	415108
                        Number of mesh cells     :	23151

                        Stimulation port         :	1
                        Mode number              :	1
                        Accuracy                 :	6.86775e-05
                        Iterations               :	75
                        Solver time              :	15 s


                      ------------------------------------------------------------------------------
2025-02-10 17:54:52     Delta calculation        
2025-02-10 17:54:52     All S-Parameters         :	0.0133747
2025-02-10 17:54:52   

                      ------------------------------------------------------------------------------
2025-02-10 17:55:02   Adaptive mesh refinement pass 9

                      ------------------------------------------------------------------------------
2025-02-10 17:55:39     Matrix setup time        :	14 s
                        Solver setup             :	1 s
                        Degrees of freedom       :	537079
                        Number of mesh cells     :	29951

                        Stimulation port         :	1
                        Mode number              :	1
                        Accuracy                 :	9.00632e-05
                        Iterations               :	80
                        Solver time              :	21 s


                      ------------------------------------------------------------------------------
2025-02-10 17:55:50     Delta calculation        
2025-02-10 17:55:50     All S-Parameters         :	0.00881882
2025-02-10 17:55:50   

                      ------------------------------------------------------------------------------
2025-02-10 17:56:00   The direct solver will be used.

                      ------------------------------------------------------------------------------
2025-02-10 17:56:02   Adaptive mesh refinement pass 10

                      ------------------------------------------------------------------------------
2025-02-10 17:57:43     Matrix setup time        :	19 s
                        Solver setup             :	80 s
                        Degrees of freedom       :	707722
                        Number of mesh cells     :	39515

                        Stimulation port         :	1
                        Mode number              :	1
                        Accuracy                 :	2.96381e-13
                        Iterations               :	1
                        Solver time              :	1 s


                      ------------------------------------------------------------------------------
2025-02-10 17:57:44   The iterative solver will be used.

                      ------------------------------------------------------------------------------
2025-02-10 17:57:57     Delta calculation        
2025-02-10 17:57:57     All S-Parameters         :	0.00829702
2025-02-10 17:57:57   

                      ------------------------------------------------------------------------------
2025-02-10 17:57:57   Mesh adaptation terminated because the desired accuracy limit is reached.

                      ------------------------------------------------------------------------------
2025-02-10 17:57:59     Generating results       :	1 s

                        Total time               :	355 s	 (= 0 h, 05 m, 55 s)

                      ------------------------------------------------------------------------------
2025-02-10 17:57:59   

                      ------------------------------------------------------------------------------
2025-02-10 17:58:08   Unable to use "EvaluateHFieldOnSIBC" due to model setup.

                      ------------------------------------------------------------------------------
2025-02-10 17:58:09     Calculation 2 (Frequency: 5.815 GHz)


                      ------------------------------------------------------------------------------
2025-02-10 17:58:09     ----------------------------------------------------------------------------
                        Port   Mode   Type        Z-Wave        Z-Wave-Sigma  Z-Line        F-Cutoff
                        1      1      QTEM        233           11.6          48.8          ---
                        ----------------------------------------------------------------------------


                      ------------------------------------------------------------------------------
2025-02-10 17:58:49     Matrix setup time        :	19 s
                        Solver setup             :	2 s
                        Degrees of freedom       :	707722
                        Number of mesh cells     :	39515

                        Stimulation port         :	1
                        Mode number              :	1
                        Accuracy                 :	6.69563e-05
                        Iterations               :	48
                        Solver time              :	17 s


                      ------------------------------------------------------------------------------
2025-02-10 17:58:52     Generating results       :	3 s

                        Total time               :	43 s

                      ------------------------------------------------------------------------------
2025-02-10 17:58:52   

                      ------------------------------------------------------------------------------
2025-02-10 17:58:53     Calculation 3 (Frequency: 5.735 GHz)


                      ------------------------------------------------------------------------------
2025-02-10 17:58:53     ----------------------------------------------------------------------------
                        Port   Mode   Type        Z-Wave        Z-Wave-Sigma  Z-Line        F-Cutoff
                        1      1      QTEM        233           11.6          48.8          ---
                        ----------------------------------------------------------------------------


                      ------------------------------------------------------------------------------
2025-02-10 17:59:23     Matrix setup time        :	16 s
                        Solver setup             :	1 s
                        Degrees of freedom       :	707722
                        Number of mesh cells     :	39515

                        Stimulation port         :	1
                        Mode number              :	1
                        Accuracy                 :	6.93219e-05
                        Iterations               :	30
                        Solver time              :	11 s


                      ------------------------------------------------------------------------------
2025-02-10 17:59:26     Generating results       :	3 s

                        Total time               :	33 s

                      ------------------------------------------------------------------------------
2025-02-10 17:59:26   

                      ------------------------------------------------------------------------------
2025-02-10 17:59:27     Calculation 4 (Frequency: 5.1975 GHz)


                      ------------------------------------------------------------------------------
2025-02-10 17:59:27     ----------------------------------------------------------------------------
                        Port   Mode   Type        Z-Wave        Z-Wave-Sigma  Z-Line        F-Cutoff
                        1      1      QTEM        233           11.5          48.8          ---
                        ----------------------------------------------------------------------------


                      ------------------------------------------------------------------------------
2025-02-10 18:00:03     Matrix setup time        :	16 s
                        Solver setup             :	1 s
                        Degrees of freedom       :	707722
                        Number of mesh cells     :	39515

                        Stimulation port         :	1
                        Mode number              :	1
                        Accuracy                 :	5.48359e-05
                        Iterations               :	43
                        Solver time              :	16 s


                      ------------------------------------------------------------------------------
2025-02-10 18:00:09     Generating results       :	6 s

                        Total time               :	41 s

                      ------------------------------------------------------------------------------
2025-02-10 18:00:09   

                      ------------------------------------------------------------------------------
2025-02-10 18:00:09     Calculation 5 (Frequency: 6.3525 GHz)


                      ------------------------------------------------------------------------------
2025-02-10 18:00:10     ----------------------------------------------------------------------------
                        Port   Mode   Type        Z-Wave        Z-Wave-Sigma  Z-Line        F-Cutoff
                        1      1      QTEM        232           11.6          48.8          ---
                        ----------------------------------------------------------------------------


                      ------------------------------------------------------------------------------
2025-02-10 18:00:45     Matrix setup time        :	16 s
                        Solver setup             :	2 s
                        Degrees of freedom       :	707722
                        Number of mesh cells     :	39515

                        Stimulation port         :	1
                        Mode number              :	1
                        Accuracy                 :	9.43522e-05
                        Iterations               :	43
                        Solver time              :	15 s


                      ------------------------------------------------------------------------------
2025-02-10 18:00:52     Generating results       :	6 s

                        Total time               :	41 s

                      ------------------------------------------------------------------------------
2025-02-10 18:00:52   

                      ------------------------------------------------------------------------------
2025-02-10 18:00:52     Calculation 6 (Frequency: 5.795 GHz)


                      ------------------------------------------------------------------------------
2025-02-10 18:00:53     ----------------------------------------------------------------------------
                        Port   Mode   Type        Z-Wave        Z-Wave-Sigma  Z-Line        F-Cutoff
                        1      1      QTEM        233           11.6          48.8          ---
                        ----------------------------------------------------------------------------


                      ------------------------------------------------------------------------------
2025-02-10 18:01:15     Matrix setup time        :	17 s
                        Solver setup             :	2 s
                        Degrees of freedom       :	707722
                        Number of mesh cells     :	39515

                        Stimulation port         :	1
                        Mode number              :	1
                        Accuracy                 :	2.4128e-05
                        Iterations               :	5
                        Solver time              :	2 s


                      ------------------------------------------------------------------------------
2025-02-10 18:01:18     Generating results       :	3 s

                        Total time               :	25 s

                      ------------------------------------------------------------------------------
2025-02-10 18:01:18   

                      ------------------------------------------------------------------------------
2025-02-10 18:01:18     Calculation 7 (Frequency: 5.755 GHz)


                      ------------------------------------------------------------------------------
2025-02-10 18:01:19     ----------------------------------------------------------------------------
                        Port   Mode   Type        Z-Wave        Z-Wave-Sigma  Z-Line        F-Cutoff
                        1      1      QTEM        233           11.6          48.8          ---
                        ----------------------------------------------------------------------------


                      ------------------------------------------------------------------------------
2025-02-10 18:01:41     Matrix setup time        :	16 s
                        Solver setup             :	2 s
                        Degrees of freedom       :	707722
                        Number of mesh cells     :	39515

                        Stimulation port         :	1
                        Mode number              :	1
                        Accuracy                 :	2.32424e-05
                        Iterations               :	5
                        Solver time              :	2 s


                      ------------------------------------------------------------------------------
2025-02-10 18:01:44   Only few automatic samples have been calculated up to now. Therefore, the frequency sweep is continued with additional 
                      automatically chosen samples.

                      ------------------------------------------------------------------------------
2025-02-10 18:01:44     Generating results       :	3 s

                        Total time               :	25 s

                      ------------------------------------------------------------------------------
2025-02-10 18:01:44   

                      ------------------------------------------------------------------------------
2025-02-10 18:01:45     Calculation 8 (Frequency: 5.765 GHz)


                      ------------------------------------------------------------------------------
2025-02-10 18:01:45     ----------------------------------------------------------------------------
                        Port   Mode   Type        Z-Wave        Z-Wave-Sigma  Z-Line        F-Cutoff
                        1      1      QTEM        233           11.6          48.8          ---
                        ----------------------------------------------------------------------------


                      ------------------------------------------------------------------------------
2025-02-10 18:02:08     Matrix setup time        :	17 s
                        Solver setup             :	2 s
                        Degrees of freedom       :	707722
                        Number of mesh cells     :	39515

                        Stimulation port         :	1
                        Mode number              :	1
                        Accuracy                 :	9.70106e-06
                        Iterations               :	5
                        Solver time              :	2 s


                      ------------------------------------------------------------------------------
2025-02-10 18:02:11   An additional check has indicated that the frequency sweep needs to be continued. More...

                      ------------------------------------------------------------------------------
2025-02-10 18:02:11     Generating results       :	3 s

                        Total time               :	26 s

                      ------------------------------------------------------------------------------
2025-02-10 18:02:11   

                      ------------------------------------------------------------------------------
2025-02-10 18:02:12     Calculation 9 (Frequency: 5.805 GHz)


                      ------------------------------------------------------------------------------
2025-02-10 18:02:12     ----------------------------------------------------------------------------
                        Port   Mode   Type        Z-Wave        Z-Wave-Sigma  Z-Line        F-Cutoff
                        1      1      QTEM        233           11.6          48.8          ---
                        ----------------------------------------------------------------------------


                      ------------------------------------------------------------------------------
2025-02-10 18:02:35     Matrix setup time        :	16 s
                        Solver setup             :	3 s
                        Degrees of freedom       :	707722
                        Number of mesh cells     :	39515

                        Stimulation port         :	1
                        Mode number              :	1
                        Accuracy                 :	2.41556e-05
                        Iterations               :	5
                        Solver time              :	2 s


                      ------------------------------------------------------------------------------
2025-02-10 18:02:38     Generating results       :	3 s

                        Total time               :	26 s

                      ------------------------------------------------------------------------------
2025-02-10 18:02:38   

                      ------------------------------------------------------------------------------
2025-02-10 18:02:38     Calculation 10 (Frequency: 5.745 GHz)


                      ------------------------------------------------------------------------------
2025-02-10 18:02:39     ----------------------------------------------------------------------------
                        Port   Mode   Type        Z-Wave        Z-Wave-Sigma  Z-Line        F-Cutoff
                        1      1      QTEM        233           11.6          48.8          ---
                        ----------------------------------------------------------------------------


                      ------------------------------------------------------------------------------
2025-02-10 18:03:02     Matrix setup time        :	16 s
                        Solver setup             :	3 s
                        Degrees of freedom       :	707722
                        Number of mesh cells     :	39515

                        Stimulation port         :	1
                        Mode number              :	1
                        Accuracy                 :	2.42531e-05
                        Iterations               :	5
                        Solver time              :	2 s


                      ------------------------------------------------------------------------------
2025-02-10 18:03:05     Generating results       :	3 s

                        Total time               :	26 s

                      ------------------------------------------------------------------------------
2025-02-10 18:03:05   

                      ------------------------------------------------------------------------------
2025-02-10 18:03:06   Finished the general purpose interpolative broadband frequency sweep:
                      All broadband sweep convergence criteria have been satisfied after
                      calculating 10 frequency samples:

                        Broadband sweep error threshold value :  0.01 (All S-Parameters) 
                        Number of error criterion checks      :  2 (All S-Parameters) 
                        Minimum number of samples             :  3
                        Number of data samples, linear        :  1001

                      ------------------------------------------------------------------------------
2025-02-10 18:03:30     Number of mesh cells     :	39515
                        Degrees of freedom       :	707722
                        Total Solver Time        :	662 s	 (= 0 h, 11 m, 02 s)
                      ================================================================================



                      ------------------------------------------------------------------------------
2025-02-10 18:03:31     ----------------------------------------------------------------------------
                                            Peak memory used (kB)         Free physical memory (kB) 
                                                                          At begin     Minimum      
                        ----------------------------------------------------------------------------
                        Solver start        21360                         83520576     83520276     
                        Eq. system setup    5408164                       83454656     82544080     
                        Eq. system solve    5408164                       83348112     78125980     
                        Mesh refinement     740376                        83440132     82881072     
                        Solver run total    5408164                       83520580     78125980     

                        Computer name       gamserverhp3
                        ----------------------------------------------------------------------------


                      ------------------------------------------------------------------------------
2025-02-10 18:03:31   Running postprocessing.

                      ------------------------------------------------------------------------------
2025-02-10 18:03:47   Postprocessing finished.

                      ------------------------------------------------------------------------------
2025-02-10 18:03:48   Parametric 1D storage is switched off.

                      ------------------------------------------------------------------------------
