2025-02-10 19:11:03   The length ratio between the shortest and the longest model edges is 1:1631.
                      Short model edges can be highlighted via Mesh:Mesh Control->Check Mesh->Check
                      Model Edge Length.... (It may be advantageous to model the metallizations as
                      infinitely thin sheets.) More...

                      ------------------------------------------------------------------------------
2025-02-10 19:11:16   *** Warning ***

                      This software is licensed for non-commercial use only.

                      ------------------------------------------------------------------------------
2025-02-10 19:11:17   Units settings: 

                        Dimensions: mm
                        Frequency:  GHz
                        Time:       ns

                      ------------------------------------------------------------------------------
2025-02-10 19:11:17   Boundary conditions: 

                        YZsymmetry: magnetic
                        XZsymmetry: none
                        XYsymmetry: none

                        Xmin: expanded open
                        Xmax: expanded open

                        Ymin: expanded open
                        Ymax: expanded open

                        Zmin: expanded open
                        Zmax: expanded open

                      ------------------------------------------------------------------------------
2025-02-10 19:11:17   Order settings: 

                        Solver order   : 3rd (constant)
                        Curved elements: up to order 5 (automatic)

                      ------------------------------------------------------------------------------
2025-02-10 19:11:17   The number of frequency samples has been increased to take into account all field monitors.

                      ------------------------------------------------------------------------------
2025-02-10 19:11:17   An iterative solver will be used first.

                      ------------------------------------------------------------------------------
2025-02-10 19:11:17     Mesh time                :	13 s


                      ------------------------------------------------------------------------------
2025-02-10 19:11:18   
                      ================================================================================
                      Frequency Domain Solver calculation cycle started

                      ------------------------------------------------------------------------------
2025-02-10 19:11:18   Solver started at: 2025-02-10 19:11:18 +0100

                        Module:  Frequency Domain: S-Parameter (Win 64)
                        Version: 2024.4 Release from 2024-04-30 (change 1266454)

                      ------------------------------------------------------------------------------
2025-02-10 19:11:19     Calculation 1 of 1 (Frequency: 5.775 GHz)


                      ------------------------------------------------------------------------------
2025-02-10 19:11:19   Automatically activated electric shielding for port 1.

                      ------------------------------------------------------------------------------
2025-02-10 19:11:29     ----------------------------------------------------------------------------
                        Port   Mode   Type        Z-Wave        Z-Wave-Sigma  Z-Line        F-Cutoff
                        1      1      QTEM        231           7.92          48.7          ---
                        ----------------------------------------------------------------------------


                      ------------------------------------------------------------------------------
2025-02-10 19:11:30   Adaptive mesh refinement pass 1

                      ------------------------------------------------------------------------------
2025-02-10 19:11:38     Matrix setup time        :	1 s
                        Degrees of freedom       :	35851
                        Number of mesh cells     :	1930

                        Stimulation port         :	1
                        Mode number              :	1
                        Accuracy                 :	8.15273e-05
                        Iterations               :	215
                        Solver time              :	5 s


                      ------------------------------------------------------------------------------
2025-02-10 19:11:39   42% of all mesh edges seem to be longer than expected. The adaptive mesh refinement's growth limitation will therefore 
                      use 6898 instead of 1923 mesh cells as a reference.

                      ------------------------------------------------------------------------------
2025-02-10 19:11:41   Adaptive mesh refinement pass 2

                      ------------------------------------------------------------------------------
2025-02-10 19:11:47     Matrix setup time        :	1 s
                        Degrees of freedom       :	52420
                        Number of mesh cells     :	2850

                        Stimulation port         :	1
                        Mode number              :	1
                        Accuracy                 :	5.92426e-05
                        Iterations               :	130
                        Solver time              :	4 s


                      ------------------------------------------------------------------------------
2025-02-10 19:11:49     Delta calculation        
2025-02-10 19:11:49     All S-Parameters         :	0.533888
2025-02-10 19:11:49   

                      ------------------------------------------------------------------------------
2025-02-10 19:11:51   Adaptive mesh refinement pass 3

                      ------------------------------------------------------------------------------
2025-02-10 19:11:58     Matrix setup time        :	2 s
                        Degrees of freedom       :	71356
                        Number of mesh cells     :	3920

                        Stimulation port         :	1
                        Mode number              :	1
                        Accuracy                 :	9.73456e-05
                        Iterations               :	102
                        Solver time              :	4 s


                      ------------------------------------------------------------------------------
2025-02-10 19:12:00     Delta calculation        
2025-02-10 19:12:00     All S-Parameters         :	0.101293
2025-02-10 19:12:00   

                      ------------------------------------------------------------------------------
2025-02-10 19:12:02   Adaptive mesh refinement pass 4

                      ------------------------------------------------------------------------------
2025-02-10 19:12:12     Matrix setup time        :	2 s
                        Degrees of freedom       :	103531
                        Number of mesh cells     :	5744

                        Stimulation port         :	1
                        Mode number              :	1
                        Accuracy                 :	7.12408e-05
                        Iterations               :	110
                        Solver time              :	6 s


                      ------------------------------------------------------------------------------
2025-02-10 19:12:14     Delta calculation        
2025-02-10 19:12:14     All S-Parameters         :	0.0584056
2025-02-10 19:12:14   

                      ------------------------------------------------------------------------------
2025-02-10 19:12:17   Adaptive mesh refinement pass 5

                      ------------------------------------------------------------------------------
2025-02-10 19:12:29     Matrix setup time        :	4 s
                        Degrees of freedom       :	149704
                        Number of mesh cells     :	8331

                        Stimulation port         :	1
                        Mode number              :	1
                        Accuracy                 :	9.34346e-05
                        Iterations               :	100
                        Solver time              :	7 s


                      ------------------------------------------------------------------------------
2025-02-10 19:12:32     Delta calculation        
2025-02-10 19:12:32     All S-Parameters         :	0.0363727
2025-02-10 19:12:32   

                      ------------------------------------------------------------------------------
2025-02-10 19:12:37   Adaptive mesh refinement pass 6

                      ------------------------------------------------------------------------------
2025-02-10 19:12:56     Matrix setup time        :	6 s
                        Degrees of freedom       :	233692
                        Number of mesh cells     :	13038

                        Stimulation port         :	1
                        Mode number              :	1
                        Accuracy                 :	7.34148e-05
                        Iterations               :	101
                        Solver time              :	11 s


                      ------------------------------------------------------------------------------
2025-02-10 19:13:01     Delta calculation        
2025-02-10 19:13:01     All S-Parameters         :	0.0343348
2025-02-10 19:13:01   

                      ------------------------------------------------------------------------------
2025-02-10 19:13:07   Adaptive mesh refinement pass 7

                      ------------------------------------------------------------------------------
2025-02-10 19:13:32     Matrix setup time        :	9 s
                        Degrees of freedom       :	351940
                        Number of mesh cells     :	19644

                        Stimulation port         :	1
                        Mode number              :	1
                        Accuracy                 :	8.8574e-05
                        Iterations               :	84
                        Solver time              :	14 s


                      ------------------------------------------------------------------------------
2025-02-10 19:13:39     Delta calculation        
2025-02-10 19:13:39     All S-Parameters         :	0.0248962
2025-02-10 19:13:39   

                      ------------------------------------------------------------------------------
2025-02-10 19:13:47   Adaptive mesh refinement pass 8

                      ------------------------------------------------------------------------------
2025-02-10 19:14:19     Matrix setup time        :	12 s
                        Solver setup             :	1 s
                        Degrees of freedom       :	466369
                        Number of mesh cells     :	26028

                        Stimulation port         :	1
                        Mode number              :	1
                        Accuracy                 :	4.97611e-05
                        Iterations               :	78
                        Solver time              :	18 s


                      ------------------------------------------------------------------------------
2025-02-10 19:14:29     Delta calculation        
2025-02-10 19:14:29     All S-Parameters         :	0.0094171
2025-02-10 19:14:29   

                      ------------------------------------------------------------------------------
2025-02-10 19:14:40   Adaptive mesh refinement pass 9

                      ------------------------------------------------------------------------------
2025-02-10 19:15:18     Matrix setup time        :	17 s
                        Solver setup             :	1 s
                        Degrees of freedom       :	637027
                        Number of mesh cells     :	35552

                        Stimulation port         :	1
                        Mode number              :	1
                        Accuracy                 :	9.8694e-05
                        Iterations               :	60
                        Solver time              :	19 s


                      ------------------------------------------------------------------------------
2025-02-10 19:15:32     Delta calculation        
2025-02-10 19:15:32     All S-Parameters         :	0.010174
2025-02-10 19:15:32   

                      ------------------------------------------------------------------------------
2025-02-10 19:15:45   Adaptive mesh refinement pass 10

                      ------------------------------------------------------------------------------
2025-02-10 19:16:36     Matrix setup time        :	21 s
                        Solver setup             :	1 s
                        Degrees of freedom       :	803758
                        Number of mesh cells     :	44834

                        Stimulation port         :	1
                        Mode number              :	1
                        Accuracy                 :	9.72035e-05
                        Iterations               :	63
                        Solver time              :	27 s


                      ------------------------------------------------------------------------------
2025-02-10 19:16:51     Delta calculation        
2025-02-10 19:16:51     All S-Parameters         :	0.00436101
2025-02-10 19:16:51   

                      ------------------------------------------------------------------------------
2025-02-10 19:17:07   The direct solver will be used.

                      ------------------------------------------------------------------------------
2025-02-10 19:17:09   Adaptive mesh refinement pass 11

                      ------------------------------------------------------------------------------
2025-02-10 19:19:45     Matrix setup time        :	28 s
                        Solver setup             :	124 s
                        Degrees of freedom       :	995314
                        Number of mesh cells     :	55530

                        Stimulation port         :	1
                        Mode number              :	1
                        Accuracy                 :	3.24124e-13
                        Iterations               :	1
                        Solver time              :	2 s


                      ------------------------------------------------------------------------------
2025-02-10 19:19:45   The iterative solver will be used.

                      ------------------------------------------------------------------------------
2025-02-10 19:20:04     Delta calculation        
2025-02-10 19:20:04     All S-Parameters         :	0.00267851
2025-02-10 19:20:04   

                      ------------------------------------------------------------------------------
2025-02-10 19:20:04   Mesh adaptation terminated because the desired accuracy limit is reached.

                      ------------------------------------------------------------------------------
2025-02-10 19:20:06     Generating results       :	1 s

                        Total time               :	526 s	 (= 0 h, 08 m, 46 s)

                      ------------------------------------------------------------------------------
2025-02-10 19:20:06   

                      ------------------------------------------------------------------------------
2025-02-10 19:20:19   Unable to use "EvaluateHFieldOnSIBC" due to model setup.

                      ------------------------------------------------------------------------------
2025-02-10 19:20:20     Calculation 2 (Frequency: 5.815 GHz)


                      ------------------------------------------------------------------------------
2025-02-10 19:20:21     ----------------------------------------------------------------------------
                        Port   Mode   Type        Z-Wave        Z-Wave-Sigma  Z-Line        F-Cutoff
                        1      1      QTEM        231           7.93          48.7          ---
                        ----------------------------------------------------------------------------


                      ------------------------------------------------------------------------------
2025-02-10 19:21:13     Matrix setup time        :	27 s
                        Solver setup             :	3 s
                        Degrees of freedom       :	995314
                        Number of mesh cells     :	55530

                        Stimulation port         :	1
                        Mode number              :	1
                        Accuracy                 :	8.55142e-05
                        Iterations               :	38
                        Solver time              :	20 s


                      ------------------------------------------------------------------------------
2025-02-10 19:21:17     Generating results       :	4 s

                        Total time               :	56 s

                      ------------------------------------------------------------------------------
2025-02-10 19:21:17   

                      ------------------------------------------------------------------------------
2025-02-10 19:21:18     Calculation 3 (Frequency: 5.735 GHz)


                      ------------------------------------------------------------------------------
2025-02-10 19:21:18     ----------------------------------------------------------------------------
                        Port   Mode   Type        Z-Wave        Z-Wave-Sigma  Z-Line        F-Cutoff
                        1      1      QTEM        231           7.91          48.7          ---
                        ----------------------------------------------------------------------------


                      ------------------------------------------------------------------------------
2025-02-10 19:21:58     Matrix setup time        :	25 s
                        Solver setup             :	2 s
                        Degrees of freedom       :	995314
                        Number of mesh cells     :	55530

                        Stimulation port         :	1
                        Mode number              :	1
                        Accuracy                 :	9.21204e-05
                        Iterations               :	21
                        Solver time              :	11 s


                      ------------------------------------------------------------------------------
2025-02-10 19:22:03     Generating results       :	4 s

                        Total time               :	44 s

                      ------------------------------------------------------------------------------
2025-02-10 19:22:03   

                      ------------------------------------------------------------------------------
2025-02-10 19:22:03     Calculation 4 (Frequency: 5.1975 GHz)


                      ------------------------------------------------------------------------------
2025-02-10 19:22:04     ----------------------------------------------------------------------------
                        Port   Mode   Type        Z-Wave        Z-Wave-Sigma  Z-Line        F-Cutoff
                        1      1      QTEM        232           7.91          48.8          ---
                        ----------------------------------------------------------------------------


                      ------------------------------------------------------------------------------
2025-02-10 19:22:55     Matrix setup time        :	23 s
                        Solver setup             :	2 s
                        Degrees of freedom       :	995314
                        Number of mesh cells     :	55530

                        Stimulation port         :	1
                        Mode number              :	1
                        Accuracy                 :	9.56436e-05
                        Iterations               :	45
                        Solver time              :	24 s


                      ------------------------------------------------------------------------------
2025-02-10 19:23:04     Generating results       :	8 s

                        Total time               :	59 s

                      ------------------------------------------------------------------------------
2025-02-10 19:23:04   

                      ------------------------------------------------------------------------------
2025-02-10 19:23:04     Calculation 5 (Frequency: 6.3525 GHz)


                      ------------------------------------------------------------------------------
2025-02-10 19:23:05     ----------------------------------------------------------------------------
                        Port   Mode   Type        Z-Wave        Z-Wave-Sigma  Z-Line        F-Cutoff
                        1      1      QTEM        231           8.01          48.7          ---
                        ----------------------------------------------------------------------------


                      ------------------------------------------------------------------------------
2025-02-10 19:23:56     Matrix setup time        :	23 s
                        Solver setup             :	3 s
                        Degrees of freedom       :	995314
                        Number of mesh cells     :	55530

                        Stimulation port         :	1
                        Mode number              :	1
                        Accuracy                 :	8.76242e-05
                        Iterations               :	45
                        Solver time              :	24 s


                      ------------------------------------------------------------------------------
2025-02-10 19:24:05     Generating results       :	8 s

                        Total time               :	59 s

                      ------------------------------------------------------------------------------
2025-02-10 19:24:05   

                      ------------------------------------------------------------------------------
2025-02-10 19:24:05     Calculation 6 (Frequency: 5.795 GHz)


                      ------------------------------------------------------------------------------
2025-02-10 19:24:05     ----------------------------------------------------------------------------
                        Port   Mode   Type        Z-Wave        Z-Wave-Sigma  Z-Line        F-Cutoff
                        1      1      QTEM        231           7.92          48.7          ---
                        ----------------------------------------------------------------------------


                      ------------------------------------------------------------------------------
2025-02-10 19:24:36     Matrix setup time        :	23 s
                        Solver setup             :	3 s
                        Degrees of freedom       :	995314
                        Number of mesh cells     :	55530

                        Stimulation port         :	1
                        Mode number              :	1
                        Accuracy                 :	2.98723e-05
                        Iterations               :	5
                        Solver time              :	3 s


                      ------------------------------------------------------------------------------
2025-02-10 19:24:41     Generating results       :	4 s

                        Total time               :	35 s

                      ------------------------------------------------------------------------------
2025-02-10 19:24:41   

                      ------------------------------------------------------------------------------
2025-02-10 19:24:41     Calculation 7 (Frequency: 5.755 GHz)


                      ------------------------------------------------------------------------------
2025-02-10 19:24:42     ----------------------------------------------------------------------------
                        Port   Mode   Type        Z-Wave        Z-Wave-Sigma  Z-Line        F-Cutoff
                        1      1      QTEM        231           7.92          48.7          ---
                        ----------------------------------------------------------------------------


                      ------------------------------------------------------------------------------
2025-02-10 19:25:15     Matrix setup time        :	25 s
                        Solver setup             :	3 s
                        Degrees of freedom       :	995314
                        Number of mesh cells     :	55530

                        Stimulation port         :	1
                        Mode number              :	1
                        Accuracy                 :	2.92979e-05
                        Iterations               :	5
                        Solver time              :	3 s


                      ------------------------------------------------------------------------------
2025-02-10 19:25:18   Only few automatic samples have been calculated up to now. Therefore, the frequency sweep is continued with additional 
                      automatically chosen samples.

                      ------------------------------------------------------------------------------
2025-02-10 19:25:19     Generating results       :	4 s

                        Total time               :	37 s

                      ------------------------------------------------------------------------------
2025-02-10 19:25:19   

                      ------------------------------------------------------------------------------
2025-02-10 19:25:19     Calculation 8 (Frequency: 5.765 GHz)


                      ------------------------------------------------------------------------------
2025-02-10 19:25:20     ----------------------------------------------------------------------------
                        Port   Mode   Type        Z-Wave        Z-Wave-Sigma  Z-Line        F-Cutoff
                        1      1      QTEM        231           7.92          48.7          ---
                        ----------------------------------------------------------------------------


                      ------------------------------------------------------------------------------
2025-02-10 19:25:52     Matrix setup time        :	23 s
                        Solver setup             :	4 s
                        Degrees of freedom       :	995314
                        Number of mesh cells     :	55530

                        Stimulation port         :	1
                        Mode number              :	1
                        Accuracy                 :	1.42067e-05
                        Iterations               :	5
                        Solver time              :	3 s


                      ------------------------------------------------------------------------------
2025-02-10 19:25:55   An additional check has indicated that the frequency sweep needs to be continued. More...

                      ------------------------------------------------------------------------------
2025-02-10 19:25:56     Generating results       :	4 s

                        Total time               :	36 s

                      ------------------------------------------------------------------------------
2025-02-10 19:25:56   

                      ------------------------------------------------------------------------------
2025-02-10 19:25:56     Calculation 9 (Frequency: 5.745 GHz)


                      ------------------------------------------------------------------------------
2025-02-10 19:25:57     ----------------------------------------------------------------------------
                        Port   Mode   Type        Z-Wave        Z-Wave-Sigma  Z-Line        F-Cutoff
                        1      1      QTEM        231           7.92          48.7          ---
                        ----------------------------------------------------------------------------


                      ------------------------------------------------------------------------------
2025-02-10 19:26:29     Matrix setup time        :	23 s
                        Solver setup             :	4 s
                        Degrees of freedom       :	995314
                        Number of mesh cells     :	55530

                        Stimulation port         :	1
                        Mode number              :	1
                        Accuracy                 :	4.47056e-05
                        Iterations               :	5
                        Solver time              :	3 s


                      ------------------------------------------------------------------------------
2025-02-10 19:26:33     Generating results       :	4 s

                        Total time               :	36 s

                      ------------------------------------------------------------------------------
2025-02-10 19:26:33   

                      ------------------------------------------------------------------------------
2025-02-10 19:26:33     Calculation 10 (Frequency: 5.75 GHz)


                      ------------------------------------------------------------------------------
2025-02-10 19:26:34     ----------------------------------------------------------------------------
                        Port   Mode   Type        Z-Wave        Z-Wave-Sigma  Z-Line        F-Cutoff
                        1      1      QTEM        231           7.92          48.7          ---
                        ----------------------------------------------------------------------------


                      ------------------------------------------------------------------------------
2025-02-10 19:27:06     Matrix setup time        :	23 s
                        Solver setup             :	5 s
                        Degrees of freedom       :	995314
                        Number of mesh cells     :	55530

                        Stimulation port         :	1
                        Mode number              :	1
                        Accuracy                 :	3.27791e-05
                        Iterations               :	5
                        Solver time              :	3 s


                      ------------------------------------------------------------------------------
2025-02-10 19:27:11     Generating results       :	4 s

                        Total time               :	36 s

                      ------------------------------------------------------------------------------
2025-02-10 19:27:11   

                      ------------------------------------------------------------------------------
2025-02-10 19:27:11   Finished the general purpose interpolative broadband frequency sweep:
                      All broadband sweep convergence criteria have been satisfied after
                      calculating 10 frequency samples:

                        Broadband sweep error threshold value :  0.01 (All S-Parameters) 
                        Number of error criterion checks      :  2 (All S-Parameters) 
                        Minimum number of samples             :  3
                        Number of data samples, linear        :  1001

                      ------------------------------------------------------------------------------
2025-02-10 19:27:45     Number of mesh cells     :	55530
                        Degrees of freedom       :	995314
                        Total Solver Time        :	948 s	 (= 0 h, 15 m, 48 s)
                      ================================================================================



                      ------------------------------------------------------------------------------
2025-02-10 19:27:46     ----------------------------------------------------------------------------
                                            Peak memory used (kB)         Free physical memory (kB) 
                                                                          At begin     Minimum      
                        ----------------------------------------------------------------------------
                        Solver start        21328                         83389324     83388756     
                        Eq. system setup    7730888                       83352248     82019864     
                        Eq. system solve    7730888                       83291520     75666712     
                        Mesh refinement     1032880                       83306272     82509152     
                        Solver run total    7730888                       83389328     75666712     

                        Computer name       gamserverhp3
                        ----------------------------------------------------------------------------


                      ------------------------------------------------------------------------------
2025-02-10 19:27:46   Running postprocessing.

                      ------------------------------------------------------------------------------
2025-02-10 19:28:02   Postprocessing finished.

                      ------------------------------------------------------------------------------
2025-02-10 19:28:02   Parametric 1D storage is switched off.

                      ------------------------------------------------------------------------------
