2025-02-10 18:04:50   The length ratio between the shortest and the longest model edges is 1:1630.
                      Short model edges can be highlighted via Mesh:Mesh Control->Check Mesh->Check
                      Model Edge Length.... (It may be advantageous to model the metallizations as
                      infinitely thin sheets.) More...

                      ------------------------------------------------------------------------------
2025-02-10 18:05:02   *** Warning ***

                      This software is licensed for non-commercial use only.

                      ------------------------------------------------------------------------------
2025-02-10 18:05:03   Units settings: 

                        Dimensions: mm
                        Frequency:  GHz
                        Time:       ns

                      ------------------------------------------------------------------------------
2025-02-10 18:05:03   Boundary conditions: 

                        YZsymmetry: magnetic
                        XZsymmetry: none
                        XYsymmetry: none

                        Xmin: expanded open
                        Xmax: expanded open

                        Ymin: expanded open
                        Ymax: expanded open

                        Zmin: expanded open
                        Zmax: expanded open

                      ------------------------------------------------------------------------------
2025-02-10 18:05:03   Order settings: 

                        Solver order   : 3rd (constant)
                        Curved elements: up to order 5 (automatic)

                      ------------------------------------------------------------------------------
2025-02-10 18:05:03   The number of frequency samples has been increased to take into account all field monitors.

                      ------------------------------------------------------------------------------
2025-02-10 18:05:03   An iterative solver will be used first.

                      ------------------------------------------------------------------------------
2025-02-10 18:05:03     Mesh time                :	11 s


                      ------------------------------------------------------------------------------
2025-02-10 18:05:04   
                      ================================================================================
                      Frequency Domain Solver calculation cycle started

                      ------------------------------------------------------------------------------
2025-02-10 18:05:04   Solver started at: 2025-02-10 18:05:04 +0100

                        Module:  Frequency Domain: S-Parameter (Win 64)
                        Version: 2024.4 Release from 2024-04-30 (change 1266454)

                      ------------------------------------------------------------------------------
2025-02-10 18:05:05     Calculation 1 of 1 (Frequency: 5.775 GHz)


                      ------------------------------------------------------------------------------
2025-02-10 18:05:05   Automatically activated electric shielding for port 1.

                      ------------------------------------------------------------------------------
2025-02-10 18:05:16     ----------------------------------------------------------------------------
                        Port   Mode   Type        Z-Wave        Z-Wave-Sigma  Z-Line        F-Cutoff
                        1      1      QTEM        231           9.73          48.8          ---
                        ----------------------------------------------------------------------------


                      ------------------------------------------------------------------------------
2025-02-10 18:05:17   Adaptive mesh refinement pass 1

                      ------------------------------------------------------------------------------
2025-02-10 18:05:26     Matrix setup time        :	1 s
                        Degrees of freedom       :	37903
                        Number of mesh cells     :	2020

                        Stimulation port         :	1
                        Mode number              :	1
                        Accuracy                 :	6.2716e-05
                        Iterations               :	220
                        Solver time              :	6 s


                      ------------------------------------------------------------------------------
2025-02-10 18:05:27   41% of all mesh edges seem to be longer than expected. The adaptive mesh refinement's growth limitation will therefore 
                      use 7108 instead of 2014 mesh cells as a reference.

                      ------------------------------------------------------------------------------
2025-02-10 18:05:29   Adaptive mesh refinement pass 2

                      ------------------------------------------------------------------------------
2025-02-10 18:05:34     Matrix setup time        :	1 s
                        Degrees of freedom       :	53800
                        Number of mesh cells     :	2907

                        Stimulation port         :	1
                        Mode number              :	1
                        Accuracy                 :	9.98582e-05
                        Iterations               :	95
                        Solver time              :	3 s


                      ------------------------------------------------------------------------------
2025-02-10 18:05:36     Delta calculation        
2025-02-10 18:05:36     All S-Parameters         :	0.571411
2025-02-10 18:05:36   

                      ------------------------------------------------------------------------------
2025-02-10 18:05:38   Adaptive mesh refinement pass 3

                      ------------------------------------------------------------------------------
2025-02-10 18:05:44     Matrix setup time        :	1 s
                        Degrees of freedom       :	68680
                        Number of mesh cells     :	3753

                        Stimulation port         :	1
                        Mode number              :	1
                        Accuracy                 :	6.86665e-05
                        Iterations               :	95
                        Solver time              :	3 s


                      ------------------------------------------------------------------------------
2025-02-10 18:05:45     Delta calculation        
2025-02-10 18:05:45     All S-Parameters         :	0.103321
2025-02-10 18:05:45   

                      ------------------------------------------------------------------------------
2025-02-10 18:05:48   Adaptive mesh refinement pass 4

                      ------------------------------------------------------------------------------
2025-02-10 18:05:57     Matrix setup time        :	2 s
                        Degrees of freedom       :	101992
                        Number of mesh cells     :	5629

                        Stimulation port         :	1
                        Mode number              :	1
                        Accuracy                 :	9.55993e-05
                        Iterations               :	109
                        Solver time              :	6 s


                      ------------------------------------------------------------------------------
2025-02-10 18:06:00     Delta calculation        
2025-02-10 18:06:00     All S-Parameters         :	0.127638
2025-02-10 18:06:00   

                      ------------------------------------------------------------------------------
2025-02-10 18:06:03   Adaptive mesh refinement pass 5

                      ------------------------------------------------------------------------------
2025-02-10 18:06:14     Matrix setup time        :	4 s
                        Degrees of freedom       :	151333
                        Number of mesh cells     :	8395

                        Stimulation port         :	1
                        Mode number              :	1
                        Accuracy                 :	7.54974e-05
                        Iterations               :	93
                        Solver time              :	6 s


                      ------------------------------------------------------------------------------
2025-02-10 18:06:18     Delta calculation        
2025-02-10 18:06:18     All S-Parameters         :	0.0405769
2025-02-10 18:06:18   

                      ------------------------------------------------------------------------------
2025-02-10 18:06:22   Adaptive mesh refinement pass 6

                      ------------------------------------------------------------------------------
2025-02-10 18:06:40     Matrix setup time        :	6 s
                        Degrees of freedom       :	227368
                        Number of mesh cells     :	12681

                        Stimulation port         :	1
                        Mode number              :	1
                        Accuracy                 :	9.4339e-05
                        Iterations               :	95
                        Solver time              :	10 s


                      ------------------------------------------------------------------------------
2025-02-10 18:06:45     Delta calculation        
2025-02-10 18:06:45     All S-Parameters         :	0.0374964
2025-02-10 18:06:45   

                      ------------------------------------------------------------------------------
2025-02-10 18:06:51   Adaptive mesh refinement pass 7

                      ------------------------------------------------------------------------------
2025-02-10 18:07:16     Matrix setup time        :	8 s
                        Degrees of freedom       :	328840
                        Number of mesh cells     :	18349

                        Stimulation port         :	1
                        Mode number              :	1
                        Accuracy                 :	9.75231e-05
                        Iterations               :	93
                        Solver time              :	14 s


                      ------------------------------------------------------------------------------
2025-02-10 18:07:23     Delta calculation        
2025-02-10 18:07:23     All S-Parameters         :	0.0184714
2025-02-10 18:07:23   

                      ------------------------------------------------------------------------------
2025-02-10 18:07:31   Adaptive mesh refinement pass 8

                      ------------------------------------------------------------------------------
2025-02-10 18:08:02     Matrix setup time        :	12 s
                        Solver setup             :	1 s
                        Degrees of freedom       :	462757
                        Number of mesh cells     :	25787

                        Stimulation port         :	1
                        Mode number              :	1
                        Accuracy                 :	5.68276e-05
                        Iterations               :	74
                        Solver time              :	17 s


                      ------------------------------------------------------------------------------
2025-02-10 18:08:11     Delta calculation        
2025-02-10 18:08:11     All S-Parameters         :	0.0116755
2025-02-10 18:08:11   

                      ------------------------------------------------------------------------------
2025-02-10 18:08:21   Adaptive mesh refinement pass 9

                      ------------------------------------------------------------------------------
2025-02-10 18:08:59     Matrix setup time        :	16 s
                        Solver setup             :	1 s
                        Degrees of freedom       :	602728
                        Number of mesh cells     :	33647

                        Stimulation port         :	1
                        Mode number              :	1
                        Accuracy                 :	9.1071e-05
                        Iterations               :	64
                        Solver time              :	19 s


                      ------------------------------------------------------------------------------
2025-02-10 18:09:11     Delta calculation        
2025-02-10 18:09:11     All S-Parameters         :	0.00692542
2025-02-10 18:09:11   

                      ------------------------------------------------------------------------------
2025-02-10 18:09:24   Adaptive mesh refinement pass 10

                      ------------------------------------------------------------------------------
2025-02-10 18:10:17     Matrix setup time        :	22 s
                        Solver setup             :	1 s
                        Degrees of freedom       :	781681
                        Number of mesh cells     :	43585

                        Stimulation port         :	1
                        Mode number              :	1
                        Accuracy                 :	5.36679e-05
                        Iterations               :	70
                        Solver time              :	28 s


                      ------------------------------------------------------------------------------
2025-02-10 18:10:32     Delta calculation        
2025-02-10 18:10:32     All S-Parameters         :	0.00570912
2025-02-10 18:10:32   

                      ------------------------------------------------------------------------------
2025-02-10 18:10:32   Mesh adaptation terminated because the desired accuracy limit is reached.

                      ------------------------------------------------------------------------------
2025-02-10 18:10:34     Generating results       :	1 s

                        Total time               :	328 s	 (= 0 h, 05 m, 28 s)

                      ------------------------------------------------------------------------------
2025-02-10 18:10:34   

                      ------------------------------------------------------------------------------
2025-02-10 18:10:44   Unable to use "EvaluateHFieldOnSIBC" due to model setup.

                      ------------------------------------------------------------------------------
2025-02-10 18:10:45     Calculation 2 (Frequency: 5.815 GHz)


                      ------------------------------------------------------------------------------
2025-02-10 18:10:45     ----------------------------------------------------------------------------
                        Port   Mode   Type        Z-Wave        Z-Wave-Sigma  Z-Line        F-Cutoff
                        1      1      QTEM        231           9.73          48.8          ---
                        ----------------------------------------------------------------------------


                      ------------------------------------------------------------------------------
2025-02-10 18:11:26     Matrix setup time        :	18 s
                        Solver setup             :	1 s
                        Degrees of freedom       :	781681
                        Number of mesh cells     :	43585

                        Stimulation port         :	1
                        Mode number              :	1
                        Accuracy                 :	7.00236e-05
                        Iterations               :	48
                        Solver time              :	19 s


                      ------------------------------------------------------------------------------
2025-02-10 18:11:30     Generating results       :	3 s

                        Total time               :	44 s

                      ------------------------------------------------------------------------------
2025-02-10 18:11:30   

                      ------------------------------------------------------------------------------
2025-02-10 18:11:30     Calculation 3 (Frequency: 5.735 GHz)


                      ------------------------------------------------------------------------------
2025-02-10 18:11:31     ----------------------------------------------------------------------------
                        Port   Mode   Type        Z-Wave        Z-Wave-Sigma  Z-Line        F-Cutoff
                        1      1      QTEM        231           9.72          48.8          ---
                        ----------------------------------------------------------------------------


                      ------------------------------------------------------------------------------
2025-02-10 18:12:03     Matrix setup time        :	18 s
                        Solver setup             :	1 s
                        Degrees of freedom       :	781681
                        Number of mesh cells     :	43585

                        Stimulation port         :	1
                        Mode number              :	1
                        Accuracy                 :	7.96084e-05
                        Iterations               :	27
                        Solver time              :	11 s


                      ------------------------------------------------------------------------------
2025-02-10 18:12:07     Generating results       :	3 s

                        Total time               :	36 s

                      ------------------------------------------------------------------------------
2025-02-10 18:12:07   

                      ------------------------------------------------------------------------------
2025-02-10 18:12:07     Calculation 4 (Frequency: 5.1975 GHz)


                      ------------------------------------------------------------------------------
2025-02-10 18:12:08     ----------------------------------------------------------------------------
                        Port   Mode   Type        Z-Wave        Z-Wave-Sigma  Z-Line        F-Cutoff
                        1      1      QTEM        231           9.62          48.8          ---
                        ----------------------------------------------------------------------------


                      ------------------------------------------------------------------------------
2025-02-10 18:12:58     Matrix setup time        :	18 s
                        Solver setup             :	2 s
                        Degrees of freedom       :	781681
                        Number of mesh cells     :	43585

                        Stimulation port         :	1
                        Mode number              :	1
                        Accuracy                 :	6.13262e-05
                        Iterations               :	70
                        Solver time              :	28 s


                      ------------------------------------------------------------------------------
2025-02-10 18:13:06     Generating results       :	7 s

                        Total time               :	57 s

                      ------------------------------------------------------------------------------
2025-02-10 18:13:06   

                      ------------------------------------------------------------------------------
2025-02-10 18:13:06     Calculation 5 (Frequency: 6.3525 GHz)


                      ------------------------------------------------------------------------------
2025-02-10 18:13:06     ----------------------------------------------------------------------------
                        Port   Mode   Type        Z-Wave        Z-Wave-Sigma  Z-Line        F-Cutoff
                        1      1      QTEM        231           9.83          48.8          ---
                        ----------------------------------------------------------------------------


                      ------------------------------------------------------------------------------
2025-02-10 18:13:54     Matrix setup time        :	18 s
                        Solver setup             :	2 s
                        Degrees of freedom       :	781681
                        Number of mesh cells     :	43585

                        Stimulation port         :	1
                        Mode number              :	1
                        Accuracy                 :	9.13063e-05
                        Iterations               :	62
                        Solver time              :	25 s


                      ------------------------------------------------------------------------------
2025-02-10 18:14:01     Generating results       :	7 s

                        Total time               :	55 s

                      ------------------------------------------------------------------------------
2025-02-10 18:14:01   

                      ------------------------------------------------------------------------------
2025-02-10 18:14:01     Calculation 6 (Frequency: 5.795 GHz)


                      ------------------------------------------------------------------------------
2025-02-10 18:14:02     ----------------------------------------------------------------------------
                        Port   Mode   Type        Z-Wave        Z-Wave-Sigma  Z-Line        F-Cutoff
                        1      1      QTEM        231           9.73          48.8          ---
                        ----------------------------------------------------------------------------


                      ------------------------------------------------------------------------------
2025-02-10 18:14:27     Matrix setup time        :	18 s
                        Solver setup             :	2 s
                        Degrees of freedom       :	781681
                        Number of mesh cells     :	43585

                        Stimulation port         :	1
                        Mode number              :	1
                        Accuracy                 :	3.63484e-05
                        Iterations               :	5
                        Solver time              :	2 s


                      ------------------------------------------------------------------------------
2025-02-10 18:14:31     Generating results       :	3 s

                        Total time               :	28 s

                      ------------------------------------------------------------------------------
2025-02-10 18:14:31   

                      ------------------------------------------------------------------------------
2025-02-10 18:14:31     Calculation 7 (Frequency: 5.755 GHz)


                      ------------------------------------------------------------------------------
2025-02-10 18:14:31     ----------------------------------------------------------------------------
                        Port   Mode   Type        Z-Wave        Z-Wave-Sigma  Z-Line        F-Cutoff
                        1      1      QTEM        231           9.72          48.8          ---
                        ----------------------------------------------------------------------------


                      ------------------------------------------------------------------------------
2025-02-10 18:14:56     Matrix setup time        :	18 s
                        Solver setup             :	2 s
                        Degrees of freedom       :	781681
                        Number of mesh cells     :	43585

                        Stimulation port         :	1
                        Mode number              :	1
                        Accuracy                 :	4.2751e-05
                        Iterations               :	5
                        Solver time              :	2 s


                      ------------------------------------------------------------------------------
2025-02-10 18:14:59   Only few automatic samples have been calculated up to now. Therefore, the frequency sweep is continued with additional 
                      automatically chosen samples.

                      ------------------------------------------------------------------------------
2025-02-10 18:14:59     Generating results       :	3 s

                        Total time               :	28 s

                      ------------------------------------------------------------------------------
2025-02-10 18:14:59   

                      ------------------------------------------------------------------------------
2025-02-10 18:15:00     Calculation 8 (Frequency: 5.765 GHz)


                      ------------------------------------------------------------------------------
2025-02-10 18:15:00     ----------------------------------------------------------------------------
                        Port   Mode   Type        Z-Wave        Z-Wave-Sigma  Z-Line        F-Cutoff
                        1      1      QTEM        231           9.72          48.8          ---
                        ----------------------------------------------------------------------------


                      ------------------------------------------------------------------------------
2025-02-10 18:15:26     Matrix setup time        :	18 s
                        Solver setup             :	3 s
                        Degrees of freedom       :	781681
                        Number of mesh cells     :	43585

                        Stimulation port         :	1
                        Mode number              :	1
                        Accuracy                 :	3.43939e-05
                        Iterations               :	5
                        Solver time              :	2 s


                      ------------------------------------------------------------------------------
2025-02-10 18:15:29   An additional check has indicated that the frequency sweep needs to be continued. More...

                      ------------------------------------------------------------------------------
2025-02-10 18:15:29     Generating results       :	3 s

                        Total time               :	28 s

                      ------------------------------------------------------------------------------
2025-02-10 18:15:29   

                      ------------------------------------------------------------------------------
2025-02-10 18:15:29     Calculation 9 (Frequency: 5.77 GHz)


                      ------------------------------------------------------------------------------
2025-02-10 18:15:30     ----------------------------------------------------------------------------
                        Port   Mode   Type        Z-Wave        Z-Wave-Sigma  Z-Line        F-Cutoff
                        1      1      QTEM        231           9.72          48.8          ---
                        ----------------------------------------------------------------------------


                      ------------------------------------------------------------------------------
2025-02-10 18:15:55     Matrix setup time        :	18 s
                        Solver setup             :	3 s
                        Degrees of freedom       :	781681
                        Number of mesh cells     :	43585

                        Stimulation port         :	1
                        Mode number              :	1
                        Accuracy                 :	3.06167e-05
                        Iterations               :	5
                        Solver time              :	2 s


                      ------------------------------------------------------------------------------
2025-02-10 18:15:59     Generating results       :	3 s

                        Total time               :	28 s

                      ------------------------------------------------------------------------------
2025-02-10 18:15:59   

                      ------------------------------------------------------------------------------
2025-02-10 18:15:59     Calculation 10 (Frequency: 5.805 GHz)


                      ------------------------------------------------------------------------------
2025-02-10 18:16:00     ----------------------------------------------------------------------------
                        Port   Mode   Type        Z-Wave        Z-Wave-Sigma  Z-Line        F-Cutoff
                        1      1      QTEM        231           9.73          48.8          ---
                        ----------------------------------------------------------------------------


                      ------------------------------------------------------------------------------
2025-02-10 18:16:26     Matrix setup time        :	18 s
                        Solver setup             :	3 s
                        Degrees of freedom       :	781681
                        Number of mesh cells     :	43585

                        Stimulation port         :	1
                        Mode number              :	1
                        Accuracy                 :	3.49994e-05
                        Iterations               :	5
                        Solver time              :	2 s


                      ------------------------------------------------------------------------------
2025-02-10 18:16:29     Generating results       :	3 s

                        Total time               :	29 s

                      ------------------------------------------------------------------------------
2025-02-10 18:16:29   

                      ------------------------------------------------------------------------------
2025-02-10 18:16:29   Finished the general purpose interpolative broadband frequency sweep:
                      All broadband sweep convergence criteria have been satisfied after
                      calculating 10 frequency samples:

                        Broadband sweep error threshold value :  0.01 (All S-Parameters) 
                        Number of error criterion checks      :  2 (All S-Parameters) 
                        Minimum number of samples             :  3
                        Number of data samples, linear        :  1001

                      ------------------------------------------------------------------------------
2025-02-10 18:16:57     Number of mesh cells     :	43585
                        Degrees of freedom       :	781681
                        Total Solver Time        :	682 s	 (= 0 h, 11 m, 22 s)
                      ================================================================================



                      ------------------------------------------------------------------------------
2025-02-10 18:16:58     ----------------------------------------------------------------------------
                                            Peak memory used (kB)         Free physical memory (kB) 
                                                                          At begin     Minimum      
                        ----------------------------------------------------------------------------
                        Solver start        21248                         83518684     83518232     
                        Eq. system setup    1180584                       83429540     82443912     
                        Eq. system solve    1214236                       83413100     82272384     
                        Mesh refinement     827064                        83425664     82706372     
                        Solver run total    1214236                       83518688     82272384     

                        Computer name       gamserverhp3
                        ----------------------------------------------------------------------------


                      ------------------------------------------------------------------------------
2025-02-10 18:16:58   Running postprocessing.

                      ------------------------------------------------------------------------------
2025-02-10 18:17:14   Postprocessing finished.

                      ------------------------------------------------------------------------------
2025-02-10 18:17:14   Parametric 1D storage is switched off.

                      ------------------------------------------------------------------------------
