2024-12-14 20:23:35   The length ratio between the shortest and the longest model edges is 1:8300.
                      Short model edges can be highlighted via Mesh:Mesh Control->Check Mesh->Check
                      Model Edge Length.... (It may be advantageous to model the metallizations as
                      infinitely thin sheets.) More...

                      ------------------------------------------------------------------------------
2024-12-14 20:23:46   *** Warning ***

                      This software is licensed for non-commercial use only.

                      ------------------------------------------------------------------------------
2024-12-14 20:23:47   Units settings: 

                        Dimensions: mm
                        Frequency:  GHz
                        Time:       ns

                      ------------------------------------------------------------------------------
2024-12-14 20:23:47   Boundary conditions: 

                        YZsymmetry: magnetic
                        XZsymmetry: none
                        XYsymmetry: none

                        Xmin: expanded open
                        Xmax: expanded open

                        Ymin: expanded open
                        Ymax: expanded open

                        Zmin: expanded open
                        Zmax: expanded open

                      ------------------------------------------------------------------------------
2024-12-14 20:23:47   Order settings: 

                        Solver order   : 2nd (constant)
                        Curved elements: up to order 3 (automatic)

                      ------------------------------------------------------------------------------
2024-12-14 20:23:47   The number of frequency samples has been increased to take into account all field monitors.

                      ------------------------------------------------------------------------------
2024-12-14 20:23:47   An iterative solver will be used first.

                      ------------------------------------------------------------------------------
2024-12-14 20:23:47     Mesh time                :	11 s


                      ------------------------------------------------------------------------------
2024-12-14 20:23:48   
                      ================================================================================
                      Frequency Domain Solver calculation cycle started

                      ------------------------------------------------------------------------------
2024-12-14 20:23:48   Solver started at: 2024-12-14 20:23:48 +0100

                        Module:  Frequency Domain: S-Parameter (Win 64)
                        Version: 2024.4 Release from 2024-04-30 (change 1266454)

                      ------------------------------------------------------------------------------
2024-12-14 20:23:49     Calculation 1 of 1 (Frequency: 5.795 GHz)


                      ------------------------------------------------------------------------------
2024-12-14 20:23:49   Automatically activated electric shielding for port 1.

                      ------------------------------------------------------------------------------
2024-12-14 20:24:00     ----------------------------------------------------------------------------
                        Port   Mode   Type        Z-Wave        Z-Wave-Sigma  Z-Line        F-Cutoff
                        1      1      QTEM        230           13.1          50            ---
                        ----------------------------------------------------------------------------


                      ------------------------------------------------------------------------------
2024-12-14 20:24:01   Please consider improving the initial mesh.  More...

                      ------------------------------------------------------------------------------
2024-12-14 20:24:02   Adaptive mesh refinement pass 1

                      ------------------------------------------------------------------------------
2024-12-14 20:24:03     Matrix setup time        :	0 s
                        Degrees of freedom       :	31369
                        Number of mesh cells     :	4753

                        Stimulation port         :	1
                        Mode number              :	1
                        Accuracy                 :	9.61126e-05
                        Iterations               :	39
                        Solver time              :	0 s


                      ------------------------------------------------------------------------------
2024-12-14 20:24:05   29% of all mesh edges seem to be longer than expected. The adaptive mesh refinement's growth limitation will therefore 
                      use 13036 instead of 4746 mesh cells as a reference.

                      ------------------------------------------------------------------------------
2024-12-14 20:24:05   The quality of some tetrahedrons is low.  More...

                      ------------------------------------------------------------------------------
2024-12-14 20:24:06   Adaptive mesh refinement pass 2

                      ------------------------------------------------------------------------------
2024-12-14 20:24:08     Matrix setup time        :	0 s
                        Degrees of freedom       :	37633
                        Number of mesh cells     :	5781

                        Stimulation port         :	1
                        Mode number              :	1
                        Accuracy                 :	7.87638e-05
                        Iterations               :	55
                        Solver time              :	1 s


                      ------------------------------------------------------------------------------
2024-12-14 20:24:10     Delta calculation        
2024-12-14 20:24:10     All S-Parameters         :	0.563949
2024-12-14 20:24:10   

                      ------------------------------------------------------------------------------
2024-12-14 20:24:10   The quality of some tetrahedrons is low.  More...

                      ------------------------------------------------------------------------------
2024-12-14 20:24:11   Adaptive mesh refinement pass 3

                      ------------------------------------------------------------------------------
2024-12-14 20:24:14     Matrix setup time        :	0 s
                        Degrees of freedom       :	45331
                        Number of mesh cells     :	7057

                        Stimulation port         :	1
                        Mode number              :	1
                        Accuracy                 :	5.18997e-05
                        Iterations               :	83
                        Solver time              :	1 s


                      ------------------------------------------------------------------------------
2024-12-14 20:24:16     Delta calculation        
2024-12-14 20:24:16     All S-Parameters         :	0.250843
2024-12-14 20:24:16   

                      ------------------------------------------------------------------------------
2024-12-14 20:24:16   The quality of some tetrahedrons is low.  More...

                      ------------------------------------------------------------------------------
2024-12-14 20:24:18   Adaptive mesh refinement pass 4

                      ------------------------------------------------------------------------------
2024-12-14 20:24:21     Matrix setup time        :	0 s
                        Degrees of freedom       :	55523
                        Number of mesh cells     :	8756

                        Stimulation port         :	1
                        Mode number              :	1
                        Accuracy                 :	9.5205e-05
                        Iterations               :	65
                        Solver time              :	1 s


                      ------------------------------------------------------------------------------
2024-12-14 20:24:23     Delta calculation        
2024-12-14 20:24:23     All S-Parameters         :	0.156409
2024-12-14 20:24:23   

                      ------------------------------------------------------------------------------
2024-12-14 20:24:25   Adaptive mesh refinement pass 5

                      ------------------------------------------------------------------------------
2024-12-14 20:24:29     Matrix setup time        :	0 s
                        Degrees of freedom       :	76025
                        Number of mesh cells     :	12168

                        Stimulation port         :	1
                        Mode number              :	1
                        Accuracy                 :	8.02444e-05
                        Iterations               :	65
                        Solver time              :	2 s


                      ------------------------------------------------------------------------------
2024-12-14 20:24:31     Delta calculation        
2024-12-14 20:24:31     All S-Parameters         :	0.13163
2024-12-14 20:24:31   

                      ------------------------------------------------------------------------------
2024-12-14 20:24:35   Adaptive mesh refinement pass 6

                      ------------------------------------------------------------------------------
2024-12-14 20:24:39     Matrix setup time        :	1 s
                        Degrees of freedom       :	105571
                        Number of mesh cells     :	17081

                        Stimulation port         :	1
                        Mode number              :	1
                        Accuracy                 :	9.81443e-05
                        Iterations               :	64
                        Solver time              :	3 s


                      ------------------------------------------------------------------------------
2024-12-14 20:24:43     Delta calculation        
2024-12-14 20:24:43     All S-Parameters         :	0.0949762
2024-12-14 20:24:43   

                      ------------------------------------------------------------------------------
2024-12-14 20:24:43   The quality of some tetrahedrons is low.  More...

                      ------------------------------------------------------------------------------
2024-12-14 20:24:47   Adaptive mesh refinement pass 7

                      ------------------------------------------------------------------------------
2024-12-14 20:24:53     Matrix setup time        :	1 s
                        Degrees of freedom       :	150473
                        Number of mesh cells     :	24663

                        Stimulation port         :	1
                        Mode number              :	1
                        Accuracy                 :	7.72122e-05
                        Iterations               :	51
                        Solver time              :	3 s


                      ------------------------------------------------------------------------------
2024-12-14 20:24:57     Delta calculation        
2024-12-14 20:24:57     All S-Parameters         :	0.0584577
2024-12-14 20:24:57   

                      ------------------------------------------------------------------------------
2024-12-14 20:24:58   The quality of some tetrahedrons is low.  More...

                      ------------------------------------------------------------------------------
2024-12-14 20:25:04   Adaptive mesh refinement pass 8

                      ------------------------------------------------------------------------------
2024-12-14 20:25:15     Matrix setup time        :	2 s
                        Degrees of freedom       :	224177
                        Number of mesh cells     :	36890

                        Stimulation port         :	1
                        Mode number              :	1
                        Accuracy                 :	9.11467e-05
                        Iterations               :	65
                        Solver time              :	6 s


                      ------------------------------------------------------------------------------
2024-12-14 20:25:21     Delta calculation        
2024-12-14 20:25:21     All S-Parameters         :	0.0322525
2024-12-14 20:25:21   

                      ------------------------------------------------------------------------------
2024-12-14 20:25:22   The quality of some tetrahedrons is low.  More...

                      ------------------------------------------------------------------------------
2024-12-14 20:25:30   Adaptive mesh refinement pass 9

                      ------------------------------------------------------------------------------
2024-12-14 20:25:45     Matrix setup time        :	4 s
                        Solver setup             :	1 s
                        Degrees of freedom       :	320445
                        Number of mesh cells     :	53003

                        Stimulation port         :	1
                        Mode number              :	1
                        Accuracy                 :	7.05124e-05
                        Iterations               :	60
                        Solver time              :	9 s


                      ------------------------------------------------------------------------------
2024-12-14 20:25:54     Delta calculation        
2024-12-14 20:25:54     All S-Parameters         :	0.0240752
2024-12-14 20:25:54   

                      ------------------------------------------------------------------------------
2024-12-14 20:25:54   The quality of some tetrahedrons is low.  More...

                      ------------------------------------------------------------------------------
2024-12-14 20:26:05   Adaptive mesh refinement pass 10

                      ------------------------------------------------------------------------------
2024-12-14 20:26:26     Matrix setup time        :	4 s
                        Solver setup             :	1 s
                        Degrees of freedom       :	424023
                        Number of mesh cells     :	70069

                        Stimulation port         :	1
                        Mode number              :	1
                        Accuracy                 :	7.53852e-05
                        Iterations               :	65
                        Solver time              :	14 s


                      ------------------------------------------------------------------------------
2024-12-14 20:26:38     Delta calculation        
2024-12-14 20:26:38     All S-Parameters         :	0.0121395
2024-12-14 20:26:38   

                      ------------------------------------------------------------------------------
2024-12-14 20:26:39   The quality of some tetrahedrons is low.  More...

                      ------------------------------------------------------------------------------
2024-12-14 20:26:50   The direct solver will be used.

                      ------------------------------------------------------------------------------
2024-12-14 20:26:52   Adaptive mesh refinement pass 11

                      ------------------------------------------------------------------------------
2024-12-14 20:27:32     Matrix setup time        :	6 s
                        Solver setup             :	32 s
                        Degrees of freedom       :	531455
                        Number of mesh cells     :	87761

                        Stimulation port         :	1
                        Mode number              :	1
                        Accuracy                 :	4.21649e-13
                        Iterations               :	1
                        Solver time              :	0 s


                      ------------------------------------------------------------------------------
2024-12-14 20:27:32   The iterative solver will be used.

                      ------------------------------------------------------------------------------
2024-12-14 20:27:47     Delta calculation        
2024-12-14 20:27:47     All S-Parameters         :	0.00848203
2024-12-14 20:27:47   

                      ------------------------------------------------------------------------------
2024-12-14 20:27:48   The quality of some tetrahedrons is low.  More...

                      ------------------------------------------------------------------------------
2024-12-14 20:28:04   Adaptive mesh refinement pass 12

                      ------------------------------------------------------------------------------
2024-12-14 20:28:35     Matrix setup time        :	7 s
                        Solver setup             :	3 s
                        Degrees of freedom       :	665429
                        Number of mesh cells     :	109799

                        Stimulation port         :	1
                        Mode number              :	1
                        Accuracy                 :	8.01949e-05
                        Iterations               :	51
                        Solver time              :	18 s


                      ------------------------------------------------------------------------------
2024-12-14 20:28:52     Delta calculation        
2024-12-14 20:28:52     All S-Parameters         :	0.00479651
2024-12-14 20:28:52   

                      ------------------------------------------------------------------------------
2024-12-14 20:28:52   Mesh adaptation terminated because the desired accuracy limit is reached.

                      ------------------------------------------------------------------------------
2024-12-14 20:28:53     Total time               :	303 s	 (= 0 h, 05 m, 03 s)

                      ------------------------------------------------------------------------------
2024-12-14 20:28:53   

                      ------------------------------------------------------------------------------
2024-12-14 20:29:03   Unable to use "EvaluateHFieldOnSIBC" due to model setup.

                      ------------------------------------------------------------------------------
2024-12-14 20:29:04     Calculation 2 (Frequency: 5.815 GHz)


                      ------------------------------------------------------------------------------
2024-12-14 20:29:04     ----------------------------------------------------------------------------
                        Port   Mode   Type        Z-Wave        Z-Wave-Sigma  Z-Line        F-Cutoff
                        1      1      QTEM        230           13.1          50            ---
                        ----------------------------------------------------------------------------


                      ------------------------------------------------------------------------------
2024-12-14 20:29:25     Matrix setup time        :	6 s
                        Solver setup             :	1 s
                        Degrees of freedom       :	665429
                        Number of mesh cells     :	109799

                        Stimulation port         :	1
                        Mode number              :	1
                        Accuracy                 :	7.90304e-05
                        Iterations               :	31
                        Solver time              :	11 s


                      ------------------------------------------------------------------------------
2024-12-14 20:29:28     Generating results       :	2 s

                        Total time               :	23 s

                      ------------------------------------------------------------------------------
2024-12-14 20:29:28   

                      ------------------------------------------------------------------------------
2024-12-14 20:29:28     Calculation 3 (Frequency: 5.735 GHz)


                      ------------------------------------------------------------------------------
2024-12-14 20:29:28     ----------------------------------------------------------------------------
                        Port   Mode   Type        Z-Wave        Z-Wave-Sigma  Z-Line        F-Cutoff
                        1      1      QTEM        230           13.1          50            ---
                        ----------------------------------------------------------------------------


                      ------------------------------------------------------------------------------
2024-12-14 20:29:45     Matrix setup time        :	5 s
                        Solver setup             :	2 s
                        Degrees of freedom       :	665429
                        Number of mesh cells     :	109799

                        Stimulation port         :	1
                        Mode number              :	1
                        Accuracy                 :	9.38788e-05
                        Iterations               :	23
                        Solver time              :	8 s


                      ------------------------------------------------------------------------------
2024-12-14 20:29:48     Generating results       :	2 s

                        Total time               :	19 s

                      ------------------------------------------------------------------------------
2024-12-14 20:29:48   

                      ------------------------------------------------------------------------------
2024-12-14 20:29:49     Calculation 4 (Frequency: 5.2155 GHz)


                      ------------------------------------------------------------------------------
2024-12-14 20:29:49     ----------------------------------------------------------------------------
                        Port   Mode   Type        Z-Wave        Z-Wave-Sigma  Z-Line        F-Cutoff
                        1      1      QTEM        230           12.7          50            ---
                        ----------------------------------------------------------------------------


                      ------------------------------------------------------------------------------
2024-12-14 20:30:19     Matrix setup time        :	5 s
                        Solver setup             :	2 s
                        Degrees of freedom       :	665429
                        Number of mesh cells     :	109799

                        Stimulation port         :	1
                        Mode number              :	1
                        Accuracy                 :	9.60683e-05
                        Iterations               :	60
                        Solver time              :	21 s


                      ------------------------------------------------------------------------------
2024-12-14 20:30:24     Generating results       :	4 s

                        Total time               :	34 s

                      ------------------------------------------------------------------------------
2024-12-14 20:30:24   

                      ------------------------------------------------------------------------------
2024-12-14 20:30:24     Calculation 5 (Frequency: 6.3745 GHz)


                      ------------------------------------------------------------------------------
2024-12-14 20:30:24     ----------------------------------------------------------------------------
                        Port   Mode   Type        Z-Wave        Z-Wave-Sigma  Z-Line        F-Cutoff
                        1      1      QTEM        230           13.2          50            ---
                        ----------------------------------------------------------------------------


                      ------------------------------------------------------------------------------
2024-12-14 20:30:55     Matrix setup time        :	6 s
                        Solver setup             :	2 s
                        Degrees of freedom       :	665429
                        Number of mesh cells     :	109799

                        Stimulation port         :	1
                        Mode number              :	1
                        Accuracy                 :	9.57119e-05
                        Iterations               :	60
                        Solver time              :	21 s


                      ------------------------------------------------------------------------------
2024-12-14 20:31:00     Generating results       :	4 s

                        Total time               :	35 s

                      ------------------------------------------------------------------------------
2024-12-14 20:31:00   

                      ------------------------------------------------------------------------------
2024-12-14 20:31:00     Calculation 6 (Frequency: 5.765 GHz)


                      ------------------------------------------------------------------------------
2024-12-14 20:31:00     ----------------------------------------------------------------------------
                        Port   Mode   Type        Z-Wave        Z-Wave-Sigma  Z-Line        F-Cutoff
                        1      1      QTEM        230           13.1          50            ---
                        ----------------------------------------------------------------------------


                      ------------------------------------------------------------------------------
2024-12-14 20:31:11     Matrix setup time        :	5 s
                        Solver setup             :	2 s
                        Degrees of freedom       :	665429
                        Number of mesh cells     :	109799

                        Stimulation port         :	1
                        Mode number              :	1
                        Accuracy                 :	5.11404e-05
                        Iterations               :	5
                        Solver time              :	2 s


                      ------------------------------------------------------------------------------
2024-12-14 20:31:14     Generating results       :	2 s

                        Total time               :	13 s

                      ------------------------------------------------------------------------------
2024-12-14 20:31:14   

                      ------------------------------------------------------------------------------
2024-12-14 20:31:14     Calculation 7 (Frequency: 5.78 GHz)


                      ------------------------------------------------------------------------------
2024-12-14 20:31:15     ----------------------------------------------------------------------------
                        Port   Mode   Type        Z-Wave        Z-Wave-Sigma  Z-Line        F-Cutoff
                        1      1      QTEM        230           13.1          50            ---
                        ----------------------------------------------------------------------------


                      ------------------------------------------------------------------------------
2024-12-14 20:31:27     Matrix setup time        :	6 s
                        Solver setup             :	2 s
                        Degrees of freedom       :	665429
                        Number of mesh cells     :	109799

                        Stimulation port         :	1
                        Mode number              :	1
                        Accuracy                 :	3.96214e-05
                        Iterations               :	5
                        Solver time              :	2 s


                      ------------------------------------------------------------------------------
2024-12-14 20:31:29   Only few automatic samples have been calculated up to now. Therefore, the frequency sweep is continued with additional 
                      automatically chosen samples.

                      ------------------------------------------------------------------------------
2024-12-14 20:31:29     Generating results       :	2 s

                        Total time               :	14 s

                      ------------------------------------------------------------------------------
2024-12-14 20:31:29   

                      ------------------------------------------------------------------------------
2024-12-14 20:31:29     Calculation 8 (Frequency: 5.805 GHz)


                      ------------------------------------------------------------------------------
2024-12-14 20:31:30     ----------------------------------------------------------------------------
                        Port   Mode   Type        Z-Wave        Z-Wave-Sigma  Z-Line        F-Cutoff
                        1      1      QTEM        230           13.1          50            ---
                        ----------------------------------------------------------------------------


                      ------------------------------------------------------------------------------
2024-12-14 20:31:42     Matrix setup time        :	6 s
                        Solver setup             :	3 s
                        Degrees of freedom       :	665429
                        Number of mesh cells     :	109799

                        Stimulation port         :	1
                        Mode number              :	1
                        Accuracy                 :	3.78739e-05
                        Iterations               :	5
                        Solver time              :	2 s


                      ------------------------------------------------------------------------------
2024-12-14 20:31:45   An additional check has indicated that the frequency sweep needs to be continued. More...

                      ------------------------------------------------------------------------------
2024-12-14 20:31:45     Generating results       :	2 s

                        Total time               :	14 s

                      ------------------------------------------------------------------------------
2024-12-14 20:31:45   

                      ------------------------------------------------------------------------------
2024-12-14 20:31:45     Calculation 9 (Frequency: 5.7875 GHz)


                      ------------------------------------------------------------------------------
2024-12-14 20:31:46     ----------------------------------------------------------------------------
                        Port   Mode   Type        Z-Wave        Z-Wave-Sigma  Z-Line        F-Cutoff
                        1      1      QTEM        230           13.1          50            ---
                        ----------------------------------------------------------------------------


                      ------------------------------------------------------------------------------
2024-12-14 20:31:57     Matrix setup time        :	5 s
                        Solver setup             :	3 s
                        Degrees of freedom       :	665429
                        Number of mesh cells     :	109799

                        Stimulation port         :	1
                        Mode number              :	1
                        Accuracy                 :	3.20459e-05
                        Iterations               :	5
                        Solver time              :	2 s


                      ------------------------------------------------------------------------------
2024-12-14 20:32:00     Generating results       :	2 s

                        Total time               :	14 s

                      ------------------------------------------------------------------------------
2024-12-14 20:32:00   

                      ------------------------------------------------------------------------------
2024-12-14 20:32:00     Calculation 10 (Frequency: 5.8 GHz)


                      ------------------------------------------------------------------------------
2024-12-14 20:32:01     ----------------------------------------------------------------------------
                        Port   Mode   Type        Z-Wave        Z-Wave-Sigma  Z-Line        F-Cutoff
                        1      1      QTEM        230           13.1          50            ---
                        ----------------------------------------------------------------------------


                      ------------------------------------------------------------------------------
2024-12-14 20:32:13     Matrix setup time        :	5 s
                        Solver setup             :	3 s
                        Degrees of freedom       :	665429
                        Number of mesh cells     :	109799

                        Stimulation port         :	1
                        Mode number              :	1
                        Accuracy                 :	2.9096e-05
                        Iterations               :	5
                        Solver time              :	2 s


                      ------------------------------------------------------------------------------
2024-12-14 20:32:16     Generating results       :	2 s

                        Total time               :	14 s

                      ------------------------------------------------------------------------------
2024-12-14 20:32:16   

                      ------------------------------------------------------------------------------
2024-12-14 20:32:16   Finished the general purpose interpolative broadband frequency sweep:
                      All broadband sweep convergence criteria have been satisfied after
                      calculating 10 frequency samples:

                        Broadband sweep error threshold value :  0.01 (All S-Parameters) 
                        Number of error criterion checks      :  2 (All S-Parameters) 
                        Minimum number of samples             :  3
                        Number of data samples, linear        :  1001

                      ------------------------------------------------------------------------------
2024-12-14 20:32:37     Number of mesh cells     :	109799
                        Degrees of freedom       :	665429
                        Total Solver Time        :	506 s	 (= 0 h, 08 m, 26 s)
                      ================================================================================



                      ------------------------------------------------------------------------------
2024-12-14 20:32:38     ----------------------------------------------------------------------------
                                            Peak memory used (kB)         Free physical memory (kB) 
                                                                          At begin     Minimum      
                        ----------------------------------------------------------------------------
                        Solver start        21260                         92102776     92102464     
                        Eq. system setup    2949384                       92064816     91203168     
                        Eq. system solve    2949384                       92017476     89143668     
                        Mesh refinement     2949384                       91959984     91307644     
                        Solver run total    2949384                       92102780     89143668     

                        Computer name       gamserverhp3
                        ----------------------------------------------------------------------------


                      ------------------------------------------------------------------------------
2024-12-14 20:32:38   Running postprocessing.

                      ------------------------------------------------------------------------------
2024-12-14 20:32:52   Postprocessing finished.

                      ------------------------------------------------------------------------------
2024-12-14 20:32:52   Parametric 1D storage is switched off.

                      ------------------------------------------------------------------------------
