2025-02-10 18:54:47   The length ratio between the shortest and the longest model edges is 1:1626.
                      Short model edges can be highlighted via Mesh:Mesh Control->Check Mesh->Check
                      Model Edge Length.... (It may be advantageous to model the metallizations as
                      infinitely thin sheets.) More...

                      ------------------------------------------------------------------------------
2025-02-10 18:55:00   *** Warning ***

                      This software is licensed for non-commercial use only.

                      ------------------------------------------------------------------------------
2025-02-10 18:55:01   Units settings: 

                        Dimensions: mm
                        Frequency:  GHz
                        Time:       ns

                      ------------------------------------------------------------------------------
2025-02-10 18:55:01   Boundary conditions: 

                        YZsymmetry: magnetic
                        XZsymmetry: none
                        XYsymmetry: none

                        Xmin: expanded open
                        Xmax: expanded open

                        Ymin: expanded open
                        Ymax: expanded open

                        Zmin: expanded open
                        Zmax: expanded open

                      ------------------------------------------------------------------------------
2025-02-10 18:55:01   Order settings: 

                        Solver order   : 3rd (constant)
                        Curved elements: up to order 5 (automatic)

                      ------------------------------------------------------------------------------
2025-02-10 18:55:01   The number of frequency samples has been increased to take into account all field monitors.

                      ------------------------------------------------------------------------------
2025-02-10 18:55:01   An iterative solver will be used first.

                      ------------------------------------------------------------------------------
2025-02-10 18:55:01     Mesh time                :	12 s


                      ------------------------------------------------------------------------------
2025-02-10 18:55:02   
                      ================================================================================
                      Frequency Domain Solver calculation cycle started

                      ------------------------------------------------------------------------------
2025-02-10 18:55:02   Solver started at: 2025-02-10 18:55:02 +0100

                        Module:  Frequency Domain: S-Parameter (Win 64)
                        Version: 2024.4 Release from 2024-04-30 (change 1266454)

                      ------------------------------------------------------------------------------
2025-02-10 18:55:03     Calculation 1 of 1 (Frequency: 5.775 GHz)


                      ------------------------------------------------------------------------------
2025-02-10 18:55:03   Automatically activated electric shielding for port 1.

                      ------------------------------------------------------------------------------
2025-02-10 18:55:14     ----------------------------------------------------------------------------
                        Port   Mode   Type        Z-Wave        Z-Wave-Sigma  Z-Line        F-Cutoff
                        1      1      QTEM        232           13.1          48.8          ---
                        ----------------------------------------------------------------------------


                      ------------------------------------------------------------------------------
2025-02-10 18:55:15   Adaptive mesh refinement pass 1

                      ------------------------------------------------------------------------------
2025-02-10 18:55:23     Matrix setup time        :	1 s
                        Degrees of freedom       :	37057
                        Number of mesh cells     :	1981

                        Stimulation port         :	1
                        Mode number              :	1
                        Accuracy                 :	9.79648e-05
                        Iterations               :	221
                        Solver time              :	5 s


                      ------------------------------------------------------------------------------
2025-02-10 18:55:24   39% of all mesh edges seem to be longer than expected. The adaptive mesh refinement's growth limitation will therefore 
                      use 6665 instead of 1972 mesh cells as a reference.

                      ------------------------------------------------------------------------------
2025-02-10 18:55:26   Adaptive mesh refinement pass 2

                      ------------------------------------------------------------------------------
2025-02-10 18:55:31     Matrix setup time        :	1 s
                        Degrees of freedom       :	54298
                        Number of mesh cells     :	2937

                        Stimulation port         :	1
                        Mode number              :	1
                        Accuracy                 :	9.62136e-05
                        Iterations               :	98
                        Solver time              :	3 s


                      ------------------------------------------------------------------------------
2025-02-10 18:55:33     Delta calculation        
2025-02-10 18:55:33     All S-Parameters         :	0.582952
2025-02-10 18:55:33   

                      ------------------------------------------------------------------------------
2025-02-10 18:55:35   Adaptive mesh refinement pass 3

                      ------------------------------------------------------------------------------
2025-02-10 18:55:42     Matrix setup time        :	1 s
                        Degrees of freedom       :	70729
                        Number of mesh cells     :	3867

                        Stimulation port         :	1
                        Mode number              :	1
                        Accuracy                 :	7.19652e-05
                        Iterations               :	105
                        Solver time              :	4 s


                      ------------------------------------------------------------------------------
2025-02-10 18:55:43     Delta calculation        
2025-02-10 18:55:43     All S-Parameters         :	0.140732
2025-02-10 18:55:43   

                      ------------------------------------------------------------------------------
2025-02-10 18:55:46   Adaptive mesh refinement pass 4

                      ------------------------------------------------------------------------------
2025-02-10 18:55:55     Matrix setup time        :	2 s
                        Degrees of freedom       :	103489
                        Number of mesh cells     :	5731

                        Stimulation port         :	1
                        Mode number              :	1
                        Accuracy                 :	9.64002e-05
                        Iterations               :	98
                        Solver time              :	5 s


                      ------------------------------------------------------------------------------
2025-02-10 18:55:57     Delta calculation        
2025-02-10 18:55:57     All S-Parameters         :	0.0682878
2025-02-10 18:55:57   

                      ------------------------------------------------------------------------------
2025-02-10 18:56:01   Adaptive mesh refinement pass 5

                      ------------------------------------------------------------------------------
2025-02-10 18:56:13     Matrix setup time        :	4 s
                        Degrees of freedom       :	156787
                        Number of mesh cells     :	8701

                        Stimulation port         :	1
                        Mode number              :	1
                        Accuracy                 :	7.30064e-05
                        Iterations               :	100
                        Solver time              :	7 s


                      ------------------------------------------------------------------------------
2025-02-10 18:56:17     Delta calculation        
2025-02-10 18:56:17     All S-Parameters         :	0.0475874
2025-02-10 18:56:17   

                      ------------------------------------------------------------------------------
2025-02-10 18:56:21   Adaptive mesh refinement pass 6

                      ------------------------------------------------------------------------------
2025-02-10 18:56:38     Matrix setup time        :	6 s
                        Degrees of freedom       :	232378
                        Number of mesh cells     :	12946

                        Stimulation port         :	1
                        Mode number              :	1
                        Accuracy                 :	8.64508e-05
                        Iterations               :	86
                        Solver time              :	10 s


                      ------------------------------------------------------------------------------
2025-02-10 18:56:43     Delta calculation        
2025-02-10 18:56:43     All S-Parameters         :	0.0448078
2025-02-10 18:56:43   

                      ------------------------------------------------------------------------------
2025-02-10 18:56:49   Adaptive mesh refinement pass 7

                      ------------------------------------------------------------------------------
2025-02-10 18:57:15     Matrix setup time        :	9 s
                        Degrees of freedom       :	340498
                        Number of mesh cells     :	18973

                        Stimulation port         :	1
                        Mode number              :	1
                        Accuracy                 :	7.81922e-05
                        Iterations               :	95
                        Solver time              :	15 s


                      ------------------------------------------------------------------------------
2025-02-10 18:57:22     Delta calculation        
2025-02-10 18:57:22     All S-Parameters         :	0.0249161
2025-02-10 18:57:22   

                      ------------------------------------------------------------------------------
2025-02-10 18:57:30   Adaptive mesh refinement pass 8

                      ------------------------------------------------------------------------------
2025-02-10 18:58:01     Matrix setup time        :	12 s
                        Solver setup             :	1 s
                        Degrees of freedom       :	456988
                        Number of mesh cells     :	25461

                        Stimulation port         :	1
                        Mode number              :	1
                        Accuracy                 :	9.90275e-05
                        Iterations               :	75
                        Solver time              :	17 s


                      ------------------------------------------------------------------------------
2025-02-10 18:58:11     Delta calculation        
2025-02-10 18:58:11     All S-Parameters         :	0.0130257
2025-02-10 18:58:11   

                      ------------------------------------------------------------------------------
2025-02-10 18:58:21   Adaptive mesh refinement pass 9

                      ------------------------------------------------------------------------------
2025-02-10 18:59:00     Matrix setup time        :	16 s
                        Solver setup             :	1 s
                        Degrees of freedom       :	590950
                        Number of mesh cells     :	32920

                        Stimulation port         :	1
                        Mode number              :	1
                        Accuracy                 :	8.13116e-05
                        Iterations               :	70
                        Solver time              :	21 s


                      ------------------------------------------------------------------------------
2025-02-10 18:59:11     Delta calculation        
2025-02-10 18:59:11     All S-Parameters         :	0.00765973
2025-02-10 18:59:11   

                      ------------------------------------------------------------------------------
2025-02-10 18:59:23   The direct solver will be used.

                      ------------------------------------------------------------------------------
2025-02-10 18:59:25   Adaptive mesh refinement pass 10

                      ------------------------------------------------------------------------------
2025-02-10 19:01:19     Matrix setup time        :	22 s
                        Solver setup             :	89 s
                        Degrees of freedom       :	778774
                        Number of mesh cells     :	43406

                        Stimulation port         :	1
                        Mode number              :	1
                        Accuracy                 :	2.80815e-13
                        Iterations               :	1
                        Solver time              :	2 s


                      ------------------------------------------------------------------------------
2025-02-10 19:01:19   The iterative solver will be used.

                      ------------------------------------------------------------------------------
2025-02-10 19:01:34     Delta calculation        
2025-02-10 19:01:34     All S-Parameters         :	0.00893414
2025-02-10 19:01:34   

                      ------------------------------------------------------------------------------
2025-02-10 19:01:34   Mesh adaptation terminated because the desired accuracy limit is reached.

                      ------------------------------------------------------------------------------
2025-02-10 19:01:36     Generating results       :	1 s

                        Total time               :	392 s	 (= 0 h, 06 m, 32 s)

                      ------------------------------------------------------------------------------
2025-02-10 19:01:36   

                      ------------------------------------------------------------------------------
2025-02-10 19:01:47   Unable to use "EvaluateHFieldOnSIBC" due to model setup.

                      ------------------------------------------------------------------------------
2025-02-10 19:01:48     Calculation 2 (Frequency: 5.815 GHz)


                      ------------------------------------------------------------------------------
2025-02-10 19:01:48     ----------------------------------------------------------------------------
                        Port   Mode   Type        Z-Wave        Z-Wave-Sigma  Z-Line        F-Cutoff
                        1      1      QTEM        232           13.1          48.8          ---
                        ----------------------------------------------------------------------------


                      ------------------------------------------------------------------------------
2025-02-10 19:02:35     Matrix setup time        :	21 s
                        Solver setup             :	2 s
                        Degrees of freedom       :	778774
                        Number of mesh cells     :	43406

                        Stimulation port         :	1
                        Mode number              :	1
                        Accuracy                 :	4.16099e-05
                        Iterations               :	53
                        Solver time              :	21 s


                      ------------------------------------------------------------------------------
2025-02-10 19:02:38     Generating results       :	3 s

                        Total time               :	49 s

                      ------------------------------------------------------------------------------
2025-02-10 19:02:38   

                      ------------------------------------------------------------------------------
2025-02-10 19:02:39     Calculation 3 (Frequency: 5.735 GHz)


                      ------------------------------------------------------------------------------
2025-02-10 19:02:39     ----------------------------------------------------------------------------
                        Port   Mode   Type        Z-Wave        Z-Wave-Sigma  Z-Line        F-Cutoff
                        1      1      QTEM        232           13.1          48.8          ---
                        ----------------------------------------------------------------------------


                      ------------------------------------------------------------------------------
2025-02-10 19:03:13     Matrix setup time        :	18 s
                        Solver setup             :	1 s
                        Degrees of freedom       :	778774
                        Number of mesh cells     :	43406

                        Stimulation port         :	1
                        Mode number              :	1
                        Accuracy                 :	4.66818e-05
                        Iterations               :	30
                        Solver time              :	12 s


                      ------------------------------------------------------------------------------
2025-02-10 19:03:17     Generating results       :	3 s

                        Total time               :	37 s

                      ------------------------------------------------------------------------------
2025-02-10 19:03:17   

                      ------------------------------------------------------------------------------
2025-02-10 19:03:17     Calculation 4 (Frequency: 5.1975 GHz)


                      ------------------------------------------------------------------------------
2025-02-10 19:03:17     ----------------------------------------------------------------------------
                        Port   Mode   Type        Z-Wave        Z-Wave-Sigma  Z-Line        F-Cutoff
                        1      1      QTEM        233           13            48.8          ---
                        ----------------------------------------------------------------------------


                      ------------------------------------------------------------------------------
2025-02-10 19:03:55     Matrix setup time        :	18 s
                        Solver setup             :	2 s
                        Degrees of freedom       :	778774
                        Number of mesh cells     :	43406

                        Stimulation port         :	1
                        Mode number              :	1
                        Accuracy                 :	8.81386e-05
                        Iterations               :	40
                        Solver time              :	16 s


                      ------------------------------------------------------------------------------
2025-02-10 19:04:02     Generating results       :	7 s

                        Total time               :	45 s

                      ------------------------------------------------------------------------------
2025-02-10 19:04:02   

                      ------------------------------------------------------------------------------
2025-02-10 19:04:03     Calculation 5 (Frequency: 6.3525 GHz)


                      ------------------------------------------------------------------------------
2025-02-10 19:04:03     ----------------------------------------------------------------------------
                        Port   Mode   Type        Z-Wave        Z-Wave-Sigma  Z-Line        F-Cutoff
                        1      1      QTEM        232           13.2          48.8          ---
                        ----------------------------------------------------------------------------


                      ------------------------------------------------------------------------------
2025-02-10 19:04:42     Matrix setup time        :	18 s
                        Solver setup             :	2 s
                        Degrees of freedom       :	778774
                        Number of mesh cells     :	43406

                        Stimulation port         :	1
                        Mode number              :	1
                        Accuracy                 :	7.0815e-05
                        Iterations               :	40
                        Solver time              :	16 s


                      ------------------------------------------------------------------------------
2025-02-10 19:04:49     Generating results       :	7 s

                        Total time               :	46 s

                      ------------------------------------------------------------------------------
2025-02-10 19:04:49   

                      ------------------------------------------------------------------------------
2025-02-10 19:04:49     Calculation 6 (Frequency: 5.795 GHz)


                      ------------------------------------------------------------------------------
2025-02-10 19:04:50     ----------------------------------------------------------------------------
                        Port   Mode   Type        Z-Wave        Z-Wave-Sigma  Z-Line        F-Cutoff
                        1      1      QTEM        232           13.1          48.8          ---
                        ----------------------------------------------------------------------------


                      ------------------------------------------------------------------------------
2025-02-10 19:05:15     Matrix setup time        :	19 s
                        Solver setup             :	2 s
                        Degrees of freedom       :	778774
                        Number of mesh cells     :	43406

                        Stimulation port         :	1
                        Mode number              :	1
                        Accuracy                 :	1.22371e-05
                        Iterations               :	5
                        Solver time              :	2 s


                      ------------------------------------------------------------------------------
2025-02-10 19:05:19     Generating results       :	3 s

                        Total time               :	28 s

                      ------------------------------------------------------------------------------
2025-02-10 19:05:19   

                      ------------------------------------------------------------------------------
2025-02-10 19:05:19     Calculation 7 (Frequency: 5.755 GHz)


                      ------------------------------------------------------------------------------
2025-02-10 19:05:20     ----------------------------------------------------------------------------
                        Port   Mode   Type        Z-Wave        Z-Wave-Sigma  Z-Line        F-Cutoff
                        1      1      QTEM        232           13.1          48.8          ---
                        ----------------------------------------------------------------------------


                      ------------------------------------------------------------------------------
2025-02-10 19:05:45     Matrix setup time        :	18 s
                        Solver setup             :	3 s
                        Degrees of freedom       :	778774
                        Number of mesh cells     :	43406

                        Stimulation port         :	1
                        Mode number              :	1
                        Accuracy                 :	1.18544e-05
                        Iterations               :	5
                        Solver time              :	2 s


                      ------------------------------------------------------------------------------
2025-02-10 19:05:47   Only few automatic samples have been calculated up to now. Therefore, the frequency sweep is continued with additional 
                      automatically chosen samples.

                      ------------------------------------------------------------------------------
2025-02-10 19:05:48     Generating results       :	3 s

                        Total time               :	28 s

                      ------------------------------------------------------------------------------
2025-02-10 19:05:48   

                      ------------------------------------------------------------------------------
2025-02-10 19:05:48     Calculation 8 (Frequency: 5.785 GHz)


                      ------------------------------------------------------------------------------
2025-02-10 19:05:49     ----------------------------------------------------------------------------
                        Port   Mode   Type        Z-Wave        Z-Wave-Sigma  Z-Line        F-Cutoff
                        1      1      QTEM        232           13.1          48.8          ---
                        ----------------------------------------------------------------------------


                      ------------------------------------------------------------------------------
2025-02-10 19:06:14     Matrix setup time        :	18 s
                        Solver setup             :	3 s
                        Degrees of freedom       :	778774
                        Number of mesh cells     :	43406

                        Stimulation port         :	1
                        Mode number              :	1
                        Accuracy                 :	4.78539e-06
                        Iterations               :	5
                        Solver time              :	2 s


                      ------------------------------------------------------------------------------
2025-02-10 19:06:17   An additional check has indicated that the frequency sweep needs to be continued. More...

                      ------------------------------------------------------------------------------
2025-02-10 19:06:18     Generating results       :	3 s

                        Total time               :	28 s

                      ------------------------------------------------------------------------------
2025-02-10 19:06:18   

                      ------------------------------------------------------------------------------
2025-02-10 19:06:18     Calculation 9 (Frequency: 5.765 GHz)


                      ------------------------------------------------------------------------------
2025-02-10 19:06:18     ----------------------------------------------------------------------------
                        Port   Mode   Type        Z-Wave        Z-Wave-Sigma  Z-Line        F-Cutoff
                        1      1      QTEM        232           13.1          48.8          ---
                        ----------------------------------------------------------------------------


                      ------------------------------------------------------------------------------
2025-02-10 19:06:44     Matrix setup time        :	18 s
                        Solver setup             :	3 s
                        Degrees of freedom       :	778774
                        Number of mesh cells     :	43406

                        Stimulation port         :	1
                        Mode number              :	1
                        Accuracy                 :	5.03309e-06
                        Iterations               :	5
                        Solver time              :	2 s


                      ------------------------------------------------------------------------------
2025-02-10 19:06:48     Generating results       :	3 s

                        Total time               :	29 s

                      ------------------------------------------------------------------------------
2025-02-10 19:06:48   

                      ------------------------------------------------------------------------------
2025-02-10 19:06:48     Calculation 10 (Frequency: 5.78 GHz)


                      ------------------------------------------------------------------------------
2025-02-10 19:06:48     ----------------------------------------------------------------------------
                        Port   Mode   Type        Z-Wave        Z-Wave-Sigma  Z-Line        F-Cutoff
                        1      1      QTEM        232           13.1          48.8          ---
                        ----------------------------------------------------------------------------


                      ------------------------------------------------------------------------------
2025-02-10 19:07:14     Matrix setup time        :	18 s
                        Solver setup             :	4 s
                        Degrees of freedom       :	778774
                        Number of mesh cells     :	43406

                        Stimulation port         :	1
                        Mode number              :	1
                        Accuracy                 :	1.97898e-06
                        Iterations               :	5
                        Solver time              :	2 s


                      ------------------------------------------------------------------------------
2025-02-10 19:07:18     Generating results       :	3 s

                        Total time               :	29 s

                      ------------------------------------------------------------------------------
2025-02-10 19:07:18   

                      ------------------------------------------------------------------------------
2025-02-10 19:07:18   Finished the general purpose interpolative broadband frequency sweep:
                      All broadband sweep convergence criteria have been satisfied after
                      calculating 10 frequency samples:

                        Broadband sweep error threshold value :  0.01 (All S-Parameters) 
                        Number of error criterion checks      :  2 (All S-Parameters) 
                        Minimum number of samples             :  3
                        Number of data samples, linear        :  1001

                      ------------------------------------------------------------------------------
2025-02-10 19:07:45     Number of mesh cells     :	43406
                        Degrees of freedom       :	778774
                        Total Solver Time        :	732 s	 (= 0 h, 12 m, 12 s)
                      ================================================================================



                      ------------------------------------------------------------------------------
2025-02-10 19:07:46     ----------------------------------------------------------------------------
                                            Peak memory used (kB)         Free physical memory (kB) 
                                                                          At begin     Minimum      
                        ----------------------------------------------------------------------------
                        Solver start        21336                         83443092     83421164     
                        Eq. system setup    5994208                       83406944     82310120     
                        Eq. system solve    5994208                       83344444     77491688     
                        Mesh refinement     850176                        83296000     82644428     
                        Solver run total    5994208                       83443096     77491688     

                        Computer name       gamserverhp3
                        ----------------------------------------------------------------------------


                      ------------------------------------------------------------------------------
2025-02-10 19:07:46   Running postprocessing.

                      ------------------------------------------------------------------------------
2025-02-10 19:08:01   Postprocessing finished.

                      ------------------------------------------------------------------------------
2025-02-10 19:08:02   Parametric 1D storage is switched off.

                      ------------------------------------------------------------------------------
