2025-02-11 18:01:13   The length ratio between the shortest and the longest model edges is 1:1626.
                      Short model edges can be highlighted via Mesh:Mesh Control->Check Mesh->Check
                      Model Edge Length.... (It may be advantageous to model the metallizations as
                      infinitely thin sheets.) More...

                      ------------------------------------------------------------------------------
2025-02-11 18:01:26   *** Warning ***

                      This software is licensed for non-commercial use only.

                      ------------------------------------------------------------------------------
2025-02-11 18:01:26   Units settings: 

                        Dimensions: mm
                        Frequency:  GHz
                        Time:       ns

                      ------------------------------------------------------------------------------
2025-02-11 18:01:26   Boundary conditions: 

                        YZsymmetry: magnetic
                        XZsymmetry: none
                        XYsymmetry: none

                        Xmin: expanded open
                        Xmax: expanded open

                        Ymin: expanded open
                        Ymax: expanded open

                        Zmin: expanded open
                        Zmax: expanded open

                      ------------------------------------------------------------------------------
2025-02-11 18:01:26   Order settings: 

                        Solver order   : 3rd (constant)
                        Curved elements: up to order 5 (automatic)

                      ------------------------------------------------------------------------------
2025-02-11 18:01:27   The number of frequency samples has been increased to take into account all field monitors.

                      ------------------------------------------------------------------------------
2025-02-11 18:01:27   An iterative solver will be used first.

                      ------------------------------------------------------------------------------
2025-02-11 18:01:27     Mesh time                :	12 s


                      ------------------------------------------------------------------------------
2025-02-11 18:01:27   
                      ================================================================================
                      Frequency Domain Solver calculation cycle started

                      ------------------------------------------------------------------------------
2025-02-11 18:01:27   Solver started at: 2025-02-11 18:01:27 +0100

                        Module:  Frequency Domain: S-Parameter (Win 64)
                        Version: 2024.4 Release from 2024-04-30 (change 1266454)

                      ------------------------------------------------------------------------------
2025-02-11 18:01:27     Calculation 1 of 1 (Frequency: 5.775 GHz)


                      ------------------------------------------------------------------------------
2025-02-11 18:01:27   Automatically activated electric shielding for port 1.

                      ------------------------------------------------------------------------------
2025-02-11 18:01:36     ----------------------------------------------------------------------------
                        Port   Mode   Type        Z-Wave        Z-Wave-Sigma  Z-Line        F-Cutoff
                        1      1      QTEM        232           13.1          48.8          ---
                        ----------------------------------------------------------------------------


                      ------------------------------------------------------------------------------
2025-02-11 18:01:37   Adaptive mesh refinement pass 1

                      ------------------------------------------------------------------------------
2025-02-11 18:01:45     Matrix setup time        :	1 s
                        Degrees of freedom       :	38251
                        Number of mesh cells     :	2045

                        Stimulation port         :	1
                        Mode number              :	1
                        Accuracy                 :	9.62558e-05
                        Iterations               :	221
                        Solver time              :	6 s


                      ------------------------------------------------------------------------------
2025-02-11 18:01:47   40% of all mesh edges seem to be longer than expected. The adaptive mesh refinement's growth limitation will therefore 
                      use 6972 instead of 2041 mesh cells as a reference.

                      ------------------------------------------------------------------------------
2025-02-11 18:01:48   Adaptive mesh refinement pass 2

                      ------------------------------------------------------------------------------
2025-02-11 18:01:54     Matrix setup time        :	1 s
                        Degrees of freedom       :	54568
                        Number of mesh cells     :	2951

                        Stimulation port         :	1
                        Mode number              :	1
                        Accuracy                 :	5.5554e-05
                        Iterations               :	120
                        Solver time              :	4 s


                      ------------------------------------------------------------------------------
2025-02-11 18:01:55     Delta calculation        
2025-02-11 18:01:55     All S-Parameters         :	0.579178
2025-02-11 18:01:55   

                      ------------------------------------------------------------------------------
2025-02-11 18:01:57   Adaptive mesh refinement pass 3

                      ------------------------------------------------------------------------------
2025-02-11 18:02:03     Matrix setup time        :	1 s
                        Degrees of freedom       :	69871
                        Number of mesh cells     :	3820

                        Stimulation port         :	1
                        Mode number              :	1
                        Accuracy                 :	8.06257e-05
                        Iterations               :	100
                        Solver time              :	4 s


                      ------------------------------------------------------------------------------
2025-02-11 18:02:05     Delta calculation        
2025-02-11 18:02:05     All S-Parameters         :	0.0626548
2025-02-11 18:02:05   

                      ------------------------------------------------------------------------------
2025-02-11 18:02:07   Adaptive mesh refinement pass 4

                      ------------------------------------------------------------------------------
2025-02-11 18:02:16     Matrix setup time        :	2 s
                        Degrees of freedom       :	101737
                        Number of mesh cells     :	5609

                        Stimulation port         :	1
                        Mode number              :	1
                        Accuracy                 :	9.76069e-05
                        Iterations               :	93
                        Solver time              :	5 s


                      ------------------------------------------------------------------------------
2025-02-11 18:02:18     Delta calculation        
2025-02-11 18:02:18     All S-Parameters         :	0.11141
2025-02-11 18:02:18   

                      ------------------------------------------------------------------------------
2025-02-11 18:02:21   Adaptive mesh refinement pass 5

                      ------------------------------------------------------------------------------
2025-02-11 18:02:33     Matrix setup time        :	4 s
                        Degrees of freedom       :	145723
                        Number of mesh cells     :	8090

                        Stimulation port         :	1
                        Mode number              :	1
                        Accuracy                 :	9.852e-05
                        Iterations               :	100
                        Solver time              :	7 s


                      ------------------------------------------------------------------------------
2025-02-11 18:02:36     Delta calculation        
2025-02-11 18:02:36     All S-Parameters         :	0.0561637
2025-02-11 18:02:36   

                      ------------------------------------------------------------------------------
2025-02-11 18:02:40   Adaptive mesh refinement pass 6

                      ------------------------------------------------------------------------------
2025-02-11 18:02:57     Matrix setup time        :	6 s
                        Degrees of freedom       :	222076
                        Number of mesh cells     :	12379

                        Stimulation port         :	1
                        Mode number              :	1
                        Accuracy                 :	9.79026e-05
                        Iterations               :	89
                        Solver time              :	10 s


                      ------------------------------------------------------------------------------
2025-02-11 18:03:01     Delta calculation        
2025-02-11 18:03:01     All S-Parameters         :	0.041737
2025-02-11 18:03:01   

                      ------------------------------------------------------------------------------
2025-02-11 18:03:06   Adaptive mesh refinement pass 7

                      ------------------------------------------------------------------------------
2025-02-11 18:03:28     Matrix setup time        :	8 s
                        Degrees of freedom       :	327421
                        Number of mesh cells     :	18283

                        Stimulation port         :	1
                        Mode number              :	1
                        Accuracy                 :	8.08276e-05
                        Iterations               :	75
                        Solver time              :	11 s


                      ------------------------------------------------------------------------------
2025-02-11 18:03:34     Delta calculation        
2025-02-11 18:03:34     All S-Parameters         :	0.0228691
2025-02-11 18:03:34   

                      ------------------------------------------------------------------------------
2025-02-11 18:03:42   Adaptive mesh refinement pass 8

                      ------------------------------------------------------------------------------
2025-02-11 18:04:15     Matrix setup time        :	12 s
                        Solver setup             :	1 s
                        Degrees of freedom       :	441049
                        Number of mesh cells     :	24580

                        Stimulation port         :	1
                        Mode number              :	1
                        Accuracy                 :	9.98395e-05
                        Iterations               :	90
                        Solver time              :	20 s


                      ------------------------------------------------------------------------------
2025-02-11 18:04:23     Delta calculation        
2025-02-11 18:04:23     All S-Parameters         :	0.0135069
2025-02-11 18:04:23   

                      ------------------------------------------------------------------------------
2025-02-11 18:04:32   The direct solver will be used.

                      ------------------------------------------------------------------------------
2025-02-11 18:04:33   Adaptive mesh refinement pass 9

                      ------------------------------------------------------------------------------
2025-02-11 18:05:51     Matrix setup time        :	16 s
                        Solver setup             :	60 s
                        Degrees of freedom       :	574303
                        Number of mesh cells     :	32034

                        Stimulation port         :	1
                        Mode number              :	1
                        Accuracy                 :	2.29885e-13
                        Iterations               :	1
                        Solver time              :	1 s


                      ------------------------------------------------------------------------------
2025-02-11 18:05:51   The iterative solver will be used.

                      ------------------------------------------------------------------------------
2025-02-11 18:06:01     Delta calculation        
2025-02-11 18:06:01     All S-Parameters         :	0.00935508
2025-02-11 18:06:01   

                      ------------------------------------------------------------------------------
2025-02-11 18:06:14   Adaptive mesh refinement pass 10

                      ------------------------------------------------------------------------------
2025-02-11 18:07:00     Matrix setup time        :	20 s
                        Solver setup             :	1 s
                        Degrees of freedom       :	731698
                        Number of mesh cells     :	40815

                        Stimulation port         :	1
                        Mode number              :	1
                        Accuracy                 :	9.12165e-05
                        Iterations               :	60
                        Solver time              :	23 s


                      ------------------------------------------------------------------------------
2025-02-11 18:07:13     Delta calculation        
2025-02-11 18:07:13     All S-Parameters         :	0.00548214
2025-02-11 18:07:13   

                      ------------------------------------------------------------------------------
2025-02-11 18:07:13   Mesh adaptation terminated because the desired accuracy limit is reached.

                      ------------------------------------------------------------------------------
2025-02-11 18:07:14     Total time               :	346 s	 (= 0 h, 05 m, 46 s)

                      ------------------------------------------------------------------------------
2025-02-11 18:07:14   

                      ------------------------------------------------------------------------------
2025-02-11 18:07:23   Unable to use "EvaluateHFieldOnSIBC" due to model setup.

                      ------------------------------------------------------------------------------
2025-02-11 18:07:24     Calculation 2 (Frequency: 5.815 GHz)


                      ------------------------------------------------------------------------------
2025-02-11 18:07:24     ----------------------------------------------------------------------------
                        Port   Mode   Type        Z-Wave        Z-Wave-Sigma  Z-Line        F-Cutoff
                        1      1      QTEM        232           13.1          48.8          ---
                        ----------------------------------------------------------------------------


                      ------------------------------------------------------------------------------
2025-02-11 18:08:01     Matrix setup time        :	17 s
                        Solver setup             :	1 s
                        Degrees of freedom       :	731698
                        Number of mesh cells     :	40815

                        Stimulation port         :	1
                        Mode number              :	1
                        Accuracy                 :	8.88173e-05
                        Iterations               :	39
                        Solver time              :	17 s


                      ------------------------------------------------------------------------------
2025-02-11 18:08:03     Generating results       :	2 s

                        Total time               :	39 s

                      ------------------------------------------------------------------------------
2025-02-11 18:08:03   

                      ------------------------------------------------------------------------------
2025-02-11 18:08:03     Calculation 3 (Frequency: 5.735 GHz)


                      ------------------------------------------------------------------------------
2025-02-11 18:08:04     ----------------------------------------------------------------------------
                        Port   Mode   Type        Z-Wave        Z-Wave-Sigma  Z-Line        F-Cutoff
                        1      1      QTEM        232           13.1          48.8          ---
                        ----------------------------------------------------------------------------


                      ------------------------------------------------------------------------------
2025-02-11 18:08:33     Matrix setup time        :	17 s
                        Solver setup             :	1 s
                        Degrees of freedom       :	731698
                        Number of mesh cells     :	40815

                        Stimulation port         :	1
                        Mode number              :	1
                        Accuracy                 :	8.07259e-05
                        Iterations               :	23
                        Solver time              :	9 s


                      ------------------------------------------------------------------------------
2025-02-11 18:08:36     Generating results       :	2 s

                        Total time               :	32 s

                      ------------------------------------------------------------------------------
2025-02-11 18:08:36   

                      ------------------------------------------------------------------------------
2025-02-11 18:08:36     Calculation 4 (Frequency: 5.1975 GHz)


                      ------------------------------------------------------------------------------
2025-02-11 18:08:36     ----------------------------------------------------------------------------
                        Port   Mode   Type        Z-Wave        Z-Wave-Sigma  Z-Line        F-Cutoff
                        1      1      QTEM        233           13            48.8          ---
                        ----------------------------------------------------------------------------


                      ------------------------------------------------------------------------------
2025-02-11 18:09:22     Matrix setup time        :	17 s
                        Solver setup             :	2 s
                        Degrees of freedom       :	731698
                        Number of mesh cells     :	40815

                        Stimulation port         :	1
                        Mode number              :	1
                        Accuracy                 :	6.70951e-05
                        Iterations               :	67
                        Solver time              :	26 s


                      ------------------------------------------------------------------------------
2025-02-11 18:09:28     Generating results       :	5 s

                        Total time               :	51 s

                      ------------------------------------------------------------------------------
2025-02-11 18:09:28   

                      ------------------------------------------------------------------------------
2025-02-11 18:09:28     Calculation 5 (Frequency: 6.3525 GHz)


                      ------------------------------------------------------------------------------
2025-02-11 18:09:29     ----------------------------------------------------------------------------
                        Port   Mode   Type        Z-Wave        Z-Wave-Sigma  Z-Line        F-Cutoff
                        1      1      QTEM        232           13.2          48.8          ---
                        ----------------------------------------------------------------------------


                      ------------------------------------------------------------------------------
2025-02-11 18:10:19     Matrix setup time        :	17 s
                        Solver setup             :	2 s
                        Degrees of freedom       :	731698
                        Number of mesh cells     :	40815

                        Stimulation port         :	1
                        Mode number              :	1
                        Accuracy                 :	6.59819e-05
                        Iterations               :	75
                        Solver time              :	29 s


                      ------------------------------------------------------------------------------
2025-02-11 18:10:24     Generating results       :	5 s

                        Total time               :	55 s

                      ------------------------------------------------------------------------------
2025-02-11 18:10:24   

                      ------------------------------------------------------------------------------
2025-02-11 18:10:24     Calculation 6 (Frequency: 5.795 GHz)


                      ------------------------------------------------------------------------------
2025-02-11 18:10:25     ----------------------------------------------------------------------------
                        Port   Mode   Type        Z-Wave        Z-Wave-Sigma  Z-Line        F-Cutoff
                        1      1      QTEM        232           13.1          48.8          ---
                        ----------------------------------------------------------------------------


                      ------------------------------------------------------------------------------
2025-02-11 18:10:48     Matrix setup time        :	17 s
                        Solver setup             :	2 s
                        Degrees of freedom       :	731698
                        Number of mesh cells     :	40815

                        Stimulation port         :	1
                        Mode number              :	1
                        Accuracy                 :	5.82266e-05
                        Iterations               :	5
                        Solver time              :	2 s


                      ------------------------------------------------------------------------------
2025-02-11 18:10:51     Generating results       :	2 s

                        Total time               :	26 s

                      ------------------------------------------------------------------------------
2025-02-11 18:10:51   

                      ------------------------------------------------------------------------------
2025-02-11 18:10:51     Calculation 7 (Frequency: 5.755 GHz)


                      ------------------------------------------------------------------------------
2025-02-11 18:10:51     ----------------------------------------------------------------------------
                        Port   Mode   Type        Z-Wave        Z-Wave-Sigma  Z-Line        F-Cutoff
                        1      1      QTEM        232           13.1          48.8          ---
                        ----------------------------------------------------------------------------


                      ------------------------------------------------------------------------------
2025-02-11 18:11:15     Matrix setup time        :	17 s
                        Solver setup             :	2 s
                        Degrees of freedom       :	731698
                        Number of mesh cells     :	40815

                        Stimulation port         :	1
                        Mode number              :	1
                        Accuracy                 :	5.58246e-05
                        Iterations               :	5
                        Solver time              :	2 s


                      ------------------------------------------------------------------------------
2025-02-11 18:11:17   Only few automatic samples have been calculated up to now. Therefore, the frequency sweep is continued with additional 
                      automatically chosen samples.

                      ------------------------------------------------------------------------------
2025-02-11 18:11:17     Generating results       :	2 s

                        Total time               :	25 s

                      ------------------------------------------------------------------------------
2025-02-11 18:11:17   

                      ------------------------------------------------------------------------------
2025-02-11 18:11:17     Calculation 8 (Frequency: 5.785 GHz)


                      ------------------------------------------------------------------------------
2025-02-11 18:11:18     ----------------------------------------------------------------------------
                        Port   Mode   Type        Z-Wave        Z-Wave-Sigma  Z-Line        F-Cutoff
                        1      1      QTEM        232           13.1          48.8          ---
                        ----------------------------------------------------------------------------


                      ------------------------------------------------------------------------------
2025-02-11 18:11:42     Matrix setup time        :	18 s
                        Solver setup             :	3 s
                        Degrees of freedom       :	731698
                        Number of mesh cells     :	40815

                        Stimulation port         :	1
                        Mode number              :	1
                        Accuracy                 :	4.65135e-05
                        Iterations               :	5
                        Solver time              :	2 s


                      ------------------------------------------------------------------------------
2025-02-11 18:11:44   An additional check has indicated that the frequency sweep needs to be continued. More...

                      ------------------------------------------------------------------------------
2025-02-11 18:11:44     Generating results       :	2 s

                        Total time               :	26 s

                      ------------------------------------------------------------------------------
2025-02-11 18:11:44   

                      ------------------------------------------------------------------------------
2025-02-11 18:11:44     Calculation 9 (Frequency: 5.765 GHz)


                      ------------------------------------------------------------------------------
2025-02-11 18:11:45     ----------------------------------------------------------------------------
                        Port   Mode   Type        Z-Wave        Z-Wave-Sigma  Z-Line        F-Cutoff
                        1      1      QTEM        232           13.1          48.8          ---
                        ----------------------------------------------------------------------------


                      ------------------------------------------------------------------------------
2025-02-11 18:12:09     Matrix setup time        :	17 s
                        Solver setup             :	3 s
                        Degrees of freedom       :	731698
                        Number of mesh cells     :	40815

                        Stimulation port         :	1
                        Mode number              :	1
                        Accuracy                 :	4.64696e-05
                        Iterations               :	5
                        Solver time              :	2 s


                      ------------------------------------------------------------------------------
2025-02-11 18:12:11     Generating results       :	2 s

                        Total time               :	26 s

                      ------------------------------------------------------------------------------
2025-02-11 18:12:11   

                      ------------------------------------------------------------------------------
2025-02-11 18:12:11     Calculation 10 (Frequency: 5.78 GHz)


                      ------------------------------------------------------------------------------
2025-02-11 18:12:12     ----------------------------------------------------------------------------
                        Port   Mode   Type        Z-Wave        Z-Wave-Sigma  Z-Line        F-Cutoff
                        1      1      QTEM        232           13.1          48.8          ---
                        ----------------------------------------------------------------------------


                      ------------------------------------------------------------------------------
2025-02-11 18:12:36     Matrix setup time        :	17 s
                        Solver setup             :	3 s
                        Degrees of freedom       :	731698
                        Number of mesh cells     :	40815

                        Stimulation port         :	1
                        Mode number              :	1
                        Accuracy                 :	3.74085e-05
                        Iterations               :	5
                        Solver time              :	2 s


                      ------------------------------------------------------------------------------
2025-02-11 18:12:39     Generating results       :	2 s

                        Total time               :	26 s

                      ------------------------------------------------------------------------------
2025-02-11 18:12:39   

                      ------------------------------------------------------------------------------
2025-02-11 18:12:39   Finished the general purpose interpolative broadband frequency sweep:
                      All broadband sweep convergence criteria have been satisfied after
                      calculating 10 frequency samples:

                        Broadband sweep error threshold value :  0.01 (All S-Parameters) 
                        Number of error criterion checks      :  2 (All S-Parameters) 
                        Minimum number of samples             :  3
                        Number of data samples, linear        :  1001

                      ------------------------------------------------------------------------------
2025-02-11 18:13:00     Number of mesh cells     :	40815
                        Degrees of freedom       :	731698
                        Total Solver Time        :	673 s	 (= 0 h, 11 m, 13 s)
                      ================================================================================



                      ------------------------------------------------------------------------------
2025-02-11 18:13:00     ----------------------------------------------------------------------------
                                            Peak memory used (kB)         Free physical memory (kB) 
                                                                          At begin     Minimum      
                        ----------------------------------------------------------------------------
                        Solver start        21292                         81777324     81776924     
                        Eq. system setup    4279908                       81733776     80734020     
                        Eq. system solve    4279908                       81605272     78350296     
                        Mesh refinement     4279908                       81690384     81401032     
                        Solver run total    4279908                       81777324     78350296     

                        Computer name       gamserverhp3
                        ----------------------------------------------------------------------------


                      ------------------------------------------------------------------------------
2025-02-11 18:13:01   Running postprocessing.

                      ------------------------------------------------------------------------------
2025-02-11 18:13:13   Postprocessing finished.

                      ------------------------------------------------------------------------------
2025-02-11 18:13:13   Parametric 1D storage is switched off.

                      ------------------------------------------------------------------------------
