2025-02-10 15:05:22   The length ratio between the shortest and the longest model edges is 1:1627.
                      Short model edges can be highlighted via Mesh:Mesh Control->Check Mesh->Check
                      Model Edge Length.... (It may be advantageous to model the metallizations as
                      infinitely thin sheets.) More...

                      ------------------------------------------------------------------------------
2025-02-10 15:05:34   *** Warning ***

                      This software is licensed for non-commercial use only.

                      ------------------------------------------------------------------------------
2025-02-10 15:05:35   Units settings: 

                        Dimensions: mm
                        Frequency:  GHz
                        Time:       ns

                      ------------------------------------------------------------------------------
2025-02-10 15:05:35   Boundary conditions: 

                        YZsymmetry: magnetic
                        XZsymmetry: none
                        XYsymmetry: none

                        Xmin: expanded open
                        Xmax: expanded open

                        Ymin: expanded open
                        Ymax: expanded open

                        Zmin: expanded open
                        Zmax: expanded open

                      ------------------------------------------------------------------------------
2025-02-10 15:05:35   Order settings: 

                        Solver order   : 3rd (constant)
                        Curved elements: up to order 5 (automatic)

                      ------------------------------------------------------------------------------
2025-02-10 15:05:35   The number of frequency samples has been increased to take into account all field monitors.

                      ------------------------------------------------------------------------------
2025-02-10 15:05:35   An iterative solver will be used first.

                      ------------------------------------------------------------------------------
2025-02-10 15:05:35     Mesh time                :	11 s


                      ------------------------------------------------------------------------------
2025-02-10 15:05:36   
                      ================================================================================
                      Frequency Domain Solver calculation cycle started

                      ------------------------------------------------------------------------------
2025-02-10 15:05:36   Solver started at: 2025-02-10 15:05:36 +0100

                        Module:  Frequency Domain: S-Parameter (Win 64)
                        Version: 2024.4 Release from 2024-04-30 (change 1266454)

                      ------------------------------------------------------------------------------
2025-02-10 15:05:36     Calculation 1 of 1 (Frequency: 5.775 GHz)


                      ------------------------------------------------------------------------------
2025-02-10 15:05:37   Automatically activated electric shielding for port 1.

                      ------------------------------------------------------------------------------
2025-02-10 15:05:47     ----------------------------------------------------------------------------
                        Port   Mode   Type        Z-Wave        Z-Wave-Sigma  Z-Line        F-Cutoff
                        1      1      QTEM        232           11.6          49.1          ---
                        ----------------------------------------------------------------------------


                      ------------------------------------------------------------------------------
2025-02-10 15:05:48   Adaptive mesh refinement pass 1

                      ------------------------------------------------------------------------------
2025-02-10 15:05:56     Matrix setup time        :	1 s
                        Degrees of freedom       :	37018
                        Number of mesh cells     :	1971

                        Stimulation port         :	1
                        Mode number              :	1
                        Accuracy                 :	7.04345e-05
                        Iterations               :	233
                        Solver time              :	6 s


                      ------------------------------------------------------------------------------
2025-02-10 15:05:58   42% of all mesh edges seem to be longer than expected. The adaptive mesh refinement's growth limitation will therefore 
                      use 6974 instead of 1966 mesh cells as a reference.

                      ------------------------------------------------------------------------------
2025-02-10 15:05:59   Adaptive mesh refinement pass 2

                      ------------------------------------------------------------------------------
2025-02-10 15:06:04     Matrix setup time        :	1 s
                        Degrees of freedom       :	52843
                        Number of mesh cells     :	2850

                        Stimulation port         :	1
                        Mode number              :	1
                        Accuracy                 :	8.87221e-05
                        Iterations               :	93
                        Solver time              :	3 s


                      ------------------------------------------------------------------------------
2025-02-10 15:06:05     Delta calculation        
2025-02-10 15:06:05     All S-Parameters         :	0.588349
2025-02-10 15:06:05   

                      ------------------------------------------------------------------------------
2025-02-10 15:06:07   Adaptive mesh refinement pass 3

                      ------------------------------------------------------------------------------
2025-02-10 15:06:13     Matrix setup time        :	1 s
                        Degrees of freedom       :	65449
                        Number of mesh cells     :	3566

                        Stimulation port         :	1
                        Mode number              :	1
                        Accuracy                 :	8.55259e-05
                        Iterations               :	100
                        Solver time              :	3 s


                      ------------------------------------------------------------------------------
2025-02-10 15:06:15     Delta calculation        
2025-02-10 15:06:15     All S-Parameters         :	0.143017
2025-02-10 15:06:15   

                      ------------------------------------------------------------------------------
2025-02-10 15:06:17   Adaptive mesh refinement pass 4

                      ------------------------------------------------------------------------------
2025-02-10 15:06:26     Matrix setup time        :	2 s
                        Degrees of freedom       :	97912
                        Number of mesh cells     :	5388

                        Stimulation port         :	1
                        Mode number              :	1
                        Accuracy                 :	4.53442e-05
                        Iterations               :	105
                        Solver time              :	5 s


                      ------------------------------------------------------------------------------
2025-02-10 15:06:28     Delta calculation        
2025-02-10 15:06:28     All S-Parameters         :	0.0679313
2025-02-10 15:06:28   

                      ------------------------------------------------------------------------------
2025-02-10 15:06:31   Adaptive mesh refinement pass 5

                      ------------------------------------------------------------------------------
2025-02-10 15:06:43     Matrix setup time        :	3 s
                        Degrees of freedom       :	136051
                        Number of mesh cells     :	7537

                        Stimulation port         :	1
                        Mode number              :	1
                        Accuracy                 :	6.8436e-05
                        Iterations               :	108
                        Solver time              :	7 s


                      ------------------------------------------------------------------------------
2025-02-10 15:06:46     Delta calculation        
2025-02-10 15:06:46     All S-Parameters         :	0.0257534
2025-02-10 15:06:46   

                      ------------------------------------------------------------------------------
2025-02-10 15:06:50   Adaptive mesh refinement pass 6

                      ------------------------------------------------------------------------------
2025-02-10 15:07:06     Matrix setup time        :	5 s
                        Degrees of freedom       :	208504
                        Number of mesh cells     :	11617

                        Stimulation port         :	1
                        Mode number              :	1
                        Accuracy                 :	8.70275e-05
                        Iterations               :	95
                        Solver time              :	9 s


                      ------------------------------------------------------------------------------
2025-02-10 15:07:10     Delta calculation        
2025-02-10 15:07:10     All S-Parameters         :	0.0515113
2025-02-10 15:07:10   

                      ------------------------------------------------------------------------------
2025-02-10 15:07:16   Adaptive mesh refinement pass 7

                      ------------------------------------------------------------------------------
2025-02-10 15:07:38     Matrix setup time        :	8 s
                        Degrees of freedom       :	309823
                        Number of mesh cells     :	17290

                        Stimulation port         :	1
                        Mode number              :	1
                        Accuracy                 :	9.65315e-05
                        Iterations               :	78
                        Solver time              :	12 s


                      ------------------------------------------------------------------------------
2025-02-10 15:07:44     Delta calculation        
2025-02-10 15:07:44     All S-Parameters         :	0.0151724
2025-02-10 15:07:44   

                      ------------------------------------------------------------------------------
2025-02-10 15:07:51   Adaptive mesh refinement pass 8

                      ------------------------------------------------------------------------------
2025-02-10 15:08:23     Matrix setup time        :	11 s
                        Solver setup             :	1 s
                        Degrees of freedom       :	430408
                        Number of mesh cells     :	23991

                        Stimulation port         :	1
                        Mode number              :	1
                        Accuracy                 :	7.96401e-05
                        Iterations               :	83
                        Solver time              :	18 s


                      ------------------------------------------------------------------------------
2025-02-10 15:08:31     Delta calculation        
2025-02-10 15:08:31     All S-Parameters         :	0.0145689
2025-02-10 15:08:31   

                      ------------------------------------------------------------------------------
2025-02-10 15:08:40   The direct solver will be used.

                      ------------------------------------------------------------------------------
2025-02-10 15:08:41   Adaptive mesh refinement pass 9

                      ------------------------------------------------------------------------------
2025-02-10 15:09:58     Matrix setup time        :	16 s
                        Solver setup             :	60 s
                        Degrees of freedom       :	576136
                        Number of mesh cells     :	32118

                        Stimulation port         :	1
                        Mode number              :	1
                        Accuracy                 :	2.57458e-13
                        Iterations               :	1
                        Solver time              :	1 s


                      ------------------------------------------------------------------------------
2025-02-10 15:09:59   The iterative solver will be used.

                      ------------------------------------------------------------------------------
2025-02-10 15:10:10     Delta calculation        
2025-02-10 15:10:10     All S-Parameters         :	0.00942384
2025-02-10 15:10:10   

                      ------------------------------------------------------------------------------
2025-02-10 15:10:16   The quality of some tetrahedrons is low.  More...

                      ------------------------------------------------------------------------------
2025-02-10 15:10:23   Adaptive mesh refinement pass 10

                      ------------------------------------------------------------------------------
2025-02-10 15:11:10     Matrix setup time        :	19 s
                        Solver setup             :	1 s
                        Degrees of freedom       :	719725
                        Number of mesh cells     :	40120

                        Stimulation port         :	1
                        Mode number              :	1
                        Accuracy                 :	8.16326e-05
                        Iterations               :	68
                        Solver time              :	25 s


                      ------------------------------------------------------------------------------
2025-02-10 15:11:23     Delta calculation        
2025-02-10 15:11:23     All S-Parameters         :	0.00530135
2025-02-10 15:11:23   

                      ------------------------------------------------------------------------------
2025-02-10 15:11:23   Mesh adaptation terminated because the desired accuracy limit is reached.

                      ------------------------------------------------------------------------------
2025-02-10 15:11:25     Total time               :	347 s	 (= 0 h, 05 m, 47 s)

                      ------------------------------------------------------------------------------
2025-02-10 15:11:25   

                      ------------------------------------------------------------------------------
2025-02-10 15:11:34   Unable to use "EvaluateHFieldOnSIBC" due to model setup.

                      ------------------------------------------------------------------------------
2025-02-10 15:11:35     Calculation 2 (Frequency: 5.815 GHz)


                      ------------------------------------------------------------------------------
2025-02-10 15:11:35     ----------------------------------------------------------------------------
                        Port   Mode   Type        Z-Wave        Z-Wave-Sigma  Z-Line        F-Cutoff
                        1      1      QTEM        232           11.6          49.1          ---
                        ----------------------------------------------------------------------------


                      ------------------------------------------------------------------------------
2025-02-10 15:12:12     Matrix setup time        :	17 s
                        Solver setup             :	1 s
                        Degrees of freedom       :	719725
                        Number of mesh cells     :	40120

                        Stimulation port         :	1
                        Mode number              :	1
                        Accuracy                 :	7.4849e-05
                        Iterations               :	46
                        Solver time              :	17 s


                      ------------------------------------------------------------------------------
2025-02-10 15:12:15     Generating results       :	3 s

                        Total time               :	40 s

                      ------------------------------------------------------------------------------
2025-02-10 15:12:15   

                      ------------------------------------------------------------------------------
2025-02-10 15:12:15     Calculation 3 (Frequency: 5.735 GHz)


                      ------------------------------------------------------------------------------
2025-02-10 15:12:16     ----------------------------------------------------------------------------
                        Port   Mode   Type        Z-Wave        Z-Wave-Sigma  Z-Line        F-Cutoff
                        1      1      QTEM        232           11.6          49.1          ---
                        ----------------------------------------------------------------------------


                      ------------------------------------------------------------------------------
2025-02-10 15:12:47     Matrix setup time        :	17 s
                        Solver setup             :	1 s
                        Degrees of freedom       :	719725
                        Number of mesh cells     :	40120

                        Stimulation port         :	1
                        Mode number              :	1
                        Accuracy                 :	5.90644e-05
                        Iterations               :	29
                        Solver time              :	11 s


                      ------------------------------------------------------------------------------
2025-02-10 15:12:50     Generating results       :	3 s

                        Total time               :	34 s

                      ------------------------------------------------------------------------------
2025-02-10 15:12:50   

                      ------------------------------------------------------------------------------
2025-02-10 15:12:51     Calculation 4 (Frequency: 5.1975 GHz)


                      ------------------------------------------------------------------------------
2025-02-10 15:12:51     ----------------------------------------------------------------------------
                        Port   Mode   Type        Z-Wave        Z-Wave-Sigma  Z-Line        F-Cutoff
                        1      1      QTEM        232           11.4          49.1          ---
                        ----------------------------------------------------------------------------


                      ------------------------------------------------------------------------------
2025-02-10 15:13:37     Matrix setup time        :	17 s
                        Solver setup             :	1 s
                        Degrees of freedom       :	719725
                        Number of mesh cells     :	40120

                        Stimulation port         :	1
                        Mode number              :	1
                        Accuracy                 :	6.56608e-05
                        Iterations               :	70
                        Solver time              :	26 s


                      ------------------------------------------------------------------------------
2025-02-10 15:13:44     Generating results       :	6 s

                        Total time               :	52 s

                      ------------------------------------------------------------------------------
2025-02-10 15:13:44   

                      ------------------------------------------------------------------------------
2025-02-10 15:13:44     Calculation 5 (Frequency: 6.3525 GHz)


                      ------------------------------------------------------------------------------
2025-02-10 15:13:45     ----------------------------------------------------------------------------
                        Port   Mode   Type        Z-Wave        Z-Wave-Sigma  Z-Line        F-Cutoff
                        1      1      QTEM        232           11.7          49.1          ---
                        ----------------------------------------------------------------------------


                      ------------------------------------------------------------------------------
2025-02-10 15:14:28     Matrix setup time        :	17 s
                        Solver setup             :	2 s
                        Degrees of freedom       :	719725
                        Number of mesh cells     :	40120

                        Stimulation port         :	1
                        Mode number              :	1
                        Accuracy                 :	9.53929e-05
                        Iterations               :	60
                        Solver time              :	22 s


                      ------------------------------------------------------------------------------
2025-02-10 15:14:34     Generating results       :	6 s

                        Total time               :	49 s

                      ------------------------------------------------------------------------------
2025-02-10 15:14:34   

                      ------------------------------------------------------------------------------
2025-02-10 15:14:35     Calculation 6 (Frequency: 5.795 GHz)


                      ------------------------------------------------------------------------------
2025-02-10 15:14:35     ----------------------------------------------------------------------------
                        Port   Mode   Type        Z-Wave        Z-Wave-Sigma  Z-Line        F-Cutoff
                        1      1      QTEM        232           11.6          49.1          ---
                        ----------------------------------------------------------------------------


                      ------------------------------------------------------------------------------
2025-02-10 15:14:58     Matrix setup time        :	17 s
                        Solver setup             :	2 s
                        Degrees of freedom       :	719725
                        Number of mesh cells     :	40120

                        Stimulation port         :	1
                        Mode number              :	1
                        Accuracy                 :	4.13261e-05
                        Iterations               :	5
                        Solver time              :	2 s


                      ------------------------------------------------------------------------------
2025-02-10 15:15:01     Generating results       :	3 s

                        Total time               :	26 s

                      ------------------------------------------------------------------------------
2025-02-10 15:15:01   

                      ------------------------------------------------------------------------------
2025-02-10 15:15:02     Calculation 7 (Frequency: 5.755 GHz)


                      ------------------------------------------------------------------------------
2025-02-10 15:15:02     ----------------------------------------------------------------------------
                        Port   Mode   Type        Z-Wave        Z-Wave-Sigma  Z-Line        F-Cutoff
                        1      1      QTEM        232           11.6          49.1          ---
                        ----------------------------------------------------------------------------


                      ------------------------------------------------------------------------------
2025-02-10 15:15:25     Matrix setup time        :	17 s
                        Solver setup             :	2 s
                        Degrees of freedom       :	719725
                        Number of mesh cells     :	40120

                        Stimulation port         :	1
                        Mode number              :	1
                        Accuracy                 :	4.50858e-05
                        Iterations               :	5
                        Solver time              :	2 s


                      ------------------------------------------------------------------------------
2025-02-10 15:15:28   Only few automatic samples have been calculated up to now. Therefore, the frequency sweep is continued with additional 
                      automatically chosen samples.

                      ------------------------------------------------------------------------------
2025-02-10 15:15:28     Generating results       :	3 s

                        Total time               :	26 s

                      ------------------------------------------------------------------------------
2025-02-10 15:15:28   

                      ------------------------------------------------------------------------------
2025-02-10 15:15:29     Calculation 8 (Frequency: 5.785 GHz)


                      ------------------------------------------------------------------------------
2025-02-10 15:15:29     ----------------------------------------------------------------------------
                        Port   Mode   Type        Z-Wave        Z-Wave-Sigma  Z-Line        F-Cutoff
                        1      1      QTEM        232           11.6          49.1          ---
                        ----------------------------------------------------------------------------


                      ------------------------------------------------------------------------------
2025-02-10 15:15:52     Matrix setup time        :	17 s
                        Solver setup             :	3 s
                        Degrees of freedom       :	719725
                        Number of mesh cells     :	40120

                        Stimulation port         :	1
                        Mode number              :	1
                        Accuracy                 :	3.42502e-05
                        Iterations               :	5
                        Solver time              :	2 s


                      ------------------------------------------------------------------------------
2025-02-10 15:15:55   An additional check has indicated that the frequency sweep needs to be continued. More...

                      ------------------------------------------------------------------------------
2025-02-10 15:15:55     Generating results       :	3 s

                        Total time               :	26 s

                      ------------------------------------------------------------------------------
2025-02-10 15:15:55   

                      ------------------------------------------------------------------------------
2025-02-10 15:15:56     Calculation 9 (Frequency: 5.765 GHz)


                      ------------------------------------------------------------------------------
2025-02-10 15:15:56     ----------------------------------------------------------------------------
                        Port   Mode   Type        Z-Wave        Z-Wave-Sigma  Z-Line        F-Cutoff
                        1      1      QTEM        232           11.6          49.1          ---
                        ----------------------------------------------------------------------------


                      ------------------------------------------------------------------------------
2025-02-10 15:16:20     Matrix setup time        :	17 s
                        Solver setup             :	3 s
                        Degrees of freedom       :	719725
                        Number of mesh cells     :	40120

                        Stimulation port         :	1
                        Mode number              :	1
                        Accuracy                 :	3.62551e-05
                        Iterations               :	5
                        Solver time              :	2 s


                      ------------------------------------------------------------------------------
2025-02-10 15:16:23     Generating results       :	3 s

                        Total time               :	27 s

                      ------------------------------------------------------------------------------
2025-02-10 15:16:23   

                      ------------------------------------------------------------------------------
2025-02-10 15:16:24     Calculation 10 (Frequency: 5.805 GHz)


                      ------------------------------------------------------------------------------
2025-02-10 15:16:24     ----------------------------------------------------------------------------
                        Port   Mode   Type        Z-Wave        Z-Wave-Sigma  Z-Line        F-Cutoff
                        1      1      QTEM        232           11.6          49.1          ---
                        ----------------------------------------------------------------------------


                      ------------------------------------------------------------------------------
2025-02-10 15:16:48     Matrix setup time        :	17 s
                        Solver setup             :	3 s
                        Degrees of freedom       :	719725
                        Number of mesh cells     :	40120

                        Stimulation port         :	1
                        Mode number              :	1
                        Accuracy                 :	3.0257e-05
                        Iterations               :	5
                        Solver time              :	2 s


                      ------------------------------------------------------------------------------
2025-02-10 15:16:51     Generating results       :	3 s

                        Total time               :	27 s

                      ------------------------------------------------------------------------------
2025-02-10 15:16:51   

                      ------------------------------------------------------------------------------
2025-02-10 15:16:51   Finished the general purpose interpolative broadband frequency sweep:
                      All broadband sweep convergence criteria have been satisfied after
                      calculating 10 frequency samples:

                        Broadband sweep error threshold value :  0.01 (All S-Parameters) 
                        Number of error criterion checks      :  2 (All S-Parameters) 
                        Minimum number of samples             :  3
                        Number of data samples, linear        :  1001

                      ------------------------------------------------------------------------------
2025-02-10 15:17:15     Number of mesh cells     :	40120
                        Degrees of freedom       :	719725
                        Total Solver Time        :	673 s	 (= 0 h, 11 m, 13 s)
                      ================================================================================



                      ------------------------------------------------------------------------------
2025-02-10 15:17:17     ----------------------------------------------------------------------------
                                            Peak memory used (kB)         Free physical memory (kB) 
                                                                          At begin     Minimum      
                        ----------------------------------------------------------------------------
                        Solver start        21336                         84181780     84180960     
                        Eq. system setup    4293352                       84071316     83159864     
                        Eq. system solve    4293352                       84011900     80045632     
                        Mesh refinement     4293352                       84026084     83074540     
                        Solver run total    4293352                       84181784     80045632     

                        Computer name       gamserverhp3
                        ----------------------------------------------------------------------------


                      ------------------------------------------------------------------------------
2025-02-10 15:17:17   Running postprocessing.

                      ------------------------------------------------------------------------------
2025-02-10 15:17:32   Postprocessing finished.

                      ------------------------------------------------------------------------------
2025-02-10 15:17:35   Creating parametric 1D results for Run ID 2

                      ------------------------------------------------------------------------------
