2025-02-10 14:23:56   The length ratio between the shortest and the longest model edges is 1:1627.
                      Short model edges can be highlighted via Mesh:Mesh Control->Check Mesh->Check
                      Model Edge Length.... (It may be advantageous to model the metallizations as
                      infinitely thin sheets.) More...

                      ------------------------------------------------------------------------------
2025-02-10 14:24:08   *** Warning ***

                      This software is licensed for non-commercial use only.

                      ------------------------------------------------------------------------------
2025-02-10 14:24:10   Units settings: 

                        Dimensions: mm
                        Frequency:  GHz
                        Time:       ns

                      ------------------------------------------------------------------------------
2025-02-10 14:24:10   Boundary conditions: 

                        YZsymmetry: magnetic
                        XZsymmetry: none
                        XYsymmetry: none

                        Xmin: expanded open
                        Xmax: expanded open

                        Ymin: expanded open
                        Ymax: expanded open

                        Zmin: expanded open
                        Zmax: expanded open

                      ------------------------------------------------------------------------------
2025-02-10 14:24:10   Order settings: 

                        Solver order   : 3rd (constant)
                        Curved elements: up to order 5 (automatic)

                      ------------------------------------------------------------------------------
2025-02-10 14:24:10   The number of frequency samples has been increased to take into account all field monitors.

                      ------------------------------------------------------------------------------
2025-02-10 14:24:10   An iterative solver will be used first.

                      ------------------------------------------------------------------------------
2025-02-10 14:24:10     Mesh time                :	11 s


                      ------------------------------------------------------------------------------
2025-02-10 14:24:11   
                      ================================================================================
                      Frequency Domain Solver calculation cycle started

                      ------------------------------------------------------------------------------
2025-02-10 14:24:11   Solver started at: 2025-02-10 14:24:11 +0100

                        Module:  Frequency Domain: S-Parameter (Win 64)
                        Version: 2024.4 Release from 2024-04-30 (change 1266454)

                      ------------------------------------------------------------------------------
2025-02-10 14:24:11     Calculation 1 of 1 (Frequency: 5.775 GHz)


                      ------------------------------------------------------------------------------
2025-02-10 14:24:11   Automatically activated electric shielding for port 1.

                      ------------------------------------------------------------------------------
2025-02-10 14:24:12   *** Warning ***

2025-02-10 14:24:12   At least one propagating mode is not considered at port 1. 

                      ------------------------------------------------------------------------------
2025-02-10 14:24:21     ----------------------------------------------------------------------------
                        Port   Mode   Type        Z-Wave        Z-Wave-Sigma  Z-Line        F-Cutoff
                        1      1      QTEM        241           14.8          69.3          ---
                        ----------------------------------------------------------------------------


                      ------------------------------------------------------------------------------
2025-02-10 14:24:22   Adaptive mesh refinement pass 1

                      ------------------------------------------------------------------------------
2025-02-10 14:24:30     Matrix setup time        :	1 s
                        Degrees of freedom       :	40315
                        Number of mesh cells     :	2151

                        Stimulation port         :	1
                        Mode number              :	1
                        Accuracy                 :	9.13106e-05
                        Iterations               :	189
                        Solver time              :	5 s


                      ------------------------------------------------------------------------------
2025-02-10 14:24:31   43% of all mesh edges seem to be longer than expected. The adaptive mesh refinement's growth limitation will therefore 
                      use 7759 instead of 2148 mesh cells as a reference.

                      ------------------------------------------------------------------------------
2025-02-10 14:24:32   Adaptive mesh refinement pass 2

                      ------------------------------------------------------------------------------
2025-02-10 14:24:38     Matrix setup time        :	1 s
                        Degrees of freedom       :	57850
                        Number of mesh cells     :	3123

                        Stimulation port         :	1
                        Mode number              :	1
                        Accuracy                 :	8.11227e-05
                        Iterations               :	103
                        Solver time              :	3 s


                      ------------------------------------------------------------------------------
2025-02-10 14:24:40     Delta calculation        
2025-02-10 14:24:40     All S-Parameters         :	0.176205
2025-02-10 14:24:40   

                      ------------------------------------------------------------------------------
2025-02-10 14:24:42   Adaptive mesh refinement pass 3

                      ------------------------------------------------------------------------------
2025-02-10 14:24:49     Matrix setup time        :	2 s
                        Degrees of freedom       :	76939
                        Number of mesh cells     :	4197

                        Stimulation port         :	1
                        Mode number              :	1
                        Accuracy                 :	7.32726e-05
                        Iterations               :	105
                        Solver time              :	4 s


                      ------------------------------------------------------------------------------
2025-02-10 14:24:51     Delta calculation        
2025-02-10 14:24:51     All S-Parameters         :	0.0369664
2025-02-10 14:24:51   

                      ------------------------------------------------------------------------------
2025-02-10 14:24:53   Adaptive mesh refinement pass 4

                      ------------------------------------------------------------------------------
2025-02-10 14:25:02     Matrix setup time        :	3 s
                        Degrees of freedom       :	107761
                        Number of mesh cells     :	5912

                        Stimulation port         :	1
                        Mode number              :	1
                        Accuracy                 :	4.23585e-05
                        Iterations               :	95
                        Solver time              :	5 s


                      ------------------------------------------------------------------------------
2025-02-10 14:25:04     Delta calculation        
2025-02-10 14:25:04     All S-Parameters         :	0.0162203
2025-02-10 14:25:04   

                      ------------------------------------------------------------------------------
2025-02-10 14:25:07   Adaptive mesh refinement pass 5

                      ------------------------------------------------------------------------------
2025-02-10 14:25:20     Matrix setup time        :	4 s
                        Degrees of freedom       :	157573
                        Number of mesh cells     :	8689

                        Stimulation port         :	1
                        Mode number              :	1
                        Accuracy                 :	6.18615e-05
                        Iterations               :	100
                        Solver time              :	8 s


                      ------------------------------------------------------------------------------
2025-02-10 14:25:24     Delta calculation        
2025-02-10 14:25:24     All S-Parameters         :	0.0216694
2025-02-10 14:25:24   

                      ------------------------------------------------------------------------------
2025-02-10 14:25:28   Adaptive mesh refinement pass 6

                      ------------------------------------------------------------------------------
2025-02-10 14:25:46     Matrix setup time        :	6 s
                        Degrees of freedom       :	237583
                        Number of mesh cells     :	13181

                        Stimulation port         :	1
                        Mode number              :	1
                        Accuracy                 :	9.97942e-05
                        Iterations               :	90
                        Solver time              :	10 s


                      ------------------------------------------------------------------------------
2025-02-10 14:25:50     Delta calculation        
2025-02-10 14:25:50     All S-Parameters         :	0.0126157
2025-02-10 14:25:50   

                      ------------------------------------------------------------------------------
2025-02-10 14:25:56   Adaptive mesh refinement pass 7

                      ------------------------------------------------------------------------------
2025-02-10 14:26:20     Matrix setup time        :	9 s
                        Solver setup             :	1 s
                        Degrees of freedom       :	346636
                        Number of mesh cells     :	19237

                        Stimulation port         :	1
                        Mode number              :	1
                        Accuracy                 :	9.32587e-05
                        Iterations               :	74
                        Solver time              :	13 s


                      ------------------------------------------------------------------------------
2025-02-10 14:26:27     Delta calculation        
2025-02-10 14:26:27     All S-Parameters         :	0.00926259
2025-02-10 14:26:27   

                      ------------------------------------------------------------------------------
2025-02-10 14:26:35   Adaptive mesh refinement pass 8

                      ------------------------------------------------------------------------------
2025-02-10 14:27:05     Matrix setup time        :	12 s
                        Solver setup             :	1 s
                        Degrees of freedom       :	474604
                        Number of mesh cells     :	26304

                        Stimulation port         :	1
                        Mode number              :	1
                        Accuracy                 :	9.39791e-05
                        Iterations               :	65
                        Solver time              :	15 s


                      ------------------------------------------------------------------------------
2025-02-10 14:27:14     Delta calculation        
2025-02-10 14:27:14     All S-Parameters         :	0.00568339
2025-02-10 14:27:14   

                      ------------------------------------------------------------------------------
2025-02-10 14:27:14   Mesh adaptation terminated because the desired accuracy limit is reached.

                      ------------------------------------------------------------------------------
2025-02-10 14:27:15     Total time               :	183 s	 (= 0 h, 03 m, 03 s)

                      ------------------------------------------------------------------------------
2025-02-10 14:27:15   

                      ------------------------------------------------------------------------------
2025-02-10 14:27:21   Unable to use "EvaluateHFieldOnSIBC" due to model setup.

                      ------------------------------------------------------------------------------
2025-02-10 14:27:21     Calculation 2 (Frequency: 5.815 GHz)


                      ------------------------------------------------------------------------------
2025-02-10 14:27:21   *** Warning ***

2025-02-10 14:27:21   At least one propagating mode is not considered at port 1. 

                      ------------------------------------------------------------------------------
2025-02-10 14:27:21     ----------------------------------------------------------------------------
                        Port   Mode   Type        Z-Wave        Z-Wave-Sigma  Z-Line        F-Cutoff
                        1      1      QTEM        241           14.9          69.3          ---
                        ----------------------------------------------------------------------------


                      ------------------------------------------------------------------------------
2025-02-10 14:27:45     Matrix setup time        :	11 s
                        Solver setup             :	1 s
                        Degrees of freedom       :	474604
                        Number of mesh cells     :	26304

                        Stimulation port         :	1
                        Mode number              :	1
                        Accuracy                 :	7.27693e-05
                        Iterations               :	42
                        Solver time              :	10 s


                      ------------------------------------------------------------------------------
2025-02-10 14:27:47     Generating results       :	1 s

                        Total time               :	24 s

                      ------------------------------------------------------------------------------
2025-02-10 14:27:47   

                      ------------------------------------------------------------------------------
2025-02-10 14:27:47     Calculation 3 (Frequency: 5.735 GHz)


                      ------------------------------------------------------------------------------
2025-02-10 14:27:47   *** Warning ***

2025-02-10 14:27:47   At least one propagating mode is not considered at port 1. 

                      ------------------------------------------------------------------------------
2025-02-10 14:27:47     ----------------------------------------------------------------------------
                        Port   Mode   Type        Z-Wave        Z-Wave-Sigma  Z-Line        F-Cutoff
                        1      1      QTEM        241           14.8          69.3          ---
                        ----------------------------------------------------------------------------


                      ------------------------------------------------------------------------------
2025-02-10 14:28:14     Matrix setup time        :	11 s
                        Solver setup             :	1 s
                        Degrees of freedom       :	474604
                        Number of mesh cells     :	26304

                        Stimulation port         :	1
                        Mode number              :	1
                        Accuracy                 :	7.30361e-05
                        Iterations               :	54
                        Solver time              :	13 s


                      ------------------------------------------------------------------------------
2025-02-10 14:28:16     Generating results       :	2 s

                        Total time               :	28 s

                      ------------------------------------------------------------------------------
2025-02-10 14:28:16   

                      ------------------------------------------------------------------------------
2025-02-10 14:28:16     Calculation 4 (Frequency: 5.1975 GHz)


                      ------------------------------------------------------------------------------
2025-02-10 14:28:16   *** Warning ***

2025-02-10 14:28:16   At least one propagating mode is not considered at port 1. 

                      ------------------------------------------------------------------------------
2025-02-10 14:28:16     ----------------------------------------------------------------------------
                        Port   Mode   Type        Z-Wave        Z-Wave-Sigma  Z-Line        F-Cutoff
                        1      1      QTEM        242           15            69.5          ---
                        ----------------------------------------------------------------------------


                      ------------------------------------------------------------------------------
2025-02-10 14:28:54     Matrix setup time        :	11 s
                        Solver setup             :	1 s
                        Degrees of freedom       :	474604
                        Number of mesh cells     :	26304

                        Stimulation port         :	1
                        Mode number              :	1
                        Accuracy                 :	9.96161e-05
                        Iterations               :	98
                        Solver time              :	24 s


                      ------------------------------------------------------------------------------
2025-02-10 14:28:54   The direct solver will be used.

                      ------------------------------------------------------------------------------
2025-02-10 14:28:58     Generating results       :	4 s

                        Total time               :	42 s

                      ------------------------------------------------------------------------------
2025-02-10 14:28:58   

                      ------------------------------------------------------------------------------
2025-02-10 14:28:58     Calculation 5 (Frequency: 6.3525 GHz)


                      ------------------------------------------------------------------------------
2025-02-10 14:28:58   *** Warning ***

2025-02-10 14:28:58   At least one propagating mode is not considered at port 1. 

                      ------------------------------------------------------------------------------
2025-02-10 14:28:58     ----------------------------------------------------------------------------
                        Port   Mode   Type        Z-Wave        Z-Wave-Sigma  Z-Line        F-Cutoff
                        1      1      QTEM        240           15.2          69.1          ---
                        ----------------------------------------------------------------------------


                      ------------------------------------------------------------------------------
2025-02-10 14:30:08     Matrix setup time        :	13 s
                        Solver setup             :	54 s
                        Degrees of freedom       :	474604
                        Number of mesh cells     :	26304

                        Stimulation port         :	1
                        Mode number              :	1
                        Accuracy                 :	1.01292e-13
                        Iterations               :	1
                        Solver time              :	1 s


                      ------------------------------------------------------------------------------
2025-02-10 14:30:08   The iterative solver will be used.

                      ------------------------------------------------------------------------------
2025-02-10 14:30:12     Generating results       :	4 s

                        Total time               :	73 s	 (= 0 h, 01 m, 13 s)

                      ------------------------------------------------------------------------------
2025-02-10 14:30:12   

                      ------------------------------------------------------------------------------
2025-02-10 14:30:12     Calculation 6 (Frequency: 5.795 GHz)


                      ------------------------------------------------------------------------------
2025-02-10 14:30:12   *** Warning ***

2025-02-10 14:30:12   At least one propagating mode is not considered at port 1. 

                      ------------------------------------------------------------------------------
2025-02-10 14:30:12     ----------------------------------------------------------------------------
                        Port   Mode   Type        Z-Wave        Z-Wave-Sigma  Z-Line        F-Cutoff
                        1      1      QTEM        241           14.9          69.3          ---
                        ----------------------------------------------------------------------------


                      ------------------------------------------------------------------------------
2025-02-10 14:30:30     Matrix setup time        :	13 s
                        Solver setup             :	2 s
                        Degrees of freedom       :	474604
                        Number of mesh cells     :	26304

                        Stimulation port         :	1
                        Mode number              :	1
                        Accuracy                 :	5.72552e-05
                        Iterations               :	5
                        Solver time              :	1 s


                      ------------------------------------------------------------------------------
2025-02-10 14:30:32     Generating results       :	1 s

                        Total time               :	19 s

                      ------------------------------------------------------------------------------
2025-02-10 14:30:32   

                      ------------------------------------------------------------------------------
2025-02-10 14:30:32     Calculation 7 (Frequency: 5.755 GHz)


                      ------------------------------------------------------------------------------
2025-02-10 14:30:32   *** Warning ***

2025-02-10 14:30:32   At least one propagating mode is not considered at port 1. 

                      ------------------------------------------------------------------------------
2025-02-10 14:30:32     ----------------------------------------------------------------------------
                        Port   Mode   Type        Z-Wave        Z-Wave-Sigma  Z-Line        F-Cutoff
                        1      1      QTEM        241           14.8          69.3          ---
                        ----------------------------------------------------------------------------


                      ------------------------------------------------------------------------------
2025-02-10 14:30:47     Matrix setup time        :	11 s
                        Solver setup             :	1 s
                        Degrees of freedom       :	474604
                        Number of mesh cells     :	26304

                        Stimulation port         :	1
                        Mode number              :	1
                        Accuracy                 :	5.00504e-05
                        Iterations               :	5
                        Solver time              :	1 s


                      ------------------------------------------------------------------------------
2025-02-10 14:30:49   Only few automatic samples have been calculated up to now. Therefore, the frequency sweep is continued with additional 
                      automatically chosen samples.

                      ------------------------------------------------------------------------------
2025-02-10 14:30:49     Generating results       :	1 s

                        Total time               :	16 s

                      ------------------------------------------------------------------------------
2025-02-10 14:30:49   

                      ------------------------------------------------------------------------------
2025-02-10 14:30:49     Calculation 8 (Frequency: 5.765 GHz)


                      ------------------------------------------------------------------------------
2025-02-10 14:30:50   *** Warning ***

2025-02-10 14:30:50   At least one propagating mode is not considered at port 1. 

                      ------------------------------------------------------------------------------
2025-02-10 14:30:50     ----------------------------------------------------------------------------
                        Port   Mode   Type        Z-Wave        Z-Wave-Sigma  Z-Line        F-Cutoff
                        1      1      QTEM        241           14.8          69.3          ---
                        ----------------------------------------------------------------------------


                      ------------------------------------------------------------------------------
2025-02-10 14:31:05     Matrix setup time        :	11 s
                        Solver setup             :	2 s
                        Degrees of freedom       :	474604
                        Number of mesh cells     :	26304

                        Stimulation port         :	1
                        Mode number              :	1
                        Accuracy                 :	4.13536e-05
                        Iterations               :	5
                        Solver time              :	1 s


                      ------------------------------------------------------------------------------
2025-02-10 14:31:07   An additional check has indicated that the frequency sweep needs to be continued. More...

                      ------------------------------------------------------------------------------
2025-02-10 14:31:07     Generating results       :	2 s

                        Total time               :	17 s

                      ------------------------------------------------------------------------------
2025-02-10 14:31:07   

                      ------------------------------------------------------------------------------
2025-02-10 14:31:07     Calculation 9 (Frequency: 5.805 GHz)


                      ------------------------------------------------------------------------------
2025-02-10 14:31:07   *** Warning ***

2025-02-10 14:31:07   At least one propagating mode is not considered at port 1. 

                      ------------------------------------------------------------------------------
2025-02-10 14:31:08     ----------------------------------------------------------------------------
                        Port   Mode   Type        Z-Wave        Z-Wave-Sigma  Z-Line        F-Cutoff
                        1      1      QTEM        241           14.9          69.3          ---
                        ----------------------------------------------------------------------------


                      ------------------------------------------------------------------------------
2025-02-10 14:31:24     Matrix setup time        :	11 s
                        Solver setup             :	2 s
                        Degrees of freedom       :	474604
                        Number of mesh cells     :	26304

                        Stimulation port         :	1
                        Mode number              :	1
                        Accuracy                 :	4.62505e-05
                        Iterations               :	5
                        Solver time              :	1 s


                      ------------------------------------------------------------------------------
2025-02-10 14:31:26     Generating results       :	1 s

                        Total time               :	17 s

                      ------------------------------------------------------------------------------
2025-02-10 14:31:26   

                      ------------------------------------------------------------------------------
2025-02-10 14:31:26     Calculation 10 (Frequency: 5.745 GHz)


                      ------------------------------------------------------------------------------
2025-02-10 14:31:26   *** Warning ***

2025-02-10 14:31:26   At least one propagating mode is not considered at port 1. 

                      ------------------------------------------------------------------------------
2025-02-10 14:31:26     ----------------------------------------------------------------------------
                        Port   Mode   Type        Z-Wave        Z-Wave-Sigma  Z-Line        F-Cutoff
                        1      1      QTEM        241           14.8          69.3          ---
                        ----------------------------------------------------------------------------


                      ------------------------------------------------------------------------------
2025-02-10 14:31:42     Matrix setup time        :	11 s
                        Solver setup             :	2 s
                        Degrees of freedom       :	474604
                        Number of mesh cells     :	26304

                        Stimulation port         :	1
                        Mode number              :	1
                        Accuracy                 :	4.31178e-05
                        Iterations               :	5
                        Solver time              :	1 s


                      ------------------------------------------------------------------------------
2025-02-10 14:31:44     Generating results       :	1 s

                        Total time               :	17 s

                      ------------------------------------------------------------------------------
2025-02-10 14:31:44   

                      ------------------------------------------------------------------------------
2025-02-10 14:31:44   Finished the general purpose interpolative broadband frequency sweep:
                      All broadband sweep convergence criteria have been satisfied after
                      calculating 10 frequency samples:

                        Broadband sweep error threshold value :  0.01 (All S-Parameters) 
                        Number of error criterion checks      :  2 (All S-Parameters) 
                        Minimum number of samples             :  3
                        Number of data samples, linear        :  1001

                      ------------------------------------------------------------------------------
2025-02-10 14:31:59     Number of mesh cells     :	26304
                        Degrees of freedom       :	474604
                        Total Solver Time        :	457 s	 (= 0 h, 07 m, 37 s)
                      ================================================================================



                      ------------------------------------------------------------------------------
2025-02-10 14:32:00     ----------------------------------------------------------------------------
                                            Peak memory used (kB)         Free physical memory (kB) 
                                                                          At begin     Minimum      
                        ----------------------------------------------------------------------------
                        Solver start        21368                         84250372     84249916     
                        Eq. system setup    3757764                       84140776     83388036     
                        Eq. system solve    3757764                       84108100     80533132     
                        Mesh refinement     584608                        84107276     83767744     
                        Solver run total    3757764                       84250372     80533132     

                        Computer name       gamserverhp3
                        ----------------------------------------------------------------------------


                      ------------------------------------------------------------------------------
2025-02-10 14:32:00   Running postprocessing.

                      ------------------------------------------------------------------------------
2025-02-10 14:32:15   Postprocessing finished.

                      ------------------------------------------------------------------------------
2025-02-10 14:32:19   Creating parametric 1D results for Run ID 1

                      ------------------------------------------------------------------------------
