2025-02-10 16:33:38   The length ratio between the shortest and the longest model edges is 1:1632.
                      Short model edges can be highlighted via Mesh:Mesh Control->Check Mesh->Check
                      Model Edge Length.... (It may be advantageous to model the metallizations as
                      infinitely thin sheets.) More...

                      ------------------------------------------------------------------------------
2025-02-10 16:33:51   *** Warning ***

                      This software is licensed for non-commercial use only.

                      ------------------------------------------------------------------------------
2025-02-10 16:33:51   Units settings: 

                        Dimensions: mm
                        Frequency:  GHz
                        Time:       ns

                      ------------------------------------------------------------------------------
2025-02-10 16:33:51   Boundary conditions: 

                        YZsymmetry: magnetic
                        XZsymmetry: none
                        XYsymmetry: none

                        Xmin: expanded open
                        Xmax: expanded open

                        Ymin: expanded open
                        Ymax: expanded open

                        Zmin: expanded open
                        Zmax: expanded open

                      ------------------------------------------------------------------------------
2025-02-10 16:33:51   Order settings: 

                        Solver order   : 3rd (constant)
                        Curved elements: up to order 5 (automatic)

                      ------------------------------------------------------------------------------
2025-02-10 16:33:52   The number of frequency samples has been increased to take into account all field monitors.

                      ------------------------------------------------------------------------------
2025-02-10 16:33:52   An iterative solver will be used first.

                      ------------------------------------------------------------------------------
2025-02-10 16:33:52     Mesh time                :	12 s


                      ------------------------------------------------------------------------------
2025-02-10 16:33:53   
                      ================================================================================
                      Frequency Domain Solver calculation cycle started

                      ------------------------------------------------------------------------------
2025-02-10 16:33:53   Solver started at: 2025-02-10 16:33:53 +0100

                        Module:  Frequency Domain: S-Parameter (Win 64)
                        Version: 2024.4 Release from 2024-04-30 (change 1266454)

                      ------------------------------------------------------------------------------
2025-02-10 16:33:53     Calculation 1 of 1 (Frequency: 5.775 GHz)


                      ------------------------------------------------------------------------------
2025-02-10 16:33:53   Automatically activated electric shielding for port 1.

                      ------------------------------------------------------------------------------
2025-02-10 16:34:03     ----------------------------------------------------------------------------
                        Port   Mode   Type        Z-Wave        Z-Wave-Sigma  Z-Line        F-Cutoff
                        1      1      QTEM        232           13.1          48.8          ---
                        ----------------------------------------------------------------------------


                      ------------------------------------------------------------------------------
2025-02-10 16:34:05   Adaptive mesh refinement pass 1

                      ------------------------------------------------------------------------------
2025-02-10 16:34:12     Matrix setup time        :	1 s
                        Degrees of freedom       :	33664
                        Number of mesh cells     :	1803

                        Stimulation port         :	1
                        Mode number              :	1
                        Accuracy                 :	9.33767e-05
                        Iterations               :	227
                        Solver time              :	5 s


                      ------------------------------------------------------------------------------
2025-02-10 16:34:14   45% of all mesh edges seem to be longer than expected. The adaptive mesh refinement's growth limitation will therefore 
                      use 6775 instead of 1799 mesh cells as a reference.

                      ------------------------------------------------------------------------------
2025-02-10 16:34:15   Adaptive mesh refinement pass 2

                      ------------------------------------------------------------------------------
2025-02-10 16:34:21     Matrix setup time        :	1 s
                        Degrees of freedom       :	51154
                        Number of mesh cells     :	2775

                        Stimulation port         :	1
                        Mode number              :	1
                        Accuracy                 :	6.76597e-05
                        Iterations               :	110
                        Solver time              :	3 s


                      ------------------------------------------------------------------------------
2025-02-10 16:34:22     Delta calculation        
2025-02-10 16:34:22     All S-Parameters         :	0.423427
2025-02-10 16:34:22   

                      ------------------------------------------------------------------------------
2025-02-10 16:34:24   Adaptive mesh refinement pass 3

                      ------------------------------------------------------------------------------
2025-02-10 16:34:31     Matrix setup time        :	1 s
                        Degrees of freedom       :	65914
                        Number of mesh cells     :	3605

                        Stimulation port         :	1
                        Mode number              :	1
                        Accuracy                 :	9.69948e-05
                        Iterations               :	114
                        Solver time              :	4 s


                      ------------------------------------------------------------------------------
2025-02-10 16:34:33     Delta calculation        
2025-02-10 16:34:33     All S-Parameters         :	0.177619
2025-02-10 16:34:33   

                      ------------------------------------------------------------------------------
2025-02-10 16:34:35   Adaptive mesh refinement pass 4

                      ------------------------------------------------------------------------------
2025-02-10 16:34:43     Matrix setup time        :	2 s
                        Degrees of freedom       :	96772
                        Number of mesh cells     :	5339

                        Stimulation port         :	1
                        Mode number              :	1
                        Accuracy                 :	9.51689e-05
                        Iterations               :	90
                        Solver time              :	4 s


                      ------------------------------------------------------------------------------
2025-02-10 16:34:45     Delta calculation        
2025-02-10 16:34:45     All S-Parameters         :	0.105976
2025-02-10 16:34:45   

                      ------------------------------------------------------------------------------
2025-02-10 16:34:48   Adaptive mesh refinement pass 5

                      ------------------------------------------------------------------------------
2025-02-10 16:34:59     Matrix setup time        :	3 s
                        Degrees of freedom       :	139372
                        Number of mesh cells     :	7733

                        Stimulation port         :	1
                        Mode number              :	1
                        Accuracy                 :	9.40899e-05
                        Iterations               :	90
                        Solver time              :	6 s


                      ------------------------------------------------------------------------------
2025-02-10 16:35:02     Delta calculation        
2025-02-10 16:35:02     All S-Parameters         :	0.0462452
2025-02-10 16:35:02   

                      ------------------------------------------------------------------------------
2025-02-10 16:35:06   Adaptive mesh refinement pass 6

                      ------------------------------------------------------------------------------
2025-02-10 16:35:22     Matrix setup time        :	5 s
                        Degrees of freedom       :	215188
                        Number of mesh cells     :	12008

                        Stimulation port         :	1
                        Mode number              :	1
                        Accuracy                 :	9.02366e-05
                        Iterations               :	89
                        Solver time              :	9 s


                      ------------------------------------------------------------------------------
2025-02-10 16:35:27     Delta calculation        
2025-02-10 16:35:27     All S-Parameters         :	0.041116
2025-02-10 16:35:27   

                      ------------------------------------------------------------------------------
2025-02-10 16:35:33   Adaptive mesh refinement pass 7

                      ------------------------------------------------------------------------------
2025-02-10 16:35:58     Matrix setup time        :	8 s
                        Degrees of freedom       :	325117
                        Number of mesh cells     :	18140

                        Stimulation port         :	1
                        Mode number              :	1
                        Accuracy                 :	9.43344e-05
                        Iterations               :	95
                        Solver time              :	15 s


                      ------------------------------------------------------------------------------
2025-02-10 16:36:05     Delta calculation        
2025-02-10 16:36:05     All S-Parameters         :	0.0235699
2025-02-10 16:36:05   

                      ------------------------------------------------------------------------------
2025-02-10 16:36:13   Adaptive mesh refinement pass 8

                      ------------------------------------------------------------------------------
2025-02-10 16:36:44     Matrix setup time        :	12 s
                        Solver setup             :	1 s
                        Degrees of freedom       :	445054
                        Number of mesh cells     :	24818

                        Stimulation port         :	1
                        Mode number              :	1
                        Accuracy                 :	8.36345e-05
                        Iterations               :	81
                        Solver time              :	18 s


                      ------------------------------------------------------------------------------
2025-02-10 16:36:54     Delta calculation        
2025-02-10 16:36:54     All S-Parameters         :	0.0123323
2025-02-10 16:36:54   

                      ------------------------------------------------------------------------------
2025-02-10 16:37:05   Adaptive mesh refinement pass 9

                      ------------------------------------------------------------------------------
2025-02-10 16:37:47     Matrix setup time        :	16 s
                        Solver setup             :	1 s
                        Degrees of freedom       :	605800
                        Number of mesh cells     :	33812

                        Stimulation port         :	1
                        Mode number              :	1
                        Accuracy                 :	8.41319e-05
                        Iterations               :	73
                        Solver time              :	23 s


                      ------------------------------------------------------------------------------
2025-02-10 16:38:00     Delta calculation        
2025-02-10 16:38:00     All S-Parameters         :	0.010014
2025-02-10 16:38:00   

                      ------------------------------------------------------------------------------
2025-02-10 16:38:06   The quality of some tetrahedrons is low.  More...

                      ------------------------------------------------------------------------------
2025-02-10 16:38:12   The direct solver will be used.

                      ------------------------------------------------------------------------------
2025-02-10 16:38:13   Adaptive mesh refinement pass 10

                      ------------------------------------------------------------------------------
2025-02-10 16:40:15     Matrix setup time        :	21 s
                        Solver setup             :	97 s
                        Degrees of freedom       :	774553
                        Number of mesh cells     :	43227

                        Stimulation port         :	1
                        Mode number              :	1
                        Accuracy                 :	4.89187e-13
                        Iterations               :	1
                        Solver time              :	1 s


                      ------------------------------------------------------------------------------
2025-02-10 16:40:15   The iterative solver will be used.

                      ------------------------------------------------------------------------------
2025-02-10 16:40:30     Delta calculation        
2025-02-10 16:40:30     All S-Parameters         :	0.00627283
2025-02-10 16:40:30   

                      ------------------------------------------------------------------------------
2025-02-10 16:40:38   The quality of some tetrahedrons is low.  More...

                      ------------------------------------------------------------------------------
2025-02-10 16:40:47   Adaptive mesh refinement pass 11

                      ------------------------------------------------------------------------------
2025-02-10 16:41:52     Matrix setup time        :	27 s
                        Solver setup             :	2 s
                        Degrees of freedom       :	1004011
                        Number of mesh cells     :	56055

                        Stimulation port         :	1
                        Mode number              :	1
                        Accuracy                 :	9.48765e-05
                        Iterations               :	64
                        Solver time              :	34 s


                      ------------------------------------------------------------------------------
2025-02-10 16:42:12     Delta calculation        
2025-02-10 16:42:12     All S-Parameters         :	0.00405444
2025-02-10 16:42:12   

                      ------------------------------------------------------------------------------
2025-02-10 16:42:12   Mesh adaptation terminated because the desired accuracy limit is reached.

                      ------------------------------------------------------------------------------
2025-02-10 16:42:14     Total time               :	499 s	 (= 0 h, 08 m, 19 s)

                      ------------------------------------------------------------------------------
2025-02-10 16:42:14   

                      ------------------------------------------------------------------------------
2025-02-10 16:42:28   Unable to use "EvaluateHFieldOnSIBC" due to model setup.

                      ------------------------------------------------------------------------------
2025-02-10 16:42:29     Calculation 2 (Frequency: 5.815 GHz)


                      ------------------------------------------------------------------------------
2025-02-10 16:42:29     ----------------------------------------------------------------------------
                        Port   Mode   Type        Z-Wave        Z-Wave-Sigma  Z-Line        F-Cutoff
                        1      1      QTEM        232           13.1          48.8          ---
                        ----------------------------------------------------------------------------


                      ------------------------------------------------------------------------------
2025-02-10 16:43:19     Matrix setup time        :	23 s
                        Solver setup             :	2 s
                        Degrees of freedom       :	1004011
                        Number of mesh cells     :	56055

                        Stimulation port         :	1
                        Mode number              :	1
                        Accuracy                 :	9.243e-05
                        Iterations               :	42
                        Solver time              :	22 s


                      ------------------------------------------------------------------------------
2025-02-10 16:43:24     Generating results       :	4 s

                        Total time               :	53 s

                      ------------------------------------------------------------------------------
2025-02-10 16:43:24   

                      ------------------------------------------------------------------------------
2025-02-10 16:43:24     Calculation 3 (Frequency: 5.735 GHz)


                      ------------------------------------------------------------------------------
2025-02-10 16:43:24     ----------------------------------------------------------------------------
                        Port   Mode   Type        Z-Wave        Z-Wave-Sigma  Z-Line        F-Cutoff
                        1      1      QTEM        232           13.1          48.8          ---
                        ----------------------------------------------------------------------------


                      ------------------------------------------------------------------------------
2025-02-10 16:44:05     Matrix setup time        :	23 s
                        Solver setup             :	2 s
                        Degrees of freedom       :	1004011
                        Number of mesh cells     :	56055

                        Stimulation port         :	1
                        Mode number              :	1
                        Accuracy                 :	9.92049e-05
                        Iterations               :	25
                        Solver time              :	13 s


                      ------------------------------------------------------------------------------
2025-02-10 16:44:09     Generating results       :	4 s

                        Total time               :	45 s

                      ------------------------------------------------------------------------------
2025-02-10 16:44:09   

                      ------------------------------------------------------------------------------
2025-02-10 16:44:09     Calculation 4 (Frequency: 5.1975 GHz)


                      ------------------------------------------------------------------------------
2025-02-10 16:44:10     ----------------------------------------------------------------------------
                        Port   Mode   Type        Z-Wave        Z-Wave-Sigma  Z-Line        F-Cutoff
                        1      1      QTEM        233           13            48.8          ---
                        ----------------------------------------------------------------------------


                      ------------------------------------------------------------------------------
2025-02-10 16:45:08     Matrix setup time        :	24 s
                        Solver setup             :	2 s
                        Degrees of freedom       :	1004011
                        Number of mesh cells     :	56055

                        Stimulation port         :	1
                        Mode number              :	1
                        Accuracy                 :	9.62816e-05
                        Iterations               :	56
                        Solver time              :	30 s


                      ------------------------------------------------------------------------------
2025-02-10 16:45:16     Generating results       :	8 s

                        Total time               :	66 s	 (= 0 h, 01 m, 06 s)

                      ------------------------------------------------------------------------------
2025-02-10 16:45:16   

                      ------------------------------------------------------------------------------
2025-02-10 16:45:17     Calculation 5 (Frequency: 6.3525 GHz)


                      ------------------------------------------------------------------------------
2025-02-10 16:45:17     ----------------------------------------------------------------------------
                        Port   Mode   Type        Z-Wave        Z-Wave-Sigma  Z-Line        F-Cutoff
                        1      1      QTEM        232           13.2          48.8          ---
                        ----------------------------------------------------------------------------


                      ------------------------------------------------------------------------------
2025-02-10 16:46:17     Matrix setup time        :	23 s
                        Solver setup             :	3 s
                        Degrees of freedom       :	1004011
                        Number of mesh cells     :	56055

                        Stimulation port         :	1
                        Mode number              :	1
                        Accuracy                 :	8.76714e-05
                        Iterations               :	60
                        Solver time              :	32 s


                      ------------------------------------------------------------------------------
2025-02-10 16:46:26     Generating results       :	8 s

                        Total time               :	68 s	 (= 0 h, 01 m, 08 s)

                      ------------------------------------------------------------------------------
2025-02-10 16:46:26   

                      ------------------------------------------------------------------------------
2025-02-10 16:46:26     Calculation 6 (Frequency: 5.795 GHz)


                      ------------------------------------------------------------------------------
2025-02-10 16:46:26     ----------------------------------------------------------------------------
                        Port   Mode   Type        Z-Wave        Z-Wave-Sigma  Z-Line        F-Cutoff
                        1      1      QTEM        232           13.1          48.8          ---
                        ----------------------------------------------------------------------------


                      ------------------------------------------------------------------------------
2025-02-10 16:46:57     Matrix setup time        :	23 s
                        Solver setup             :	3 s
                        Degrees of freedom       :	1004011
                        Number of mesh cells     :	56055

                        Stimulation port         :	1
                        Mode number              :	1
                        Accuracy                 :	5.6857e-05
                        Iterations               :	5
                        Solver time              :	3 s


                      ------------------------------------------------------------------------------
2025-02-10 16:47:02     Generating results       :	4 s

                        Total time               :	35 s

                      ------------------------------------------------------------------------------
2025-02-10 16:47:02   

                      ------------------------------------------------------------------------------
2025-02-10 16:47:02     Calculation 7 (Frequency: 5.755 GHz)


                      ------------------------------------------------------------------------------
2025-02-10 16:47:02     ----------------------------------------------------------------------------
                        Port   Mode   Type        Z-Wave        Z-Wave-Sigma  Z-Line        F-Cutoff
                        1      1      QTEM        232           13.1          48.8          ---
                        ----------------------------------------------------------------------------


                      ------------------------------------------------------------------------------
2025-02-10 16:47:34     Matrix setup time        :	23 s
                        Solver setup             :	3 s
                        Degrees of freedom       :	1004011
                        Number of mesh cells     :	56055

                        Stimulation port         :	1
                        Mode number              :	1
                        Accuracy                 :	5.81164e-05
                        Iterations               :	5
                        Solver time              :	3 s


                      ------------------------------------------------------------------------------
2025-02-10 16:47:37   Only few automatic samples have been calculated up to now. Therefore, the frequency sweep is continued with additional 
                      automatically chosen samples.

                      ------------------------------------------------------------------------------
2025-02-10 16:47:38     Generating results       :	3 s

                        Total time               :	35 s

                      ------------------------------------------------------------------------------
2025-02-10 16:47:38   

                      ------------------------------------------------------------------------------
2025-02-10 16:47:38     Calculation 8 (Frequency: 5.765 GHz)


                      ------------------------------------------------------------------------------
2025-02-10 16:47:39     ----------------------------------------------------------------------------
                        Port   Mode   Type        Z-Wave        Z-Wave-Sigma  Z-Line        F-Cutoff
                        1      1      QTEM        232           13.1          48.8          ---
                        ----------------------------------------------------------------------------


                      ------------------------------------------------------------------------------
2025-02-10 16:48:11     Matrix setup time        :	23 s
                        Solver setup             :	4 s
                        Degrees of freedom       :	1004011
                        Number of mesh cells     :	56055

                        Stimulation port         :	1
                        Mode number              :	1
                        Accuracy                 :	4.1315e-05
                        Iterations               :	5
                        Solver time              :	3 s


                      ------------------------------------------------------------------------------
2025-02-10 16:48:14   An additional check has indicated that the frequency sweep needs to be continued. More...

                      ------------------------------------------------------------------------------
2025-02-10 16:48:15     Generating results       :	4 s

                        Total time               :	36 s

                      ------------------------------------------------------------------------------
2025-02-10 16:48:15   

                      ------------------------------------------------------------------------------
2025-02-10 16:48:15     Calculation 9 (Frequency: 5.745 GHz)


                      ------------------------------------------------------------------------------
2025-02-10 16:48:16     ----------------------------------------------------------------------------
                        Port   Mode   Type        Z-Wave        Z-Wave-Sigma  Z-Line        F-Cutoff
                        1      1      QTEM        232           13.1          48.8          ---
                        ----------------------------------------------------------------------------


                      ------------------------------------------------------------------------------
2025-02-10 16:48:48     Matrix setup time        :	23 s
                        Solver setup             :	4 s
                        Degrees of freedom       :	1004011
                        Number of mesh cells     :	56055

                        Stimulation port         :	1
                        Mode number              :	1
                        Accuracy                 :	5.7571e-05
                        Iterations               :	5
                        Solver time              :	3 s


                      ------------------------------------------------------------------------------
2025-02-10 16:48:52     Generating results       :	4 s

                        Total time               :	36 s

                      ------------------------------------------------------------------------------
2025-02-10 16:48:52   

                      ------------------------------------------------------------------------------
2025-02-10 16:48:52     Calculation 10 (Frequency: 5.805 GHz)


                      ------------------------------------------------------------------------------
2025-02-10 16:48:53     ----------------------------------------------------------------------------
                        Port   Mode   Type        Z-Wave        Z-Wave-Sigma  Z-Line        F-Cutoff
                        1      1      QTEM        232           13.1          48.8          ---
                        ----------------------------------------------------------------------------


                      ------------------------------------------------------------------------------
2025-02-10 16:49:26     Matrix setup time        :	23 s
                        Solver setup             :	5 s
                        Degrees of freedom       :	1004011
                        Number of mesh cells     :	56055

                        Stimulation port         :	1
                        Mode number              :	1
                        Accuracy                 :	5.38921e-05
                        Iterations               :	5
                        Solver time              :	3 s


                      ------------------------------------------------------------------------------
2025-02-10 16:49:30     Generating results       :	4 s

                        Total time               :	37 s

                      ------------------------------------------------------------------------------
2025-02-10 16:49:30   

                      ------------------------------------------------------------------------------
2025-02-10 16:49:30   Finished the general purpose interpolative broadband frequency sweep:
                      All broadband sweep convergence criteria have been satisfied after
                      calculating 10 frequency samples:

                        Broadband sweep error threshold value :  0.01 (All S-Parameters) 
                        Number of error criterion checks      :  2 (All S-Parameters) 
                        Minimum number of samples             :  3
                        Number of data samples, linear        :  1001

                      ------------------------------------------------------------------------------
2025-02-10 16:50:05     Number of mesh cells     :	56055
                        Degrees of freedom       :	1004011
                        Total Solver Time        :	932 s	 (= 0 h, 15 m, 32 s)
                      ================================================================================



                      ------------------------------------------------------------------------------
2025-02-10 16:50:06     ----------------------------------------------------------------------------
                                            Peak memory used (kB)         Free physical memory (kB) 
                                                                          At begin     Minimum      
                        ----------------------------------------------------------------------------
                        Solver start        21292                         83505696     83505124     
                        Eq. system setup    6112352                       83460956     82204992     
                        Eq. system solve    6112352                       83401836     77446352     
                        Mesh refinement     6112352                       83354800     81985040     
                        Solver run total    6112352                       83505700     77446352     

                        Computer name       gamserverhp3
                        ----------------------------------------------------------------------------


                      ------------------------------------------------------------------------------
2025-02-10 16:50:06   Running postprocessing.

                      ------------------------------------------------------------------------------
2025-02-10 16:50:21   Postprocessing finished.

                      ------------------------------------------------------------------------------
2025-02-10 16:50:21   Parametric 1D storage is switched off.

                      ------------------------------------------------------------------------------
