2025-02-11 18:27:44   The length ratio between the shortest and the longest model edges is 1:1618.
                      Short model edges can be highlighted via Mesh:Mesh Control->Check Mesh->Check
                      Model Edge Length.... (It may be advantageous to model the metallizations as
                      infinitely thin sheets.) More...

                      ------------------------------------------------------------------------------
2025-02-11 18:27:57   *** Warning ***

                      This software is licensed for non-commercial use only.

                      ------------------------------------------------------------------------------
2025-02-11 18:27:57   Units settings: 

                        Dimensions: mm
                        Frequency:  GHz
                        Time:       ns

                      ------------------------------------------------------------------------------
2025-02-11 18:27:57   Boundary conditions: 

                        YZsymmetry: magnetic
                        XZsymmetry: none
                        XYsymmetry: none

                        Xmin: expanded open
                        Xmax: expanded open

                        Ymin: expanded open
                        Ymax: expanded open

                        Zmin: expanded open
                        Zmax: expanded open

                      ------------------------------------------------------------------------------
2025-02-11 18:27:57   Order settings: 

                        Solver order   : 3rd (constant)
                        Curved elements: up to order 5 (automatic)

                      ------------------------------------------------------------------------------
2025-02-11 18:27:58   The number of frequency samples has been increased to take into account all field monitors.

                      ------------------------------------------------------------------------------
2025-02-11 18:27:58   An iterative solver will be used first.

                      ------------------------------------------------------------------------------
2025-02-11 18:27:58     Mesh time                :	12 s


                      ------------------------------------------------------------------------------
2025-02-11 18:27:58   
                      ================================================================================
                      Frequency Domain Solver calculation cycle started

                      ------------------------------------------------------------------------------
2025-02-11 18:27:58   Solver started at: 2025-02-11 18:27:58 +0100

                        Module:  Frequency Domain: S-Parameter (Win 64)
                        Version: 2024.4 Release from 2024-04-30 (change 1266454)

                      ------------------------------------------------------------------------------
2025-02-11 18:27:58     Calculation 1 of 1 (Frequency: 5.775 GHz)


                      ------------------------------------------------------------------------------
2025-02-11 18:27:58   Automatically activated electric shielding for port 1.

                      ------------------------------------------------------------------------------
2025-02-11 18:28:07     ----------------------------------------------------------------------------
                        Port   Mode   Type        Z-Wave        Z-Wave-Sigma  Z-Line        F-Cutoff
                        1      1      QTEM        232           13.1          48.8          ---
                        ----------------------------------------------------------------------------


                      ------------------------------------------------------------------------------
2025-02-11 18:28:08   Adaptive mesh refinement pass 1

                      ------------------------------------------------------------------------------
2025-02-11 18:28:16     Matrix setup time        :	1 s
                        Degrees of freedom       :	36820
                        Number of mesh cells     :	1967

                        Stimulation port         :	1
                        Mode number              :	1
                        Accuracy                 :	9.52372e-05
                        Iterations               :	245
                        Solver time              :	6 s


                      ------------------------------------------------------------------------------
2025-02-11 18:28:18   41% of all mesh edges seem to be longer than expected. The adaptive mesh refinement's growth limitation will therefore 
                      use 6885 instead of 1965 mesh cells as a reference.

                      ------------------------------------------------------------------------------
2025-02-11 18:28:19   Adaptive mesh refinement pass 2

                      ------------------------------------------------------------------------------
2025-02-11 18:28:24     Matrix setup time        :	1 s
                        Degrees of freedom       :	53104
                        Number of mesh cells     :	2874

                        Stimulation port         :	1
                        Mode number              :	1
                        Accuracy                 :	7.98473e-05
                        Iterations               :	116
                        Solver time              :	3 s


                      ------------------------------------------------------------------------------
2025-02-11 18:28:26     Delta calculation        
2025-02-11 18:28:26     All S-Parameters         :	0.581526
2025-02-11 18:28:26   

                      ------------------------------------------------------------------------------
2025-02-11 18:28:27   Adaptive mesh refinement pass 3

                      ------------------------------------------------------------------------------
2025-02-11 18:28:34     Matrix setup time        :	2 s
                        Degrees of freedom       :	70717
                        Number of mesh cells     :	3865

                        Stimulation port         :	1
                        Mode number              :	1
                        Accuracy                 :	9.66805e-05
                        Iterations               :	105
                        Solver time              :	4 s


                      ------------------------------------------------------------------------------
2025-02-11 18:28:35     Delta calculation        
2025-02-11 18:28:35     All S-Parameters         :	0.0971043
2025-02-11 18:28:35   

                      ------------------------------------------------------------------------------
2025-02-11 18:28:37   Adaptive mesh refinement pass 4

                      ------------------------------------------------------------------------------
2025-02-11 18:28:47     Matrix setup time        :	2 s
                        Degrees of freedom       :	101311
                        Number of mesh cells     :	5599

                        Stimulation port         :	1
                        Mode number              :	1
                        Accuracy                 :	4.82254e-05
                        Iterations               :	110
                        Solver time              :	6 s


                      ------------------------------------------------------------------------------
2025-02-11 18:28:49     Delta calculation        
2025-02-11 18:28:49     All S-Parameters         :	0.100897
2025-02-11 18:28:49   

                      ------------------------------------------------------------------------------
2025-02-11 18:28:52   Adaptive mesh refinement pass 5

                      ------------------------------------------------------------------------------
2025-02-11 18:29:05     Matrix setup time        :	4 s
                        Degrees of freedom       :	154183
                        Number of mesh cells     :	8581

                        Stimulation port         :	1
                        Mode number              :	1
                        Accuracy                 :	9.90733e-05
                        Iterations               :	101
                        Solver time              :	8 s


                      ------------------------------------------------------------------------------
2025-02-11 18:29:08     Delta calculation        
2025-02-11 18:29:08     All S-Parameters         :	0.0469218
2025-02-11 18:29:08   

                      ------------------------------------------------------------------------------
2025-02-11 18:29:12   Adaptive mesh refinement pass 6

                      ------------------------------------------------------------------------------
2025-02-11 18:29:30     Matrix setup time        :	6 s
                        Degrees of freedom       :	231421
                        Number of mesh cells     :	12916

                        Stimulation port         :	1
                        Mode number              :	1
                        Accuracy                 :	8.80066e-05
                        Iterations               :	88
                        Solver time              :	10 s


                      ------------------------------------------------------------------------------
2025-02-11 18:29:34     Delta calculation        
2025-02-11 18:29:34     All S-Parameters         :	0.0346334
2025-02-11 18:29:34   

                      ------------------------------------------------------------------------------
2025-02-11 18:29:40   Adaptive mesh refinement pass 7

                      ------------------------------------------------------------------------------
2025-02-11 18:30:07     Matrix setup time        :	9 s
                        Degrees of freedom       :	348271
                        Number of mesh cells     :	19448

                        Stimulation port         :	1
                        Mode number              :	1
                        Accuracy                 :	7.37774e-05
                        Iterations               :	95
                        Solver time              :	17 s


                      ------------------------------------------------------------------------------
2025-02-11 18:30:14     Delta calculation        
2025-02-11 18:30:14     All S-Parameters         :	0.0262539
2025-02-11 18:30:14   

                      ------------------------------------------------------------------------------
2025-02-11 18:30:21   The direct solver will be used.

                      ------------------------------------------------------------------------------
2025-02-11 18:30:22   Adaptive mesh refinement pass 8

                      ------------------------------------------------------------------------------
2025-02-11 18:31:19     Matrix setup time        :	12 s
                        Solver setup             :	43 s
                        Degrees of freedom       :	452704
                        Number of mesh cells     :	25257

                        Stimulation port         :	1
                        Mode number              :	1
                        Accuracy                 :	3.93126e-13
                        Iterations               :	1
                        Solver time              :	1 s


                      ------------------------------------------------------------------------------
2025-02-11 18:31:20   The iterative solver will be used.

                      ------------------------------------------------------------------------------
2025-02-11 18:31:27     Delta calculation        
2025-02-11 18:31:27     All S-Parameters         :	0.007748
2025-02-11 18:31:27   

                      ------------------------------------------------------------------------------
2025-02-11 18:31:37   Adaptive mesh refinement pass 9

                      ------------------------------------------------------------------------------
2025-02-11 18:32:15     Matrix setup time        :	15 s
                        Solver setup             :	1 s
                        Degrees of freedom       :	572683
                        Number of mesh cells     :	31974

                        Stimulation port         :	1
                        Mode number              :	1
                        Accuracy                 :	9.9086e-05
                        Iterations               :	64
                        Solver time              :	20 s


                      ------------------------------------------------------------------------------
2025-02-11 18:32:25     Delta calculation        
2025-02-11 18:32:25     All S-Parameters         :	0.00721364
2025-02-11 18:32:25   

                      ------------------------------------------------------------------------------
2025-02-11 18:32:25   Mesh adaptation terminated because the desired accuracy limit is reached.

                      ------------------------------------------------------------------------------
2025-02-11 18:32:25     Total time               :	266 s	 (= 0 h, 04 m, 26 s)

                      ------------------------------------------------------------------------------
2025-02-11 18:32:25   

                      ------------------------------------------------------------------------------
2025-02-11 18:32:32   Unable to use "EvaluateHFieldOnSIBC" due to model setup.

                      ------------------------------------------------------------------------------
2025-02-11 18:32:32     Calculation 2 (Frequency: 5.815 GHz)


                      ------------------------------------------------------------------------------
2025-02-11 18:32:32     ----------------------------------------------------------------------------
                        Port   Mode   Type        Z-Wave        Z-Wave-Sigma  Z-Line        F-Cutoff
                        1      1      QTEM        232           13.1          48.8          ---
                        ----------------------------------------------------------------------------


                      ------------------------------------------------------------------------------
2025-02-11 18:33:02     Matrix setup time        :	14 s
                        Solver setup             :	1 s
                        Degrees of freedom       :	572683
                        Number of mesh cells     :	31974

                        Stimulation port         :	1
                        Mode number              :	1
                        Accuracy                 :	8.89271e-05
                        Iterations               :	44
                        Solver time              :	13 s


                      ------------------------------------------------------------------------------
2025-02-11 18:33:04     Generating results       :	2 s

                        Total time               :	31 s

                      ------------------------------------------------------------------------------
2025-02-11 18:33:04   

                      ------------------------------------------------------------------------------
2025-02-11 18:33:04     Calculation 3 (Frequency: 5.735 GHz)


                      ------------------------------------------------------------------------------
2025-02-11 18:33:04     ----------------------------------------------------------------------------
                        Port   Mode   Type        Z-Wave        Z-Wave-Sigma  Z-Line        F-Cutoff
                        1      1      QTEM        232           13.1          48.8          ---
                        ----------------------------------------------------------------------------


                      ------------------------------------------------------------------------------
2025-02-11 18:33:30     Matrix setup time        :	13 s
                        Solver setup             :	1 s
                        Degrees of freedom       :	572683
                        Number of mesh cells     :	31974

                        Stimulation port         :	1
                        Mode number              :	1
                        Accuracy                 :	9.9936e-05
                        Iterations               :	29
                        Solver time              :	9 s


                      ------------------------------------------------------------------------------
2025-02-11 18:33:32     Generating results       :	2 s

                        Total time               :	27 s

                      ------------------------------------------------------------------------------
2025-02-11 18:33:32   

                      ------------------------------------------------------------------------------
2025-02-11 18:33:32     Calculation 4 (Frequency: 5.1975 GHz)


                      ------------------------------------------------------------------------------
2025-02-11 18:33:32     ----------------------------------------------------------------------------
                        Port   Mode   Type        Z-Wave        Z-Wave-Sigma  Z-Line        F-Cutoff
                        1      1      QTEM        233           13            48.8          ---
                        ----------------------------------------------------------------------------


                      ------------------------------------------------------------------------------
2025-02-11 18:34:06     Matrix setup time        :	13 s
                        Solver setup             :	1 s
                        Degrees of freedom       :	572683
                        Number of mesh cells     :	31974

                        Stimulation port         :	1
                        Mode number              :	1
                        Accuracy                 :	9.98488e-05
                        Iterations               :	55
                        Solver time              :	18 s


                      ------------------------------------------------------------------------------
2025-02-11 18:34:11     Generating results       :	4 s

                        Total time               :	38 s

                      ------------------------------------------------------------------------------
2025-02-11 18:34:11   

                      ------------------------------------------------------------------------------
2025-02-11 18:34:11     Calculation 5 (Frequency: 6.3525 GHz)


                      ------------------------------------------------------------------------------
2025-02-11 18:34:11     ----------------------------------------------------------------------------
                        Port   Mode   Type        Z-Wave        Z-Wave-Sigma  Z-Line        F-Cutoff
                        1      1      QTEM        232           13.2          48.8          ---
                        ----------------------------------------------------------------------------


                      ------------------------------------------------------------------------------
2025-02-11 18:34:46     Matrix setup time        :	13 s
                        Solver setup             :	1 s
                        Degrees of freedom       :	572683
                        Number of mesh cells     :	31974

                        Stimulation port         :	1
                        Mode number              :	1
                        Accuracy                 :	6.31449e-05
                        Iterations               :	60
                        Solver time              :	18 s


                      ------------------------------------------------------------------------------
2025-02-11 18:34:50     Generating results       :	4 s

                        Total time               :	39 s

                      ------------------------------------------------------------------------------
2025-02-11 18:34:50   

                      ------------------------------------------------------------------------------
2025-02-11 18:34:50     Calculation 6 (Frequency: 5.795 GHz)


                      ------------------------------------------------------------------------------
2025-02-11 18:34:51     ----------------------------------------------------------------------------
                        Port   Mode   Type        Z-Wave        Z-Wave-Sigma  Z-Line        F-Cutoff
                        1      1      QTEM        232           13.1          48.8          ---
                        ----------------------------------------------------------------------------


                      ------------------------------------------------------------------------------
2025-02-11 18:35:09     Matrix setup time        :	13 s
                        Solver setup             :	2 s
                        Degrees of freedom       :	572683
                        Number of mesh cells     :	31974

                        Stimulation port         :	1
                        Mode number              :	1
                        Accuracy                 :	4.28792e-05
                        Iterations               :	5
                        Solver time              :	1 s


                      ------------------------------------------------------------------------------
2025-02-11 18:35:11     Generating results       :	2 s

                        Total time               :	20 s

                      ------------------------------------------------------------------------------
2025-02-11 18:35:11   

                      ------------------------------------------------------------------------------
2025-02-11 18:35:11     Calculation 7 (Frequency: 5.755 GHz)


                      ------------------------------------------------------------------------------
2025-02-11 18:35:11     ----------------------------------------------------------------------------
                        Port   Mode   Type        Z-Wave        Z-Wave-Sigma  Z-Line        F-Cutoff
                        1      1      QTEM        232           13.1          48.8          ---
                        ----------------------------------------------------------------------------


                      ------------------------------------------------------------------------------
2025-02-11 18:35:30     Matrix setup time        :	13 s
                        Solver setup             :	2 s
                        Degrees of freedom       :	572683
                        Number of mesh cells     :	31974

                        Stimulation port         :	1
                        Mode number              :	1
                        Accuracy                 :	6.90285e-05
                        Iterations               :	5
                        Solver time              :	1 s


                      ------------------------------------------------------------------------------
2025-02-11 18:35:31   Only few automatic samples have been calculated up to now. Therefore, the frequency sweep is continued with additional 
                      automatically chosen samples.

                      ------------------------------------------------------------------------------
2025-02-11 18:35:32     Generating results       :	2 s

                        Total time               :	20 s

                      ------------------------------------------------------------------------------
2025-02-11 18:35:32   

                      ------------------------------------------------------------------------------
2025-02-11 18:35:32     Calculation 8 (Frequency: 5.785 GHz)


                      ------------------------------------------------------------------------------
2025-02-11 18:35:32     ----------------------------------------------------------------------------
                        Port   Mode   Type        Z-Wave        Z-Wave-Sigma  Z-Line        F-Cutoff
                        1      1      QTEM        232           13.1          48.8          ---
                        ----------------------------------------------------------------------------


                      ------------------------------------------------------------------------------
2025-02-11 18:35:51     Matrix setup time        :	14 s
                        Solver setup             :	2 s
                        Degrees of freedom       :	572683
                        Number of mesh cells     :	31974

                        Stimulation port         :	1
                        Mode number              :	1
                        Accuracy                 :	3.47461e-05
                        Iterations               :	5
                        Solver time              :	1 s


                      ------------------------------------------------------------------------------
2025-02-11 18:35:53   An additional check has indicated that the frequency sweep needs to be continued. More...

                      ------------------------------------------------------------------------------
2025-02-11 18:35:53     Generating results       :	1 s

                        Total time               :	20 s

                      ------------------------------------------------------------------------------
2025-02-11 18:35:53   

                      ------------------------------------------------------------------------------
2025-02-11 18:35:53     Calculation 9 (Frequency: 5.765 GHz)


                      ------------------------------------------------------------------------------
2025-02-11 18:35:53     ----------------------------------------------------------------------------
                        Port   Mode   Type        Z-Wave        Z-Wave-Sigma  Z-Line        F-Cutoff
                        1      1      QTEM        232           13.1          48.8          ---
                        ----------------------------------------------------------------------------


                      ------------------------------------------------------------------------------
2025-02-11 18:36:12     Matrix setup time        :	13 s
                        Solver setup             :	2 s
                        Degrees of freedom       :	572683
                        Number of mesh cells     :	31974

                        Stimulation port         :	1
                        Mode number              :	1
                        Accuracy                 :	5.31887e-05
                        Iterations               :	5
                        Solver time              :	1 s


                      ------------------------------------------------------------------------------
2025-02-11 18:36:14     Generating results       :	1 s

                        Total time               :	20 s

                      ------------------------------------------------------------------------------
2025-02-11 18:36:14   

                      ------------------------------------------------------------------------------
2025-02-11 18:36:14     Calculation 10 (Frequency: 5.805 GHz)


                      ------------------------------------------------------------------------------
2025-02-11 18:36:15     ----------------------------------------------------------------------------
                        Port   Mode   Type        Z-Wave        Z-Wave-Sigma  Z-Line        F-Cutoff
                        1      1      QTEM        232           13.1          48.8          ---
                        ----------------------------------------------------------------------------


                      ------------------------------------------------------------------------------
2025-02-11 18:36:34     Matrix setup time        :	13 s
                        Solver setup             :	2 s
                        Degrees of freedom       :	572683
                        Number of mesh cells     :	31974

                        Stimulation port         :	1
                        Mode number              :	1
                        Accuracy                 :	3.31514e-05
                        Iterations               :	5
                        Solver time              :	1 s


                      ------------------------------------------------------------------------------
2025-02-11 18:36:36     Generating results       :	1 s

                        Total time               :	20 s

                      ------------------------------------------------------------------------------
2025-02-11 18:36:36   

                      ------------------------------------------------------------------------------
2025-02-11 18:36:36   Finished the general purpose interpolative broadband frequency sweep:
                      All broadband sweep convergence criteria have been satisfied after
                      calculating 10 frequency samples:

                        Broadband sweep error threshold value :  0.01 (All S-Parameters) 
                        Number of error criterion checks      :  2 (All S-Parameters) 
                        Minimum number of samples             :  3
                        Number of data samples, linear        :  1001

                      ------------------------------------------------------------------------------
2025-02-11 18:36:53     Number of mesh cells     :	31974
                        Degrees of freedom       :	572683
                        Total Solver Time        :	522 s	 (= 0 h, 08 m, 42 s)
                      ================================================================================



                      ------------------------------------------------------------------------------
2025-02-11 18:36:53     ----------------------------------------------------------------------------
                                            Peak memory used (kB)         Free physical memory (kB) 
                                                                          At begin     Minimum      
                        ----------------------------------------------------------------------------
                        Solver start        21308                         81768860     81768240     
                        Eq. system setup    3366048                       81751020     80504048     
                        Eq. system solve    3366048                       81688816     78727632     
                        Mesh refinement     3366048                       81569200     81304232     
                        Solver run total    3366048                       81768876     78727632     

                        Computer name       gamserverhp3
                        ----------------------------------------------------------------------------


                      ------------------------------------------------------------------------------
2025-02-11 18:36:53   Running postprocessing.

                      ------------------------------------------------------------------------------
2025-02-11 18:37:06   Postprocessing finished.

                      ------------------------------------------------------------------------------
2025-02-11 18:37:07   Parametric 1D storage is switched off.

                      ------------------------------------------------------------------------------
