2025-02-10 16:00:00   The length ratio between the shortest and the longest model edges is 1:1627.
                      Short model edges can be highlighted via Mesh:Mesh Control->Check Mesh->Check
                      Model Edge Length.... (It may be advantageous to model the metallizations as
                      infinitely thin sheets.) More...

                      ------------------------------------------------------------------------------
2025-02-10 16:00:13   *** Warning ***

                      This software is licensed for non-commercial use only.

                      ------------------------------------------------------------------------------
2025-02-10 16:00:14   Units settings: 

                        Dimensions: mm
                        Frequency:  GHz
                        Time:       ns

                      ------------------------------------------------------------------------------
2025-02-10 16:00:14   Boundary conditions: 

                        YZsymmetry: magnetic
                        XZsymmetry: none
                        XYsymmetry: none

                        Xmin: expanded open
                        Xmax: expanded open

                        Ymin: expanded open
                        Ymax: expanded open

                        Zmin: expanded open
                        Zmax: expanded open

                      ------------------------------------------------------------------------------
2025-02-10 16:00:14   Order settings: 

                        Solver order   : 3rd (constant)
                        Curved elements: up to order 5 (automatic)

                      ------------------------------------------------------------------------------
2025-02-10 16:00:14   The number of frequency samples has been increased to take into account all field monitors.

                      ------------------------------------------------------------------------------
2025-02-10 16:00:14   An iterative solver will be used first.

                      ------------------------------------------------------------------------------
2025-02-10 16:00:14     Mesh time                :	12 s


                      ------------------------------------------------------------------------------
2025-02-10 16:00:15   
                      ================================================================================
                      Frequency Domain Solver calculation cycle started

                      ------------------------------------------------------------------------------
2025-02-10 16:00:15   Solver started at: 2025-02-10 16:00:15 +0100

                        Module:  Frequency Domain: S-Parameter (Win 64)
                        Version: 2024.4 Release from 2024-04-30 (change 1266454)

                      ------------------------------------------------------------------------------
2025-02-10 16:00:16     Calculation 1 of 1 (Frequency: 5.775 GHz)


                      ------------------------------------------------------------------------------
2025-02-10 16:00:16   Automatically activated electric shielding for port 1.

                      ------------------------------------------------------------------------------
2025-02-10 16:00:27     ----------------------------------------------------------------------------
                        Port   Mode   Type        Z-Wave        Z-Wave-Sigma  Z-Line        F-Cutoff
                        1      1      QTEM        232           8.03          48.7          ---
                        ----------------------------------------------------------------------------


                      ------------------------------------------------------------------------------
2025-02-10 16:00:28   Adaptive mesh refinement pass 1

                      ------------------------------------------------------------------------------
2025-02-10 16:00:37     Matrix setup time        :	1 s
                        Degrees of freedom       :	37129
                        Number of mesh cells     :	1977

                        Stimulation port         :	1
                        Mode number              :	1
                        Accuracy                 :	9.6734e-05
                        Iterations               :	230
                        Solver time              :	6 s


                      ------------------------------------------------------------------------------
2025-02-10 16:00:38   42% of all mesh edges seem to be longer than expected. The adaptive mesh refinement's growth limitation will therefore 
                      use 7044 instead of 1970 mesh cells as a reference.

                      ------------------------------------------------------------------------------
2025-02-10 16:00:41   Adaptive mesh refinement pass 2

                      ------------------------------------------------------------------------------
2025-02-10 16:00:46     Matrix setup time        :	1 s
                        Degrees of freedom       :	54376
                        Number of mesh cells     :	2936

                        Stimulation port         :	1
                        Mode number              :	1
                        Accuracy                 :	9.7034e-05
                        Iterations               :	93
                        Solver time              :	3 s


                      ------------------------------------------------------------------------------
2025-02-10 16:00:47     Delta calculation        
2025-02-10 16:00:47     All S-Parameters         :	0.60718
2025-02-10 16:00:47   

                      ------------------------------------------------------------------------------
2025-02-10 16:00:50   Adaptive mesh refinement pass 3

                      ------------------------------------------------------------------------------
2025-02-10 16:00:57     Matrix setup time        :	2 s
                        Degrees of freedom       :	73252
                        Number of mesh cells     :	4003

                        Stimulation port         :	1
                        Mode number              :	1
                        Accuracy                 :	8.32147e-05
                        Iterations               :	110
                        Solver time              :	4 s


                      ------------------------------------------------------------------------------
2025-02-10 16:00:59     Delta calculation        
2025-02-10 16:00:59     All S-Parameters         :	0.136334
2025-02-10 16:00:59   

                      ------------------------------------------------------------------------------
2025-02-10 16:01:02   Adaptive mesh refinement pass 4

                      ------------------------------------------------------------------------------
2025-02-10 16:01:10     Matrix setup time        :	3 s
                        Degrees of freedom       :	105931
                        Number of mesh cells     :	5843

                        Stimulation port         :	1
                        Mode number              :	1
                        Accuracy                 :	7.87373e-05
                        Iterations               :	89
                        Solver time              :	5 s


                      ------------------------------------------------------------------------------
2025-02-10 16:01:13     Delta calculation        
2025-02-10 16:01:13     All S-Parameters         :	0.0945453
2025-02-10 16:01:13   

                      ------------------------------------------------------------------------------
2025-02-10 16:01:17   Adaptive mesh refinement pass 5

                      ------------------------------------------------------------------------------
2025-02-10 16:01:30     Matrix setup time        :	4 s
                        Degrees of freedom       :	148837
                        Number of mesh cells     :	8251

                        Stimulation port         :	1
                        Mode number              :	1
                        Accuracy                 :	3.6589e-05
                        Iterations               :	119
                        Solver time              :	9 s


                      ------------------------------------------------------------------------------
2025-02-10 16:01:33     Delta calculation        
2025-02-10 16:01:33     All S-Parameters         :	0.0321081
2025-02-10 16:01:33   

                      ------------------------------------------------------------------------------
2025-02-10 16:01:38   Adaptive mesh refinement pass 6

                      ------------------------------------------------------------------------------
2025-02-10 16:01:56     Matrix setup time        :	6 s
                        Degrees of freedom       :	225751
                        Number of mesh cells     :	12546

                        Stimulation port         :	1
                        Mode number              :	1
                        Accuracy                 :	7.1733e-05
                        Iterations               :	100
                        Solver time              :	11 s


                      ------------------------------------------------------------------------------
2025-02-10 16:02:01     Delta calculation        
2025-02-10 16:02:01     All S-Parameters         :	0.0402187
2025-02-10 16:02:01   

                      ------------------------------------------------------------------------------
2025-02-10 16:02:07   Adaptive mesh refinement pass 7

                      ------------------------------------------------------------------------------
2025-02-10 16:02:32     Matrix setup time        :	8 s
                        Degrees of freedom       :	321859
                        Number of mesh cells     :	17943

                        Stimulation port         :	1
                        Mode number              :	1
                        Accuracy                 :	6.61867e-05
                        Iterations               :	95
                        Solver time              :	15 s


                      ------------------------------------------------------------------------------
2025-02-10 16:02:38     Delta calculation        
2025-02-10 16:02:38     All S-Parameters         :	0.0222229
2025-02-10 16:02:38   

                      ------------------------------------------------------------------------------
2025-02-10 16:02:46   Adaptive mesh refinement pass 8

                      ------------------------------------------------------------------------------
2025-02-10 16:03:18     Matrix setup time        :	11 s
                        Solver setup             :	1 s
                        Degrees of freedom       :	440335
                        Number of mesh cells     :	24522

                        Stimulation port         :	1
                        Mode number              :	1
                        Accuracy                 :	6.4223e-05
                        Iterations               :	81
                        Solver time              :	18 s


                      ------------------------------------------------------------------------------
2025-02-10 16:03:27     Delta calculation        
2025-02-10 16:03:27     All S-Parameters         :	0.0144191
2025-02-10 16:03:27   

                      ------------------------------------------------------------------------------
2025-02-10 16:03:36   The direct solver will be used.

                      ------------------------------------------------------------------------------
2025-02-10 16:03:38   Adaptive mesh refinement pass 9

                      ------------------------------------------------------------------------------
2025-02-10 16:04:58     Matrix setup time        :	16 s
                        Solver setup             :	62 s
                        Degrees of freedom       :	574489
                        Number of mesh cells     :	31998

                        Stimulation port         :	1
                        Mode number              :	1
                        Accuracy                 :	2.58408e-13
                        Iterations               :	1
                        Solver time              :	1 s


                      ------------------------------------------------------------------------------
2025-02-10 16:04:59   The iterative solver will be used.

                      ------------------------------------------------------------------------------
2025-02-10 16:05:09     Delta calculation        
2025-02-10 16:05:09     All S-Parameters         :	0.00742961
2025-02-10 16:05:09   

                      ------------------------------------------------------------------------------
2025-02-10 16:05:15   The quality of some tetrahedrons is low.  More...

                      ------------------------------------------------------------------------------
2025-02-10 16:05:22   Adaptive mesh refinement pass 10

                      ------------------------------------------------------------------------------
2025-02-10 16:06:09     Matrix setup time        :	19 s
                        Solver setup             :	1 s
                        Degrees of freedom       :	723988
                        Number of mesh cells     :	40303

                        Stimulation port         :	1
                        Mode number              :	1
                        Accuracy                 :	8.41047e-05
                        Iterations               :	65
                        Solver time              :	24 s


                      ------------------------------------------------------------------------------
2025-02-10 16:06:23     Delta calculation        
2025-02-10 16:06:23     All S-Parameters         :	0.00718613
2025-02-10 16:06:23   

                      ------------------------------------------------------------------------------
2025-02-10 16:06:23   Mesh adaptation terminated because the desired accuracy limit is reached.

                      ------------------------------------------------------------------------------
2025-02-10 16:06:26     Generating results       :	1 s

                        Total time               :	368 s	 (= 0 h, 06 m, 08 s)

                      ------------------------------------------------------------------------------
2025-02-10 16:06:26   

                      ------------------------------------------------------------------------------
2025-02-10 16:06:35   Unable to use "EvaluateHFieldOnSIBC" due to model setup.

                      ------------------------------------------------------------------------------
2025-02-10 16:06:36     Calculation 2 (Frequency: 5.815 GHz)


                      ------------------------------------------------------------------------------
2025-02-10 16:06:37     ----------------------------------------------------------------------------
                        Port   Mode   Type        Z-Wave        Z-Wave-Sigma  Z-Line        F-Cutoff
                        1      1      QTEM        231           7.95          48.7          ---
                        ----------------------------------------------------------------------------


                      ------------------------------------------------------------------------------
2025-02-10 16:07:14     Matrix setup time        :	17 s
                        Solver setup             :	1 s
                        Degrees of freedom       :	723988
                        Number of mesh cells     :	40303

                        Stimulation port         :	1
                        Mode number              :	1
                        Accuracy                 :	8.25069e-05
                        Iterations               :	44
                        Solver time              :	17 s


                      ------------------------------------------------------------------------------
2025-02-10 16:07:18     Generating results       :	3 s

                        Total time               :	40 s

                      ------------------------------------------------------------------------------
2025-02-10 16:07:18   

                      ------------------------------------------------------------------------------
2025-02-10 16:07:18     Calculation 3 (Frequency: 5.735 GHz)


                      ------------------------------------------------------------------------------
2025-02-10 16:07:19     ----------------------------------------------------------------------------
                        Port   Mode   Type        Z-Wave        Z-Wave-Sigma  Z-Line        F-Cutoff
                        1      1      QTEM        232           8.03          48.7          ---
                        ----------------------------------------------------------------------------


                      ------------------------------------------------------------------------------
2025-02-10 16:07:49     Matrix setup time        :	17 s
                        Solver setup             :	1 s
                        Degrees of freedom       :	723988
                        Number of mesh cells     :	40303

                        Stimulation port         :	1
                        Mode number              :	1
                        Accuracy                 :	9.26127e-05
                        Iterations               :	26
                        Solver time              :	10 s


                      ------------------------------------------------------------------------------
2025-02-10 16:07:53     Generating results       :	3 s

                        Total time               :	33 s

                      ------------------------------------------------------------------------------
2025-02-10 16:07:53   

                      ------------------------------------------------------------------------------
2025-02-10 16:07:53     Calculation 4 (Frequency: 5.1975 GHz)


                      ------------------------------------------------------------------------------
2025-02-10 16:07:54     ----------------------------------------------------------------------------
                        Port   Mode   Type        Z-Wave        Z-Wave-Sigma  Z-Line        F-Cutoff
                        1      1      QTEM        232           7.93          48.8          ---
                        ----------------------------------------------------------------------------


                      ------------------------------------------------------------------------------
2025-02-10 16:08:38     Matrix setup time        :	17 s
                        Solver setup             :	2 s
                        Degrees of freedom       :	723988
                        Number of mesh cells     :	40303

                        Stimulation port         :	1
                        Mode number              :	1
                        Accuracy                 :	8.37042e-05
                        Iterations               :	61
                        Solver time              :	24 s


                      ------------------------------------------------------------------------------
2025-02-10 16:08:46     Generating results       :	7 s

                        Total time               :	52 s

                      ------------------------------------------------------------------------------
2025-02-10 16:08:46   

                      ------------------------------------------------------------------------------
2025-02-10 16:08:46     Calculation 5 (Frequency: 6.3525 GHz)


                      ------------------------------------------------------------------------------
2025-02-10 16:08:47     ----------------------------------------------------------------------------
                        Port   Mode   Type        Z-Wave        Z-Wave-Sigma  Z-Line        F-Cutoff
                        1      1      QTEM        231           8.04          48.7          ---
                        ----------------------------------------------------------------------------


                      ------------------------------------------------------------------------------
2025-02-10 16:09:24     Matrix setup time        :	17 s
                        Solver setup             :	2 s
                        Degrees of freedom       :	723988
                        Number of mesh cells     :	40303

                        Stimulation port         :	1
                        Mode number              :	1
                        Accuracy                 :	9.9846e-05
                        Iterations               :	45
                        Solver time              :	17 s


                      ------------------------------------------------------------------------------
2025-02-10 16:09:31     Generating results       :	7 s

                        Total time               :	45 s

                      ------------------------------------------------------------------------------
2025-02-10 16:09:31   

                      ------------------------------------------------------------------------------
2025-02-10 16:09:32     Calculation 6 (Frequency: 5.795 GHz)


                      ------------------------------------------------------------------------------
2025-02-10 16:09:32     ----------------------------------------------------------------------------
                        Port   Mode   Type        Z-Wave        Z-Wave-Sigma  Z-Line        F-Cutoff
                        1      1      QTEM        231           7.95          48.7          ---
                        ----------------------------------------------------------------------------


                      ------------------------------------------------------------------------------
2025-02-10 16:09:56     Matrix setup time        :	17 s
                        Solver setup             :	2 s
                        Degrees of freedom       :	723988
                        Number of mesh cells     :	40303

                        Stimulation port         :	1
                        Mode number              :	1
                        Accuracy                 :	4.30325e-05
                        Iterations               :	5
                        Solver time              :	2 s


                      ------------------------------------------------------------------------------
2025-02-10 16:10:00     Generating results       :	4 s

                        Total time               :	27 s

                      ------------------------------------------------------------------------------
2025-02-10 16:10:00   

                      ------------------------------------------------------------------------------
2025-02-10 16:10:00     Calculation 7 (Frequency: 5.755 GHz)


                      ------------------------------------------------------------------------------
2025-02-10 16:10:01     ----------------------------------------------------------------------------
                        Port   Mode   Type        Z-Wave        Z-Wave-Sigma  Z-Line        F-Cutoff
                        1      1      QTEM        232           8.03          48.7          ---
                        ----------------------------------------------------------------------------


                      ------------------------------------------------------------------------------
2025-02-10 16:10:24     Matrix setup time        :	17 s
                        Solver setup             :	2 s
                        Degrees of freedom       :	723988
                        Number of mesh cells     :	40303

                        Stimulation port         :	1
                        Mode number              :	1
                        Accuracy                 :	5.01631e-05
                        Iterations               :	5
                        Solver time              :	2 s


                      ------------------------------------------------------------------------------
2025-02-10 16:10:27   Only few automatic samples have been calculated up to now. Therefore, the frequency sweep is continued with additional 
                      automatically chosen samples.

                      ------------------------------------------------------------------------------
2025-02-10 16:10:27     Generating results       :	3 s

                        Total time               :	26 s

                      ------------------------------------------------------------------------------
2025-02-10 16:10:27   

                      ------------------------------------------------------------------------------
2025-02-10 16:10:28     Calculation 8 (Frequency: 5.785 GHz)


                      ------------------------------------------------------------------------------
2025-02-10 16:10:28     ----------------------------------------------------------------------------
                        Port   Mode   Type        Z-Wave        Z-Wave-Sigma  Z-Line        F-Cutoff
                        1      1      QTEM        232           8.03          48.7          ---
                        ----------------------------------------------------------------------------


                      ------------------------------------------------------------------------------
2025-02-10 16:10:52     Matrix setup time        :	17 s
                        Solver setup             :	3 s
                        Degrees of freedom       :	723988
                        Number of mesh cells     :	40303

                        Stimulation port         :	1
                        Mode number              :	1
                        Accuracy                 :	2.85472e-05
                        Iterations               :	5
                        Solver time              :	2 s


                      ------------------------------------------------------------------------------
2025-02-10 16:10:55   An additional check has indicated that the frequency sweep needs to be continued. More...

                      ------------------------------------------------------------------------------
2025-02-10 16:10:56     Generating results       :	3 s

                        Total time               :	27 s

                      ------------------------------------------------------------------------------
2025-02-10 16:10:56   

                      ------------------------------------------------------------------------------
2025-02-10 16:10:56     Calculation 9 (Frequency: 5.765 GHz)


                      ------------------------------------------------------------------------------
2025-02-10 16:10:57     ----------------------------------------------------------------------------
                        Port   Mode   Type        Z-Wave        Z-Wave-Sigma  Z-Line        F-Cutoff
                        1      1      QTEM        232           8.03          48.7          ---
                        ----------------------------------------------------------------------------


                      ------------------------------------------------------------------------------
2025-02-10 16:11:20     Matrix setup time        :	17 s
                        Solver setup             :	3 s
                        Degrees of freedom       :	723988
                        Number of mesh cells     :	40303

                        Stimulation port         :	1
                        Mode number              :	1
                        Accuracy                 :	3.82046e-05
                        Iterations               :	5
                        Solver time              :	2 s


                      ------------------------------------------------------------------------------
2025-02-10 16:11:24     Generating results       :	4 s

                        Total time               :	28 s

                      ------------------------------------------------------------------------------
2025-02-10 16:11:24   

                      ------------------------------------------------------------------------------
2025-02-10 16:11:25     Calculation 10 (Frequency: 5.78 GHz)


                      ------------------------------------------------------------------------------
2025-02-10 16:11:25     ----------------------------------------------------------------------------
                        Port   Mode   Type        Z-Wave        Z-Wave-Sigma  Z-Line        F-Cutoff
                        1      1      QTEM        232           8.03          48.7          ---
                        ----------------------------------------------------------------------------


                      ------------------------------------------------------------------------------
2025-02-10 16:11:50     Matrix setup time        :	17 s
                        Solver setup             :	3 s
                        Degrees of freedom       :	723988
                        Number of mesh cells     :	40303

                        Stimulation port         :	1
                        Mode number              :	1
                        Accuracy                 :	2.55242e-05
                        Iterations               :	5
                        Solver time              :	2 s


                      ------------------------------------------------------------------------------
2025-02-10 16:11:53     Generating results       :	3 s

                        Total time               :	27 s

                      ------------------------------------------------------------------------------
2025-02-10 16:11:53   

                      ------------------------------------------------------------------------------
2025-02-10 16:11:53   Finished the general purpose interpolative broadband frequency sweep:
                      All broadband sweep convergence criteria have been satisfied after
                      calculating 10 frequency samples:

                        Broadband sweep error threshold value :  0.01 (All S-Parameters) 
                        Number of error criterion checks      :  2 (All S-Parameters) 
                        Minimum number of samples             :  3
                        Number of data samples, linear        :  1001

                      ------------------------------------------------------------------------------
2025-02-10 16:12:19     Number of mesh cells     :	40303
                        Degrees of freedom       :	723988
                        Total Solver Time        :	694 s	 (= 0 h, 11 m, 34 s)
                      ================================================================================



                      ------------------------------------------------------------------------------
2025-02-10 16:12:20     ----------------------------------------------------------------------------
                                            Peak memory used (kB)         Free physical memory (kB) 
                                                                          At begin     Minimum      
                        ----------------------------------------------------------------------------
                        Solver start        21356                         83546224     83546004     
                        Eq. system setup    4414612                       83404300     82553228     
                        Eq. system solve    4414612                       83399168     79107928     
                        Mesh refinement     4414612                       83397568     82355580     
                        Solver run total    4414612                       83546224     79107928     

                        Computer name       gamserverhp3
                        ----------------------------------------------------------------------------


                      ------------------------------------------------------------------------------
2025-02-10 16:12:21   Running postprocessing.

                      ------------------------------------------------------------------------------
2025-02-10 16:12:37   Postprocessing finished.

                      ------------------------------------------------------------------------------
2025-02-10 16:12:41   Creating parametric 1D results for Run ID 3

                      ------------------------------------------------------------------------------
