2025-02-10 17:22:34   The length ratio between the shortest and the longest model edges is 1:1631.
                      Short model edges can be highlighted via Mesh:Mesh Control->Check Mesh->Check
                      Model Edge Length.... (It may be advantageous to model the metallizations as
                      infinitely thin sheets.) More...

                      ------------------------------------------------------------------------------
2025-02-10 17:22:48   *** Warning ***

                      This software is licensed for non-commercial use only.

                      ------------------------------------------------------------------------------
2025-02-10 17:22:49   Units settings: 

                        Dimensions: mm
                        Frequency:  GHz
                        Time:       ns

                      ------------------------------------------------------------------------------
2025-02-10 17:22:49   Boundary conditions: 

                        YZsymmetry: magnetic
                        XZsymmetry: none
                        XYsymmetry: none

                        Xmin: expanded open
                        Xmax: expanded open

                        Ymin: expanded open
                        Ymax: expanded open

                        Zmin: expanded open
                        Zmax: expanded open

                      ------------------------------------------------------------------------------
2025-02-10 17:22:49   Order settings: 

                        Solver order   : 3rd (constant)
                        Curved elements: up to order 5 (automatic)

                      ------------------------------------------------------------------------------
2025-02-10 17:22:49   The number of frequency samples has been increased to take into account all field monitors.

                      ------------------------------------------------------------------------------
2025-02-10 17:22:49   An iterative solver will be used first.

                      ------------------------------------------------------------------------------
2025-02-10 17:22:49     Mesh time                :	13 s


                      ------------------------------------------------------------------------------
2025-02-10 17:22:50   
                      ================================================================================
                      Frequency Domain Solver calculation cycle started

                      ------------------------------------------------------------------------------
2025-02-10 17:22:50   Solver started at: 2025-02-10 17:22:50 +0100

                        Module:  Frequency Domain: S-Parameter (Win 64)
                        Version: 2024.4 Release from 2024-04-30 (change 1266454)

                      ------------------------------------------------------------------------------
2025-02-10 17:22:51     Calculation 1 of 1 (Frequency: 5.775 GHz)


                      ------------------------------------------------------------------------------
2025-02-10 17:22:51   Automatically activated electric shielding for port 1.

                      ------------------------------------------------------------------------------
2025-02-10 17:23:02     ----------------------------------------------------------------------------
                        Port   Mode   Type        Z-Wave        Z-Wave-Sigma  Z-Line        F-Cutoff
                        1      1      QTEM        234           18.2          48.8          ---
                        ----------------------------------------------------------------------------


                      ------------------------------------------------------------------------------
2025-02-10 17:23:03   Adaptive mesh refinement pass 1

                      ------------------------------------------------------------------------------
2025-02-10 17:23:09     Matrix setup time        :	1 s
                        Degrees of freedom       :	36820
                        Number of mesh cells     :	1982

                        Stimulation port         :	1
                        Mode number              :	1
                        Accuracy                 :	7.79228e-05
                        Iterations               :	162
                        Solver time              :	4 s


                      ------------------------------------------------------------------------------
2025-02-10 17:23:11   43% of all mesh edges seem to be longer than expected. The adaptive mesh refinement's growth limitation will therefore 
                      use 7113 instead of 1979 mesh cells as a reference.

                      ------------------------------------------------------------------------------
2025-02-10 17:23:13   Adaptive mesh refinement pass 2

                      ------------------------------------------------------------------------------
2025-02-10 17:23:19     Matrix setup time        :	1 s
                        Degrees of freedom       :	52102
                        Number of mesh cells     :	2832

                        Stimulation port         :	1
                        Mode number              :	1
                        Accuracy                 :	9.70335e-05
                        Iterations               :	122
                        Solver time              :	4 s


                      ------------------------------------------------------------------------------
2025-02-10 17:23:20     Delta calculation        
2025-02-10 17:23:20     All S-Parameters         :	0.521511
2025-02-10 17:23:20   

                      ------------------------------------------------------------------------------
2025-02-10 17:23:22   Adaptive mesh refinement pass 3

                      ------------------------------------------------------------------------------
2025-02-10 17:23:28     Matrix setup time        :	1 s
                        Degrees of freedom       :	69712
                        Number of mesh cells     :	3825

                        Stimulation port         :	1
                        Mode number              :	1
                        Accuracy                 :	7.61519e-05
                        Iterations               :	99
                        Solver time              :	4 s


                      ------------------------------------------------------------------------------
2025-02-10 17:23:30     Delta calculation        
2025-02-10 17:23:30     All S-Parameters         :	0.0712628
2025-02-10 17:23:30   

                      ------------------------------------------------------------------------------
2025-02-10 17:23:33   Adaptive mesh refinement pass 4

                      ------------------------------------------------------------------------------
2025-02-10 17:23:41     Matrix setup time        :	2 s
                        Degrees of freedom       :	101572
                        Number of mesh cells     :	5627

                        Stimulation port         :	1
                        Mode number              :	1
                        Accuracy                 :	8.73603e-05
                        Iterations               :	95
                        Solver time              :	5 s


                      ------------------------------------------------------------------------------
2025-02-10 17:23:44     Delta calculation        
2025-02-10 17:23:44     All S-Parameters         :	0.0784006
2025-02-10 17:23:44   

                      ------------------------------------------------------------------------------
2025-02-10 17:23:47   Adaptive mesh refinement pass 5

                      ------------------------------------------------------------------------------
2025-02-10 17:24:00     Matrix setup time        :	4 s
                        Degrees of freedom       :	153313
                        Number of mesh cells     :	8515

                        Stimulation port         :	1
                        Mode number              :	1
                        Accuracy                 :	9.96546e-05
                        Iterations               :	105
                        Solver time              :	8 s


                      ------------------------------------------------------------------------------
2025-02-10 17:24:04     Delta calculation        
2025-02-10 17:24:04     All S-Parameters         :	0.0507835
2025-02-10 17:24:04   

                      ------------------------------------------------------------------------------
2025-02-10 17:24:08   Adaptive mesh refinement pass 6

                      ------------------------------------------------------------------------------
2025-02-10 17:24:26     Matrix setup time        :	6 s
                        Degrees of freedom       :	233773
                        Number of mesh cells     :	13019

                        Stimulation port         :	1
                        Mode number              :	1
                        Accuracy                 :	8.52127e-05
                        Iterations               :	95
                        Solver time              :	10 s


                      ------------------------------------------------------------------------------
2025-02-10 17:24:31     Delta calculation        
2025-02-10 17:24:31     All S-Parameters         :	0.0307002
2025-02-10 17:24:31   

                      ------------------------------------------------------------------------------
2025-02-10 17:24:37   Adaptive mesh refinement pass 7

                      ------------------------------------------------------------------------------
2025-02-10 17:25:02     Matrix setup time        :	9 s
                        Degrees of freedom       :	333835
                        Number of mesh cells     :	18633

                        Stimulation port         :	1
                        Mode number              :	1
                        Accuracy                 :	9.35739e-05
                        Iterations               :	90
                        Solver time              :	14 s


                      ------------------------------------------------------------------------------
2025-02-10 17:25:09     Delta calculation        
2025-02-10 17:25:09     All S-Parameters         :	0.0229961
2025-02-10 17:25:09   

                      ------------------------------------------------------------------------------
2025-02-10 17:25:17   Adaptive mesh refinement pass 8

                      ------------------------------------------------------------------------------
2025-02-10 17:25:47     Matrix setup time        :	12 s
                        Solver setup             :	1 s
                        Degrees of freedom       :	452263
                        Number of mesh cells     :	25231

                        Stimulation port         :	1
                        Mode number              :	1
                        Accuracy                 :	9.01684e-05
                        Iterations               :	72
                        Solver time              :	16 s


                      ------------------------------------------------------------------------------
2025-02-10 17:25:56     Delta calculation        
2025-02-10 17:25:56     All S-Parameters         :	0.0118071
2025-02-10 17:25:56   

                      ------------------------------------------------------------------------------
2025-02-10 17:26:07   Adaptive mesh refinement pass 9

                      ------------------------------------------------------------------------------
2025-02-10 17:26:49     Matrix setup time        :	16 s
                        Solver setup             :	1 s
                        Degrees of freedom       :	592855
                        Number of mesh cells     :	33076

                        Stimulation port         :	1
                        Mode number              :	1
                        Accuracy                 :	9.41093e-05
                        Iterations               :	79
                        Solver time              :	23 s


                      ------------------------------------------------------------------------------
2025-02-10 17:27:00     Delta calculation        
2025-02-10 17:27:00     All S-Parameters         :	0.00735026
2025-02-10 17:27:00   

                      ------------------------------------------------------------------------------
2025-02-10 17:27:06   The quality of some tetrahedrons is low.  More...

                      ------------------------------------------------------------------------------
2025-02-10 17:27:12   The direct solver will be used.

                      ------------------------------------------------------------------------------
2025-02-10 17:27:14   Adaptive mesh refinement pass 10

                      ------------------------------------------------------------------------------
2025-02-10 17:29:09     Matrix setup time        :	22 s
                        Solver setup             :	90 s
                        Degrees of freedom       :	800476
                        Number of mesh cells     :	44652

                        Stimulation port         :	1
                        Mode number              :	1
                        Accuracy                 :	2.80392e-13
                        Iterations               :	1
                        Solver time              :	2 s


                      ------------------------------------------------------------------------------
2025-02-10 17:29:09   The iterative solver will be used.

                      ------------------------------------------------------------------------------
2025-02-10 17:29:25     Delta calculation        
2025-02-10 17:29:25     All S-Parameters         :	0.00837475
2025-02-10 17:29:25   

                      ------------------------------------------------------------------------------
2025-02-10 17:29:25   Mesh adaptation terminated because the desired accuracy limit is reached.

                      ------------------------------------------------------------------------------
2025-02-10 17:29:27     Generating results       :	1 s

                        Total time               :	395 s	 (= 0 h, 06 m, 35 s)

                      ------------------------------------------------------------------------------
2025-02-10 17:29:27   

                      ------------------------------------------------------------------------------
2025-02-10 17:29:37   Unable to use "EvaluateHFieldOnSIBC" due to model setup.

                      ------------------------------------------------------------------------------
2025-02-10 17:29:38     Calculation 2 (Frequency: 5.815 GHz)


                      ------------------------------------------------------------------------------
2025-02-10 17:29:39     ----------------------------------------------------------------------------
                        Port   Mode   Type        Z-Wave        Z-Wave-Sigma  Z-Line        F-Cutoff
                        1      1      QTEM        234           18.2          48.8          ---
                        ----------------------------------------------------------------------------


                      ------------------------------------------------------------------------------
2025-02-10 17:30:21     Matrix setup time        :	21 s
                        Solver setup             :	2 s
                        Degrees of freedom       :	800476
                        Number of mesh cells     :	44652

                        Stimulation port         :	1
                        Mode number              :	1
                        Accuracy                 :	9.45374e-05
                        Iterations               :	41
                        Solver time              :	17 s


                      ------------------------------------------------------------------------------
2025-02-10 17:30:25     Generating results       :	3 s

                        Total time               :	46 s

                      ------------------------------------------------------------------------------
2025-02-10 17:30:25   

                      ------------------------------------------------------------------------------
2025-02-10 17:30:25     Calculation 3 (Frequency: 5.735 GHz)


                      ------------------------------------------------------------------------------
2025-02-10 17:30:26     ----------------------------------------------------------------------------
                        Port   Mode   Type        Z-Wave        Z-Wave-Sigma  Z-Line        F-Cutoff
                        1      1      QTEM        234           18.2          48.8          ---
                        ----------------------------------------------------------------------------


                      ------------------------------------------------------------------------------
2025-02-10 17:31:00     Matrix setup time        :	20 s
                        Solver setup             :	1 s
                        Degrees of freedom       :	800476
                        Number of mesh cells     :	44652

                        Stimulation port         :	1
                        Mode number              :	1
                        Accuracy                 :	7.44494e-05
                        Iterations               :	26
                        Solver time              :	11 s


                      ------------------------------------------------------------------------------
2025-02-10 17:31:04     Generating results       :	3 s

                        Total time               :	37 s

                      ------------------------------------------------------------------------------
2025-02-10 17:31:04   

                      ------------------------------------------------------------------------------
2025-02-10 17:31:04     Calculation 4 (Frequency: 5.1975 GHz)


                      ------------------------------------------------------------------------------
2025-02-10 17:31:05     ----------------------------------------------------------------------------
                        Port   Mode   Type        Z-Wave        Z-Wave-Sigma  Z-Line        F-Cutoff
                        1      1      QTEM        234           18.2          48.8          ---
                        ----------------------------------------------------------------------------


                      ------------------------------------------------------------------------------
2025-02-10 17:31:49     Matrix setup time        :	19 s
                        Solver setup             :	2 s
                        Degrees of freedom       :	800476
                        Number of mesh cells     :	44652

                        Stimulation port         :	1
                        Mode number              :	1
                        Accuracy                 :	9.87636e-05
                        Iterations               :	52
                        Solver time              :	22 s


                      ------------------------------------------------------------------------------
2025-02-10 17:31:57     Generating results       :	7 s

                        Total time               :	52 s

                      ------------------------------------------------------------------------------
2025-02-10 17:31:57   

                      ------------------------------------------------------------------------------
2025-02-10 17:31:57     Calculation 5 (Frequency: 6.3525 GHz)


                      ------------------------------------------------------------------------------
2025-02-10 17:31:58     ----------------------------------------------------------------------------
                        Port   Mode   Type        Z-Wave        Z-Wave-Sigma  Z-Line        F-Cutoff
                        1      1      QTEM        234           18.3          48.8          ---
                        ----------------------------------------------------------------------------


                      ------------------------------------------------------------------------------
2025-02-10 17:32:47     Matrix setup time        :	19 s
                        Solver setup             :	2 s
                        Degrees of freedom       :	800476
                        Number of mesh cells     :	44652

                        Stimulation port         :	1
                        Mode number              :	1
                        Accuracy                 :	6.64118e-05
                        Iterations               :	65
                        Solver time              :	27 s


                      ------------------------------------------------------------------------------
2025-02-10 17:32:55     Generating results       :	7 s

                        Total time               :	57 s

                      ------------------------------------------------------------------------------
2025-02-10 17:32:55   

                      ------------------------------------------------------------------------------
2025-02-10 17:32:55     Calculation 6 (Frequency: 5.795 GHz)


                      ------------------------------------------------------------------------------
2025-02-10 17:32:55     ----------------------------------------------------------------------------
                        Port   Mode   Type        Z-Wave        Z-Wave-Sigma  Z-Line        F-Cutoff
                        1      1      QTEM        234           18.2          48.8          ---
                        ----------------------------------------------------------------------------


                      ------------------------------------------------------------------------------
2025-02-10 17:33:20     Matrix setup time        :	18 s
                        Solver setup             :	2 s
                        Degrees of freedom       :	800476
                        Number of mesh cells     :	44652

                        Stimulation port         :	1
                        Mode number              :	1
                        Accuracy                 :	2.80075e-05
                        Iterations               :	5
                        Solver time              :	2 s


                      ------------------------------------------------------------------------------
2025-02-10 17:33:24     Generating results       :	3 s

                        Total time               :	28 s

                      ------------------------------------------------------------------------------
2025-02-10 17:33:24   

                      ------------------------------------------------------------------------------
2025-02-10 17:33:24     Calculation 7 (Frequency: 5.755 GHz)


                      ------------------------------------------------------------------------------
2025-02-10 17:33:25     ----------------------------------------------------------------------------
                        Port   Mode   Type        Z-Wave        Z-Wave-Sigma  Z-Line        F-Cutoff
                        1      1      QTEM        234           18.2          48.8          ---
                        ----------------------------------------------------------------------------


                      ------------------------------------------------------------------------------
2025-02-10 17:33:50     Matrix setup time        :	19 s
                        Solver setup             :	3 s
                        Degrees of freedom       :	800476
                        Number of mesh cells     :	44652

                        Stimulation port         :	1
                        Mode number              :	1
                        Accuracy                 :	2.88369e-05
                        Iterations               :	5
                        Solver time              :	2 s


                      ------------------------------------------------------------------------------
2025-02-10 17:33:53   Only few automatic samples have been calculated up to now. Therefore, the frequency sweep is continued with additional 
                      automatically chosen samples.

                      ------------------------------------------------------------------------------
2025-02-10 17:33:54     Generating results       :	3 s

                        Total time               :	29 s

                      ------------------------------------------------------------------------------
2025-02-10 17:33:54   

                      ------------------------------------------------------------------------------
2025-02-10 17:33:54     Calculation 8 (Frequency: 5.765 GHz)


                      ------------------------------------------------------------------------------
2025-02-10 17:33:54     ----------------------------------------------------------------------------
                        Port   Mode   Type        Z-Wave        Z-Wave-Sigma  Z-Line        F-Cutoff
                        1      1      QTEM        234           18.2          48.8          ---
                        ----------------------------------------------------------------------------


                      ------------------------------------------------------------------------------
2025-02-10 17:34:20     Matrix setup time        :	19 s
                        Solver setup             :	3 s
                        Degrees of freedom       :	800476
                        Number of mesh cells     :	44652

                        Stimulation port         :	1
                        Mode number              :	1
                        Accuracy                 :	1.42587e-05
                        Iterations               :	5
                        Solver time              :	2 s


                      ------------------------------------------------------------------------------
2025-02-10 17:34:23   An additional check has indicated that the frequency sweep needs to be continued. More...

                      ------------------------------------------------------------------------------
2025-02-10 17:34:24     Generating results       :	3 s

                        Total time               :	29 s

                      ------------------------------------------------------------------------------
2025-02-10 17:34:24   

                      ------------------------------------------------------------------------------
2025-02-10 17:34:24     Calculation 9 (Frequency: 5.745 GHz)


                      ------------------------------------------------------------------------------
2025-02-10 17:34:25     ----------------------------------------------------------------------------
                        Port   Mode   Type        Z-Wave        Z-Wave-Sigma  Z-Line        F-Cutoff
                        1      1      QTEM        234           18.2          48.8          ---
                        ----------------------------------------------------------------------------


                      ------------------------------------------------------------------------------
2025-02-10 17:34:51     Matrix setup time        :	19 s
                        Solver setup             :	3 s
                        Degrees of freedom       :	800476
                        Number of mesh cells     :	44652

                        Stimulation port         :	1
                        Mode number              :	1
                        Accuracy                 :	4.44059e-05
                        Iterations               :	5
                        Solver time              :	2 s


                      ------------------------------------------------------------------------------
2025-02-10 17:34:54     Generating results       :	3 s

                        Total time               :	29 s

                      ------------------------------------------------------------------------------
2025-02-10 17:34:54   

                      ------------------------------------------------------------------------------
2025-02-10 17:34:54     Calculation 10 (Frequency: 5.805 GHz)


                      ------------------------------------------------------------------------------
2025-02-10 17:34:55     ----------------------------------------------------------------------------
                        Port   Mode   Type        Z-Wave        Z-Wave-Sigma  Z-Line        F-Cutoff
                        1      1      QTEM        234           18.2          48.8          ---
                        ----------------------------------------------------------------------------


                      ------------------------------------------------------------------------------
2025-02-10 17:35:21     Matrix setup time        :	18 s
                        Solver setup             :	4 s
                        Degrees of freedom       :	800476
                        Number of mesh cells     :	44652

                        Stimulation port         :	1
                        Mode number              :	1
                        Accuracy                 :	3.55429e-05
                        Iterations               :	5
                        Solver time              :	2 s


                      ------------------------------------------------------------------------------
2025-02-10 17:35:25     Generating results       :	3 s

                        Total time               :	29 s

                      ------------------------------------------------------------------------------
2025-02-10 17:35:25   

                      ------------------------------------------------------------------------------
2025-02-10 17:35:25   Finished the general purpose interpolative broadband frequency sweep:
                      All broadband sweep convergence criteria have been satisfied after
                      calculating 10 frequency samples:

                        Broadband sweep error threshold value :  0.01 (All S-Parameters) 
                        Number of error criterion checks      :  2 (All S-Parameters) 
                        Minimum number of samples             :  3
                        Number of data samples, linear        :  1001

                      ------------------------------------------------------------------------------
2025-02-10 17:35:53     Number of mesh cells     :	44652
                        Degrees of freedom       :	800476
                        Total Solver Time        :	753 s	 (= 0 h, 12 m, 33 s)
                      ================================================================================



                      ------------------------------------------------------------------------------
2025-02-10 17:35:54     ----------------------------------------------------------------------------
                                            Peak memory used (kB)         Free physical memory (kB) 
                                                                          At begin     Minimum      
                        ----------------------------------------------------------------------------
                        Solver start        21296                         83542756     83541944     
                        Eq. system setup    6114564                       83497772     82342076     
                        Eq. system solve    6114564                       83439956     77446768     
                        Mesh refinement     845796                        83457908     82802908     
                        Solver run total    6114564                       83542768     77446768     

                        Computer name       gamserverhp3
                        ----------------------------------------------------------------------------


                      ------------------------------------------------------------------------------
2025-02-10 17:35:54   Running postprocessing.

                      ------------------------------------------------------------------------------
2025-02-10 17:36:10   Postprocessing finished.

                      ------------------------------------------------------------------------------
2025-02-10 17:36:10   Parametric 1D storage is switched off.

                      ------------------------------------------------------------------------------
