2025-02-10 18:35:00   The length ratio between the shortest and the longest model edges is 1:1626.
                      Short model edges can be highlighted via Mesh:Mesh Control->Check Mesh->Check
                      Model Edge Length.... (It may be advantageous to model the metallizations as
                      infinitely thin sheets.) More...

                      ------------------------------------------------------------------------------
2025-02-10 18:35:14   *** Warning ***

                      This software is licensed for non-commercial use only.

                      ------------------------------------------------------------------------------
2025-02-10 18:35:15   Units settings: 

                        Dimensions: mm
                        Frequency:  GHz
                        Time:       ns

                      ------------------------------------------------------------------------------
2025-02-10 18:35:15   Boundary conditions: 

                        YZsymmetry: magnetic
                        XZsymmetry: none
                        XYsymmetry: none

                        Xmin: expanded open
                        Xmax: expanded open

                        Ymin: expanded open
                        Ymax: expanded open

                        Zmin: expanded open
                        Zmax: expanded open

                      ------------------------------------------------------------------------------
2025-02-10 18:35:15   Order settings: 

                        Solver order   : 3rd (constant)
                        Curved elements: up to order 5 (automatic)

                      ------------------------------------------------------------------------------
2025-02-10 18:35:15   The number of frequency samples has been increased to take into account all field monitors.

                      ------------------------------------------------------------------------------
2025-02-10 18:35:15   An iterative solver will be used first.

                      ------------------------------------------------------------------------------
2025-02-10 18:35:15     Mesh time                :	13 s


                      ------------------------------------------------------------------------------
2025-02-10 18:35:16   
                      ================================================================================
                      Frequency Domain Solver calculation cycle started

                      ------------------------------------------------------------------------------
2025-02-10 18:35:16   Solver started at: 2025-02-10 18:35:16 +0100

                        Module:  Frequency Domain: S-Parameter (Win 64)
                        Version: 2024.4 Release from 2024-04-30 (change 1266454)

                      ------------------------------------------------------------------------------
2025-02-10 18:35:17     Calculation 1 of 1 (Frequency: 5.775 GHz)


                      ------------------------------------------------------------------------------
2025-02-10 18:35:17   Automatically activated electric shielding for port 1.

                      ------------------------------------------------------------------------------
2025-02-10 18:35:27     ----------------------------------------------------------------------------
                        Port   Mode   Type        Z-Wave        Z-Wave-Sigma  Z-Line        F-Cutoff
                        1      1      QTEM        231           7.92          48.7          ---
                        ----------------------------------------------------------------------------


                      ------------------------------------------------------------------------------
2025-02-10 18:35:29   Adaptive mesh refinement pass 1

                      ------------------------------------------------------------------------------
2025-02-10 18:35:36     Matrix setup time        :	1 s
                        Degrees of freedom       :	37843
                        Number of mesh cells     :	2023

                        Stimulation port         :	1
                        Mode number              :	1
                        Accuracy                 :	9.62239e-05
                        Iterations               :	217
                        Solver time              :	5 s


                      ------------------------------------------------------------------------------
2025-02-10 18:35:38   40% of all mesh edges seem to be longer than expected. The adaptive mesh refinement's growth limitation will therefore 
                      use 6896 instead of 2019 mesh cells as a reference.

                      ------------------------------------------------------------------------------
2025-02-10 18:35:40   Adaptive mesh refinement pass 2

                      ------------------------------------------------------------------------------
2025-02-10 18:35:46     Matrix setup time        :	1 s
                        Degrees of freedom       :	54739
                        Number of mesh cells     :	2961

                        Stimulation port         :	1
                        Mode number              :	1
                        Accuracy                 :	7.1164e-05
                        Iterations               :	128
                        Solver time              :	4 s


                      ------------------------------------------------------------------------------
2025-02-10 18:35:48     Delta calculation        
2025-02-10 18:35:48     All S-Parameters         :	0.560514
2025-02-10 18:35:48   

                      ------------------------------------------------------------------------------
2025-02-10 18:35:50   Adaptive mesh refinement pass 3

                      ------------------------------------------------------------------------------
2025-02-10 18:35:57     Matrix setup time        :	2 s
                        Degrees of freedom       :	72262
                        Number of mesh cells     :	3953

                        Stimulation port         :	1
                        Mode number              :	1
                        Accuracy                 :	7.11366e-05
                        Iterations               :	105
                        Solver time              :	4 s


                      ------------------------------------------------------------------------------
2025-02-10 18:35:59     Delta calculation        
2025-02-10 18:35:59     All S-Parameters         :	0.109563
2025-02-10 18:35:59   

                      ------------------------------------------------------------------------------
2025-02-10 18:36:01   Adaptive mesh refinement pass 4

                      ------------------------------------------------------------------------------
2025-02-10 18:36:10     Matrix setup time        :	2 s
                        Degrees of freedom       :	102154
                        Number of mesh cells     :	5650

                        Stimulation port         :	1
                        Mode number              :	1
                        Accuracy                 :	6.84627e-05
                        Iterations               :	105
                        Solver time              :	5 s


                      ------------------------------------------------------------------------------
2025-02-10 18:36:13     Delta calculation        
2025-02-10 18:36:13     All S-Parameters         :	0.0856777
2025-02-10 18:36:13   

                      ------------------------------------------------------------------------------
2025-02-10 18:36:16   Adaptive mesh refinement pass 5

                      ------------------------------------------------------------------------------
2025-02-10 18:36:30     Matrix setup time        :	4 s
                        Degrees of freedom       :	152665
                        Number of mesh cells     :	8471

                        Stimulation port         :	1
                        Mode number              :	1
                        Accuracy                 :	5.76665e-05
                        Iterations               :	111
                        Solver time              :	8 s


                      ------------------------------------------------------------------------------
2025-02-10 18:36:33     Delta calculation        
2025-02-10 18:36:33     All S-Parameters         :	0.0650963
2025-02-10 18:36:33   

                      ------------------------------------------------------------------------------
2025-02-10 18:36:37   Adaptive mesh refinement pass 6

                      ------------------------------------------------------------------------------
2025-02-10 18:36:55     Matrix setup time        :	5 s
                        Degrees of freedom       :	218290
                        Number of mesh cells     :	12169

                        Stimulation port         :	1
                        Mode number              :	1
                        Accuracy                 :	9.09443e-05
                        Iterations               :	97
                        Solver time              :	10 s


                      ------------------------------------------------------------------------------
2025-02-10 18:36:59     Delta calculation        
2025-02-10 18:36:59     All S-Parameters         :	0.036745
2025-02-10 18:36:59   

                      ------------------------------------------------------------------------------
2025-02-10 18:37:05   Adaptive mesh refinement pass 7

                      ------------------------------------------------------------------------------
2025-02-10 18:37:31     Matrix setup time        :	8 s
                        Degrees of freedom       :	326119
                        Number of mesh cells     :	18191

                        Stimulation port         :	1
                        Mode number              :	1
                        Accuracy                 :	8.30718e-05
                        Iterations               :	100
                        Solver time              :	16 s


                      ------------------------------------------------------------------------------
2025-02-10 18:37:38     Delta calculation        
2025-02-10 18:37:38     All S-Parameters         :	0.0295793
2025-02-10 18:37:38   

                      ------------------------------------------------------------------------------
2025-02-10 18:37:46   Adaptive mesh refinement pass 8

                      ------------------------------------------------------------------------------
2025-02-10 18:38:19     Matrix setup time        :	11 s
                        Solver setup             :	1 s
                        Degrees of freedom       :	435217
                        Number of mesh cells     :	24266

                        Stimulation port         :	1
                        Mode number              :	1
                        Accuracy                 :	8.1125e-05
                        Iterations               :	95
                        Solver time              :	20 s


                      ------------------------------------------------------------------------------
2025-02-10 18:38:28     Delta calculation        
2025-02-10 18:38:28     All S-Parameters         :	0.00820426
2025-02-10 18:38:28   

                      ------------------------------------------------------------------------------
2025-02-10 18:38:37   The direct solver will be used.

                      ------------------------------------------------------------------------------
2025-02-10 18:38:38   Adaptive mesh refinement pass 9

                      ------------------------------------------------------------------------------
2025-02-10 18:39:51     Matrix setup time        :	15 s
                        Solver setup             :	55 s
                        Degrees of freedom       :	564748
                        Number of mesh cells     :	31491

                        Stimulation port         :	1
                        Mode number              :	1
                        Accuracy                 :	3.12295e-13
                        Iterations               :	1
                        Solver time              :	1 s


                      ------------------------------------------------------------------------------
2025-02-10 18:39:51   The iterative solver will be used.

                      ------------------------------------------------------------------------------
2025-02-10 18:40:02     Delta calculation        
2025-02-10 18:40:02     All S-Parameters         :	0.0109767
2025-02-10 18:40:02   

                      ------------------------------------------------------------------------------
2025-02-10 18:40:15   Adaptive mesh refinement pass 10

                      ------------------------------------------------------------------------------
2025-02-10 18:41:03     Matrix setup time        :	19 s
                        Solver setup             :	1 s
                        Degrees of freedom       :	726688
                        Number of mesh cells     :	40499

                        Stimulation port         :	1
                        Mode number              :	1
                        Accuracy                 :	5.47211e-05
                        Iterations               :	70
                        Solver time              :	26 s


                      ------------------------------------------------------------------------------
2025-02-10 18:41:17     Delta calculation        
2025-02-10 18:41:17     All S-Parameters         :	0.00976032
2025-02-10 18:41:17   

                      ------------------------------------------------------------------------------
2025-02-10 18:41:24   The quality of some tetrahedrons is low.  More...

                      ------------------------------------------------------------------------------
2025-02-10 18:41:33   Adaptive mesh refinement pass 11

                      ------------------------------------------------------------------------------
2025-02-10 18:42:35     Matrix setup time        :	24 s
                        Solver setup             :	2 s
                        Degrees of freedom       :	896746
                        Number of mesh cells     :	50007

                        Stimulation port         :	1
                        Mode number              :	1
                        Accuracy                 :	7.91581e-05
                        Iterations               :	74
                        Solver time              :	35 s


                      ------------------------------------------------------------------------------
2025-02-10 18:42:52     Delta calculation        
2025-02-10 18:42:52     All S-Parameters         :	0.00311946
2025-02-10 18:42:52   

                      ------------------------------------------------------------------------------
2025-02-10 18:42:52   Mesh adaptation terminated because the desired accuracy limit is reached.

                      ------------------------------------------------------------------------------
2025-02-10 18:42:54     Generating results       :	1 s

                        Total time               :	456 s	 (= 0 h, 07 m, 36 s)

                      ------------------------------------------------------------------------------
2025-02-10 18:42:54   

                      ------------------------------------------------------------------------------
2025-02-10 18:43:06   Unable to use "EvaluateHFieldOnSIBC" due to model setup.

                      ------------------------------------------------------------------------------
2025-02-10 18:43:07     Calculation 2 (Frequency: 5.815 GHz)


                      ------------------------------------------------------------------------------
2025-02-10 18:43:08     ----------------------------------------------------------------------------
                        Port   Mode   Type        Z-Wave        Z-Wave-Sigma  Z-Line        F-Cutoff
                        1      1      QTEM        231           7.93          48.7          ---
                        ----------------------------------------------------------------------------


                      ------------------------------------------------------------------------------
2025-02-10 18:43:57     Matrix setup time        :	21 s
                        Solver setup             :	1 s
                        Degrees of freedom       :	896746
                        Number of mesh cells     :	50007

                        Stimulation port         :	1
                        Mode number              :	1
                        Accuracy                 :	8.81688e-05
                        Iterations               :	51
                        Solver time              :	24 s


                      ------------------------------------------------------------------------------
2025-02-10 18:44:01     Generating results       :	4 s

                        Total time               :	53 s

                      ------------------------------------------------------------------------------
2025-02-10 18:44:01   

                      ------------------------------------------------------------------------------
2025-02-10 18:44:01     Calculation 3 (Frequency: 5.735 GHz)


                      ------------------------------------------------------------------------------
2025-02-10 18:44:01     ----------------------------------------------------------------------------
                        Port   Mode   Type        Z-Wave        Z-Wave-Sigma  Z-Line        F-Cutoff
                        1      1      QTEM        231           7.91          48.7          ---
                        ----------------------------------------------------------------------------


                      ------------------------------------------------------------------------------
2025-02-10 18:44:38     Matrix setup time        :	21 s
                        Solver setup             :	2 s
                        Degrees of freedom       :	896746
                        Number of mesh cells     :	50007

                        Stimulation port         :	1
                        Mode number              :	1
                        Accuracy                 :	9.10793e-05
                        Iterations               :	25
                        Solver time              :	12 s


                      ------------------------------------------------------------------------------
2025-02-10 18:44:42     Generating results       :	3 s

                        Total time               :	40 s

                      ------------------------------------------------------------------------------
2025-02-10 18:44:42   

                      ------------------------------------------------------------------------------
2025-02-10 18:44:42     Calculation 4 (Frequency: 5.1975 GHz)


                      ------------------------------------------------------------------------------
2025-02-10 18:44:43     ----------------------------------------------------------------------------
                        Port   Mode   Type        Z-Wave        Z-Wave-Sigma  Z-Line        F-Cutoff
                        1      1      QTEM        232           7.91          48.8          ---
                        ----------------------------------------------------------------------------


                      ------------------------------------------------------------------------------
2025-02-10 18:45:40     Matrix setup time        :	21 s
                        Solver setup             :	2 s
                        Degrees of freedom       :	896746
                        Number of mesh cells     :	50007

                        Stimulation port         :	1
                        Mode number              :	1
                        Accuracy                 :	7.36579e-05
                        Iterations               :	66
                        Solver time              :	32 s


                      ------------------------------------------------------------------------------
2025-02-10 18:45:48     Generating results       :	8 s

                        Total time               :	65 s	 (= 0 h, 01 m, 05 s)

                      ------------------------------------------------------------------------------
2025-02-10 18:45:48   

                      ------------------------------------------------------------------------------
2025-02-10 18:45:48     Calculation 5 (Frequency: 6.3525 GHz)


                      ------------------------------------------------------------------------------
2025-02-10 18:45:49     ----------------------------------------------------------------------------
                        Port   Mode   Type        Z-Wave        Z-Wave-Sigma  Z-Line        F-Cutoff
                        1      1      QTEM        231           8.01          48.7          ---
                        ----------------------------------------------------------------------------


                      ------------------------------------------------------------------------------
2025-02-10 18:46:47     Matrix setup time        :	21 s
                        Solver setup             :	2 s
                        Degrees of freedom       :	896746
                        Number of mesh cells     :	50007

                        Stimulation port         :	1
                        Mode number              :	1
                        Accuracy                 :	8.10951e-05
                        Iterations               :	70
                        Solver time              :	33 s


                      ------------------------------------------------------------------------------
2025-02-10 18:46:56     Generating results       :	8 s

                        Total time               :	67 s	 (= 0 h, 01 m, 07 s)

                      ------------------------------------------------------------------------------
2025-02-10 18:46:56   

                      ------------------------------------------------------------------------------
2025-02-10 18:46:56     Calculation 6 (Frequency: 5.795 GHz)


                      ------------------------------------------------------------------------------
2025-02-10 18:46:56     ----------------------------------------------------------------------------
                        Port   Mode   Type        Z-Wave        Z-Wave-Sigma  Z-Line        F-Cutoff
                        1      1      QTEM        231           7.92          48.7          ---
                        ----------------------------------------------------------------------------


                      ------------------------------------------------------------------------------
2025-02-10 18:47:25     Matrix setup time        :	21 s
                        Solver setup             :	3 s
                        Degrees of freedom       :	896746
                        Number of mesh cells     :	50007

                        Stimulation port         :	1
                        Mode number              :	1
                        Accuracy                 :	4.46889e-05
                        Iterations               :	5
                        Solver time              :	2 s


                      ------------------------------------------------------------------------------
2025-02-10 18:47:29     Generating results       :	4 s

                        Total time               :	32 s

                      ------------------------------------------------------------------------------
2025-02-10 18:47:29   

                      ------------------------------------------------------------------------------
2025-02-10 18:47:30     Calculation 7 (Frequency: 5.755 GHz)


                      ------------------------------------------------------------------------------
2025-02-10 18:47:30     ----------------------------------------------------------------------------
                        Port   Mode   Type        Z-Wave        Z-Wave-Sigma  Z-Line        F-Cutoff
                        1      1      QTEM        231           7.92          48.7          ---
                        ----------------------------------------------------------------------------


                      ------------------------------------------------------------------------------
2025-02-10 18:47:59     Matrix setup time        :	21 s
                        Solver setup             :	3 s
                        Degrees of freedom       :	896746
                        Number of mesh cells     :	50007

                        Stimulation port         :	1
                        Mode number              :	1
                        Accuracy                 :	5.3713e-05
                        Iterations               :	5
                        Solver time              :	2 s


                      ------------------------------------------------------------------------------
2025-02-10 18:48:02   Only few automatic samples have been calculated up to now. Therefore, the frequency sweep is continued with additional 
                      automatically chosen samples.

                      ------------------------------------------------------------------------------
2025-02-10 18:48:03     Generating results       :	4 s

                        Total time               :	32 s

                      ------------------------------------------------------------------------------
2025-02-10 18:48:03   

                      ------------------------------------------------------------------------------
2025-02-10 18:48:03     Calculation 8 (Frequency: 5.785 GHz)


                      ------------------------------------------------------------------------------
2025-02-10 18:48:04     ----------------------------------------------------------------------------
                        Port   Mode   Type        Z-Wave        Z-Wave-Sigma  Z-Line        F-Cutoff
                        1      1      QTEM        231           7.92          48.7          ---
                        ----------------------------------------------------------------------------


                      ------------------------------------------------------------------------------
2025-02-10 18:48:33     Matrix setup time        :	21 s
                        Solver setup             :	3 s
                        Degrees of freedom       :	896746
                        Number of mesh cells     :	50007

                        Stimulation port         :	1
                        Mode number              :	1
                        Accuracy                 :	3.20992e-05
                        Iterations               :	5
                        Solver time              :	2 s


                      ------------------------------------------------------------------------------
2025-02-10 18:48:36   An additional check has indicated that the frequency sweep needs to be continued. More...

                      ------------------------------------------------------------------------------
2025-02-10 18:48:37     Generating results       :	3 s

                        Total time               :	32 s

                      ------------------------------------------------------------------------------
2025-02-10 18:48:37   

                      ------------------------------------------------------------------------------
2025-02-10 18:48:37     Calculation 9 (Frequency: 5.765 GHz)


                      ------------------------------------------------------------------------------
2025-02-10 18:48:37     ----------------------------------------------------------------------------
                        Port   Mode   Type        Z-Wave        Z-Wave-Sigma  Z-Line        F-Cutoff
                        1      1      QTEM        231           7.92          48.7          ---
                        ----------------------------------------------------------------------------


                      ------------------------------------------------------------------------------
2025-02-10 18:49:07     Matrix setup time        :	21 s
                        Solver setup             :	4 s
                        Degrees of freedom       :	896746
                        Number of mesh cells     :	50007

                        Stimulation port         :	1
                        Mode number              :	1
                        Accuracy                 :	3.78314e-05
                        Iterations               :	5
                        Solver time              :	2 s


                      ------------------------------------------------------------------------------
2025-02-10 18:49:11     Generating results       :	4 s

                        Total time               :	33 s

                      ------------------------------------------------------------------------------
2025-02-10 18:49:11   

                      ------------------------------------------------------------------------------
2025-02-10 18:49:11     Calculation 10 (Frequency: 5.78 GHz)


                      ------------------------------------------------------------------------------
2025-02-10 18:49:11     ----------------------------------------------------------------------------
                        Port   Mode   Type        Z-Wave        Z-Wave-Sigma  Z-Line        F-Cutoff
                        1      1      QTEM        231           7.92          48.7          ---
                        ----------------------------------------------------------------------------


                      ------------------------------------------------------------------------------
2025-02-10 18:49:41     Matrix setup time        :	21 s
                        Solver setup             :	4 s
                        Degrees of freedom       :	896746
                        Number of mesh cells     :	50007

                        Stimulation port         :	1
                        Mode number              :	1
                        Accuracy                 :	2.74181e-05
                        Iterations               :	5
                        Solver time              :	2 s


                      ------------------------------------------------------------------------------
2025-02-10 18:49:45     Generating results       :	3 s

                        Total time               :	32 s

                      ------------------------------------------------------------------------------
2025-02-10 18:49:45   

                      ------------------------------------------------------------------------------
2025-02-10 18:49:45     Calculation 11 (Frequency: 5.77 GHz)


                      ------------------------------------------------------------------------------
2025-02-10 18:49:45     ----------------------------------------------------------------------------
                        Port   Mode   Type        Z-Wave        Z-Wave-Sigma  Z-Line        F-Cutoff
                        1      1      QTEM        231           7.92          48.7          ---
                        ----------------------------------------------------------------------------


                      ------------------------------------------------------------------------------
2025-02-10 18:50:16     Matrix setup time        :	22 s
                        Solver setup             :	4 s
                        Degrees of freedom       :	896746
                        Number of mesh cells     :	50007

                        Stimulation port         :	1
                        Mode number              :	1
                        Accuracy                 :	3.09124e-05
                        Iterations               :	5
                        Solver time              :	2 s


                      ------------------------------------------------------------------------------
2025-02-10 18:50:20     Generating results       :	3 s

                        Total time               :	34 s

                      ------------------------------------------------------------------------------
2025-02-10 18:50:20   

                      ------------------------------------------------------------------------------
2025-02-10 18:50:20     Calculation 12 (Frequency: 5.745 GHz)


                      ------------------------------------------------------------------------------
2025-02-10 18:50:21     ----------------------------------------------------------------------------
                        Port   Mode   Type        Z-Wave        Z-Wave-Sigma  Z-Line        F-Cutoff
                        1      1      QTEM        231           7.92          48.7          ---
                        ----------------------------------------------------------------------------


                      ------------------------------------------------------------------------------
2025-02-10 18:50:51     Matrix setup time        :	21 s
                        Solver setup             :	5 s
                        Degrees of freedom       :	896746
                        Number of mesh cells     :	50007

                        Stimulation port         :	1
                        Mode number              :	1
                        Accuracy                 :	5.36613e-05
                        Iterations               :	5
                        Solver time              :	2 s


                      ------------------------------------------------------------------------------
2025-02-10 18:50:55     Generating results       :	3 s

                        Total time               :	33 s

                      ------------------------------------------------------------------------------
2025-02-10 18:50:55   

                      ------------------------------------------------------------------------------
2025-02-10 18:50:55   Finished the general purpose interpolative broadband frequency sweep:
                      All broadband sweep convergence criteria have been satisfied after
                      calculating 12 frequency samples:

                        Broadband sweep error threshold value :  0.01 (All S-Parameters) 
                        Number of error criterion checks      :  2 (All S-Parameters) 
                        Minimum number of samples             :  3
                        Number of data samples, linear        :  1001

                      ------------------------------------------------------------------------------
2025-02-10 18:51:34     Number of mesh cells     :	50007
                        Degrees of freedom       :	896746
                        Total Solver Time        :	935 s	 (= 0 h, 15 m, 35 s)
                      ================================================================================



                      ------------------------------------------------------------------------------
2025-02-10 18:51:35     ----------------------------------------------------------------------------
                                            Peak memory used (kB)         Free physical memory (kB) 
                                                                          At begin     Minimum      
                        ----------------------------------------------------------------------------
                        Solver start        21280                         83470164     83469732     
                        Eq. system setup    4175384                       83435664     82231388     
                        Eq. system solve    4175384                       83371276     79345752     
                        Mesh refinement     4175384                       83387556     82289864     
                        Solver run total    4175384                       83470168     79345752     

                        Computer name       gamserverhp3
                        ----------------------------------------------------------------------------


                      ------------------------------------------------------------------------------
2025-02-10 18:51:35   Running postprocessing.

                      ------------------------------------------------------------------------------
2025-02-10 18:51:50   Postprocessing finished.

                      ------------------------------------------------------------------------------
2025-02-10 18:51:51   Parametric 1D storage is switched off.

                      ------------------------------------------------------------------------------
