2025-02-10 17:37:12   The length ratio between the shortest and the longest model edges is 1:1626.
                      Short model edges can be highlighted via Mesh:Mesh Control->Check Mesh->Check
                      Model Edge Length.... (It may be advantageous to model the metallizations as
                      infinitely thin sheets.) More...

                      ------------------------------------------------------------------------------
2025-02-10 17:37:24   *** Warning ***

                      This software is licensed for non-commercial use only.

                      ------------------------------------------------------------------------------
2025-02-10 17:37:25   Units settings: 

                        Dimensions: mm
                        Frequency:  GHz
                        Time:       ns

                      ------------------------------------------------------------------------------
2025-02-10 17:37:25   Boundary conditions: 

                        YZsymmetry: magnetic
                        XZsymmetry: none
                        XYsymmetry: none

                        Xmin: expanded open
                        Xmax: expanded open

                        Ymin: expanded open
                        Ymax: expanded open

                        Zmin: expanded open
                        Zmax: expanded open

                      ------------------------------------------------------------------------------
2025-02-10 17:37:25   Order settings: 

                        Solver order   : 3rd (constant)
                        Curved elements: up to order 5 (automatic)

                      ------------------------------------------------------------------------------
2025-02-10 17:37:25   The number of frequency samples has been increased to take into account all field monitors.

                      ------------------------------------------------------------------------------
2025-02-10 17:37:25   An iterative solver will be used first.

                      ------------------------------------------------------------------------------
2025-02-10 17:37:25     Mesh time                :	12 s


                      ------------------------------------------------------------------------------
2025-02-10 17:37:26   
                      ================================================================================
                      Frequency Domain Solver calculation cycle started

                      ------------------------------------------------------------------------------
2025-02-10 17:37:26   Solver started at: 2025-02-10 17:37:26 +0100

                        Module:  Frequency Domain: S-Parameter (Win 64)
                        Version: 2024.4 Release from 2024-04-30 (change 1266454)

                      ------------------------------------------------------------------------------
2025-02-10 17:37:27     Calculation 1 of 1 (Frequency: 5.775 GHz)


                      ------------------------------------------------------------------------------
2025-02-10 17:37:27   Automatically activated electric shielding for port 1.

                      ------------------------------------------------------------------------------
2025-02-10 17:37:38     ----------------------------------------------------------------------------
                        Port   Mode   Type        Z-Wave        Z-Wave-Sigma  Z-Line        F-Cutoff
                        1      1      QTEM        231           7.92          48.7          ---
                        ----------------------------------------------------------------------------


                      ------------------------------------------------------------------------------
2025-02-10 17:37:39   Adaptive mesh refinement pass 1

                      ------------------------------------------------------------------------------
2025-02-10 17:37:47     Matrix setup time        :	1 s
                        Degrees of freedom       :	38029
                        Number of mesh cells     :	2033

                        Stimulation port         :	1
                        Mode number              :	1
                        Accuracy                 :	8.81347e-05
                        Iterations               :	235
                        Solver time              :	6 s


                      ------------------------------------------------------------------------------
2025-02-10 17:37:49   41% of all mesh edges seem to be longer than expected. The adaptive mesh refinement's growth limitation will therefore 
                      use 7054 instead of 2029 mesh cells as a reference.

                      ------------------------------------------------------------------------------
2025-02-10 17:37:51   Adaptive mesh refinement pass 2

                      ------------------------------------------------------------------------------
2025-02-10 17:37:56     Matrix setup time        :	1 s
                        Degrees of freedom       :	54469
                        Number of mesh cells     :	2947

                        Stimulation port         :	1
                        Mode number              :	1
                        Accuracy                 :	8.63136e-05
                        Iterations               :	103
                        Solver time              :	3 s


                      ------------------------------------------------------------------------------
2025-02-10 17:37:58     Delta calculation        
2025-02-10 17:37:58     All S-Parameters         :	0.59397
2025-02-10 17:37:58   

                      ------------------------------------------------------------------------------
2025-02-10 17:38:01   Adaptive mesh refinement pass 3

                      ------------------------------------------------------------------------------
2025-02-10 17:38:07     Matrix setup time        :	2 s
                        Degrees of freedom       :	71347
                        Number of mesh cells     :	3904

                        Stimulation port         :	1
                        Mode number              :	1
                        Accuracy                 :	9.96365e-05
                        Iterations               :	99
                        Solver time              :	4 s


                      ------------------------------------------------------------------------------
2025-02-10 17:38:09     Delta calculation        
2025-02-10 17:38:09     All S-Parameters         :	0.109063
2025-02-10 17:38:09   

                      ------------------------------------------------------------------------------
2025-02-10 17:38:12   Adaptive mesh refinement pass 4

                      ------------------------------------------------------------------------------
2025-02-10 17:38:21     Matrix setup time        :	2 s
                        Degrees of freedom       :	102295
                        Number of mesh cells     :	5654

                        Stimulation port         :	1
                        Mode number              :	1
                        Accuracy                 :	5.39835e-05
                        Iterations               :	105
                        Solver time              :	5 s


                      ------------------------------------------------------------------------------
2025-02-10 17:38:23     Delta calculation        
2025-02-10 17:38:23     All S-Parameters         :	0.0970609
2025-02-10 17:38:23   

                      ------------------------------------------------------------------------------
2025-02-10 17:38:26   Adaptive mesh refinement pass 5

                      ------------------------------------------------------------------------------
2025-02-10 17:38:39     Matrix setup time        :	4 s
                        Degrees of freedom       :	156307
                        Number of mesh cells     :	8682

                        Stimulation port         :	1
                        Mode number              :	1
                        Accuracy                 :	8.07986e-05
                        Iterations               :	100
                        Solver time              :	7 s


                      ------------------------------------------------------------------------------
2025-02-10 17:38:42     Delta calculation        
2025-02-10 17:38:42     All S-Parameters         :	0.0416515
2025-02-10 17:38:42   

                      ------------------------------------------------------------------------------
2025-02-10 17:38:47   Adaptive mesh refinement pass 6

                      ------------------------------------------------------------------------------
2025-02-10 17:39:06     Matrix setup time        :	6 s
                        Degrees of freedom       :	239557
                        Number of mesh cells     :	13355

                        Stimulation port         :	1
                        Mode number              :	1
                        Accuracy                 :	7.37477e-05
                        Iterations               :	97
                        Solver time              :	11 s


                      ------------------------------------------------------------------------------
2025-02-10 17:39:11     Delta calculation        
2025-02-10 17:39:11     All S-Parameters         :	0.0423007
2025-02-10 17:39:11   

                      ------------------------------------------------------------------------------
2025-02-10 17:39:17   Adaptive mesh refinement pass 7

                      ------------------------------------------------------------------------------
2025-02-10 17:39:43     Matrix setup time        :	9 s
                        Degrees of freedom       :	344515
                        Number of mesh cells     :	19224

                        Stimulation port         :	1
                        Mode number              :	1
                        Accuracy                 :	9.14128e-05
                        Iterations               :	93
                        Solver time              :	16 s


                      ------------------------------------------------------------------------------
2025-02-10 17:39:51     Delta calculation        
2025-02-10 17:39:51     All S-Parameters         :	0.0169451
2025-02-10 17:39:51   

                      ------------------------------------------------------------------------------
2025-02-10 17:39:59   Adaptive mesh refinement pass 8

                      ------------------------------------------------------------------------------
2025-02-10 17:40:36     Matrix setup time        :	12 s
                        Solver setup             :	1 s
                        Degrees of freedom       :	470320
                        Number of mesh cells     :	26211

                        Stimulation port         :	1
                        Mode number              :	1
                        Accuracy                 :	9.62214e-05
                        Iterations               :	96
                        Solver time              :	23 s


                      ------------------------------------------------------------------------------
2025-02-10 17:40:46     Delta calculation        
2025-02-10 17:40:46     All S-Parameters         :	0.0104592
2025-02-10 17:40:46   

                      ------------------------------------------------------------------------------
2025-02-10 17:40:55   The direct solver will be used.

                      ------------------------------------------------------------------------------
2025-02-10 17:40:57   Adaptive mesh refinement pass 9

                      ------------------------------------------------------------------------------
2025-02-10 17:42:19     Matrix setup time        :	17 s
                        Solver setup             :	63 s
                        Degrees of freedom       :	622918
                        Number of mesh cells     :	34721

                        Stimulation port         :	1
                        Mode number              :	1
                        Accuracy                 :	2.53622e-13
                        Iterations               :	1
                        Solver time              :	1 s


                      ------------------------------------------------------------------------------
2025-02-10 17:42:19   The iterative solver will be used.

                      ------------------------------------------------------------------------------
2025-02-10 17:42:31     Delta calculation        
2025-02-10 17:42:31     All S-Parameters         :	0.00649618
2025-02-10 17:42:31   

                      ------------------------------------------------------------------------------
2025-02-10 17:42:38   The quality of some tetrahedrons is low.  More...

                      ------------------------------------------------------------------------------
2025-02-10 17:42:45   Adaptive mesh refinement pass 10

                      ------------------------------------------------------------------------------
2025-02-10 17:43:38     Matrix setup time        :	22 s
                        Solver setup             :	2 s
                        Degrees of freedom       :	809713
                        Number of mesh cells     :	45149

                        Stimulation port         :	1
                        Mode number              :	1
                        Accuracy                 :	5.68839e-05
                        Iterations               :	65
                        Solver time              :	28 s


                      ------------------------------------------------------------------------------
2025-02-10 17:43:54     Delta calculation        
2025-02-10 17:43:54     All S-Parameters         :	0.00592127
2025-02-10 17:43:54   

                      ------------------------------------------------------------------------------
2025-02-10 17:43:54   Mesh adaptation terminated because the desired accuracy limit is reached.

                      ------------------------------------------------------------------------------
2025-02-10 17:43:56     Generating results       :	1 s

                        Total time               :	388 s	 (= 0 h, 06 m, 28 s)

                      ------------------------------------------------------------------------------
2025-02-10 17:43:56   

                      ------------------------------------------------------------------------------
2025-02-10 17:44:06   Unable to use "EvaluateHFieldOnSIBC" due to model setup.

                      ------------------------------------------------------------------------------
2025-02-10 17:44:07     Calculation 2 (Frequency: 5.815 GHz)


                      ------------------------------------------------------------------------------
2025-02-10 17:44:08     ----------------------------------------------------------------------------
                        Port   Mode   Type        Z-Wave        Z-Wave-Sigma  Z-Line        F-Cutoff
                        1      1      QTEM        231           7.93          48.7          ---
                        ----------------------------------------------------------------------------


                      ------------------------------------------------------------------------------
2025-02-10 17:44:48     Matrix setup time        :	19 s
                        Solver setup             :	1 s
                        Degrees of freedom       :	809713
                        Number of mesh cells     :	45149

                        Stimulation port         :	1
                        Mode number              :	1
                        Accuracy                 :	8.73049e-05
                        Iterations               :	41
                        Solver time              :	18 s


                      ------------------------------------------------------------------------------
2025-02-10 17:44:52     Generating results       :	3 s

                        Total time               :	43 s

                      ------------------------------------------------------------------------------
2025-02-10 17:44:52   

                      ------------------------------------------------------------------------------
2025-02-10 17:44:52     Calculation 3 (Frequency: 5.735 GHz)


                      ------------------------------------------------------------------------------
2025-02-10 17:44:53     ----------------------------------------------------------------------------
                        Port   Mode   Type        Z-Wave        Z-Wave-Sigma  Z-Line        F-Cutoff
                        1      1      QTEM        231           7.91          48.7          ---
                        ----------------------------------------------------------------------------


                      ------------------------------------------------------------------------------
2025-02-10 17:45:24     Matrix setup time        :	19 s
                        Solver setup             :	1 s
                        Degrees of freedom       :	809713
                        Number of mesh cells     :	45149

                        Stimulation port         :	1
                        Mode number              :	1
                        Accuracy                 :	9.6339e-05
                        Iterations               :	21
                        Solver time              :	9 s


                      ------------------------------------------------------------------------------
2025-02-10 17:45:28     Generating results       :	3 s

                        Total time               :	35 s

                      ------------------------------------------------------------------------------
2025-02-10 17:45:28   

                      ------------------------------------------------------------------------------
2025-02-10 17:45:28     Calculation 4 (Frequency: 5.1975 GHz)


                      ------------------------------------------------------------------------------
2025-02-10 17:45:29     ----------------------------------------------------------------------------
                        Port   Mode   Type        Z-Wave        Z-Wave-Sigma  Z-Line        F-Cutoff
                        1      1      QTEM        232           7.91          48.8          ---
                        ----------------------------------------------------------------------------


                      ------------------------------------------------------------------------------
2025-02-10 17:46:19     Matrix setup time        :	20 s
                        Solver setup             :	2 s
                        Degrees of freedom       :	809713
                        Number of mesh cells     :	45149

                        Stimulation port         :	1
                        Mode number              :	1
                        Accuracy                 :	4.00152e-05
                        Iterations               :	60
                        Solver time              :	26 s


                      ------------------------------------------------------------------------------
2025-02-10 17:46:26     Generating results       :	7 s

                        Total time               :	57 s

                      ------------------------------------------------------------------------------
2025-02-10 17:46:26   

                      ------------------------------------------------------------------------------
2025-02-10 17:46:26     Calculation 5 (Frequency: 6.3525 GHz)


                      ------------------------------------------------------------------------------
2025-02-10 17:46:27     ----------------------------------------------------------------------------
                        Port   Mode   Type        Z-Wave        Z-Wave-Sigma  Z-Line        F-Cutoff
                        1      1      QTEM        231           8.01          48.7          ---
                        ----------------------------------------------------------------------------


                      ------------------------------------------------------------------------------
2025-02-10 17:47:17     Matrix setup time        :	20 s
                        Solver setup             :	2 s
                        Degrees of freedom       :	809713
                        Number of mesh cells     :	45149

                        Stimulation port         :	1
                        Mode number              :	1
                        Accuracy                 :	9.12007e-05
                        Iterations               :	60
                        Solver time              :	26 s


                      ------------------------------------------------------------------------------
2025-02-10 17:47:24     Generating results       :	7 s

                        Total time               :	57 s

                      ------------------------------------------------------------------------------
2025-02-10 17:47:24   

                      ------------------------------------------------------------------------------
2025-02-10 17:47:24     Calculation 6 (Frequency: 5.795 GHz)


                      ------------------------------------------------------------------------------
2025-02-10 17:47:25     ----------------------------------------------------------------------------
                        Port   Mode   Type        Z-Wave        Z-Wave-Sigma  Z-Line        F-Cutoff
                        1      1      QTEM        231           7.92          48.7          ---
                        ----------------------------------------------------------------------------


                      ------------------------------------------------------------------------------
2025-02-10 17:47:51     Matrix setup time        :	20 s
                        Solver setup             :	2 s
                        Degrees of freedom       :	809713
                        Number of mesh cells     :	45149

                        Stimulation port         :	1
                        Mode number              :	1
                        Accuracy                 :	4.21048e-05
                        Iterations               :	5
                        Solver time              :	2 s


                      ------------------------------------------------------------------------------
2025-02-10 17:47:55     Generating results       :	3 s

                        Total time               :	30 s

                      ------------------------------------------------------------------------------
2025-02-10 17:47:55   

                      ------------------------------------------------------------------------------
2025-02-10 17:47:55     Calculation 7 (Frequency: 5.755 GHz)


                      ------------------------------------------------------------------------------
2025-02-10 17:47:56     ----------------------------------------------------------------------------
                        Port   Mode   Type        Z-Wave        Z-Wave-Sigma  Z-Line        F-Cutoff
                        1      1      QTEM        231           7.92          48.7          ---
                        ----------------------------------------------------------------------------


                      ------------------------------------------------------------------------------
2025-02-10 17:48:22     Matrix setup time        :	19 s
                        Solver setup             :	3 s
                        Degrees of freedom       :	809713
                        Number of mesh cells     :	45149

                        Stimulation port         :	1
                        Mode number              :	1
                        Accuracy                 :	5.20565e-05
                        Iterations               :	5
                        Solver time              :	2 s


                      ------------------------------------------------------------------------------
2025-02-10 17:48:25   Only few automatic samples have been calculated up to now. Therefore, the frequency sweep is continued with additional 
                      automatically chosen samples.

                      ------------------------------------------------------------------------------
2025-02-10 17:48:25     Generating results       :	3 s

                        Total time               :	29 s

                      ------------------------------------------------------------------------------
2025-02-10 17:48:25   

                      ------------------------------------------------------------------------------
2025-02-10 17:48:25     Calculation 8 (Frequency: 5.785 GHz)


                      ------------------------------------------------------------------------------
2025-02-10 17:48:26     ----------------------------------------------------------------------------
                        Port   Mode   Type        Z-Wave        Z-Wave-Sigma  Z-Line        F-Cutoff
                        1      1      QTEM        231           7.92          48.7          ---
                        ----------------------------------------------------------------------------


                      ------------------------------------------------------------------------------
2025-02-10 17:48:52     Matrix setup time        :	19 s
                        Solver setup             :	3 s
                        Degrees of freedom       :	809713
                        Number of mesh cells     :	45149

                        Stimulation port         :	1
                        Mode number              :	1
                        Accuracy                 :	2.48485e-05
                        Iterations               :	5
                        Solver time              :	2 s


                      ------------------------------------------------------------------------------
2025-02-10 17:48:56   An additional check has indicated that the frequency sweep needs to be continued. More...

                      ------------------------------------------------------------------------------
2025-02-10 17:48:56     Generating results       :	4 s

                        Total time               :	30 s

                      ------------------------------------------------------------------------------
2025-02-10 17:48:56   

                      ------------------------------------------------------------------------------
2025-02-10 17:48:57     Calculation 9 (Frequency: 5.765 GHz)


                      ------------------------------------------------------------------------------
2025-02-10 17:48:57     ----------------------------------------------------------------------------
                        Port   Mode   Type        Z-Wave        Z-Wave-Sigma  Z-Line        F-Cutoff
                        1      1      QTEM        231           7.92          48.7          ---
                        ----------------------------------------------------------------------------


                      ------------------------------------------------------------------------------
2025-02-10 17:49:24     Matrix setup time        :	19 s
                        Solver setup             :	3 s
                        Degrees of freedom       :	809713
                        Number of mesh cells     :	45149

                        Stimulation port         :	1
                        Mode number              :	1
                        Accuracy                 :	3.63598e-05
                        Iterations               :	5
                        Solver time              :	2 s


                      ------------------------------------------------------------------------------
2025-02-10 17:49:27     Generating results       :	3 s

                        Total time               :	29 s

                      ------------------------------------------------------------------------------
2025-02-10 17:49:27   

                      ------------------------------------------------------------------------------
2025-02-10 17:49:27     Calculation 10 (Frequency: 5.78 GHz)


                      ------------------------------------------------------------------------------
2025-02-10 17:49:28     ----------------------------------------------------------------------------
                        Port   Mode   Type        Z-Wave        Z-Wave-Sigma  Z-Line        F-Cutoff
                        1      1      QTEM        231           7.92          48.7          ---
                        ----------------------------------------------------------------------------


                      ------------------------------------------------------------------------------
2025-02-10 17:49:55     Matrix setup time        :	19 s
                        Solver setup             :	4 s
                        Degrees of freedom       :	809713
                        Number of mesh cells     :	45149

                        Stimulation port         :	1
                        Mode number              :	1
                        Accuracy                 :	1.94757e-05
                        Iterations               :	5
                        Solver time              :	2 s


                      ------------------------------------------------------------------------------
2025-02-10 17:49:59     Generating results       :	3 s

                        Total time               :	30 s

                      ------------------------------------------------------------------------------
2025-02-10 17:49:59   

                      ------------------------------------------------------------------------------
2025-02-10 17:49:59   Finished the general purpose interpolative broadband frequency sweep:
                      All broadband sweep convergence criteria have been satisfied after
                      calculating 10 frequency samples:

                        Broadband sweep error threshold value :  0.01 (All S-Parameters) 
                        Number of error criterion checks      :  2 (All S-Parameters) 
                        Minimum number of samples             :  3
                        Number of data samples, linear        :  1001

                      ------------------------------------------------------------------------------
2025-02-10 17:50:28     Number of mesh cells     :	45149
                        Degrees of freedom       :	809713
                        Total Solver Time        :	750 s	 (= 0 h, 12 m, 30 s)
                      ================================================================================



                      ------------------------------------------------------------------------------
2025-02-10 17:50:29     ----------------------------------------------------------------------------
                                            Peak memory used (kB)         Free physical memory (kB) 
                                                                          At begin     Minimum      
                        ----------------------------------------------------------------------------
                        Solver start        21364                         83486276     83485812     
                        Eq. system setup    4586952                       83440684     82332984     
                        Eq. system solve    4586952                       83377112     78927416     
                        Mesh refinement     4586952                       83378024     82295392     
                        Solver run total    4586952                       83486280     78927416     

                        Computer name       gamserverhp3
                        ----------------------------------------------------------------------------


                      ------------------------------------------------------------------------------
2025-02-10 17:50:29   Running postprocessing.

                      ------------------------------------------------------------------------------
2025-02-10 17:50:45   Postprocessing finished.

                      ------------------------------------------------------------------------------
2025-02-10 17:50:46   Parametric 1D storage is switched off.

                      ------------------------------------------------------------------------------
